{
  "time_utc0": "14:30 UTC+0",
  "session": "US",
  "weekday": "Tuesday",
  "price": 75787.9,
  "sod_utc0": 74385.4,
  "daily_move_pct": 1.89,
  "daily_move_dir": "UP",
  "pre_checks": {
    "dead_zone": false,
    "saturday": false,
    "rule16_long_blocked": false,
    "rule16_short_blocked": false,
    "rule17_zone": null,
    "rule17_expires_utc0": null,
    "rule12_min_sl": 252.0,
    "bias_4h": "BULLISH",
    "co4h": 1445.3,
    "0e_long_needs_aplus": false,
    "0e_short_needs_aplus": true,
    "0f_long_needs_aplus": false,
    "0f_short_needs_aplus": false,
    "0g_doji": false,
    "0g_doji_dir": null,
    "long_needs_aplus": false,
    "short_needs_aplus": true,
    "last_losing_setup": null,
    "last_losing_active": false,
    "last_losing_expired": false,
    "cycle_dedup_blocked_long": false,
    "cycle_dedup_blocked_short": false
  },
  "market": {
    "funding_rate_pct": -0.00049,
    "oi": 3623322.0,
    "oi_delta": 2400.0,
    "atr_5m": 252.5,
    "atr_4h": 867.7
  },
  "scored_factors": {
    "F5_long": 5,
    "F5_short": 5,
    "F6": 5,
    "F6_note": "OI delta +2400 | price vs SOD +1402pt \u2192 accumulation \u2192 F6=5",
    "F7_long": 5,
    "F7_short": 0,
    "F7_cum_delta": 446527.37,
    "F7_threshold": 20950.36,
    "F7_candles_used": 10,
    "F9": 5
  },
  "signal_factors": {
    "LONG": {
      "direction": "LONG",
      "F1": 8,
      "F2": 7,
      "F2_blocked": false,
      "F3": 8,
      "F4": 0,
      "F4_rr": 0.08,
      "F8": 5,
      "F8_blocked": false,
      "structural_entry": 74548.7,
      "structural_sl": 74230.0,
      "structural_tp": 74574.0,
      "sl_distance": 318.7,
      "min_sl_distance": 252.5,
      "sl_too_tight": false,
      "atr_5m": 252.5,
      "atr_15m": 241.9,
      "atr_1h": 385.7,
      "atr_4h": 867.7,
      "is_counter_trend": false,
      "structure_id": "1H_BEARISH_OB_74127_74407_at_2026-04-14T05:00",
      "structure_id_dict": {
        "tf": "1H",
        "bias_4h": "BEARISH",
        "type": "OB",
        "level1": 74127.2,
        "level2": 74407.0,
        "anchor_ts_ms": 1776142800000,
        "anchor_iso": "2026-04-14T05:00"
      }
    },
    "SHORT": {
      "direction": "SHORT",
      "F1": 6,
      "F2": 0,
      "F2_blocked": false,
      "F3": 0,
      "F4": 0,
      "F4_rr": 1.29,
      "F8": 5,
      "F8_blocked": false,
      "structural_entry": 75800.1,
      "structural_sl": 74594.0,
      "structural_tp": 74250.0,
      "sl_distance": 1206.1,
      "min_sl_distance": 252.5,
      "sl_too_tight": false,
      "atr_5m": 252.5,
      "atr_15m": 241.9,
      "atr_1h": 385.7,
      "atr_4h": 867.7,
      "is_counter_trend": true,
      "structure_id": "1H_BEARISH_OB_74580_74870_at_2026-04-14T08:00",
      "structure_id_dict": {
        "tf": "1H",
        "bias_4h": "BEARISH",
        "type": "OB",
        "level1": 74580.7,
        "level2": 74870.0,
        "anchor_ts_ms": 1776153600000,
        "anchor_iso": "2026-04-14T08:00"
      }
    }
  },
  "totals": {
    "LONG": {
      "total": 48,
      "grade": "A"
    },
    "SHORT": {
      "total": 26,
      "grade": "WAIT"
    }
  },
  "risk": {
    "equity": 758.46,
    "sod_equity": 758.46,
    "daily_pnl_pct": 0.0,
    "tier": "normal",
    "grade_a_pct": 3.0,
    "grade_aplus_pct": 4.5
  }
}