{
  "time_utc0": "13:45 UTC+0",
  "session": "EU",
  "weekday": "Sunday",
  "price": 70955.1,
  "sod_utc0": 73014.7,
  "daily_move_pct": -2.82,
  "daily_move_dir": "DOWN",
  "pre_checks": {
    "dead_zone": false,
    "saturday": false,
    "rule16_long_blocked": false,
    "rule16_short_blocked": false,
    "rule17_zone": null,
    "rule17_expires_utc0": null,
    "rule12_min_sl": 135.0,
    "bias_4h": "BEARISH",
    "co4h": -486.1,
    "0e_long_needs_aplus": true,
    "0e_short_needs_aplus": false,
    "0f_long_needs_aplus": false,
    "0f_short_needs_aplus": false,
    "0g_doji": false,
    "0g_doji_dir": null,
    "long_needs_aplus": true,
    "short_needs_aplus": false,
    "last_losing_setup": null,
    "last_losing_active": false,
    "last_losing_expired": false,
    "cycle_dedup_blocked_long": false,
    "cycle_dedup_blocked_short": false
  },
  "market": {
    "funding_rate_pct": 0.00645,
    "oi": 3272776.0,
    "oi_delta": 4053.0,
    "atr_5m": 135.5,
    "atr_4h": 774.2
  },
  "scored_factors": {
    "F5_long": 5,
    "F5_short": 5,
    "F6": 0,
    "F6_note": "OI delta +4053 | price vs SOD -2060pt \u2192 diverging/liquidation \u2192 F6=0",
    "F7_long": 0,
    "F7_short": 5,
    "F7_cum_delta": -227079.45,
    "F7_threshold": 10304.71,
    "F7_candles_used": 10,
    "F9": 3
  },
  "signal_factors": {
    "LONG": {
      "direction": "LONG",
      "F1": 3,
      "F2": 0,
      "F2_blocked": false,
      "F3": 5,
      "F4": 7,
      "F4_rr": 2.05,
      "F8": 0,
      "F8_blocked": false,
      "structural_entry": 70926.9,
      "structural_sl": 71280.1,
      "structural_tp": 71655.0,
      "sl_distance": 353.2,
      "min_sl_distance": 135.5,
      "sl_too_tight": false,
      "atr_5m": 135.5,
      "atr_15m": 143.4,
      "atr_1h": 403.5,
      "atr_4h": 774.2,
      "is_counter_trend": true,
      "structure_id": "1H_BEARISH_OB_71270_71572_at_2026-04-12T01:00",
      "structure_id_dict": {
        "tf": "1H",
        "bias_4h": "BEARISH",
        "type": "OB",
        "level1": 71270.2,
        "level2": 71572.9,
        "anchor_ts_ms": 1775955600000,
        "anchor_iso": "2026-04-12T01:00"
      }
    },
    "SHORT": {
      "direction": "SHORT",
      "F1": 3,
      "F2": 7,
      "F2_blocked": false,
      "F3": 8,
      "F4": 0,
      "F4_rr": 0.48,
      "F8": 0,
      "F8_blocked": false,
      "structural_entry": 71423.9,
      "structural_sl": 71675.0,
      "structural_tp": 71300.1,
      "sl_distance": 251.1,
      "min_sl_distance": 135.5,
      "sl_too_tight": false,
      "atr_5m": 135.5,
      "atr_15m": 143.4,
      "atr_1h": 403.5,
      "atr_4h": 774.2,
      "is_counter_trend": false,
      "structure_id": "1H_BEARISH_OB_71387_71519_at_2026-04-12T11:00",
      "structure_id_dict": {
        "tf": "1H",
        "bias_4h": "BEARISH",
        "type": "OB",
        "level1": 71387.8,
        "level2": 71519.7,
        "anchor_ts_ms": 1775991600000,
        "anchor_iso": "2026-04-12T11:00"
      }
    }
  },
  "totals": {
    "LONG": {
      "total": 23,
      "grade": "WAIT"
    },
    "SHORT": {
      "total": 31,
      "grade": "WAIT"
    }
  },
  "risk": {
    "equity": 758.46,
    "sod_equity": 758.46,
    "daily_pnl_pct": 0.0,
    "tier": "normal",
    "grade_a_pct": 3.0,
    "grade_aplus_pct": 4.5
  }
}