{
  "time_utc0": "00:10 UTC+0",
  "session": "ASIA",
  "weekday": "Wednesday",
  "price": 74568.2,
  "sod_utc0": 74100.0,
  "daily_move_pct": 0.63,
  "daily_move_dir": "UP",
  "pre_checks": {
    "dead_zone": false,
    "saturday": false,
    "rule16_long_blocked": false,
    "rule16_short_blocked": false,
    "rule17_zone": null,
    "rule17_expires_utc0": null,
    "rule12_min_sl": 250.0,
    "bias_4h": "BULLISH",
    "co4h": 466.0,
    "0e_long_needs_aplus": false,
    "0e_short_needs_aplus": true,
    "0f_long_needs_aplus": false,
    "0f_short_needs_aplus": false,
    "0g_doji": false,
    "0g_doji_dir": null,
    "long_needs_aplus": false,
    "short_needs_aplus": true,
    "last_losing_setup": null,
    "last_losing_active": false,
    "last_losing_expired": false,
    "cycle_dedup_blocked_long": false,
    "cycle_dedup_blocked_short": false
  },
  "market": {
    "funding_rate_pct": -0.01084,
    "oi": 3525800.0,
    "oi_delta": 741.0,
    "atr_5m": 148.5,
    "atr_4h": 1050.7
  },
  "scored_factors": {
    "F5_long": 5,
    "F5_short": 3,
    "F6": 3,
    "F6_note": "OI delta +741 | price vs SOD +468pt \u2192 flat \u2192 F6=3",
    "F7_long": 5,
    "F7_short": 0,
    "F7_cum_delta": 119166.72,
    "F7_threshold": 5018.04,
    "F7_candles_used": 10,
    "F9": 1
  },
  "signal_factors": {
    "LONG": {
      "direction": "LONG",
      "F1": 6,
      "F2": 3,
      "F2_blocked": true,
      "F3": 8,
      "F4": 0,
      "F4_rr": 1.53,
      "F8": 5,
      "F8_blocked": false,
      "structural_entry": 73986.5,
      "structural_sl": 73723.9,
      "structural_tp": 74391.2,
      "sl_distance": 262.6,
      "min_sl_distance": 250.0,
      "sl_too_tight": false,
      "atr_5m": 148.5,
      "atr_15m": 228.0,
      "atr_1h": 627.3,
      "atr_4h": 1050.7,
      "is_counter_trend": false,
      "structure_id": null,
      "structure_id_dict": null
    },
    "SHORT": {
      "direction": "SHORT",
      "F1": 4,
      "F2": 0,
      "F2_blocked": false,
      "F3": 5,
      "F4": 7,
      "F4_rr": 3.05,
      "F8": 5,
      "F8_blocked": false,
      "structural_entry": 74247.5,
      "structural_sl": 74411.2,
      "structural_tp": 73743.9,
      "sl_distance": 163.7,
      "min_sl_distance": 250.0,
      "sl_too_tight": true,
      "atr_5m": 148.5,
      "atr_15m": 228.0,
      "atr_1h": 627.3,
      "atr_4h": 1050.7,
      "is_counter_trend": true,
      "structure_id": "1H_NEUTRAL_OB_74449_74919_at_2026-04-14T17:00",
      "structure_id_dict": {
        "tf": "1H",
        "bias_4h": "NEUTRAL",
        "type": "OB",
        "level1": 74449.2,
        "level2": 74919.7,
        "anchor_ts_ms": 1776186000000,
        "anchor_iso": "2026-04-14T17:00"
      }
    }
  },
  "totals": {
    "LONG": {
      "total": 36,
      "grade": "WAIT"
    },
    "SHORT": {
      "total": 28,
      "grade": "WAIT"
    }
  },
  "risk": {
    "equity": 734.79,
    "sod_equity": 734.79,
    "daily_pnl_pct": 0.0,
    "tier": "normal",
    "grade_a_pct": 3.0,
    "grade_aplus_pct": 4.5
  }
}