{
  "time_utc0": "20:15 UTC+0",
  "session": "DEAD",
  "weekday": "Thursday",
  "price": 72146.6,
  "sod_utc0": 71041.8,
  "daily_move_pct": 1.56,
  "daily_move_dir": "UP",
  "pre_checks": {
    "dead_zone": true,
    "saturday": false,
    "rule16_long_blocked": false,
    "rule16_short_blocked": false,
    "rule17_zone": null,
    "rule17_expires_utc0": null,
    "rule12_min_sl": 163.0,
    "bias_4h": "NEUTRAL",
    "co4h": 86.4,
    "0e_long_needs_aplus": false,
    "0e_short_needs_aplus": false,
    "0f_long_needs_aplus": false,
    "0f_short_needs_aplus": false,
    "0g_doji": false,
    "0g_doji_dir": null,
    "long_needs_aplus": false,
    "short_needs_aplus": false,
    "last_losing_setup": null,
    "last_losing_active": false,
    "last_losing_expired": false,
    "cycle_dedup_blocked_long": false,
    "cycle_dedup_blocked_short": false
  },
  "market": {
    "funding_rate_pct": 0.00513,
    "oi": 3393765.0,
    "oi_delta": -1632.0,
    "atr_5m": 163.2,
    "atr_4h": 1173.9
  },
  "scored_factors": {
    "F5_long": 5,
    "F5_short": 3,
    "F6": 0,
    "F6_note": "OI delta -1632 | price vs SOD +1105pt \u2192 diverging/liquidation \u2192 F6=0",
    "F7_long": 5,
    "F7_short": 0,
    "F7_cum_delta": 48614.42,
    "F7_threshold": 3787.68,
    "F7_candles_used": 10,
    "F9": 0
  },
  "signal_factors": {
    "LONG": {
      "direction": "LONG",
      "F1": 4,
      "F2": 0,
      "F2_blocked": false,
      "F3": 8,
      "F4": 7,
      "F4_rr": 3.5,
      "F8": 2,
      "F8_blocked": true,
      "structural_entry": 71839.9,
      "structural_sl": 71646.7,
      "structural_tp": 72518.3,
      "sl_distance": 193.2,
      "min_sl_distance": 163.2,
      "sl_too_tight": false,
      "atr_5m": 163.2,
      "atr_15m": 325.1,
      "atr_1h": 541.5,
      "atr_4h": 1173.9,
      "is_counter_trend": false,
      "structure_id": "1H_NEUTRAL_OB_71666_72072_at_2026-04-09T16:00",
      "structure_id_dict": {
        "tf": "1H",
        "bias_4h": "NEUTRAL",
        "type": "OB",
        "level1": 71666.7,
        "level2": 72072.8,
        "anchor_ts_ms": 1775750400000,
        "anchor_iso": "2026-04-09T16:00"
      }
    },
    "SHORT": {
      "direction": "SHORT",
      "F1": 0,
      "F2": 0,
      "F2_blocked": false,
      "F3": 10,
      "F4": 0,
      "F4_rr": 0.72,
      "F8": 2,
      "F8_blocked": true,
      "structural_entry": 72033.9,
      "structural_sl": 72538.3,
      "structural_tp": 71666.7,
      "sl_distance": 504.4,
      "min_sl_distance": 163.2,
      "sl_too_tight": false,
      "atr_5m": 163.2,
      "atr_15m": 325.1,
      "atr_1h": 541.5,
      "atr_4h": 1173.9,
      "is_counter_trend": false,
      "structure_id": "1H_NEUTRAL_OB_72112_72518_at_2026-04-09T17:00",
      "structure_id_dict": {
        "tf": "1H",
        "bias_4h": "NEUTRAL",
        "type": "OB",
        "level1": 72112.2,
        "level2": 72518.3,
        "anchor_ts_ms": 1775754000000,
        "anchor_iso": "2026-04-09T17:00"
      }
    }
  },
  "totals": {
    "LONG": {
      "total": 31,
      "grade": "WAIT"
    },
    "SHORT": {
      "total": 15,
      "grade": "WAIT"
    }
  },
  "risk": {
    "equity": 787.74,
    "sod_equity": 787.74,
    "daily_pnl_pct": 0.0,
    "tier": "normal",
    "grade_a_pct": 3.0,
    "grade_aplus_pct": 4.5
  }
}