{
  "time_utc0": "05:20 UTC+0",
  "session": "ASIA",
  "weekday": "Thursday",
  "price": 70908.5,
  "sod_utc0": 71041.8,
  "daily_move_pct": -0.19,
  "daily_move_dir": "DOWN",
  "pre_checks": {
    "dead_zone": false,
    "saturday": false,
    "rule16_long_blocked": false,
    "rule16_short_blocked": false,
    "rule17_zone": null,
    "rule17_expires_utc0": null,
    "rule12_min_sl": 250.0,
    "bias_4h": "NEUTRAL",
    "co4h": -57.0,
    "0e_long_needs_aplus": false,
    "0e_short_needs_aplus": false,
    "0f_long_needs_aplus": false,
    "0f_short_needs_aplus": false,
    "0g_doji": false,
    "0g_doji_dir": null,
    "long_needs_aplus": false,
    "short_needs_aplus": false,
    "last_losing_setup": null,
    "last_losing_active": false,
    "last_losing_expired": false,
    "cycle_dedup_blocked_long": false,
    "cycle_dedup_blocked_short": false
  },
  "market": {
    "funding_rate_pct": 0.00411,
    "oi": 3317202.0,
    "oi_delta": -1498.0,
    "atr_5m": 79.6,
    "atr_4h": 1208.6
  },
  "scored_factors": {
    "F5_long": 5,
    "F5_short": 3,
    "F6": 5,
    "F6_note": "OI delta -1498 | price vs SOD -133pt \u2192 accumulation \u2192 F6=5",
    "F7_long": 5,
    "F7_short": 0,
    "F7_cum_delta": 8666.32,
    "F7_threshold": 2174.19,
    "F7_candles_used": 10,
    "F9": 1
  },
  "signal_factors": {
    "LONG": {
      "direction": "LONG",
      "F1": 3,
      "F2": 0,
      "F2_blocked": false,
      "F3": 8,
      "F4": 0,
      "F4_rr": 1.22,
      "F8": 0,
      "F8_blocked": false,
      "structural_entry": 70747.7,
      "structural_sl": 70402.0,
      "structural_tp": 71170.0,
      "sl_distance": 345.7,
      "min_sl_distance": 250.0,
      "sl_too_tight": false,
      "atr_5m": 79.6,
      "atr_15m": 180.6,
      "atr_1h": 436.7,
      "atr_4h": 1208.6,
      "is_counter_trend": false,
      "structure_id": null,
      "structure_id_dict": null
    },
    "SHORT": {
      "direction": "SHORT",
      "F1": 0,
      "F2": 0,
      "F2_blocked": false,
      "F3": 8,
      "F4": 0,
      "F4_rr": 1.33,
      "F8": 0,
      "F8_blocked": false,
      "structural_entry": 70861.1,
      "structural_sl": 71190.0,
      "structural_tp": 70422.0,
      "sl_distance": 328.9,
      "min_sl_distance": 250.0,
      "sl_too_tight": false,
      "atr_5m": 79.6,
      "atr_15m": 180.6,
      "atr_1h": 436.7,
      "atr_4h": 1208.6,
      "is_counter_trend": false,
      "structure_id": "1H_NEUTRAL_OB_70863_71179_at_2026-04-08T23:00",
      "structure_id_dict": {
        "tf": "1H",
        "bias_4h": "NEUTRAL",
        "type": "OB",
        "level1": 70863.5,
        "level2": 71179.0,
        "anchor_ts_ms": 1775689200000,
        "anchor_iso": "2026-04-08T23:00"
      }
    }
  },
  "totals": {
    "LONG": {
      "total": 27,
      "grade": "WAIT"
    },
    "SHORT": {
      "total": 17,
      "grade": "WAIT"
    }
  },
  "risk": {
    "equity": 787.74,
    "sod_equity": 787.74,
    "daily_pnl_pct": 0.0,
    "tier": "normal",
    "grade_a_pct": 3.0,
    "grade_aplus_pct": 4.5
  }
}