{
  "time_utc0": "09:40 UTC+0",
  "session": "EU",
  "weekday": "Sunday",
  "price": 71600.9,
  "sod_utc0": 73014.7,
  "daily_move_pct": -1.94,
  "daily_move_dir": "DOWN",
  "pre_checks": {
    "dead_zone": false,
    "saturday": false,
    "rule16_long_blocked": false,
    "rule16_short_blocked": false,
    "rule17_zone": null,
    "rule17_expires_utc0": null,
    "rule12_min_sl": 100.0,
    "bias_4h": "NEUTRAL",
    "co4h": -34.9,
    "0e_long_needs_aplus": false,
    "0e_short_needs_aplus": false,
    "0f_long_needs_aplus": false,
    "0f_short_needs_aplus": false,
    "0g_doji": false,
    "0g_doji_dir": null,
    "long_needs_aplus": false,
    "short_needs_aplus": false,
    "last_losing_setup": null,
    "last_losing_active": false,
    "last_losing_expired": false,
    "cycle_dedup_blocked_long": false,
    "cycle_dedup_blocked_short": false
  },
  "market": {
    "funding_rate_pct": -0.00327,
    "oi": 3249718.0,
    "oi_delta": 999.0,
    "atr_5m": 51.6,
    "atr_4h": 800.1
  },
  "scored_factors": {
    "F5_long": 5,
    "F5_short": 5,
    "F6": 3,
    "F6_note": "OI delta +999 | price vs SOD -1414pt \u2192 flat \u2192 F6=3",
    "F7_long": 0,
    "F7_short": 5,
    "F7_cum_delta": -5914.97,
    "F7_threshold": 1475.12,
    "F7_candles_used": 10,
    "F9": 3
  },
  "signal_factors": {
    "LONG": {
      "direction": "LONG",
      "F1": 6,
      "F2": 0,
      "F2_blocked": false,
      "F3": 3,
      "F4": 0,
      "F4_rr": 1.27,
      "F8": 0,
      "F8_blocked": false,
      "structural_entry": 71541.1,
      "structural_sl": 71360.0,
      "structural_tp": 71772.0,
      "sl_distance": 181.1,
      "min_sl_distance": 100.0,
      "sl_too_tight": false,
      "atr_5m": 51.6,
      "atr_15m": 89.2,
      "atr_1h": 438.8,
      "atr_4h": 800.1,
      "is_counter_trend": false,
      "structure_id": "1H_NEUTRAL_OB_71270_71599_at_2026-04-12T01:00",
      "structure_id_dict": {
        "tf": "1H",
        "bias_4h": "NEUTRAL",
        "type": "OB",
        "level1": 71270.2,
        "level2": 71599.3,
        "anchor_ts_ms": 1775955600000,
        "anchor_iso": "2026-04-12T01:00"
      }
    },
    "SHORT": {
      "direction": "SHORT",
      "F1": 3,
      "F2": 0,
      "F2_blocked": false,
      "F3": 8,
      "F4": 7,
      "F4_rr": 6.69,
      "F8": 0,
      "F8_blocked": false,
      "structural_entry": 71738.6,
      "structural_sl": 71792.0,
      "structural_tp": 71380.0,
      "sl_distance": 53.4,
      "min_sl_distance": 100.0,
      "sl_too_tight": true,
      "atr_5m": 51.6,
      "atr_15m": 89.2,
      "atr_1h": 438.8,
      "atr_4h": 800.1,
      "is_counter_trend": false,
      "structure_id": "1H_NEUTRAL_OB_71605_71934_at_2026-04-12T02:00",
      "structure_id_dict": {
        "tf": "1H",
        "bias_4h": "NEUTRAL",
        "type": "OB",
        "level1": 71605.6,
        "level2": 71934.7,
        "anchor_ts_ms": 1775959200000,
        "anchor_iso": "2026-04-12T02:00"
      }
    }
  },
  "totals": {
    "LONG": {
      "total": 20,
      "grade": "WAIT"
    },
    "SHORT": {
      "total": 34,
      "grade": "WAIT"
    }
  },
  "risk": {
    "equity": 758.46,
    "sod_equity": 758.46,
    "daily_pnl_pct": 0.0,
    "tier": "normal",
    "grade_a_pct": 3.0,
    "grade_aplus_pct": 4.5
  }
}