{
  "time_utc0": "07:35 UTC+0",
  "session": "EU",
  "weekday": "Sunday",
  "price": 71613.2,
  "sod_utc0": 73014.7,
  "daily_move_pct": -1.92,
  "daily_move_dir": "DOWN",
  "pre_checks": {
    "dead_zone": false,
    "saturday": false,
    "rule16_long_blocked": false,
    "rule16_short_blocked": false,
    "rule17_zone": null,
    "rule17_expires_utc0": null,
    "rule12_min_sl": 100.0,
    "bias_4h": "NEUTRAL",
    "co4h": 55.6,
    "0e_long_needs_aplus": false,
    "0e_short_needs_aplus": false,
    "0f_long_needs_aplus": false,
    "0f_short_needs_aplus": false,
    "0g_doji": false,
    "0g_doji_dir": null,
    "long_needs_aplus": false,
    "short_needs_aplus": false,
    "last_losing_setup": null,
    "last_losing_active": false,
    "last_losing_expired": false,
    "cycle_dedup_blocked_long": false,
    "cycle_dedup_blocked_short": false
  },
  "market": {
    "funding_rate_pct": -0.00424,
    "oi": 3243187.0,
    "oi_delta": -736.0,
    "atr_5m": 41.5,
    "atr_4h": 888.3
  },
  "scored_factors": {
    "F5_long": 5,
    "F5_short": 5,
    "F6": 3,
    "F6_note": "OI delta -736 | price vs SOD -1402pt \u2192 flat \u2192 F6=3",
    "F7_long": 0,
    "F7_short": 5,
    "F7_cum_delta": -1205.52,
    "F7_threshold": 1154.68,
    "F7_candles_used": 10,
    "F9": 3
  },
  "signal_factors": {
    "LONG": {
      "direction": "LONG",
      "F1": 0,
      "F2": 0,
      "F2_blocked": false,
      "F3": 0,
      "F4": 0,
      "F4_rr": 0.64,
      "F8": 0,
      "F8_blocked": false,
      "structural_entry": 71596.8,
      "structural_sl": 71360.0,
      "structural_tp": 71750.0,
      "sl_distance": 236.8,
      "min_sl_distance": 100.0,
      "sl_too_tight": false,
      "atr_5m": 41.5,
      "atr_15m": 117.8,
      "atr_1h": 480.7,
      "atr_4h": 888.3,
      "is_counter_trend": false,
      "structure_id": "1H_BEARISH_OB_71270_71630_at_2026-04-12T01:00",
      "structure_id_dict": {
        "tf": "1H",
        "bias_4h": "BEARISH",
        "type": "OB",
        "level1": 71270.2,
        "level2": 71630.7,
        "anchor_ts_ms": 1775955600000,
        "anchor_iso": "2026-04-12T01:00"
      }
    },
    "SHORT": {
      "direction": "SHORT",
      "F1": 4,
      "F2": 0,
      "F2_blocked": false,
      "F3": 8,
      "F4": 0,
      "F4_rr": 0.5,
      "F8": 0,
      "F8_blocked": false,
      "structural_entry": 71510.7,
      "structural_sl": 71770.0,
      "structural_tp": 71380.0,
      "sl_distance": 259.3,
      "min_sl_distance": 100.0,
      "sl_too_tight": false,
      "atr_5m": 41.5,
      "atr_15m": 117.8,
      "atr_1h": 480.7,
      "atr_4h": 888.3,
      "is_counter_trend": false,
      "structure_id": "1H_BEARISH_OB_72823_73088_at_2026-04-12T00:00",
      "structure_id_dict": {
        "tf": "1H",
        "bias_4h": "BEARISH",
        "type": "OB",
        "level1": 72823.4,
        "level2": 73088.0,
        "anchor_ts_ms": 1775952000000,
        "anchor_iso": "2026-04-12T00:00"
      }
    }
  },
  "totals": {
    "LONG": {
      "total": 11,
      "grade": "WAIT"
    },
    "SHORT": {
      "total": 28,
      "grade": "WAIT"
    }
  },
  "risk": {
    "equity": 758.46,
    "sod_equity": 758.46,
    "daily_pnl_pct": 0.0,
    "tier": "normal",
    "grade_a_pct": 3.0,
    "grade_aplus_pct": 4.5
  }
}