{
  "time_utc0": "04:05 UTC+0",
  "session": "ASIA",
  "weekday": "Saturday",
  "price": 72830.3,
  "sod_utc0": 72925.7,
  "daily_move_pct": -0.13,
  "daily_move_dir": "DOWN",
  "pre_checks": {
    "dead_zone": false,
    "saturday": true,
    "rule16_long_blocked": false,
    "rule16_short_blocked": false,
    "rule17_zone": null,
    "rule17_expires_utc0": null,
    "rule12_min_sl": 250.0,
    "bias_4h": "NEUTRAL",
    "co4h": -6.7,
    "0e_long_needs_aplus": false,
    "0e_short_needs_aplus": false,
    "0f_long_needs_aplus": false,
    "0f_short_needs_aplus": false,
    "0g_doji": false,
    "0g_doji_dir": null,
    "long_needs_aplus": false,
    "short_needs_aplus": false,
    "last_losing_setup": null,
    "last_losing_active": false,
    "last_losing_expired": false,
    "cycle_dedup_blocked_long": false,
    "cycle_dedup_blocked_short": false
  },
  "market": {
    "funding_rate_pct": -0.00053,
    "oi": 3386500.0,
    "oi_delta": -3256.0,
    "atr_5m": 59.1,
    "atr_4h": 934.3
  },
  "scored_factors": {
    "F5_long": 5,
    "F5_short": 5,
    "F6": 5,
    "F6_note": "OI delta -3256 | price vs SOD -95pt \u2192 accumulation \u2192 F6=5",
    "F7_long": 0,
    "F7_short": 5,
    "F7_cum_delta": -27282.96,
    "F7_threshold": 1486.89,
    "F7_candles_used": 10,
    "F9": 1
  },
  "signal_factors": {
    "LONG": {
      "direction": "LONG",
      "F1": 3,
      "F2": 0,
      "F2_blocked": false,
      "F3": 8,
      "F4": 0,
      "F4_rr": 0.52,
      "F8": 0,
      "F8_blocked": false,
      "structural_entry": 72911.1,
      "structural_sl": 72596.7,
      "structural_tp": 73073.8,
      "sl_distance": 314.4,
      "min_sl_distance": 250.0,
      "sl_too_tight": false,
      "atr_5m": 59.1,
      "atr_15m": 114.6,
      "atr_1h": 447.2,
      "atr_4h": 934.3,
      "is_counter_trend": false,
      "structure_id": "1H_NEUTRAL_OB_72285_72621_at_2026-04-10T15:00",
      "structure_id_dict": {
        "tf": "1H",
        "bias_4h": "NEUTRAL",
        "type": "OB",
        "level1": 72285.8,
        "level2": 72621.2,
        "anchor_ts_ms": 1775833200000,
        "anchor_iso": "2026-04-10T15:00"
      }
    },
    "SHORT": {
      "direction": "SHORT",
      "F1": 6,
      "F2": 5,
      "F2_blocked": true,
      "F3": 8,
      "F4": 7,
      "F4_rr": 6.57,
      "F8": 0,
      "F8_blocked": false,
      "structural_entry": 73030.8,
      "structural_sl": 73093.8,
      "structural_tp": 72616.7,
      "sl_distance": 63.0,
      "min_sl_distance": 250.0,
      "sl_too_tight": true,
      "atr_5m": 59.1,
      "atr_15m": 114.6,
      "atr_1h": 447.2,
      "atr_4h": 934.3,
      "is_counter_trend": false,
      "structure_id": "1H_NEUTRAL_OB_72790_73125_at_2026-04-10T14:00",
      "structure_id_dict": {
        "tf": "1H",
        "bias_4h": "NEUTRAL",
        "type": "OB",
        "level1": 72790.1,
        "level2": 73125.5,
        "anchor_ts_ms": 1775829600000,
        "anchor_iso": "2026-04-10T14:00"
      }
    }
  },
  "totals": {
    "LONG": {
      "total": 22,
      "grade": "WAIT"
    },
    "SHORT": {
      "total": 42,
      "grade": "A"
    }
  },
  "risk": {
    "equity": 758.46,
    "sod_equity": 758.46,
    "daily_pnl_pct": 0.0,
    "tier": "normal",
    "grade_a_pct": 3.0,
    "grade_aplus_pct": 4.5
  }
}