{
  "time_utc0": "19:15 UTC+0",
  "session": "US",
  "weekday": "Wednesday",
  "price": 74599.2,
  "sod_utc0": 74100.0,
  "daily_move_pct": 0.67,
  "daily_move_dir": "UP",
  "pre_checks": {
    "dead_zone": false,
    "saturday": false,
    "rule16_long_blocked": false,
    "rule16_short_blocked": false,
    "rule17_zone": null,
    "rule17_expires_utc0": null,
    "rule12_min_sl": 108.0,
    "bias_4h": "BULLISH",
    "co4h": 796.9,
    "0e_long_needs_aplus": false,
    "0e_short_needs_aplus": true,
    "0f_long_needs_aplus": false,
    "0f_short_needs_aplus": false,
    "0g_doji": false,
    "0g_doji_dir": null,
    "long_needs_aplus": false,
    "short_needs_aplus": true,
    "last_losing_setup": null,
    "last_losing_active": false,
    "last_losing_expired": false,
    "cycle_dedup_blocked_long": false,
    "cycle_dedup_blocked_short": false
  },
  "market": {
    "funding_rate_pct": -0.0023,
    "oi": 3496521.0,
    "oi_delta": -1894.0,
    "atr_5m": 108.1,
    "atr_4h": 1094.1
  },
  "scored_factors": {
    "F5_long": 5,
    "F5_short": 5,
    "F6": 0,
    "F6_note": "OI delta -1894 | price vs SOD +499pt \u2192 diverging/liquidation \u2192 F6=0",
    "F7_long": 5,
    "F7_short": 0,
    "F7_cum_delta": 100436.8,
    "F7_threshold": 3777.47,
    "F7_candles_used": 10,
    "F9": 5
  },
  "signal_factors": {
    "LONG": {
      "direction": "LONG",
      "F1": 0,
      "F2": 5,
      "F2_blocked": true,
      "F3": 8,
      "F4": 0,
      "F4_rr": 0.52,
      "F8": 5,
      "F8_blocked": false,
      "structural_entry": 73974.4,
      "structural_sl": 73522.0,
      "structural_tp": 74211.0,
      "sl_distance": 452.4,
      "min_sl_distance": 108.1,
      "sl_too_tight": false,
      "atr_5m": 108.1,
      "atr_15m": 235.2,
      "atr_1h": 470.8,
      "atr_4h": 1094.1,
      "is_counter_trend": false,
      "structure_id": "1H_BEARISH_OB_73741_74094_at_2026-04-15T10:00",
      "structure_id_dict": {
        "tf": "1H",
        "bias_4h": "BEARISH",
        "type": "OB",
        "level1": 73741.4,
        "level2": 74094.5,
        "anchor_ts_ms": 1776247200000,
        "anchor_iso": "2026-04-15T10:00"
      }
    },
    "SHORT": {
      "direction": "SHORT",
      "F1": 6,
      "F2": 0,
      "F2_blocked": false,
      "F3": 5,
      "F4": 7,
      "F4_rr": 5.36,
      "F8": 5,
      "F8_blocked": false,
      "structural_entry": 74122.8,
      "structural_sl": 74231.0,
      "structural_tp": 73542.0,
      "sl_distance": 108.2,
      "min_sl_distance": 108.1,
      "sl_too_tight": false,
      "atr_5m": 108.1,
      "atr_15m": 235.2,
      "atr_1h": 470.8,
      "atr_4h": 1094.1,
      "is_counter_trend": true,
      "structure_id": "1H_BEARISH_OB_74126_74479_at_2026-04-15T14:00",
      "structure_id_dict": {
        "tf": "1H",
        "bias_4h": "BEARISH",
        "type": "OB",
        "level1": 74126.7,
        "level2": 74479.8,
        "anchor_ts_ms": 1776261600000,
        "anchor_iso": "2026-04-15T14:00"
      }
    }
  },
  "totals": {
    "LONG": {
      "total": 33,
      "grade": "WAIT"
    },
    "SHORT": {
      "total": 33,
      "grade": "WAIT"
    }
  },
  "risk": {
    "equity": 705.36,
    "sod_equity": 734.79,
    "daily_pnl_pct": -4.0,
    "tier": "normal",
    "grade_a_pct": 3.0,
    "grade_aplus_pct": 4.5
  }
}