{
  "time_utc0": "00:50 UTC+0",
  "session": "ASIA",
  "weekday": "Tuesday",
  "price": 74250.1,
  "sod_utc0": 74385.4,
  "daily_move_pct": -0.18,
  "daily_move_dir": "DOWN",
  "pre_checks": {
    "dead_zone": false,
    "saturday": false,
    "rule16_long_blocked": false,
    "rule16_short_blocked": false,
    "rule17_zone": null,
    "rule17_expires_utc0": null,
    "rule12_min_sl": 250.0,
    "bias_4h": "BEARISH",
    "co4h": -135.3,
    "0e_long_needs_aplus": true,
    "0e_short_needs_aplus": false,
    "0f_long_needs_aplus": false,
    "0f_short_needs_aplus": false,
    "0g_doji": false,
    "0g_doji_dir": null,
    "long_needs_aplus": true,
    "short_needs_aplus": false,
    "last_losing_setup": null,
    "last_losing_active": false,
    "last_losing_expired": false,
    "cycle_dedup_blocked_long": false,
    "cycle_dedup_blocked_short": false
  },
  "market": {
    "funding_rate_pct": 0.00765,
    "oi": 3326995.0,
    "oi_delta": -3356.0,
    "atr_5m": 147.6,
    "atr_4h": 984.4
  },
  "scored_factors": {
    "F5_long": 5,
    "F5_short": 5,
    "F6": 5,
    "F6_note": "OI delta -3356 | price vs SOD -135pt \u2192 accumulation \u2192 F6=5",
    "F7_long": 0,
    "F7_short": 5,
    "F7_cum_delta": -39762.38,
    "F7_threshold": 4630.99,
    "F7_candles_used": 10,
    "F9": 1
  },
  "signal_factors": {
    "LONG": {
      "direction": "LONG",
      "F1": 0,
      "F2": 7,
      "F2_blocked": false,
      "F3": 5,
      "F4": 10,
      "F4_rr": 4.41,
      "F8": 0,
      "F8_blocked": false,
      "structural_entry": 73214.4,
      "structural_sl": 72838.4,
      "structural_tp": 74876.5,
      "sl_distance": 375.9,
      "min_sl_distance": 250.0,
      "sl_too_tight": false,
      "atr_5m": 147.6,
      "atr_15m": 375.9,
      "atr_1h": 673.7,
      "atr_4h": 984.4,
      "is_counter_trend": true,
      "structure_id": "1H_BULLISH_OB_71618_72123_at_2026-04-13T15:00",
      "structure_id_dict": {
        "tf": "1H",
        "bias_4h": "BULLISH",
        "type": "OB",
        "level1": 71618.2,
        "level2": 72123.5,
        "anchor_ts_ms": 1776092400000,
        "anchor_iso": "2026-04-13T15:00"
      }
    },
    "SHORT": {
      "direction": "SHORT",
      "F1": 4,
      "F2": 0,
      "F2_blocked": false,
      "F3": 0,
      "F4": 0,
      "F4_rr": 1.49,
      "F8": 0,
      "F8_blocked": false,
      "structural_entry": 74392.5,
      "structural_sl": 74896.5,
      "structural_tp": 73640.7,
      "sl_distance": 504.0,
      "min_sl_distance": 250.0,
      "sl_too_tight": false,
      "atr_5m": 147.6,
      "atr_15m": 375.9,
      "atr_1h": 673.7,
      "atr_4h": 984.4,
      "is_counter_trend": false,
      "structure_id": "1H_BULLISH_OB_71869_72374_at_2026-04-13T14:00",
      "structure_id_dict": {
        "tf": "1H",
        "bias_4h": "BULLISH",
        "type": "OB",
        "level1": 71869.5,
        "level2": 72374.8,
        "anchor_ts_ms": 1776088800000,
        "anchor_iso": "2026-04-13T14:00"
      }
    }
  },
  "totals": {
    "LONG": {
      "total": 33,
      "grade": "WAIT"
    },
    "SHORT": {
      "total": 20,
      "grade": "WAIT"
    }
  },
  "risk": {
    "equity": 758.46,
    "sod_equity": 758.46,
    "daily_pnl_pct": 0.0,
    "tier": "normal",
    "grade_a_pct": 3.0,
    "grade_aplus_pct": 4.5
  }
}