{
  "time_utc0": "22:50 UTC+0",
  "session": "DEAD",
  "weekday": "Wednesday",
  "price": 71239.0,
  "sod_utc0": 71904.7,
  "daily_move_pct": -0.93,
  "daily_move_dir": "DOWN",
  "pre_checks": {
    "dead_zone": true,
    "saturday": false,
    "rule16_long_blocked": false,
    "rule16_short_blocked": false,
    "rule17_zone": null,
    "rule17_expires_utc0": null,
    "rule12_min_sl": 112.0,
    "bias_4h": "NEUTRAL",
    "co4h": -55.1,
    "0e_long_needs_aplus": false,
    "0e_short_needs_aplus": false,
    "0f_long_needs_aplus": false,
    "0f_short_needs_aplus": false,
    "0g_doji": false,
    "0g_doji_dir": null,
    "long_needs_aplus": false,
    "short_needs_aplus": false,
    "last_losing_setup": null,
    "last_losing_active": false,
    "last_losing_expired": false,
    "cycle_dedup_blocked_long": false,
    "cycle_dedup_blocked_short": false
  },
  "market": {
    "funding_rate_pct": 0.00529,
    "oi": 3296649.0,
    "oi_delta": 1755.0,
    "atr_5m": 112.1,
    "atr_4h": 1229.9
  },
  "scored_factors": {
    "F5_long": 5,
    "F5_short": 3,
    "F6": 0,
    "F6_note": "OI delta +1755 | price vs SOD -666pt \u2192 diverging/liquidation \u2192 F6=0",
    "F7_long": 0,
    "F7_short": 5,
    "F7_cum_delta": -26313.31,
    "F7_threshold": 2316.38,
    "F7_candles_used": 10,
    "F9": 0
  },
  "signal_factors": {
    "LONG": {
      "direction": "LONG",
      "F1": 4,
      "F2": 0,
      "F2_blocked": false,
      "F3": 8,
      "F4": 7,
      "F4_rr": 2.81,
      "F8": 2,
      "F8_blocked": true,
      "structural_entry": 71161.4,
      "structural_sl": 70963.5,
      "structural_tp": 71718.8,
      "sl_distance": 197.9,
      "min_sl_distance": 112.1,
      "sl_too_tight": false,
      "atr_5m": 112.1,
      "atr_15m": 190.2,
      "atr_1h": 542.0,
      "atr_4h": 1229.9,
      "is_counter_trend": false,
      "structure_id": "1H_NEUTRAL_OB_70670_71076_at_2026-04-08T14:00",
      "structure_id_dict": {
        "tf": "1H",
        "bias_4h": "NEUTRAL",
        "type": "OB",
        "level1": 70670.0,
        "level2": 71076.5,
        "anchor_ts_ms": 1775656800000,
        "anchor_iso": "2026-04-08T14:00"
      }
    },
    "SHORT": {
      "direction": "SHORT",
      "F1": 4,
      "F2": 5,
      "F2_blocked": true,
      "F3": 8,
      "F4": 7,
      "F4_rr": 7.25,
      "F8": 2,
      "F8_blocked": true,
      "structural_entry": 71647.5,
      "structural_sl": 71738.8,
      "structural_tp": 70983.5,
      "sl_distance": 91.3,
      "min_sl_distance": 112.1,
      "sl_too_tight": true,
      "atr_5m": 112.1,
      "atr_15m": 190.2,
      "atr_1h": 542.0,
      "atr_4h": 1229.9,
      "is_counter_trend": false,
      "structure_id": "1H_NEUTRAL_OB_71523_71929_at_2026-04-08T17:00",
      "structure_id_dict": {
        "tf": "1H",
        "bias_4h": "NEUTRAL",
        "type": "OB",
        "level1": 71523.4,
        "level2": 71929.9,
        "anchor_ts_ms": 1775667600000,
        "anchor_iso": "2026-04-08T17:00"
      }
    }
  },
  "totals": {
    "LONG": {
      "total": 26,
      "grade": "WAIT"
    },
    "SHORT": {
      "total": 34,
      "grade": "WAIT"
    }
  },
  "risk": {
    "equity": 787.74,
    "sod_equity": 787.74,
    "daily_pnl_pct": 0.0,
    "tier": "normal",
    "grade_a_pct": 3.0,
    "grade_aplus_pct": 4.5
  }
}