{
  "time_utc0": "06:50 UTC+0",
  "session": "ASIA",
  "weekday": "Saturday",
  "price": 72701.4,
  "sod_utc0": 72925.7,
  "daily_move_pct": -0.31,
  "daily_move_dir": "DOWN",
  "pre_checks": {
    "dead_zone": false,
    "saturday": true,
    "rule16_long_blocked": false,
    "rule16_short_blocked": false,
    "rule17_zone": null,
    "rule17_expires_utc0": null,
    "rule12_min_sl": 250.0,
    "bias_4h": "BEARISH",
    "co4h": -135.7,
    "0e_long_needs_aplus": true,
    "0e_short_needs_aplus": false,
    "0f_long_needs_aplus": false,
    "0f_short_needs_aplus": false,
    "0g_doji": false,
    "0g_doji_dir": null,
    "long_needs_aplus": true,
    "short_needs_aplus": false,
    "last_losing_setup": null,
    "last_losing_active": false,
    "last_losing_expired": false,
    "cycle_dedup_blocked_long": false,
    "cycle_dedup_blocked_short": false
  },
  "market": {
    "funding_rate_pct": 0.0032,
    "oi": 3388595.0,
    "oi_delta": 137.0,
    "atr_5m": 55.0,
    "atr_4h": 934.3
  },
  "scored_factors": {
    "F5_long": 5,
    "F5_short": 5,
    "F6": 3,
    "F6_note": "OI delta +137 | price vs SOD -224pt \u2192 flat \u2192 F6=3",
    "F7_long": 0,
    "F7_short": 5,
    "F7_cum_delta": -2847.27,
    "F7_threshold": 1643.99,
    "F7_candles_used": 10,
    "F9": 1
  },
  "signal_factors": {
    "LONG": {
      "direction": "LONG",
      "F1": 6,
      "F2": 0,
      "F2_blocked": false,
      "F3": 5,
      "F4": 7,
      "F4_rr": 7.58,
      "F8": 0,
      "F8_blocked": false,
      "structural_entry": 72611.1,
      "structural_sl": 72550.3,
      "structural_tp": 73073.8,
      "sl_distance": 60.8,
      "min_sl_distance": 250.0,
      "sl_too_tight": true,
      "atr_5m": 55.0,
      "atr_15m": 108.9,
      "atr_1h": 342.3,
      "atr_4h": 934.3,
      "is_counter_trend": true,
      "structure_id": "1H_NEUTRAL_OB_72840_73096_at_2026-04-10T18:00",
      "structure_id_dict": {
        "tf": "1H",
        "bias_4h": "NEUTRAL",
        "type": "OB",
        "level1": 72840.0,
        "level2": 73096.7,
        "anchor_ts_ms": 1775844000000,
        "anchor_iso": "2026-04-10T18:00"
      }
    },
    "SHORT": {
      "direction": "SHORT",
      "F1": 4,
      "F2": 0,
      "F2_blocked": false,
      "F3": 10,
      "F4": 0,
      "F4_rr": 0.53,
      "F8": 0,
      "F8_blocked": false,
      "structural_entry": 72752.2,
      "structural_sl": 73093.8,
      "structural_tp": 72570.3,
      "sl_distance": 341.6,
      "min_sl_distance": 250.0,
      "sl_too_tight": false,
      "atr_5m": 55.0,
      "atr_15m": 108.9,
      "atr_1h": 342.3,
      "atr_4h": 934.3,
      "is_counter_trend": false,
      "structure_id": "1H_NEUTRAL_OB_73195_73452_at_2026-04-10T20:00",
      "structure_id_dict": {
        "tf": "1H",
        "bias_4h": "NEUTRAL",
        "type": "OB",
        "level1": 73195.6,
        "level2": 73452.3,
        "anchor_ts_ms": 1775851200000,
        "anchor_iso": "2026-04-10T20:00"
      }
    }
  },
  "totals": {
    "LONG": {
      "total": 27,
      "grade": "WAIT"
    },
    "SHORT": {
      "total": 28,
      "grade": "WAIT"
    }
  },
  "risk": {
    "equity": 758.46,
    "sod_equity": 758.46,
    "daily_pnl_pct": 0.0,
    "tier": "normal",
    "grade_a_pct": 3.0,
    "grade_aplus_pct": 4.5
  }
}