{
  "time_utc0": "22:30 UTC+0",
  "session": "DEAD",
  "weekday": "Friday",
  "price": 72980.1,
  "sod_utc0": 71759.1,
  "daily_move_pct": 1.7,
  "daily_move_dir": "UP",
  "pre_checks": {
    "dead_zone": true,
    "saturday": false,
    "rule16_long_blocked": false,
    "rule16_short_blocked": false,
    "rule17_zone": null,
    "rule17_expires_utc0": null,
    "rule12_min_sl": 100.0,
    "bias_4h": "BEARISH",
    "co4h": -214.4,
    "0e_long_needs_aplus": true,
    "0e_short_needs_aplus": false,
    "0f_long_needs_aplus": false,
    "0f_short_needs_aplus": false,
    "0g_doji": false,
    "0g_doji_dir": null,
    "long_needs_aplus": true,
    "short_needs_aplus": false,
    "last_losing_setup": null,
    "last_losing_active": false,
    "last_losing_expired": false,
    "cycle_dedup_blocked_long": false,
    "cycle_dedup_blocked_short": false
  },
  "market": {
    "funding_rate_pct": -0.00107,
    "oi": 3380420.0,
    "oi_delta": 324.0,
    "atr_5m": 99.1,
    "atr_4h": 1071.6
  },
  "scored_factors": {
    "F5_long": 5,
    "F5_short": 5,
    "F6": 3,
    "F6_note": "OI delta +324 | price vs SOD +1221pt \u2192 flat \u2192 F6=3",
    "F7_long": 0,
    "F7_short": 5,
    "F7_cum_delta": -14502.94,
    "F7_threshold": 2377.45,
    "F7_candles_used": 10,
    "F9": 0
  },
  "signal_factors": {
    "LONG": {
      "direction": "LONG",
      "F1": 4,
      "F2": 0,
      "F2_blocked": false,
      "F3": 5,
      "F4": 7,
      "F4_rr": 3.37,
      "F8": 0,
      "F8_blocked": false,
      "structural_entry": 72982.8,
      "structural_sl": 72843.8,
      "structural_tp": 73452.3,
      "sl_distance": 139.0,
      "min_sl_distance": 100.0,
      "sl_too_tight": false,
      "atr_5m": 99.1,
      "atr_15m": 220.8,
      "atr_1h": 480.2,
      "atr_4h": 1071.6,
      "is_counter_trend": true,
      "structure_id": "1H_BULLISH_OB_72285_72646_at_2026-04-10T15:00",
      "structure_id_dict": {
        "tf": "1H",
        "bias_4h": "BULLISH",
        "type": "OB",
        "level1": 72285.8,
        "level2": 72646.0,
        "anchor_ts_ms": 1775833200000,
        "anchor_iso": "2026-04-10T15:00"
      }
    },
    "SHORT": {
      "direction": "SHORT",
      "F1": 8,
      "F2": 0,
      "F2_blocked": false,
      "F3": 8,
      "F4": 7,
      "F4_rr": 2.65,
      "F8": 0,
      "F8_blocked": false,
      "structural_entry": 73305.9,
      "structural_sl": 73472.3,
      "structural_tp": 72863.8,
      "sl_distance": 166.4,
      "min_sl_distance": 100.0,
      "sl_too_tight": false,
      "atr_5m": 99.1,
      "atr_15m": 220.8,
      "atr_1h": 480.2,
      "atr_4h": 1071.6,
      "is_counter_trend": false,
      "structure_id": "1H_BULLISH_OB_72765_73125_at_2026-04-10T14:00",
      "structure_id_dict": {
        "tf": "1H",
        "bias_4h": "BULLISH",
        "type": "OB",
        "level1": 72765.3,
        "level2": 73125.5,
        "anchor_ts_ms": 1775829600000,
        "anchor_iso": "2026-04-10T14:00"
      }
    }
  },
  "totals": {
    "LONG": {
      "total": 24,
      "grade": "WAIT"
    },
    "SHORT": {
      "total": 36,
      "grade": "WAIT"
    }
  },
  "risk": {
    "equity": 758.46,
    "sod_equity": 787.74,
    "daily_pnl_pct": -3.72,
    "tier": "normal",
    "grade_a_pct": 3.0,
    "grade_aplus_pct": 4.5
  }
}