{
  "time_utc0": "20:45 UTC+0",
  "session": "DEAD",
  "weekday": "Wednesday",
  "price": 71276.7,
  "sod_utc0": 71904.7,
  "daily_move_pct": -0.87,
  "daily_move_dir": "DOWN",
  "pre_checks": {
    "dead_zone": true,
    "saturday": false,
    "rule16_long_blocked": false,
    "rule16_short_blocked": false,
    "rule17_zone": null,
    "rule17_expires_utc0": null,
    "rule12_min_sl": 100.0,
    "bias_4h": "NEUTRAL",
    "co4h": -17.2,
    "0e_long_needs_aplus": false,
    "0e_short_needs_aplus": false,
    "0f_long_needs_aplus": false,
    "0f_short_needs_aplus": false,
    "0g_doji": false,
    "0g_doji_dir": null,
    "long_needs_aplus": false,
    "short_needs_aplus": false,
    "last_losing_setup": null,
    "last_losing_active": false,
    "last_losing_expired": false,
    "cycle_dedup_blocked_long": false,
    "cycle_dedup_blocked_short": false
  },
  "market": {
    "funding_rate_pct": 0.00515,
    "oi": 3309978.0,
    "oi_delta": 514.0,
    "atr_5m": 90.1,
    "atr_4h": 1229.9
  },
  "scored_factors": {
    "F5_long": 5,
    "F5_short": 3,
    "F6": 3,
    "F6_note": "OI delta +514 | price vs SOD -628pt \u2192 flat \u2192 F6=3",
    "F7_long": 5,
    "F7_short": 0,
    "F7_cum_delta": 40646.98,
    "F7_threshold": 1990.29,
    "F7_candles_used": 10,
    "F9": 0
  },
  "signal_factors": {
    "LONG": {
      "direction": "LONG",
      "F1": 4,
      "F2": 0,
      "F2_blocked": false,
      "F3": 8,
      "F4": 10,
      "F4_rr": 4.36,
      "F8": 2,
      "F8_blocked": true,
      "structural_entry": 71143.5,
      "structural_sl": 70963.5,
      "structural_tp": 71929.9,
      "sl_distance": 180.0,
      "min_sl_distance": 100.0,
      "sl_too_tight": false,
      "atr_5m": 90.1,
      "atr_15m": 238.1,
      "atr_1h": 547.1,
      "atr_4h": 1229.9,
      "is_counter_trend": false,
      "structure_id": "1H_NEUTRAL_OB_70670_71080_at_2026-04-08T14:00",
      "structure_id_dict": {
        "tf": "1H",
        "bias_4h": "NEUTRAL",
        "type": "OB",
        "level1": 70670.0,
        "level2": 71080.3,
        "anchor_ts_ms": 1775656800000,
        "anchor_iso": "2026-04-08T14:00"
      }
    },
    "SHORT": {
      "direction": "SHORT",
      "F1": 0,
      "F2": 3,
      "F2_blocked": true,
      "F3": 8,
      "F4": 7,
      "F4_rr": 7.68,
      "F8": 2,
      "F8_blocked": true,
      "structural_entry": 71838.8,
      "structural_sl": 71949.9,
      "structural_tp": 70983.5,
      "sl_distance": 111.1,
      "min_sl_distance": 100.0,
      "sl_too_tight": false,
      "atr_5m": 90.1,
      "atr_15m": 238.1,
      "atr_1h": 547.1,
      "atr_4h": 1229.9,
      "is_counter_trend": false,
      "structure_id": "1H_NEUTRAL_OB_71519_71929_at_2026-04-08T17:00",
      "structure_id_dict": {
        "tf": "1H",
        "bias_4h": "NEUTRAL",
        "type": "OB",
        "level1": 71519.6,
        "level2": 71929.9,
        "anchor_ts_ms": 1775667600000,
        "anchor_iso": "2026-04-08T17:00"
      }
    }
  },
  "totals": {
    "LONG": {
      "total": 37,
      "grade": "WAIT"
    },
    "SHORT": {
      "total": 26,
      "grade": "WAIT"
    }
  },
  "risk": {
    "equity": 787.74,
    "sod_equity": 787.74,
    "daily_pnl_pct": 0.0,
    "tier": "normal",
    "grade_a_pct": 3.0,
    "grade_aplus_pct": 4.5
  }
}