{
  "time_utc0": "15:35 UTC+0",
  "session": "US",
  "weekday": "Thursday",
  "price": 72134.3,
  "sod_utc0": 71041.8,
  "daily_move_pct": 1.54,
  "daily_move_dir": "UP",
  "pre_checks": {
    "dead_zone": false,
    "saturday": false,
    "rule16_long_blocked": false,
    "rule16_short_blocked": false,
    "rule17_zone": null,
    "rule17_expires_utc0": null,
    "rule12_min_sl": 251.0,
    "bias_4h": "BULLISH",
    "co4h": 1038.4,
    "0e_long_needs_aplus": false,
    "0e_short_needs_aplus": true,
    "0f_long_needs_aplus": false,
    "0f_short_needs_aplus": false,
    "0g_doji": false,
    "0g_doji_dir": null,
    "long_needs_aplus": false,
    "short_needs_aplus": true,
    "last_losing_setup": null,
    "last_losing_active": false,
    "last_losing_expired": false,
    "cycle_dedup_blocked_long": false,
    "cycle_dedup_blocked_short": false
  },
  "market": {
    "funding_rate_pct": 0.01,
    "oi": 3382088.0,
    "oi_delta": -259.0,
    "atr_5m": 251.2,
    "atr_4h": 1108.3
  },
  "scored_factors": {
    "F5_long": 3,
    "F5_short": 3,
    "F6": 3,
    "F6_note": "OI delta -259 | price vs SOD +1092pt \u2192 flat \u2192 F6=3",
    "F7_long": 5,
    "F7_short": 0,
    "F7_cum_delta": 519308.32,
    "F7_threshold": 16626.82,
    "F7_candles_used": 10,
    "F9": 5
  },
  "signal_factors": {
    "LONG": {
      "direction": "LONG",
      "F1": 8,
      "F2": 3,
      "F2_blocked": true,
      "F3": 8,
      "F4": 7,
      "F4_rr": 5.96,
      "F8": 2,
      "F8_blocked": true,
      "structural_entry": 70607.1,
      "structural_sl": 70485.0,
      "structural_tp": 71337.6,
      "sl_distance": 122.1,
      "min_sl_distance": 251.2,
      "sl_too_tight": true,
      "atr_5m": 251.2,
      "atr_15m": 272.2,
      "atr_1h": 404.7,
      "atr_4h": 1108.3,
      "is_counter_trend": false,
      "structure_id": "1H_BULLISH_OB_70609_70913_at_2026-04-09T13:00",
      "structure_id_dict": {
        "tf": "1H",
        "bias_4h": "BULLISH",
        "type": "OB",
        "level1": 70609.5,
        "level2": 70913.0,
        "anchor_ts_ms": 1775739600000,
        "anchor_iso": "2026-04-09T13:00"
      }
    },
    "SHORT": {
      "direction": "SHORT",
      "F1": 6,
      "F2": 0,
      "F2_blocked": false,
      "F3": 5,
      "F4": 0,
      "F4_rr": 1.19,
      "F8": 2,
      "F8_blocked": true,
      "structural_entry": 70970.0,
      "structural_sl": 71357.6,
      "structural_tp": 70505.0,
      "sl_distance": 387.6,
      "min_sl_distance": 251.2,
      "sl_too_tight": false,
      "atr_5m": 251.2,
      "atr_15m": 272.2,
      "atr_1h": 404.7,
      "atr_4h": 1108.3,
      "is_counter_trend": true,
      "structure_id": "1H_BULLISH_OB_71013_71316_at_2026-04-09T12:00",
      "structure_id_dict": {
        "tf": "1H",
        "bias_4h": "BULLISH",
        "type": "OB",
        "level1": 71013.1,
        "level2": 71316.6,
        "anchor_ts_ms": 1775736000000,
        "anchor_iso": "2026-04-09T12:00"
      }
    }
  },
  "totals": {
    "LONG": {
      "total": 44,
      "grade": "A"
    },
    "SHORT": {
      "total": 24,
      "grade": "WAIT"
    }
  },
  "risk": {
    "equity": 787.74,
    "sod_equity": 787.74,
    "daily_pnl_pct": 0.0,
    "tier": "normal",
    "grade_a_pct": 3.0,
    "grade_aplus_pct": 4.5
  }
}