{
  "time_utc0": "05:50 UTC+0",
  "session": "ASIA",
  "weekday": "Monday",
  "price": 70800.2,
  "sod_utc0": 70707.9,
  "daily_move_pct": 0.13,
  "daily_move_dir": "UP",
  "pre_checks": {
    "dead_zone": false,
    "saturday": false,
    "rule16_long_blocked": false,
    "rule16_short_blocked": false,
    "rule17_zone": null,
    "rule17_expires_utc0": null,
    "rule12_min_sl": 250.0,
    "bias_4h": "BEARISH",
    "co4h": -149.9,
    "0e_long_needs_aplus": true,
    "0e_short_needs_aplus": false,
    "0f_long_needs_aplus": false,
    "0f_short_needs_aplus": false,
    "0g_doji": false,
    "0g_doji_dir": null,
    "long_needs_aplus": true,
    "short_needs_aplus": false,
    "last_losing_setup": null,
    "last_losing_active": false,
    "last_losing_expired": false,
    "cycle_dedup_blocked_long": false,
    "cycle_dedup_blocked_short": false
  },
  "market": {
    "funding_rate_pct": 0.00797,
    "oi": 3358343.0,
    "oi_delta": 1906.0,
    "atr_5m": 84.8,
    "atr_4h": 700.9
  },
  "scored_factors": {
    "F5_long": 5,
    "F5_short": 5,
    "F6": 5,
    "F6_note": "OI delta +1906 | price vs SOD +92pt \u2192 accumulation \u2192 F6=5",
    "F7_long": 0,
    "F7_short": 5,
    "F7_cum_delta": -35967.44,
    "F7_threshold": 2456.67,
    "F7_candles_used": 10,
    "F9": 1
  },
  "signal_factors": {
    "LONG": {
      "direction": "LONG",
      "F1": 8,
      "F2": 0,
      "F2_blocked": false,
      "F3": 5,
      "F4": 7,
      "F4_rr": 4.5,
      "F8": 2,
      "F8_blocked": true,
      "structural_entry": 70924.1,
      "structural_sl": 70851.2,
      "structural_tp": 71255.0,
      "sl_distance": 72.9,
      "min_sl_distance": 250.0,
      "sl_too_tight": true,
      "atr_5m": 84.8,
      "atr_15m": 152.2,
      "atr_1h": 347.9,
      "atr_4h": 700.9,
      "is_counter_trend": true,
      "structure_id": "1H_BULLISH_OB_70530_70791_at_2026-04-12T23:00",
      "structure_id_dict": {
        "tf": "1H",
        "bias_4h": "BULLISH",
        "type": "OB",
        "level1": 70530.1,
        "level2": 70791.0,
        "anchor_ts_ms": 1776034800000,
        "anchor_iso": "2026-04-12T23:00"
      }
    },
    "SHORT": {
      "direction": "SHORT",
      "F1": 4,
      "F2": 5,
      "F2_blocked": true,
      "F3": 8,
      "F4": 0,
      "F4_rr": 0.15,
      "F8": 2,
      "F8_blocked": true,
      "structural_entry": 70796.8,
      "structural_sl": 71275.0,
      "structural_tp": 70871.2,
      "sl_distance": 478.2,
      "min_sl_distance": 250.0,
      "sl_too_tight": false,
      "atr_5m": 84.8,
      "atr_15m": 152.2,
      "atr_1h": 347.9,
      "atr_4h": 700.9,
      "is_counter_trend": false,
      "structure_id": "1H_BULLISH_OB_71164_71425_at_2026-04-12T21:00",
      "structure_id_dict": {
        "tf": "1H",
        "bias_4h": "BULLISH",
        "type": "OB",
        "level1": 71164.3,
        "level2": 71425.2,
        "anchor_ts_ms": 1776027600000,
        "anchor_iso": "2026-04-12T21:00"
      }
    }
  },
  "totals": {
    "LONG": {
      "total": 33,
      "grade": "WAIT"
    },
    "SHORT": {
      "total": 35,
      "grade": "WAIT"
    }
  },
  "risk": {
    "equity": 758.46,
    "sod_equity": 758.46,
    "daily_pnl_pct": 0.0,
    "tier": "normal",
    "grade_a_pct": 3.0,
    "grade_aplus_pct": 4.5
  }
}