{
  "ts_utc": "2026-04-12 20:35:02",
  "session": "DEAD",
  "price": 71122.1,
  "bias_4h": "NEUTRAL",
  "long_total": 16,
  "short_total": 39,
  "long_grade": "WAIT",
  "short_grade": "WAIT",
  "action": {
    "type": "CANCEL_PENDING",
    "reason": "EXPIRED age=4.1h max=4h grade=A [BOUNDARY: age_h=4.0830 \u2248 threshold=4.0]",
    "cancel_kind": "EXPIRED",
    "cancel_age_h": 4.08
  },
  "exec_result": {
    "executed": true,
    "ord_id": "3473185870967693312",
    "raw": {
      "clOrdId": "",
      "ordId": "3473185870967693312",
      "sCode": "0",
      "sMsg": "",
      "ts": "1776026102186"
    },
    "algos": []
  }
}