{
  "ts_utc": "2026-04-15 14:05:03",
  "session": "US",
  "price": 73892.0,
  "bias_4h": "BEARISH",
  "long_total": 36,
  "short_total": 46,
  "long_grade": "WAIT",
  "short_grade": "A",
  "action": {
    "type": "SHORT",
    "reason": "A score=46/62 rr=3.37",
    "direction": "SHORT",
    "entry": 74299.2,
    "sl": 74464.0,
    "tp": 73741.4,
    "contracts": 13,
    "grade": "A",
    "score": 46,
    "risk_pct": 3.0,
    "risk_usd": 22.04,
    "leverage": 13.15,
    "required_leverage": 14,
    "rr": 3.37,
    "score_breakdown": {
      "F1_sweep_trend": 6,
      "F2_msb": 0,
      "F3_entry_zone": 8,
      "F4_rr": 7,
      "F5_funding": 5,
      "F6_oi": 5,
      "F7_volume_delta": 5,
      "F8_anti_chase": 5,
      "F9_session": 5
    },
    "structure_id": "1H_BULLISH_OB_74131_74444_at_2026-04-15T12:00",
    "structure_id_dict": {
      "tf": "1H",
      "bias_4h": "BULLISH",
      "type": "OB",
      "level1": 74131.4,
      "level2": 74444.0,
      "anchor_ts_ms": 1776254400000,
      "anchor_iso": "2026-04-15T12:00"
    },
    "thesis": "SHORT A score=46/62 RR=3.37 bias_4h=BEARISH session=US sl_dist=164.8pt",
    "direction_blocks": {
      "LONG": [
        "WAIT_score=36/62"
      ],
      "SHORT": []
    }
  },
  "exec_result": {
    "executed": true,
    "ord_id": "3481591287523532800",
    "algo_id": "3481591287491858432"
  }
}