{
  "time_utc0": "19:55 UTC+0",
  "session": "US",
  "weekday": "Monday",
  "price": 73406.6,
  "sod_utc0": 70707.9,
  "daily_move_pct": 3.82,
  "daily_move_dir": "UP",
  "pre_checks": {
    "dead_zone": false,
    "saturday": false,
    "rule16_long_blocked": false,
    "rule16_short_blocked": false,
    "rule17_zone": null,
    "rule17_expires_utc0": null,
    "rule12_min_sl": 183.0,
    "bias_4h": "BULLISH",
    "co4h": 1576.9,
    "0e_long_needs_aplus": false,
    "0e_short_needs_aplus": true,
    "0f_long_needs_aplus": true,
    "0f_short_needs_aplus": false,
    "0g_doji": false,
    "0g_doji_dir": null,
    "long_needs_aplus": true,
    "short_needs_aplus": true,
    "last_losing_setup": null,
    "last_losing_active": false,
    "last_losing_expired": false,
    "cycle_dedup_blocked_long": false,
    "cycle_dedup_blocked_short": false
  },
  "market": {
    "funding_rate_pct": -0.0063,
    "oi": 3305359.0,
    "oi_delta": -452.0,
    "atr_5m": 183.5,
    "atr_4h": 773.4
  },
  "scored_factors": {
    "F5_long": 5,
    "F5_short": 5,
    "F6": 3,
    "F6_note": "OI delta -452 | price vs SOD +2699pt \u2192 flat \u2192 F6=3",
    "F7_long": 5,
    "F7_short": 0,
    "F7_cum_delta": 375921.48,
    "F7_threshold": 13490.04,
    "F7_candles_used": 10,
    "F9": 5
  },
  "signal_factors": {
    "LONG": {
      "direction": "LONG",
      "F1": 4,
      "F2": 5,
      "F2_blocked": true,
      "F3": 8,
      "F4": 0,
      "F4_rr": 0.35,
      "F8": 0,
      "F8_blocked": false,
      "structural_entry": 72326.9,
      "structural_sl": 71598.2,
      "structural_tp": 72583.0,
      "sl_distance": 728.8,
      "min_sl_distance": 183.5,
      "sl_too_tight": false,
      "atr_5m": 183.5,
      "atr_15m": 287.8,
      "atr_1h": 484.0,
      "atr_4h": 773.4,
      "is_counter_trend": false,
      "structure_id": "1H_BULLISH_OB_71618_71981_at_2026-04-13T15:00",
      "structure_id_dict": {
        "tf": "1H",
        "bias_4h": "BULLISH",
        "type": "OB",
        "level1": 71618.2,
        "level2": 71981.2,
        "anchor_ts_ms": 1776092400000,
        "anchor_iso": "2026-04-13T15:00"
      }
    },
    "SHORT": {
      "direction": "SHORT",
      "F1": 3,
      "F2": 0,
      "F2_blocked": false,
      "F3": 5,
      "F4": 0,
      "F4_rr": 1.86,
      "F8": 0,
      "F8_blocked": false,
      "structural_entry": 72259.6,
      "structural_sl": 72603.0,
      "structural_tp": 71618.2,
      "sl_distance": 343.4,
      "min_sl_distance": 183.5,
      "sl_too_tight": false,
      "atr_5m": 183.5,
      "atr_15m": 287.8,
      "atr_1h": 484.0,
      "atr_4h": 773.4,
      "is_counter_trend": true,
      "structure_id": "1H_BULLISH_OB_72011_72374_at_2026-04-13T14:00",
      "structure_id_dict": {
        "tf": "1H",
        "bias_4h": "BULLISH",
        "type": "OB",
        "level1": 72011.8,
        "level2": 72374.8,
        "anchor_ts_ms": 1776088800000,
        "anchor_iso": "2026-04-13T14:00"
      }
    }
  },
  "totals": {
    "LONG": {
      "total": 35,
      "grade": "WAIT"
    },
    "SHORT": {
      "total": 21,
      "grade": "WAIT"
    }
  },
  "risk": {
    "equity": 758.46,
    "sod_equity": 758.46,
    "daily_pnl_pct": 0.0,
    "tier": "normal",
    "grade_a_pct": 3.0,
    "grade_aplus_pct": 4.5
  }
}