{
  "time_utc0": "10:40 UTC+0",
  "session": "EU",
  "weekday": "Thursday",
  "price": 71364.4,
  "sod_utc0": 71041.8,
  "daily_move_pct": 0.45,
  "daily_move_dir": "UP",
  "pre_checks": {
    "dead_zone": false,
    "saturday": false,
    "rule16_long_blocked": false,
    "rule16_short_blocked": false,
    "rule17_zone": null,
    "rule17_expires_utc0": null,
    "rule12_min_sl": 100.0,
    "bias_4h": "BULLISH",
    "co4h": 410.6,
    "0e_long_needs_aplus": false,
    "0e_short_needs_aplus": true,
    "0f_long_needs_aplus": false,
    "0f_short_needs_aplus": false,
    "0g_doji": false,
    "0g_doji_dir": null,
    "long_needs_aplus": false,
    "short_needs_aplus": true,
    "last_losing_setup": null,
    "last_losing_active": false,
    "last_losing_expired": false,
    "cycle_dedup_blocked_long": false,
    "cycle_dedup_blocked_short": false
  },
  "market": {
    "funding_rate_pct": 0.00459,
    "oi": 3344630.0,
    "oi_delta": -1079.0,
    "atr_5m": 78.4,
    "atr_4h": 1119.1
  },
  "scored_factors": {
    "F5_long": 5,
    "F5_short": 3,
    "F6": 0,
    "F6_note": "OI delta -1079 | price vs SOD +323pt \u2192 diverging/liquidation \u2192 F6=0",
    "F7_long": 5,
    "F7_short": 0,
    "F7_cum_delta": 51285.11,
    "F7_threshold": 3635.65,
    "F7_candles_used": 10,
    "F9": 3
  },
  "signal_factors": {
    "LONG": {
      "direction": "LONG",
      "F1": 0,
      "F2": 7,
      "F2_blocked": false,
      "F3": 8,
      "F4": 0,
      "F4_rr": 0.65,
      "F8": 2,
      "F8_blocked": true,
      "structural_entry": 71236.5,
      "structural_sl": 70758.6,
      "structural_tp": 71548.0,
      "sl_distance": 477.9,
      "min_sl_distance": 100.0,
      "sl_too_tight": false,
      "atr_5m": 78.4,
      "atr_15m": 188.4,
      "atr_1h": 379.4,
      "atr_4h": 1119.1,
      "is_counter_trend": false,
      "structure_id": "1H_NEUTRAL_OB_70921_71086_at_2026-04-09T07:00",
      "structure_id_dict": {
        "tf": "1H",
        "bias_4h": "NEUTRAL",
        "type": "OB",
        "level1": 70921.2,
        "level2": 71086.2,
        "anchor_ts_ms": 1775718000000,
        "anchor_iso": "2026-04-09T07:00"
      }
    },
    "SHORT": {
      "direction": "SHORT",
      "F1": 0,
      "F2": 0,
      "F2_blocked": false,
      "F3": 5,
      "F4": 7,
      "F4_rr": 7.69,
      "F8": 2,
      "F8_blocked": true,
      "structural_entry": 71477.4,
      "structural_sl": 71568.0,
      "structural_tp": 70778.6,
      "sl_distance": 90.6,
      "min_sl_distance": 100.0,
      "sl_too_tight": true,
      "atr_5m": 78.4,
      "atr_15m": 188.4,
      "atr_1h": 379.4,
      "atr_4h": 1119.1,
      "is_counter_trend": true,
      "structure_id": "1H_NEUTRAL_OB_70894_71179_at_2026-04-08T23:00",
      "structure_id_dict": {
        "tf": "1H",
        "bias_4h": "NEUTRAL",
        "type": "OB",
        "level1": 70894.5,
        "level2": 71179.0,
        "anchor_ts_ms": 1775689200000,
        "anchor_iso": "2026-04-08T23:00"
      }
    }
  },
  "totals": {
    "LONG": {
      "total": 30,
      "grade": "WAIT"
    },
    "SHORT": {
      "total": 20,
      "grade": "WAIT"
    }
  },
  "risk": {
    "equity": 787.74,
    "sod_equity": 787.74,
    "daily_pnl_pct": 0.0,
    "tier": "normal",
    "grade_a_pct": 3.0,
    "grade_aplus_pct": 4.5
  }
}