{
  "time_utc0": "23:55 UTC+0",
  "session": "DEAD",
  "weekday": "Sunday",
  "price": 70694.4,
  "sod_utc0": 73014.7,
  "daily_move_pct": -3.18,
  "daily_move_dir": "DOWN",
  "pre_checks": {
    "dead_zone": true,
    "saturday": false,
    "rule16_long_blocked": false,
    "rule16_short_blocked": false,
    "rule17_zone": null,
    "rule17_expires_utc0": null,
    "rule12_min_sl": 133.0,
    "bias_4h": "BEARISH",
    "co4h": -366.3,
    "0e_long_needs_aplus": true,
    "0e_short_needs_aplus": false,
    "0f_long_needs_aplus": false,
    "0f_short_needs_aplus": true,
    "0g_doji": false,
    "0g_doji_dir": null,
    "long_needs_aplus": true,
    "short_needs_aplus": true,
    "last_losing_setup": null,
    "last_losing_active": false,
    "last_losing_expired": false,
    "cycle_dedup_blocked_long": false,
    "cycle_dedup_blocked_short": false
  },
  "market": {
    "funding_rate_pct": 0.00372,
    "oi": 3302388.0,
    "oi_delta": 192.0,
    "atr_5m": 132.8,
    "atr_4h": 747.9
  },
  "scored_factors": {
    "F5_long": 5,
    "F5_short": 5,
    "F6": 3,
    "F6_note": "OI delta +192 | price vs SOD -2320pt \u2192 flat \u2192 F6=3",
    "F7_long": 2,
    "F7_short": 2,
    "F7_cum_delta": -2055.35,
    "F7_threshold": 2299.15,
    "F7_candles_used": 10,
    "F9": 0
  },
  "signal_factors": {
    "LONG": {
      "direction": "LONG",
      "F1": 4,
      "F2": 0,
      "F2_blocked": false,
      "F3": 5,
      "F4": 7,
      "F4_rr": 5.49,
      "F8": 2,
      "F8_blocked": true,
      "structural_entry": 70588.2,
      "structural_sl": 70436.0,
      "structural_tp": 71425.2,
      "sl_distance": 152.2,
      "min_sl_distance": 132.8,
      "sl_too_tight": false,
      "atr_5m": 132.8,
      "atr_15m": 267.2,
      "atr_1h": 323.7,
      "atr_4h": 747.9,
      "is_counter_trend": true,
      "structure_id": "1H_BULLISH_OB_71040_71189_at_2026-04-12T19:00",
      "structure_id_dict": {
        "tf": "1H",
        "bias_4h": "BULLISH",
        "type": "OB",
        "level1": 71040.2,
        "level2": 71189.2,
        "anchor_ts_ms": 1776020400000,
        "anchor_iso": "2026-04-12T19:00"
      }
    },
    "SHORT": {
      "direction": "SHORT",
      "F1": 8,
      "F2": 0,
      "F2_blocked": false,
      "F3": 8,
      "F4": 0,
      "F4_rr": 0.6,
      "F8": 2,
      "F8_blocked": true,
      "structural_entry": 70827.5,
      "structural_sl": 71445.2,
      "structural_tp": 70456.0,
      "sl_distance": 617.7,
      "min_sl_distance": 132.8,
      "sl_too_tight": false,
      "atr_5m": 132.8,
      "atr_15m": 267.2,
      "atr_1h": 323.7,
      "atr_4h": 747.9,
      "is_counter_trend": false,
      "structure_id": "1H_BULLISH_OB_71182_71425_at_2026-04-12T21:00",
      "structure_id_dict": {
        "tf": "1H",
        "bias_4h": "BULLISH",
        "type": "OB",
        "level1": 71182.4,
        "level2": 71425.2,
        "anchor_ts_ms": 1776027600000,
        "anchor_iso": "2026-04-12T21:00"
      }
    }
  },
  "totals": {
    "LONG": {
      "total": 28,
      "grade": "WAIT"
    },
    "SHORT": {
      "total": 28,
      "grade": "WAIT"
    }
  },
  "risk": {
    "equity": 758.46,
    "sod_equity": 758.46,
    "daily_pnl_pct": 0.0,
    "tier": "normal",
    "grade_a_pct": 3.0,
    "grade_aplus_pct": 4.5
  }
}