{
  "time_utc0": "04:47 UTC+0",
  "session": "ASIA",
  "weekday": "Wednesday",
  "price": 71630.7,
  "sod_utc0": 68138.6,
  "daily_move_pct": 5.12,
  "daily_move_dir": "UP",
  "pre_checks": {
    "dead_zone": false,
    "saturday": false,
    "rule16_long_blocked": false,
    "rule16_short_blocked": false,
    "rule17_zone": null,
    "rule12_min_sl": 250,
    "bias_4h": "BULLISH",
    "co4h": 350.6,
    "0e_long_needs_aplus": false,
    "0e_short_needs_aplus": true,
    "0f_long_needs_aplus": true,
    "0f_short_needs_aplus": false,
    "0g_doji": false,
    "0g_doji_dir": null,
    "long_needs_aplus": true,
    "short_needs_aplus": true,
    "last_losing_setup": null,
    "last_losing_active": false,
    "last_losing_expired": false,
    "cycle_dedup_blocked_long": false,
    "cycle_dedup_blocked_short": false
  },
  "market": {
    "funding_rate_pct": 0.01,
    "oi": 3191435.0,
    "oi_delta": 10084.0,
    "atr_5m": 83.2,
    "atr_4h": 1237.0
  },
  "scored_factors": {
    "F5_long": 3,
    "F5_short": 3,
    "F6": 5,
    "F6_note": "OI delta +10084 | price vs SOD +3492pt \u2192 accumulation \u2192 F6=5",
    "F7_long": 5,
    "F7_short": 0,
    "F7_cum_delta": 71553.37,
    "F7_threshold": 4411.29,
    "F7_candles_used": 10,
    "F9": 1
  },
  "signal_factors": {
    "LONG": {
      "direction": "LONG",
      "F1": 4,
      "F2": 5,
      "F2_blocked": true,
      "F3": 8,
      "F4": 0,
      "F4_rr": 1.53,
      "F8": 5,
      "F8_blocked": false,
      "structural_entry": 71316.8,
      "structural_sl": 71199.3,
      "structural_tp": 71500.0,
      "sl_distance": 117.4,
      "min_sl_distance": 250.0,
      "sl_too_tight": true,
      "atr_5m": 83.2,
      "atr_15m": 191.3,
      "atr_1h": 697.6,
      "atr_4h": 1237.0,
      "is_counter_trend": false,
      "structure_id": "1H_BEARISH_OB_68313_68745_at_2026-04-07T18:00",
      "structure_id_dict": {
        "tf": "1H",
        "bias_4h": "BEARISH",
        "type": "OB",
        "level1": 68313.7,
        "level2": 68745.3,
        "anchor_ts_ms": 1775584800000,
        "anchor_iso": "2026-04-07T18:00"
      }
    },
    "SHORT": {
      "direction": "SHORT",
      "F1": 0,
      "F2": 0,
      "F2_blocked": false,
      "F3": 5,
      "F4": 7,
      "F4_rr": 3.47,
      "F8": 5,
      "F8_blocked": false,
      "structural_entry": 71640.2,
      "structural_sl": 71520.0,
      "structural_tp": 71219.3,
      "sl_distance": 120.2,
      "min_sl_distance": 250.0,
      "sl_too_tight": true,
      "atr_5m": 83.2,
      "atr_15m": 191.3,
      "atr_1h": 697.6,
      "atr_4h": 1237.0,
      "is_counter_trend": true,
      "structure_id": "1H_BEARISH_OB_72250_72773_at_2026-04-07T23:00",
      "structure_id_dict": {
        "tf": "1H",
        "bias_4h": "BEARISH",
        "type": "OB",
        "level1": 72250.7,
        "level2": 72773.9,
        "anchor_ts_ms": 1775602800000,
        "anchor_iso": "2026-04-07T23:00"
      }
    }
  },
  "risk": {
    "equity": 787.74,
    "sod_equity": 787.74,
    "daily_pnl_pct": 0.0,
    "tier": "normal",
    "grade_a_pct": 3.0,
    "grade_aplus_pct": 4.5
  }
}
