{
  "time_utc0": "16:00 UTC+0",
  "session": "US",
  "weekday": "Tuesday",
  "price": 75279.6,
  "sod_utc0": 74385.4,
  "daily_move_pct": 1.2,
  "daily_move_dir": "UP",
  "pre_checks": {
    "dead_zone": false,
    "saturday": false,
    "rule16_long_blocked": false,
    "rule16_short_blocked": false,
    "rule17_zone": null,
    "rule17_expires_utc0": null,
    "rule12_min_sl": 217.0,
    "bias_4h": "NEUTRAL",
    "co4h": -16.4,
    "0e_long_needs_aplus": false,
    "0e_short_needs_aplus": false,
    "0f_long_needs_aplus": false,
    "0f_short_needs_aplus": false,
    "0g_doji": false,
    "0g_doji_dir": null,
    "long_needs_aplus": false,
    "short_needs_aplus": false,
    "last_losing_setup": null,
    "last_losing_active": false,
    "last_losing_expired": false,
    "cycle_dedup_blocked_long": false,
    "cycle_dedup_blocked_short": false
  },
  "market": {
    "funding_rate_pct": -0.00425,
    "oi": 3591076.0,
    "oi_delta": -742.0,
    "atr_5m": 217.2,
    "atr_4h": 966.3
  },
  "scored_factors": {
    "F5_long": 5,
    "F5_short": 5,
    "F6": 3,
    "F6_note": "OI delta -742 | price vs SOD +894pt \u2192 flat \u2192 F6=3",
    "F7_long": 5,
    "F7_short": 0,
    "F7_cum_delta": 227512.29,
    "F7_threshold": 10639.62,
    "F7_candles_used": 10,
    "F9": 5
  },
  "signal_factors": {
    "LONG": {
      "direction": "LONG",
      "F1": 4,
      "F2": 7,
      "F2_blocked": false,
      "F3": 8,
      "F4": 10,
      "F4_rr": 4.09,
      "F8": 5,
      "F8_blocked": false,
      "structural_entry": 74577.2,
      "structural_sl": 74230.0,
      "structural_tp": 76000.0,
      "sl_distance": 347.2,
      "min_sl_distance": 217.2,
      "sl_too_tight": false,
      "atr_5m": 217.2,
      "atr_15m": 394.4,
      "atr_1h": 429.3,
      "atr_4h": 966.3,
      "is_counter_trend": false,
      "structure_id": "1H_BULLISH_OB_74127_74407_at_2026-04-14T05:00",
      "structure_id_dict": {
        "tf": "1H",
        "bias_4h": "BULLISH",
        "type": "OB",
        "level1": 74127.2,
        "level2": 74407.0,
        "anchor_ts_ms": 1776142800000,
        "anchor_iso": "2026-04-14T05:00"
      }
    },
    "SHORT": {
      "direction": "SHORT",
      "F1": 4,
      "F2": 0,
      "F2_blocked": false,
      "F3": 8,
      "F4": 10,
      "F4_rr": 3.99,
      "F8": 5,
      "F8_blocked": false,
      "structural_entry": 75665.7,
      "structural_sl": 76020.0,
      "structural_tp": 74250.0,
      "sl_distance": 354.3,
      "min_sl_distance": 217.2,
      "sl_too_tight": false,
      "atr_5m": 217.2,
      "atr_15m": 394.4,
      "atr_1h": 429.3,
      "atr_4h": 966.3,
      "is_counter_trend": false,
      "structure_id": "1H_BULLISH_OB_75166_75488_at_2026-04-14T13:00",
      "structure_id_dict": {
        "tf": "1H",
        "bias_4h": "BULLISH",
        "type": "OB",
        "level1": 75166.0,
        "level2": 75488.0,
        "anchor_ts_ms": 1776171600000,
        "anchor_iso": "2026-04-14T13:00"
      }
    }
  },
  "totals": {
    "LONG": {
      "total": 52,
      "grade": "A+"
    },
    "SHORT": {
      "total": 40,
      "grade": "A"
    }
  },
  "risk": {
    "equity": 758.46,
    "sod_equity": 758.46,
    "daily_pnl_pct": 0.0,
    "tier": "normal",
    "grade_a_pct": 3.0,
    "grade_aplus_pct": 4.5
  }
}