{
  "time_utc0": "13:40 UTC+0",
  "session": "EU",
  "weekday": "Tuesday",
  "price": 74817.2,
  "sod_utc0": 74385.4,
  "daily_move_pct": 0.58,
  "daily_move_dir": "UP",
  "pre_checks": {
    "dead_zone": false,
    "saturday": false,
    "rule16_long_blocked": false,
    "rule16_short_blocked": false,
    "rule17_zone": null,
    "rule17_expires_utc0": null,
    "rule12_min_sl": 144.0,
    "bias_4h": "BULLISH",
    "co4h": 467.2,
    "0e_long_needs_aplus": false,
    "0e_short_needs_aplus": true,
    "0f_long_needs_aplus": false,
    "0f_short_needs_aplus": false,
    "0g_doji": false,
    "0g_doji_dir": null,
    "long_needs_aplus": false,
    "short_needs_aplus": true,
    "last_losing_setup": null,
    "last_losing_active": false,
    "last_losing_expired": false,
    "cycle_dedup_blocked_long": false,
    "cycle_dedup_blocked_short": false
  },
  "market": {
    "funding_rate_pct": 0.00444,
    "oi": 3480408.0,
    "oi_delta": 5053.0,
    "atr_5m": 143.5,
    "atr_4h": 867.7
  },
  "scored_factors": {
    "F5_long": 5,
    "F5_short": 5,
    "F6": 5,
    "F6_note": "OI delta +5053 | price vs SOD +432pt \u2192 accumulation \u2192 F6=5",
    "F7_long": 5,
    "F7_short": 0,
    "F7_cum_delta": 165251.7,
    "F7_threshold": 5953.06,
    "F7_candles_used": 10,
    "F9": 3
  },
  "signal_factors": {
    "LONG": {
      "direction": "LONG",
      "F1": 8,
      "F2": 0,
      "F2_blocked": false,
      "F3": 3,
      "F4": 0,
      "F4_rr": 1.19,
      "F8": 5,
      "F8_blocked": false,
      "structural_entry": 74386.5,
      "structural_sl": 74230.0,
      "structural_tp": 74574.0,
      "sl_distance": 156.5,
      "min_sl_distance": 143.5,
      "sl_too_tight": false,
      "atr_5m": 143.5,
      "atr_15m": 146.7,
      "atr_1h": 343.8,
      "atr_4h": 867.7,
      "is_counter_trend": false,
      "structure_id": "1H_BEARISH_OB_74127_74385_at_2026-04-14T05:00",
      "structure_id_dict": {
        "tf": "1H",
        "bias_4h": "BEARISH",
        "type": "OB",
        "level1": 74127.2,
        "level2": 74385.0,
        "anchor_ts_ms": 1776142800000,
        "anchor_iso": "2026-04-14T05:00"
      }
    },
    "SHORT": {
      "direction": "SHORT",
      "F1": 3,
      "F2": 0,
      "F2_blocked": false,
      "F3": 5,
      "F4": 7,
      "F4_rr": 4.09,
      "F8": 5,
      "F8_blocked": false,
      "structural_entry": 74526.7,
      "structural_sl": 74594.0,
      "structural_tp": 74250.0,
      "sl_distance": 67.3,
      "min_sl_distance": 143.5,
      "sl_too_tight": true,
      "atr_5m": 143.5,
      "atr_15m": 146.7,
      "atr_1h": 343.8,
      "atr_4h": 867.7,
      "is_counter_trend": true,
      "structure_id": "1H_BEARISH_OB_74612_74870_at_2026-04-14T08:00",
      "structure_id_dict": {
        "tf": "1H",
        "bias_4h": "BEARISH",
        "type": "OB",
        "level1": 74612.2,
        "level2": 74870.0,
        "anchor_ts_ms": 1776153600000,
        "anchor_iso": "2026-04-14T08:00"
      }
    }
  },
  "totals": {
    "LONG": {
      "total": 34,
      "grade": "WAIT"
    },
    "SHORT": {
      "total": 33,
      "grade": "WAIT"
    }
  },
  "risk": {
    "equity": 758.46,
    "sod_equity": 758.46,
    "daily_pnl_pct": 0.0,
    "tier": "normal",
    "grade_a_pct": 3.0,
    "grade_aplus_pct": 4.5
  }
}