{
  "time_utc0": "03:55 UTC+0",
  "session": "ASIA",
  "weekday": "Saturday",
  "price": 72885.5,
  "sod_utc0": 72925.7,
  "daily_move_pct": -0.06,
  "daily_move_dir": "DOWN",
  "pre_checks": {
    "dead_zone": false,
    "saturday": true,
    "rule16_long_blocked": false,
    "rule16_short_blocked": false,
    "rule17_zone": null,
    "rule17_expires_utc0": null,
    "rule12_min_sl": 250.0,
    "bias_4h": "NEUTRAL",
    "co4h": -40.2,
    "0e_long_needs_aplus": false,
    "0e_short_needs_aplus": false,
    "0f_long_needs_aplus": false,
    "0f_short_needs_aplus": false,
    "0g_doji": false,
    "0g_doji_dir": null,
    "long_needs_aplus": false,
    "short_needs_aplus": false,
    "last_losing_setup": null,
    "last_losing_active": false,
    "last_losing_expired": false,
    "cycle_dedup_blocked_long": false,
    "cycle_dedup_blocked_short": false
  },
  "market": {
    "funding_rate_pct": -0.00054,
    "oi": 3388861.0,
    "oi_delta": 3070.0,
    "atr_5m": 54.6,
    "atr_4h": 969.2
  },
  "scored_factors": {
    "F5_long": 5,
    "F5_short": 5,
    "F6": 0,
    "F6_note": "OI delta +3070 | price vs SOD -40pt \u2192 diverging/liquidation \u2192 F6=0",
    "F7_long": 0,
    "F7_short": 5,
    "F7_cum_delta": -8056.31,
    "F7_threshold": 1241.72,
    "F7_candles_used": 10,
    "F9": 1
  },
  "signal_factors": {
    "LONG": {
      "direction": "LONG",
      "F1": 8,
      "F2": 0,
      "F2_blocked": false,
      "F3": 8,
      "F4": 0,
      "F4_rr": 0.53,
      "F8": 0,
      "F8_blocked": false,
      "structural_entry": 72909.3,
      "structural_sl": 72596.7,
      "structural_tp": 73073.8,
      "sl_distance": 312.6,
      "min_sl_distance": 250.0,
      "sl_too_tight": false,
      "atr_5m": 54.6,
      "atr_15m": 109.9,
      "atr_1h": 465.1,
      "atr_4h": 969.2,
      "is_counter_trend": false,
      "structure_id": "1H_BEARISH_OB_72285_72634_at_2026-04-10T15:00",
      "structure_id_dict": {
        "tf": "1H",
        "bias_4h": "BEARISH",
        "type": "OB",
        "level1": 72285.8,
        "level2": 72634.6,
        "anchor_ts_ms": 1775833200000,
        "anchor_iso": "2026-04-10T15:00"
      }
    },
    "SHORT": {
      "direction": "SHORT",
      "F1": 8,
      "F2": 3,
      "F2_blocked": true,
      "F3": 8,
      "F4": 10,
      "F4_rr": 4.43,
      "F8": 0,
      "F8_blocked": false,
      "structural_entry": 73006.0,
      "structural_sl": 73093.8,
      "structural_tp": 72616.7,
      "sl_distance": 87.8,
      "min_sl_distance": 250.0,
      "sl_too_tight": true,
      "atr_5m": 54.6,
      "atr_15m": 109.9,
      "atr_1h": 465.1,
      "atr_4h": 969.2,
      "is_counter_trend": false,
      "structure_id": "1H_BEARISH_OB_72776_73125_at_2026-04-10T14:00",
      "structure_id_dict": {
        "tf": "1H",
        "bias_4h": "BEARISH",
        "type": "OB",
        "level1": 72776.7,
        "level2": 73125.5,
        "anchor_ts_ms": 1775829600000,
        "anchor_iso": "2026-04-10T14:00"
      }
    }
  },
  "totals": {
    "LONG": {
      "total": 22,
      "grade": "WAIT"
    },
    "SHORT": {
      "total": 40,
      "grade": "A"
    }
  },
  "risk": {
    "equity": 758.46,
    "sod_equity": 758.46,
    "daily_pnl_pct": 0.0,
    "tier": "normal",
    "grade_a_pct": 3.0,
    "grade_aplus_pct": 4.5
  }
}