{
  "time_utc0": "14:35 UTC+0",
  "session": "US",
  "weekday": "Thursday",
  "price": 70648.0,
  "sod_utc0": 71041.8,
  "daily_move_pct": -0.55,
  "daily_move_dir": "DOWN",
  "pre_checks": {
    "dead_zone": false,
    "saturday": false,
    "rule16_long_blocked": false,
    "rule16_short_blocked": false,
    "rule17_zone": null,
    "rule17_expires_utc0": null,
    "rule12_min_sl": 177.0,
    "bias_4h": "BEARISH",
    "co4h": -476.5,
    "0e_long_needs_aplus": true,
    "0e_short_needs_aplus": false,
    "0f_long_needs_aplus": false,
    "0f_short_needs_aplus": false,
    "0g_doji": false,
    "0g_doji_dir": null,
    "long_needs_aplus": true,
    "short_needs_aplus": false,
    "last_losing_setup": null,
    "last_losing_active": false,
    "last_losing_expired": false,
    "cycle_dedup_blocked_long": false,
    "cycle_dedup_blocked_short": false
  },
  "market": {
    "funding_rate_pct": 0.01,
    "oi": 3424907.0,
    "oi_delta": 2651.0,
    "atr_5m": 176.8,
    "atr_4h": 1108.3
  },
  "scored_factors": {
    "F5_long": 3,
    "F5_short": 3,
    "F6": 0,
    "F6_note": "OI delta +2651 | price vs SOD -394pt \u2192 diverging/liquidation \u2192 F6=0",
    "F7_long": 0,
    "F7_short": 5,
    "F7_cum_delta": -65431.65,
    "F7_threshold": 7698.04,
    "F7_candles_used": 10,
    "F9": 5
  },
  "signal_factors": {
    "LONG": {
      "direction": "LONG",
      "F1": 8,
      "F2": 0,
      "F2_blocked": false,
      "F3": 0,
      "F4": 0,
      "F4_rr": 1.92,
      "F8": 0,
      "F8_blocked": false,
      "structural_entry": 70621.8,
      "structural_sl": 70993.0,
      "structural_tp": 71337.6,
      "sl_distance": 371.2,
      "min_sl_distance": 176.8,
      "sl_too_tight": false,
      "atr_5m": 176.8,
      "atr_15m": 211.9,
      "atr_1h": 389.0,
      "atr_4h": 1108.3,
      "is_counter_trend": true,
      "structure_id": null,
      "structure_id_dict": null
    },
    "SHORT": {
      "direction": "SHORT",
      "F1": 4,
      "F2": 5,
      "F2_blocked": true,
      "F3": 8,
      "F4": 0,
      "F4_rr": 1.26,
      "F8": 0,
      "F8_blocked": false,
      "structural_entry": 71207.0,
      "structural_sl": 71357.6,
      "structural_tp": 71013.0,
      "sl_distance": 150.6,
      "min_sl_distance": 176.8,
      "sl_too_tight": true,
      "atr_5m": 176.8,
      "atr_15m": 211.9,
      "atr_1h": 389.0,
      "atr_4h": 1108.3,
      "is_counter_trend": false,
      "structure_id": "1H_BULLISH_OB_71024_71316_at_2026-04-09T12:00",
      "structure_id_dict": {
        "tf": "1H",
        "bias_4h": "BULLISH",
        "type": "OB",
        "level1": 71024.9,
        "level2": 71316.6,
        "anchor_ts_ms": 1775736000000,
        "anchor_iso": "2026-04-09T12:00"
      }
    }
  },
  "totals": {
    "LONG": {
      "total": 16,
      "grade": "WAIT"
    },
    "SHORT": {
      "total": 30,
      "grade": "WAIT"
    }
  },
  "risk": {
    "equity": 787.74,
    "sod_equity": 787.74,
    "daily_pnl_pct": 0.0,
    "tier": "normal",
    "grade_a_pct": 3.0,
    "grade_aplus_pct": 4.5
  }
}