{
  "time_utc0": "17:45 UTC+0",
  "session": "US",
  "weekday": "Tuesday",
  "price": 74501.9,
  "sod_utc0": 74385.4,
  "daily_move_pct": 0.16,
  "daily_move_dir": "UP",
  "pre_checks": {
    "dead_zone": false,
    "saturday": false,
    "rule16_long_blocked": false,
    "rule16_short_blocked": false,
    "rule17_zone": null,
    "rule17_expires_utc0": null,
    "rule12_min_sl": 197.0,
    "bias_4h": "BEARISH",
    "co4h": -778.6,
    "0e_long_needs_aplus": true,
    "0e_short_needs_aplus": false,
    "0f_long_needs_aplus": false,
    "0f_short_needs_aplus": false,
    "0g_doji": false,
    "0g_doji_dir": null,
    "long_needs_aplus": true,
    "short_needs_aplus": false,
    "last_losing_setup": null,
    "last_losing_active": false,
    "last_losing_expired": false,
    "cycle_dedup_blocked_long": false,
    "cycle_dedup_blocked_short": false
  },
  "market": {
    "funding_rate_pct": -0.00911,
    "oi": 3551099.0,
    "oi_delta": 3476.0,
    "atr_5m": 196.7,
    "atr_4h": 966.3
  },
  "scored_factors": {
    "F5_long": 5,
    "F5_short": 5,
    "F6": 5,
    "F6_note": "OI delta +3476 | price vs SOD +116pt \u2192 accumulation \u2192 F6=5",
    "F7_long": 0,
    "F7_short": 5,
    "F7_cum_delta": -71953.98,
    "F7_threshold": 9264.87,
    "F7_candles_used": 10,
    "F9": 5
  },
  "signal_factors": {
    "LONG": {
      "direction": "LONG",
      "F1": 3,
      "F2": 0,
      "F2_blocked": false,
      "F3": 5,
      "F4": 0,
      "F4_rr": 1.74,
      "F8": 2,
      "F8_blocked": true,
      "structural_entry": 75011.5,
      "structural_sl": 74445.2,
      "structural_tp": 76000.0,
      "sl_distance": 566.3,
      "min_sl_distance": 196.7,
      "sl_too_tight": false,
      "atr_5m": 196.7,
      "atr_15m": 422.3,
      "atr_1h": 523.0,
      "atr_4h": 966.3,
      "is_counter_trend": true,
      "structure_id": null,
      "structure_id_dict": null
    },
    "SHORT": {
      "direction": "SHORT",
      "F1": 4,
      "F2": 3,
      "F2_blocked": true,
      "F3": 8,
      "F4": 7,
      "F4_rr": 2.04,
      "F8": 2,
      "F8_blocked": true,
      "structural_entry": 75509.9,
      "structural_sl": 76020.0,
      "structural_tp": 74465.2,
      "sl_distance": 510.1,
      "min_sl_distance": 196.7,
      "sl_too_tight": false,
      "atr_5m": 196.7,
      "atr_15m": 422.3,
      "atr_1h": 523.0,
      "atr_4h": 966.3,
      "is_counter_trend": false,
      "structure_id": "1H_BULLISH_OB_75023_75415_at_2026-04-14T15:00",
      "structure_id_dict": {
        "tf": "1H",
        "bias_4h": "BULLISH",
        "type": "OB",
        "level1": 75023.1,
        "level2": 75415.4,
        "anchor_ts_ms": 1776178800000,
        "anchor_iso": "2026-04-14T15:00"
      }
    }
  },
  "totals": {
    "LONG": {
      "total": 25,
      "grade": "WAIT"
    },
    "SHORT": {
      "total": 44,
      "grade": "A"
    }
  },
  "risk": {
    "equity": 734.79,
    "sod_equity": 758.46,
    "daily_pnl_pct": -3.12,
    "tier": "normal",
    "grade_a_pct": 3.0,
    "grade_aplus_pct": 4.5
  }
}