{
  "time_utc0": "04:05 UTC+0",
  "session": "ASIA",
  "weekday": "Tuesday",
  "price": 74394.9,
  "sod_utc0": 74385.4,
  "daily_move_pct": 0.01,
  "daily_move_dir": "UP",
  "pre_checks": {
    "dead_zone": false,
    "saturday": false,
    "rule16_long_blocked": false,
    "rule16_short_blocked": false,
    "rule17_zone": null,
    "rule17_expires_utc0": null,
    "rule12_min_sl": 250.0,
    "bias_4h": "NEUTRAL",
    "co4h": -23.6,
    "0e_long_needs_aplus": false,
    "0e_short_needs_aplus": false,
    "0f_long_needs_aplus": false,
    "0f_short_needs_aplus": false,
    "0g_doji": false,
    "0g_doji_dir": null,
    "long_needs_aplus": false,
    "short_needs_aplus": false,
    "last_losing_setup": null,
    "last_losing_active": false,
    "last_losing_expired": false,
    "cycle_dedup_blocked_long": false,
    "cycle_dedup_blocked_short": false
  },
  "market": {
    "funding_rate_pct": 0.01,
    "oi": 3407192.0,
    "oi_delta": 3021.0,
    "atr_5m": 81.7,
    "atr_4h": 957.5
  },
  "scored_factors": {
    "F5_long": 3,
    "F5_short": 5,
    "F6": 5,
    "F6_note": "OI delta +3021 | price vs SOD +10pt \u2192 accumulation \u2192 F6=5",
    "F7_long": 5,
    "F7_short": 0,
    "F7_cum_delta": 18786.32,
    "F7_threshold": 2090.67,
    "F7_candles_used": 10,
    "F9": 1
  },
  "signal_factors": {
    "LONG": {
      "direction": "LONG",
      "F1": 0,
      "F2": 0,
      "F2_blocked": false,
      "F3": 8,
      "F4": 0,
      "F4_rr": 0.8,
      "F8": 2,
      "F8_blocked": true,
      "structural_entry": 74275.3,
      "structural_sl": 73915.5,
      "structural_tp": 74567.6,
      "sl_distance": 359.8,
      "min_sl_distance": 250.0,
      "sl_too_tight": false,
      "atr_5m": 81.7,
      "atr_15m": 189.7,
      "atr_1h": 652.4,
      "atr_4h": 957.5,
      "is_counter_trend": false,
      "structure_id": "1H_NEUTRAL_OB_71618_72107_at_2026-04-13T15:00",
      "structure_id_dict": {
        "tf": "1H",
        "bias_4h": "NEUTRAL",
        "type": "OB",
        "level1": 71618.2,
        "level2": 72107.5,
        "anchor_ts_ms": 1776092400000,
        "anchor_iso": "2026-04-13T15:00"
      }
    },
    "SHORT": {
      "direction": "SHORT",
      "F1": 4,
      "F2": 0,
      "F2_blocked": false,
      "F3": 8,
      "F4": 0,
      "F4_rr": 1.69,
      "F8": 2,
      "F8_blocked": true,
      "structural_entry": 74346.4,
      "structural_sl": 74587.6,
      "structural_tp": 73935.5,
      "sl_distance": 241.2,
      "min_sl_distance": 250.0,
      "sl_too_tight": true,
      "atr_5m": 81.7,
      "atr_15m": 189.7,
      "atr_1h": 652.4,
      "atr_4h": 957.5,
      "is_counter_trend": false,
      "structure_id": "1H_NEUTRAL_OB_71885_72374_at_2026-04-13T14:00",
      "structure_id_dict": {
        "tf": "1H",
        "bias_4h": "NEUTRAL",
        "type": "OB",
        "level1": 71885.5,
        "level2": 72374.8,
        "anchor_ts_ms": 1776088800000,
        "anchor_iso": "2026-04-13T14:00"
      }
    }
  },
  "totals": {
    "LONG": {
      "total": 24,
      "grade": "WAIT"
    },
    "SHORT": {
      "total": 25,
      "grade": "WAIT"
    }
  },
  "risk": {
    "equity": 758.46,
    "sod_equity": 758.46,
    "daily_pnl_pct": 0.0,
    "tier": "normal",
    "grade_a_pct": 3.0,
    "grade_aplus_pct": 4.5
  }
}