{
  "time_utc0": "13:50 UTC+0",
  "session": "EU",
  "weekday": "Wednesday",
  "price": 73912.8,
  "sod_utc0": 74100.0,
  "daily_move_pct": -0.25,
  "daily_move_dir": "DOWN",
  "pre_checks": {
    "dead_zone": false,
    "saturday": false,
    "rule16_long_blocked": false,
    "rule16_short_blocked": false,
    "rule17_zone": null,
    "rule17_expires_utc0": null,
    "rule12_min_sl": 141.0,
    "bias_4h": "BEARISH",
    "co4h": -253.7,
    "0e_long_needs_aplus": true,
    "0e_short_needs_aplus": false,
    "0f_long_needs_aplus": false,
    "0f_short_needs_aplus": false,
    "0g_doji": false,
    "0g_doji_dir": null,
    "long_needs_aplus": true,
    "short_needs_aplus": false,
    "last_losing_setup": null,
    "last_losing_active": false,
    "last_losing_expired": false,
    "cycle_dedup_blocked_long": false,
    "cycle_dedup_blocked_short": false
  },
  "market": {
    "funding_rate_pct": -0.00567,
    "oi": 3485504.0,
    "oi_delta": 4729.0,
    "atr_5m": 140.6,
    "atr_4h": 1061.6
  },
  "scored_factors": {
    "F5_long": 5,
    "F5_short": 5,
    "F6": 0,
    "F6_note": "OI delta +4729 | price vs SOD -187pt \u2192 diverging/liquidation \u2192 F6=0",
    "F7_long": 0,
    "F7_short": 5,
    "F7_cum_delta": -134609.27,
    "F7_threshold": 6138.51,
    "F7_candles_used": 10,
    "F9": 3
  },
  "signal_factors": {
    "LONG": {
      "direction": "LONG",
      "F1": 4,
      "F2": 0,
      "F2_blocked": false,
      "F3": 5,
      "F4": 0,
      "F4_rr": 0.68,
      "F8": 5,
      "F8_blocked": false,
      "structural_entry": 74151.1,
      "structural_sl": 73721.4,
      "structural_tp": 74444.0,
      "sl_distance": 429.7,
      "min_sl_distance": 140.6,
      "sl_too_tight": false,
      "atr_5m": 140.6,
      "atr_15m": 239.8,
      "atr_1h": 390.2,
      "atr_4h": 1061.6,
      "is_counter_trend": true,
      "structure_id": "1H_BULLISH_OB_73741_74034_at_2026-04-15T10:00",
      "structure_id_dict": {
        "tf": "1H",
        "bias_4h": "BULLISH",
        "type": "OB",
        "level1": 73741.4,
        "level2": 74034.0,
        "anchor_ts_ms": 1776247200000,
        "anchor_iso": "2026-04-15T10:00"
      }
    },
    "SHORT": {
      "direction": "SHORT",
      "F1": 6,
      "F2": 3,
      "F2_blocked": true,
      "F3": 8,
      "F4": 7,
      "F4_rr": 3.44,
      "F8": 5,
      "F8_blocked": false,
      "structural_entry": 74301.6,
      "structural_sl": 74464.0,
      "structural_tp": 73741.4,
      "sl_distance": 162.4,
      "min_sl_distance": 140.6,
      "sl_too_tight": false,
      "atr_5m": 140.6,
      "atr_15m": 239.8,
      "atr_1h": 390.2,
      "atr_4h": 1061.6,
      "is_counter_trend": false,
      "structure_id": "1H_BULLISH_OB_74456_74749_at_2026-04-15T01:00",
      "structure_id_dict": {
        "tf": "1H",
        "bias_4h": "BULLISH",
        "type": "OB",
        "level1": 74456.4,
        "level2": 74749.0,
        "anchor_ts_ms": 1776214800000,
        "anchor_iso": "2026-04-15T01:00"
      }
    }
  },
  "totals": {
    "LONG": {
      "total": 22,
      "grade": "WAIT"
    },
    "SHORT": {
      "total": 42,
      "grade": "A"
    }
  },
  "risk": {
    "equity": 734.79,
    "sod_equity": 734.79,
    "daily_pnl_pct": 0.0,
    "tier": "normal",
    "grade_a_pct": 3.0,
    "grade_aplus_pct": 4.5
  }
}