{
  "time_utc0": "01:20 UTC+0",
  "session": "ASIA",
  "weekday": "Friday",
  "price": 71974.9,
  "sod_utc0": 71759.1,
  "daily_move_pct": 0.3,
  "daily_move_dir": "UP",
  "pre_checks": {
    "dead_zone": false,
    "saturday": false,
    "rule16_long_blocked": false,
    "rule16_short_blocked": false,
    "rule17_zone": null,
    "rule17_expires_utc0": null,
    "rule12_min_sl": 250.0,
    "bias_4h": "BULLISH",
    "co4h": 215.9,
    "0e_long_needs_aplus": false,
    "0e_short_needs_aplus": true,
    "0f_long_needs_aplus": false,
    "0f_short_needs_aplus": false,
    "0g_doji": false,
    "0g_doji_dir": null,
    "long_needs_aplus": false,
    "short_needs_aplus": true,
    "last_losing_setup": null,
    "last_losing_active": false,
    "last_losing_expired": false,
    "cycle_dedup_blocked_long": false,
    "cycle_dedup_blocked_short": false
  },
  "market": {
    "funding_rate_pct": 0.00386,
    "oi": 3270021.0,
    "oi_delta": 3295.0,
    "atr_5m": 160.2,
    "atr_4h": 1221.8
  },
  "scored_factors": {
    "F5_long": 5,
    "F5_short": 3,
    "F6": 5,
    "F6_note": "OI delta +3295 | price vs SOD +216pt \u2192 accumulation \u2192 F6=5",
    "F7_long": 5,
    "F7_short": 0,
    "F7_cum_delta": 50235.9,
    "F7_threshold": 3624.6,
    "F7_candles_used": 10,
    "F9": 1
  },
  "signal_factors": {
    "LONG": {
      "direction": "LONG",
      "F1": 6,
      "F2": 0,
      "F2_blocked": false,
      "F3": 8,
      "F4": 0,
      "F4_rr": 1.08,
      "F8": 2,
      "F8_blocked": true,
      "structural_entry": 72302.3,
      "structural_sl": 71521.9,
      "structural_tp": 73146.1,
      "sl_distance": 780.4,
      "min_sl_distance": 250.0,
      "sl_too_tight": false,
      "atr_5m": 160.2,
      "atr_15m": 301.3,
      "atr_1h": 649.7,
      "atr_4h": 1221.8,
      "is_counter_trend": false,
      "structure_id": "1H_BEARISH_OB_71666_72154_at_2026-04-09T16:00",
      "structure_id_dict": {
        "tf": "1H",
        "bias_4h": "BEARISH",
        "type": "OB",
        "level1": 71666.7,
        "level2": 72154.0,
        "anchor_ts_ms": 1775750400000,
        "anchor_iso": "2026-04-09T16:00"
      }
    },
    "SHORT": {
      "direction": "SHORT",
      "F1": 0,
      "F2": 0,
      "F2_blocked": false,
      "F3": 5,
      "F4": 7,
      "F4_rr": 11.2,
      "F8": 2,
      "F8_blocked": true,
      "structural_entry": 73033.1,
      "structural_sl": 73166.1,
      "structural_tp": 71541.9,
      "sl_distance": 133.0,
      "min_sl_distance": 250.0,
      "sl_too_tight": true,
      "atr_5m": 160.2,
      "atr_15m": 301.3,
      "atr_1h": 649.7,
      "atr_4h": 1221.8,
      "is_counter_trend": true,
      "structure_id": "1H_BEARISH_OB_72037_72518_at_2026-04-09T17:00",
      "structure_id_dict": {
        "tf": "1H",
        "bias_4h": "BEARISH",
        "type": "OB",
        "level1": 72037.2,
        "level2": 72518.3,
        "anchor_ts_ms": 1775754000000,
        "anchor_iso": "2026-04-09T17:00"
      }
    }
  },
  "totals": {
    "LONG": {
      "total": 32,
      "grade": "WAIT"
    },
    "SHORT": {
      "total": 23,
      "grade": "WAIT"
    }
  },
  "risk": {
    "equity": 787.74,
    "sod_equity": 787.74,
    "daily_pnl_pct": 0.0,
    "tier": "normal",
    "grade_a_pct": 3.0,
    "grade_aplus_pct": 4.5
  }
}