{
  "time_utc0": "08:40 UTC+0",
  "session": "EU",
  "weekday": "Wednesday",
  "price": 74065.0,
  "sod_utc0": 74100.0,
  "daily_move_pct": -0.05,
  "daily_move_dir": "DOWN",
  "pre_checks": {
    "dead_zone": false,
    "saturday": false,
    "rule16_long_blocked": false,
    "rule16_short_blocked": false,
    "rule17_zone": null,
    "rule17_expires_utc0": null,
    "rule12_min_sl": 106.0,
    "bias_4h": "BULLISH",
    "co4h": 358.2,
    "0e_long_needs_aplus": false,
    "0e_short_needs_aplus": true,
    "0f_long_needs_aplus": false,
    "0f_short_needs_aplus": false,
    "0g_doji": false,
    "0g_doji_dir": null,
    "long_needs_aplus": false,
    "short_needs_aplus": true,
    "last_losing_setup": null,
    "last_losing_active": false,
    "last_losing_expired": false,
    "cycle_dedup_blocked_long": false,
    "cycle_dedup_blocked_short": false
  },
  "market": {
    "funding_rate_pct": -0.00025,
    "oi": 3471158.0,
    "oi_delta": -2682.0,
    "atr_5m": 105.8,
    "atr_4h": 1068.3
  },
  "scored_factors": {
    "F5_long": 5,
    "F5_short": 5,
    "F6": 5,
    "F6_note": "OI delta -2682 | price vs SOD -35pt \u2192 accumulation \u2192 F6=5",
    "F7_long": 5,
    "F7_short": 0,
    "F7_cum_delta": 131156.84,
    "F7_threshold": 4654.62,
    "F7_candles_used": 10,
    "F9": 3
  },
  "signal_factors": {
    "LONG": {
      "direction": "LONG",
      "F1": 3,
      "F2": 0,
      "F2_blocked": false,
      "F3": 8,
      "F4": 10,
      "F4_rr": 4.39,
      "F8": 5,
      "F8_blocked": false,
      "structural_entry": 73604.4,
      "structural_sl": 73423.0,
      "structural_tp": 74400.0,
      "sl_distance": 181.4,
      "min_sl_distance": 105.8,
      "sl_too_tight": false,
      "atr_5m": 105.8,
      "atr_15m": 190.0,
      "atr_1h": 444.3,
      "atr_4h": 1068.3,
      "is_counter_trend": false,
      "structure_id": "1H_BEARISH_OB_73743_74077_at_2026-04-14T22:00",
      "structure_id_dict": {
        "tf": "1H",
        "bias_4h": "BEARISH",
        "type": "OB",
        "level1": 73743.9,
        "level2": 74077.1,
        "anchor_ts_ms": 1776204000000,
        "anchor_iso": "2026-04-14T22:00"
      }
    },
    "SHORT": {
      "direction": "SHORT",
      "F1": 0,
      "F2": 7,
      "F2_blocked": false,
      "F3": 5,
      "F4": 0,
      "F4_rr": 0.93,
      "F8": 5,
      "F8_blocked": false,
      "structural_entry": 73914.7,
      "structural_sl": 74420.0,
      "structural_tp": 73443.0,
      "sl_distance": 505.3,
      "min_sl_distance": 105.8,
      "sl_too_tight": false,
      "atr_5m": 105.8,
      "atr_15m": 190.0,
      "atr_1h": 444.3,
      "atr_4h": 1068.3,
      "is_counter_trend": true,
      "structure_id": "1H_BEARISH_OB_74444_74749_at_2026-04-15T01:00",
      "structure_id_dict": {
        "tf": "1H",
        "bias_4h": "BEARISH",
        "type": "OB",
        "level1": 74444.6,
        "level2": 74749.0,
        "anchor_ts_ms": 1776214800000,
        "anchor_iso": "2026-04-15T01:00"
      }
    }
  },
  "totals": {
    "LONG": {
      "total": 44,
      "grade": "A"
    },
    "SHORT": {
      "total": 30,
      "grade": "WAIT"
    }
  },
  "risk": {
    "equity": 734.79,
    "sod_equity": 734.79,
    "daily_pnl_pct": 0.0,
    "tier": "normal",
    "grade_a_pct": 3.0,
    "grade_aplus_pct": 4.5
  }
}