{
  "time_utc0": "19:40 UTC+0",
  "session": "US",
  "weekday": "Tuesday",
  "price": 74114.5,
  "sod_utc0": 74385.4,
  "daily_move_pct": -0.36,
  "daily_move_dir": "DOWN",
  "pre_checks": {
    "dead_zone": false,
    "saturday": false,
    "rule16_long_blocked": false,
    "rule16_short_blocked": false,
    "rule17_zone": null,
    "rule17_expires_utc0": null,
    "rule12_min_sl": 222.0,
    "bias_4h": "BEARISH",
    "co4h": -1165.8,
    "0e_long_needs_aplus": true,
    "0e_short_needs_aplus": false,
    "0f_long_needs_aplus": false,
    "0f_short_needs_aplus": false,
    "0g_doji": false,
    "0g_doji_dir": null,
    "long_needs_aplus": true,
    "short_needs_aplus": false,
    "last_losing_setup": null,
    "last_losing_active": false,
    "last_losing_expired": false,
    "cycle_dedup_blocked_long": false,
    "cycle_dedup_blocked_short": false
  },
  "market": {
    "funding_rate_pct": -0.01348,
    "oi": 3548833.0,
    "oi_delta": 2762.0,
    "atr_5m": 222.2,
    "atr_4h": 966.3
  },
  "scored_factors": {
    "F5_long": 5,
    "F5_short": 3,
    "F6": 0,
    "F6_note": "OI delta +2762 | price vs SOD -271pt \u2192 diverging/liquidation \u2192 F6=0",
    "F7_long": 5,
    "F7_short": 0,
    "F7_cum_delta": 118941.56,
    "F7_threshold": 5848.67,
    "F7_candles_used": 10,
    "F9": 5
  },
  "signal_factors": {
    "LONG": {
      "direction": "LONG",
      "F1": 8,
      "F2": 0,
      "F2_blocked": false,
      "F3": 5,
      "F4": 7,
      "F4_rr": 10.88,
      "F8": 0,
      "F8_blocked": false,
      "structural_entry": 73917.4,
      "structural_sl": 73757.0,
      "structural_tp": 75668.3,
      "sl_distance": 160.4,
      "min_sl_distance": 222.2,
      "sl_too_tight": true,
      "atr_5m": 222.2,
      "atr_15m": 374.4,
      "atr_1h": 615.4,
      "atr_4h": 966.3,
      "is_counter_trend": true,
      "structure_id": null,
      "structure_id_dict": null
    },
    "SHORT": {
      "direction": "SHORT",
      "F1": 0,
      "F2": 7,
      "F2_blocked": false,
      "F3": 8,
      "F4": 7,
      "F4_rr": 10.88,
      "F8": 0,
      "F8_blocked": false,
      "structural_entry": 75527.9,
      "structural_sl": 75688.3,
      "structural_tp": 73777.0,
      "sl_distance": 160.4,
      "min_sl_distance": 222.2,
      "sl_too_tight": true,
      "atr_5m": 222.2,
      "atr_15m": 374.4,
      "atr_1h": 615.4,
      "atr_4h": 966.3,
      "is_counter_trend": false,
      "structure_id": "1H_BULLISH_OB_74458_74919_at_2026-04-14T17:00",
      "structure_id_dict": {
        "tf": "1H",
        "bias_4h": "BULLISH",
        "type": "OB",
        "level1": 74458.1,
        "level2": 74919.7,
        "anchor_ts_ms": 1776186000000,
        "anchor_iso": "2026-04-14T17:00"
      }
    }
  },
  "totals": {
    "LONG": {
      "total": 35,
      "grade": "WAIT"
    },
    "SHORT": {
      "total": 30,
      "grade": "WAIT"
    }
  },
  "risk": {
    "equity": 734.79,
    "sod_equity": 758.46,
    "daily_pnl_pct": -3.12,
    "tier": "normal",
    "grade_a_pct": 3.0,
    "grade_aplus_pct": 4.5
  }
}