{
  "time_utc0": "07:05 UTC+0",
  "session": "EU",
  "weekday": "Thursday",
  "price": 71015.3,
  "sod_utc0": 71041.8,
  "daily_move_pct": -0.04,
  "daily_move_dir": "DOWN",
  "pre_checks": {
    "dead_zone": false,
    "saturday": false,
    "rule16_long_blocked": false,
    "rule16_short_blocked": false,
    "rule17_zone": null,
    "rule17_expires_utc0": null,
    "rule12_min_sl": 100.0,
    "bias_4h": "NEUTRAL",
    "co4h": 49.6,
    "0e_long_needs_aplus": false,
    "0e_short_needs_aplus": false,
    "0f_long_needs_aplus": false,
    "0f_short_needs_aplus": false,
    "0g_doji": false,
    "0g_doji_dir": null,
    "long_needs_aplus": false,
    "short_needs_aplus": false,
    "last_losing_setup": null,
    "last_losing_active": false,
    "last_losing_expired": false,
    "cycle_dedup_blocked_long": false,
    "cycle_dedup_blocked_short": false
  },
  "market": {
    "funding_rate_pct": 0.00439,
    "oi": 3331839.0,
    "oi_delta": 422.0,
    "atr_5m": 72.7,
    "atr_4h": 1208.6
  },
  "scored_factors": {
    "F5_long": 5,
    "F5_short": 3,
    "F6": 3,
    "F6_note": "OI delta +422 | price vs SOD -26pt \u2192 flat \u2192 F6=3",
    "F7_long": 2,
    "F7_short": 2,
    "F7_cum_delta": 703.65,
    "F7_threshold": 2145.25,
    "F7_candles_used": 10,
    "F9": 3
  },
  "signal_factors": {
    "LONG": {
      "direction": "LONG",
      "F1": 4,
      "F2": 3,
      "F2_blocked": true,
      "F3": 8,
      "F4": 7,
      "F4_rr": 4.51,
      "F8": 0,
      "F8_blocked": false,
      "structural_entry": 70736.5,
      "structural_sl": 70640.7,
      "structural_tp": 71170.0,
      "sl_distance": 95.8,
      "min_sl_distance": 100.0,
      "sl_too_tight": true,
      "atr_5m": 72.7,
      "atr_15m": 150.7,
      "atr_1h": 414.7,
      "atr_4h": 1208.6,
      "is_counter_trend": false,
      "structure_id": null,
      "structure_id_dict": null
    },
    "SHORT": {
      "direction": "SHORT",
      "F1": 4,
      "F2": 0,
      "F2_blocked": false,
      "F3": 8,
      "F4": 0,
      "F4_rr": 1.99,
      "F8": 0,
      "F8_blocked": false,
      "structural_entry": 71013.4,
      "structural_sl": 71190.0,
      "structural_tp": 70660.7,
      "sl_distance": 176.6,
      "min_sl_distance": 100.0,
      "sl_too_tight": false,
      "atr_5m": 72.7,
      "atr_15m": 150.7,
      "atr_1h": 414.7,
      "atr_4h": 1208.6,
      "is_counter_trend": false,
      "structure_id": "1H_NEUTRAL_OB_70868_71179_at_2026-04-08T23:00",
      "structure_id_dict": {
        "tf": "1H",
        "bias_4h": "NEUTRAL",
        "type": "OB",
        "level1": 70868.0,
        "level2": 71179.0,
        "anchor_ts_ms": 1775689200000,
        "anchor_iso": "2026-04-08T23:00"
      }
    }
  },
  "totals": {
    "LONG": {
      "total": 35,
      "grade": "WAIT"
    },
    "SHORT": {
      "total": 23,
      "grade": "WAIT"
    }
  },
  "risk": {
    "equity": 787.74,
    "sod_equity": 787.74,
    "daily_pnl_pct": 0.0,
    "tier": "normal",
    "grade_a_pct": 3.0,
    "grade_aplus_pct": 4.5
  }
}