{
  "time_utc0": "19:50 UTC+0",
  "session": "US",
  "weekday": "Saturday",
  "price": 73626.0,
  "sod_utc0": 72925.7,
  "daily_move_pct": 0.96,
  "daily_move_dir": "UP",
  "pre_checks": {
    "dead_zone": false,
    "saturday": true,
    "rule16_long_blocked": false,
    "rule16_short_blocked": false,
    "rule17_zone": null,
    "rule17_expires_utc0": null,
    "rule12_min_sl": 168.0,
    "bias_4h": "BULLISH",
    "co4h": 799.5,
    "0e_long_needs_aplus": false,
    "0e_short_needs_aplus": true,
    "0f_long_needs_aplus": false,
    "0f_short_needs_aplus": false,
    "0g_doji": false,
    "0g_doji_dir": null,
    "long_needs_aplus": false,
    "short_needs_aplus": true,
    "last_losing_setup": null,
    "last_losing_active": false,
    "last_losing_expired": false,
    "cycle_dedup_blocked_long": false,
    "cycle_dedup_blocked_short": false
  },
  "market": {
    "funding_rate_pct": 0.00507,
    "oi": 3404858.0,
    "oi_delta": -773.0,
    "atr_5m": 168.5,
    "atr_4h": 870.0
  },
  "scored_factors": {
    "F5_long": 5,
    "F5_short": 5,
    "F6": 3,
    "F6_note": "OI delta -773 | price vs SOD +700pt \u2192 flat \u2192 F6=3",
    "F7_long": 5,
    "F7_short": 0,
    "F7_cum_delta": 56035.65,
    "F7_threshold": 4396.81,
    "F7_candles_used": 10,
    "F9": 5
  },
  "signal_factors": {
    "LONG": {
      "direction": "LONG",
      "F1": 0,
      "F2": 7,
      "F2_blocked": false,
      "F3": 8,
      "F4": 7,
      "F4_rr": 47.17,
      "F8": 0,
      "F8_blocked": false,
      "structural_entry": 72863.2,
      "structural_sl": 72883.0,
      "structural_tp": 73799.1,
      "sl_distance": 19.8,
      "min_sl_distance": 168.5,
      "sl_too_tight": true,
      "atr_5m": 168.5,
      "atr_15m": 203.7,
      "atr_1h": 260.9,
      "atr_4h": 870.0,
      "is_counter_trend": false,
      "structure_id": "1H_NEUTRAL_OB_72601_72779_at_2026-04-11T08:00",
      "structure_id_dict": {
        "tf": "1H",
        "bias_4h": "NEUTRAL",
        "type": "OB",
        "level1": 72601.0,
        "level2": 72779.9,
        "anchor_ts_ms": 1775894400000,
        "anchor_iso": "2026-04-11T08:00"
      }
    },
    "SHORT": {
      "direction": "SHORT",
      "F1": 3,
      "F2": 0,
      "F2_blocked": false,
      "F3": 5,
      "F4": 7,
      "F4_rr": 8.48,
      "F8": 0,
      "F8_blocked": false,
      "structural_entry": 73722.7,
      "structural_sl": 73819.1,
      "structural_tp": 72903.0,
      "sl_distance": 96.4,
      "min_sl_distance": 168.5,
      "sl_too_tight": true,
      "atr_5m": 168.5,
      "atr_15m": 203.7,
      "atr_1h": 260.9,
      "atr_4h": 870.0,
      "is_counter_trend": true,
      "structure_id": "1H_NEUTRAL_OB_72787_72956_at_2026-04-11T12:00",
      "structure_id_dict": {
        "tf": "1H",
        "bias_4h": "NEUTRAL",
        "type": "OB",
        "level1": 72787.0,
        "level2": 72956.5,
        "anchor_ts_ms": 1775908800000,
        "anchor_iso": "2026-04-11T12:00"
      }
    }
  },
  "totals": {
    "LONG": {
      "total": 40,
      "grade": "A"
    },
    "SHORT": {
      "total": 28,
      "grade": "WAIT"
    }
  },
  "risk": {
    "equity": 758.46,
    "sod_equity": 758.46,
    "daily_pnl_pct": 0.0,
    "tier": "normal",
    "grade_a_pct": 3.0,
    "grade_aplus_pct": 4.5
  }
}