{
  "time_utc0": "01:40 UTC+0",
  "session": "ASIA",
  "weekday": "Sunday",
  "price": 72205.9,
  "sod_utc0": 73014.7,
  "daily_move_pct": -1.11,
  "daily_move_dir": "DOWN",
  "pre_checks": {
    "dead_zone": false,
    "saturday": false,
    "rule16_long_blocked": false,
    "rule16_short_blocked": false,
    "rule17_zone": null,
    "rule17_expires_utc0": null,
    "rule12_min_sl": 250.0,
    "bias_4h": "BEARISH",
    "co4h": -808.7,
    "0e_long_needs_aplus": true,
    "0e_short_needs_aplus": false,
    "0f_long_needs_aplus": false,
    "0f_short_needs_aplus": false,
    "0g_doji": false,
    "0g_doji_dir": null,
    "long_needs_aplus": true,
    "short_needs_aplus": false,
    "last_losing_setup": null,
    "last_losing_active": false,
    "last_losing_expired": false,
    "cycle_dedup_blocked_long": false,
    "cycle_dedup_blocked_short": false
  },
  "market": {
    "funding_rate_pct": 0.00441,
    "oi": 3374338.0,
    "oi_delta": -39780.0,
    "atr_5m": 94.6,
    "atr_4h": 817.9
  },
  "scored_factors": {
    "F5_long": 5,
    "F5_short": 5,
    "F6": 5,
    "F6_note": "OI delta -39780 | price vs SOD -809pt \u2192 accumulation \u2192 F6=5",
    "F7_long": 0,
    "F7_short": 5,
    "F7_cum_delta": -79680.73,
    "F7_threshold": 2791.73,
    "F7_candles_used": 10,
    "F9": 1
  },
  "signal_factors": {
    "LONG": {
      "direction": "LONG",
      "F1": 3,
      "F2": 0,
      "F2_blocked": false,
      "F3": 5,
      "F4": 7,
      "F4_rr": 7.55,
      "F8": 0,
      "F8_blocked": false,
      "structural_entry": 72890.1,
      "structural_sl": 72803.4,
      "structural_tp": 73546.3,
      "sl_distance": 86.7,
      "min_sl_distance": 250.0,
      "sl_too_tight": true,
      "atr_5m": 94.6,
      "atr_15m": 177.8,
      "atr_1h": 340.4,
      "atr_4h": 817.9,
      "is_counter_trend": true,
      "structure_id": null,
      "structure_id_dict": null
    },
    "SHORT": {
      "direction": "SHORT",
      "F1": 0,
      "F2": 3,
      "F2_blocked": true,
      "F3": 8,
      "F4": 0,
      "F4_rr": 1.72,
      "F8": 0,
      "F8_blocked": false,
      "structural_entry": 73293.3,
      "structural_sl": 73566.3,
      "structural_tp": 72823.4,
      "sl_distance": 273.0,
      "min_sl_distance": 250.0,
      "sl_too_tight": false,
      "atr_5m": 94.6,
      "atr_15m": 177.8,
      "atr_1h": 340.4,
      "atr_4h": 817.9,
      "is_counter_trend": false,
      "structure_id": "1H_BEARISH_OB_73543_73799_at_2026-04-11T19:00",
      "structure_id_dict": {
        "tf": "1H",
        "bias_4h": "BEARISH",
        "type": "OB",
        "level1": 73543.8,
        "level2": 73799.1,
        "anchor_ts_ms": 1775934000000,
        "anchor_iso": "2026-04-11T19:00"
      }
    }
  },
  "totals": {
    "LONG": {
      "total": 26,
      "grade": "WAIT"
    },
    "SHORT": {
      "total": 27,
      "grade": "WAIT"
    }
  },
  "risk": {
    "equity": 758.46,
    "sod_equity": 758.46,
    "daily_pnl_pct": 0.0,
    "tier": "normal",
    "grade_a_pct": 3.0,
    "grade_aplus_pct": 4.5
  }
}