{
  "time_utc0": "19:05 UTC+0",
  "session": "US",
  "weekday": "Thursday",
  "price": 71897.8,
  "sod_utc0": 71041.8,
  "daily_move_pct": 1.2,
  "daily_move_dir": "UP",
  "pre_checks": {
    "dead_zone": false,
    "saturday": false,
    "rule16_long_blocked": false,
    "rule16_short_blocked": false,
    "rule17_zone": null,
    "rule17_expires_utc0": null,
    "rule12_min_sl": 160.0,
    "bias_4h": "BEARISH",
    "co4h": -215.7,
    "0e_long_needs_aplus": true,
    "0e_short_needs_aplus": false,
    "0f_long_needs_aplus": false,
    "0f_short_needs_aplus": false,
    "0g_doji": false,
    "0g_doji_dir": null,
    "long_needs_aplus": true,
    "short_needs_aplus": false,
    "last_losing_setup": null,
    "last_losing_active": false,
    "last_losing_expired": false,
    "cycle_dedup_blocked_long": false,
    "cycle_dedup_blocked_short": false
  },
  "market": {
    "funding_rate_pct": 0.006,
    "oi": 3418075.0,
    "oi_delta": -4100.0,
    "atr_5m": 159.9,
    "atr_4h": 1199.6
  },
  "scored_factors": {
    "F5_long": 5,
    "F5_short": 3,
    "F6": 0,
    "F6_note": "OI delta -4100 | price vs SOD +856pt \u2192 diverging/liquidation \u2192 F6=0",
    "F7_long": 0,
    "F7_short": 5,
    "F7_cum_delta": -9079.07,
    "F7_threshold": 3501.24,
    "F7_candles_used": 10,
    "F9": 5
  },
  "signal_factors": {
    "LONG": {
      "direction": "LONG",
      "F1": 4,
      "F2": 7,
      "F2_blocked": false,
      "F3": 5,
      "F4": 7,
      "F4_rr": 2.68,
      "F8": 2,
      "F8_blocked": true,
      "structural_entry": 71883.1,
      "structural_sl": 71646.7,
      "structural_tp": 72518.3,
      "sl_distance": 236.4,
      "min_sl_distance": 159.9,
      "sl_too_tight": false,
      "atr_5m": 159.9,
      "atr_15m": 376.7,
      "atr_1h": 531.4,
      "atr_4h": 1199.6,
      "is_counter_trend": true,
      "structure_id": "1H_BULLISH_OB_71666_72065_at_2026-04-09T16:00",
      "structure_id_dict": {
        "tf": "1H",
        "bias_4h": "BULLISH",
        "type": "OB",
        "level1": 71666.7,
        "level2": 72065.2,
        "anchor_ts_ms": 1775750400000,
        "anchor_iso": "2026-04-09T16:00"
      }
    },
    "SHORT": {
      "direction": "SHORT",
      "F1": 6,
      "F2": 0,
      "F2_blocked": false,
      "F3": 8,
      "F4": 0,
      "F4_rr": 1.9,
      "F8": 2,
      "F8_blocked": true,
      "structural_entry": 72238.0,
      "structural_sl": 72538.3,
      "structural_tp": 71666.7,
      "sl_distance": 300.3,
      "min_sl_distance": 159.9,
      "sl_too_tight": false,
      "atr_5m": 159.9,
      "atr_15m": 376.7,
      "atr_1h": 531.4,
      "atr_4h": 1199.6,
      "is_counter_trend": false,
      "structure_id": "1H_BULLISH_OB_72119_72518_at_2026-04-09T17:00",
      "structure_id_dict": {
        "tf": "1H",
        "bias_4h": "BULLISH",
        "type": "OB",
        "level1": 72119.8,
        "level2": 72518.3,
        "anchor_ts_ms": 1775754000000,
        "anchor_iso": "2026-04-09T17:00"
      }
    }
  },
  "totals": {
    "LONG": {
      "total": 35,
      "grade": "WAIT"
    },
    "SHORT": {
      "total": 29,
      "grade": "WAIT"
    }
  },
  "risk": {
    "equity": 787.74,
    "sod_equity": 787.74,
    "daily_pnl_pct": 0.0,
    "tier": "normal",
    "grade_a_pct": 3.0,
    "grade_aplus_pct": 4.5
  }
}