{
  "time_utc0": "02:10 UTC+0",
  "session": "ASIA",
  "weekday": "Sunday",
  "price": 71574.8,
  "sod_utc0": 73014.7,
  "daily_move_pct": -1.97,
  "daily_move_dir": "DOWN",
  "pre_checks": {
    "dead_zone": false,
    "saturday": false,
    "rule16_long_blocked": false,
    "rule16_short_blocked": false,
    "rule17_zone": null,
    "rule17_expires_utc0": null,
    "rule12_min_sl": 384.0,
    "bias_4h": "BEARISH",
    "co4h": -1434.8,
    "0e_long_needs_aplus": true,
    "0e_short_needs_aplus": false,
    "0f_long_needs_aplus": false,
    "0f_short_needs_aplus": false,
    "0g_doji": false,
    "0g_doji_dir": null,
    "long_needs_aplus": true,
    "short_needs_aplus": false,
    "last_losing_setup": null,
    "last_losing_active": false,
    "last_losing_expired": false,
    "cycle_dedup_blocked_long": false,
    "cycle_dedup_blocked_short": false
  },
  "market": {
    "funding_rate_pct": 0.00315,
    "oi": 3294231.0,
    "oi_delta": -1112.0,
    "atr_5m": 256.2,
    "atr_4h": 817.9
  },
  "scored_factors": {
    "F5_long": 5,
    "F5_short": 5,
    "F6": 5,
    "F6_note": "OI delta -1112 | price vs SOD -1440pt \u2192 accumulation \u2192 F6=5",
    "F7_long": 0,
    "F7_short": 5,
    "F7_cum_delta": -646615.23,
    "F7_threshold": 19449.2,
    "F7_candles_used": 10,
    "F9": 1
  },
  "signal_factors": {
    "LONG": {
      "direction": "LONG",
      "F1": 3,
      "F2": 0,
      "F2_blocked": false,
      "F3": 5,
      "F4": 7,
      "F4_rr": 3.4,
      "F8": 0,
      "F8_blocked": false,
      "structural_entry": 72972.0,
      "structural_sl": 72803.4,
      "structural_tp": 73546.3,
      "sl_distance": 168.6,
      "min_sl_distance": 384.4,
      "sl_too_tight": true,
      "atr_5m": 256.2,
      "atr_15m": 288.0,
      "atr_1h": 463.8,
      "atr_4h": 817.9,
      "is_counter_trend": true,
      "structure_id": null,
      "structure_id_dict": null
    },
    "SHORT": {
      "direction": "SHORT",
      "F1": 4,
      "F2": 7,
      "F2_blocked": false,
      "F3": 8,
      "F4": 0,
      "F4_rr": 1.69,
      "F8": 0,
      "F8_blocked": false,
      "structural_entry": 73290.6,
      "structural_sl": 73566.3,
      "structural_tp": 72823.4,
      "sl_distance": 275.7,
      "min_sl_distance": 384.4,
      "sl_too_tight": true,
      "atr_5m": 256.2,
      "atr_15m": 288.0,
      "atr_1h": 463.8,
      "atr_4h": 817.9,
      "is_counter_trend": false,
      "structure_id": "1H_BEARISH_OB_72823_73088_at_2026-04-12T00:00",
      "structure_id_dict": {
        "tf": "1H",
        "bias_4h": "BEARISH",
        "type": "OB",
        "level1": 72823.4,
        "level2": 73088.0,
        "anchor_ts_ms": 1775952000000,
        "anchor_iso": "2026-04-12T00:00"
      }
    }
  },
  "totals": {
    "LONG": {
      "total": 26,
      "grade": "WAIT"
    },
    "SHORT": {
      "total": 35,
      "grade": "WAIT"
    }
  },
  "risk": {
    "equity": 758.46,
    "sod_equity": 758.46,
    "daily_pnl_pct": 0.0,
    "tier": "normal",
    "grade_a_pct": 3.0,
    "grade_aplus_pct": 4.5
  }
}