{
  "time_utc0": "12:30 UTC+0",
  "session": "EU",
  "weekday": "Thursday",
  "price": 71252.0,
  "sod_utc0": 71041.8,
  "daily_move_pct": 0.3,
  "daily_move_dir": "UP",
  "pre_checks": {
    "dead_zone": false,
    "saturday": false,
    "rule16_long_blocked": false,
    "rule16_short_blocked": false,
    "rule17_zone": null,
    "rule17_expires_utc0": null,
    "rule12_min_sl": 100.0,
    "bias_4h": "BULLISH",
    "co4h": 118.9,
    "0e_long_needs_aplus": false,
    "0e_short_needs_aplus": true,
    "0f_long_needs_aplus": false,
    "0f_short_needs_aplus": false,
    "0g_doji": false,
    "0g_doji_dir": null,
    "long_needs_aplus": false,
    "short_needs_aplus": true,
    "last_losing_setup": null,
    "last_losing_active": false,
    "last_losing_expired": false,
    "cycle_dedup_blocked_long": false,
    "cycle_dedup_blocked_short": false
  },
  "market": {
    "funding_rate_pct": 0.00747,
    "oi": 3360893.0,
    "oi_delta": -3333.0,
    "atr_5m": 81.7,
    "atr_4h": 1108.3
  },
  "scored_factors": {
    "F5_long": 5,
    "F5_short": 3,
    "F6": 0,
    "F6_note": "OI delta -3333 | price vs SOD +210pt \u2192 diverging/liquidation \u2192 F6=0",
    "F7_long": 0,
    "F7_short": 5,
    "F7_cum_delta": -16147.22,
    "F7_threshold": 2260.86,
    "F7_candles_used": 10,
    "F9": 3
  },
  "signal_factors": {
    "LONG": {
      "direction": "LONG",
      "F1": 4,
      "F2": 0,
      "F2_blocked": false,
      "F3": 8,
      "F4": 0,
      "F4_rr": 0.74,
      "F8": 0,
      "F8_blocked": false,
      "structural_entry": 71233.4,
      "structural_sl": 70811.5,
      "structural_tp": 71548.0,
      "sl_distance": 421.9,
      "min_sl_distance": 100.0,
      "sl_too_tight": false,
      "atr_5m": 81.7,
      "atr_15m": 179.9,
      "atr_1h": 375.1,
      "atr_4h": 1108.3,
      "is_counter_trend": false,
      "structure_id": "1H_BULLISH_OB_70921_71086_at_2026-04-09T07:00",
      "structure_id_dict": {
        "tf": "1H",
        "bias_4h": "BULLISH",
        "type": "OB",
        "level1": 70921.2,
        "level2": 71086.2,
        "anchor_ts_ms": 1775718000000,
        "anchor_iso": "2026-04-09T07:00"
      }
    },
    "SHORT": {
      "direction": "SHORT",
      "F1": 8,
      "F2": 3,
      "F2_blocked": true,
      "F3": 5,
      "F4": 7,
      "F4_rr": 2.58,
      "F8": 0,
      "F8_blocked": false,
      "structural_entry": 71363.3,
      "structural_sl": 71568.0,
      "structural_tp": 70831.5,
      "sl_distance": 204.7,
      "min_sl_distance": 100.0,
      "sl_too_tight": false,
      "atr_5m": 81.7,
      "atr_15m": 179.9,
      "atr_1h": 375.1,
      "atr_4h": 1108.3,
      "is_counter_trend": true,
      "structure_id": "1H_BULLISH_OB_71266_71548_at_2026-04-09T09:00",
      "structure_id_dict": {
        "tf": "1H",
        "bias_4h": "BULLISH",
        "type": "OB",
        "level1": 71266.7,
        "level2": 71548.0,
        "anchor_ts_ms": 1775725200000,
        "anchor_iso": "2026-04-09T09:00"
      }
    }
  },
  "totals": {
    "LONG": {
      "total": 20,
      "grade": "WAIT"
    },
    "SHORT": {
      "total": 34,
      "grade": "WAIT"
    }
  },
  "risk": {
    "equity": 787.74,
    "sod_equity": 787.74,
    "daily_pnl_pct": 0.0,
    "tier": "normal",
    "grade_a_pct": 3.0,
    "grade_aplus_pct": 4.5
  }
}