{
  "time_utc0": "18:40 UTC+0",
  "session": "US",
  "weekday": "Wednesday",
  "price": 71445.4,
  "sod_utc0": 71904.7,
  "daily_move_pct": -0.64,
  "daily_move_dir": "DOWN",
  "pre_checks": {
    "dead_zone": false,
    "saturday": false,
    "rule16_long_blocked": false,
    "rule16_short_blocked": false,
    "rule17_zone": null,
    "rule17_expires_utc0": null,
    "rule12_min_sl": 150.0,
    "bias_4h": "BULLISH",
    "co4h": 184.8,
    "0e_long_needs_aplus": false,
    "0e_short_needs_aplus": true,
    "0f_long_needs_aplus": false,
    "0f_short_needs_aplus": false,
    "0g_doji": false,
    "0g_doji_dir": null,
    "long_needs_aplus": false,
    "short_needs_aplus": true,
    "last_losing_setup": null,
    "last_losing_active": false,
    "last_losing_expired": false,
    "cycle_dedup_blocked_long": false,
    "cycle_dedup_blocked_short": false
  },
  "market": {
    "funding_rate_pct": 0.00247,
    "oi": 3330678.0,
    "oi_delta": 4351.0,
    "atr_5m": 150.0,
    "atr_4h": 1250.6
  },
  "scored_factors": {
    "F5_long": 5,
    "F5_short": 3,
    "F6": 0,
    "F6_note": "OI delta +4351 | price vs SOD -459pt \u2192 diverging/liquidation \u2192 F6=0",
    "F7_long": 0,
    "F7_short": 5,
    "F7_cum_delta": -115838.15,
    "F7_threshold": 5353.9,
    "F7_candles_used": 10,
    "F9": 5
  },
  "signal_factors": {
    "LONG": {
      "direction": "LONG",
      "F1": 0,
      "F2": 0,
      "F2_blocked": false,
      "F3": 8,
      "F4": 0,
      "F4_rr": 0.44,
      "F8": 2,
      "F8_blocked": true,
      "structural_entry": 71535.4,
      "structural_sl": 70650.0,
      "structural_tp": 71929.9,
      "sl_distance": 885.4,
      "min_sl_distance": 150.0,
      "sl_too_tight": false,
      "atr_5m": 150.0,
      "atr_15m": 251.9,
      "atr_1h": 513.4,
      "atr_4h": 1250.6,
      "is_counter_trend": false,
      "structure_id": "1H_BEARISH_OB_70670_71055_at_2026-04-08T14:00",
      "structure_id_dict": {
        "tf": "1H",
        "bias_4h": "BEARISH",
        "type": "OB",
        "level1": 70670.0,
        "level2": 71055.0,
        "anchor_ts_ms": 1775656800000,
        "anchor_iso": "2026-04-08T14:00"
      }
    },
    "SHORT": {
      "direction": "SHORT",
      "F1": 4,
      "F2": 0,
      "F2_blocked": false,
      "F3": 5,
      "F4": 7,
      "F4_rr": 10.51,
      "F8": 2,
      "F8_blocked": true,
      "structural_entry": 71838.8,
      "structural_sl": 71949.9,
      "structural_tp": 70670.0,
      "sl_distance": 111.1,
      "min_sl_distance": 150.0,
      "sl_too_tight": true,
      "atr_5m": 150.0,
      "atr_15m": 251.9,
      "atr_1h": 513.4,
      "atr_4h": 1250.6,
      "is_counter_trend": true,
      "structure_id": "1H_BEARISH_OB_71771_72156_at_2026-04-08T12:00",
      "structure_id_dict": {
        "tf": "1H",
        "bias_4h": "BEARISH",
        "type": "OB",
        "level1": 71771.0,
        "level2": 72156.0,
        "anchor_ts_ms": 1775649600000,
        "anchor_iso": "2026-04-08T12:00"
      }
    }
  },
  "totals": {
    "LONG": {
      "total": 20,
      "grade": "WAIT"
    },
    "SHORT": {
      "total": 31,
      "grade": "WAIT"
    }
  },
  "risk": {
    "equity": 787.74,
    "sod_equity": 787.74,
    "daily_pnl_pct": 0.0,
    "tier": "normal",
    "grade_a_pct": 3.0,
    "grade_aplus_pct": 4.5
  }
}