{
  "time_utc0": "14:55 UTC+0",
  "session": "US",
  "weekday": "Friday",
  "price": 72797.4,
  "sod_utc0": 71759.1,
  "daily_move_pct": 1.45,
  "daily_move_dir": "UP",
  "pre_checks": {
    "dead_zone": false,
    "saturday": false,
    "rule16_long_blocked": false,
    "rule16_short_blocked": false,
    "rule17_zone": null,
    "rule17_expires_utc0": null,
    "rule12_min_sl": 231.0,
    "bias_4h": "BULLISH",
    "co4h": 712.6,
    "0e_long_needs_aplus": false,
    "0e_short_needs_aplus": true,
    "0f_long_needs_aplus": false,
    "0f_short_needs_aplus": false,
    "0g_doji": false,
    "0g_doji_dir": null,
    "long_needs_aplus": false,
    "short_needs_aplus": true,
    "last_losing_setup": null,
    "last_losing_active": false,
    "last_losing_expired": false,
    "cycle_dedup_blocked_long": false,
    "cycle_dedup_blocked_short": false
  },
  "market": {
    "funding_rate_pct": -0.00172,
    "oi": 3342243.0,
    "oi_delta": -3179.0,
    "atr_5m": 231.0,
    "atr_4h": 993.9
  },
  "scored_factors": {
    "F5_long": 5,
    "F5_short": 5,
    "F6": 0,
    "F6_note": "OI delta -3179 | price vs SOD +1038pt \u2192 diverging/liquidation \u2192 F6=0",
    "F7_long": 5,
    "F7_short": 0,
    "F7_cum_delta": 255123.81,
    "F7_threshold": 18322.74,
    "F7_candles_used": 10,
    "F9": 5
  },
  "signal_factors": {
    "LONG": {
      "direction": "LONG",
      "F1": 6,
      "F2": 7,
      "F2_blocked": false,
      "F3": 8,
      "F4": 0,
      "F4_rr": 1.35,
      "F8": 0,
      "F8_blocked": false,
      "structural_entry": 71976.7,
      "structural_sl": 71647.6,
      "structural_tp": 72420.0,
      "sl_distance": 329.1,
      "min_sl_distance": 231.0,
      "sl_too_tight": false,
      "atr_5m": 231.0,
      "atr_15m": 287.8,
      "atr_1h": 394.7,
      "atr_4h": 993.9,
      "is_counter_trend": false,
      "structure_id": null,
      "structure_id_dict": null
    },
    "SHORT": {
      "direction": "SHORT",
      "F1": 4,
      "F2": 0,
      "F2_blocked": false,
      "F3": 5,
      "F4": 7,
      "F4_rr": 2.24,
      "F8": 0,
      "F8_blocked": false,
      "structural_entry": 72201.9,
      "structural_sl": 72440.0,
      "structural_tp": 71667.6,
      "sl_distance": 238.1,
      "min_sl_distance": 231.0,
      "sl_too_tight": false,
      "atr_5m": 231.0,
      "atr_15m": 287.8,
      "atr_1h": 394.7,
      "atr_4h": 993.9,
      "is_counter_trend": true,
      "structure_id": "1H_BULLISH_OB_71961_72258_at_2026-04-10T05:00",
      "structure_id_dict": {
        "tf": "1H",
        "bias_4h": "BULLISH",
        "type": "OB",
        "level1": 71961.9,
        "level2": 72258.0,
        "anchor_ts_ms": 1775797200000,
        "anchor_iso": "2026-04-10T05:00"
      }
    }
  },
  "totals": {
    "LONG": {
      "total": 36,
      "grade": "WAIT"
    },
    "SHORT": {
      "total": 26,
      "grade": "WAIT"
    }
  },
  "risk": {
    "equity": 787.74,
    "sod_equity": 787.74,
    "daily_pnl_pct": 0.0,
    "tier": "normal",
    "grade_a_pct": 3.0,
    "grade_aplus_pct": 4.5
  }
}