{
  "time_utc0": "20:40 UTC+0",
  "session": "DEAD",
  "weekday": "Saturday",
  "price": 73277.7,
  "sod_utc0": 72925.7,
  "daily_move_pct": 0.48,
  "daily_move_dir": "UP",
  "pre_checks": {
    "dead_zone": true,
    "saturday": true,
    "rule16_long_blocked": false,
    "rule16_short_blocked": false,
    "rule17_zone": null,
    "rule17_expires_utc0": null,
    "rule12_min_sl": 100.0,
    "bias_4h": "BEARISH",
    "co4h": -381.8,
    "0e_long_needs_aplus": true,
    "0e_short_needs_aplus": false,
    "0f_long_needs_aplus": false,
    "0f_short_needs_aplus": false,
    "0g_doji": false,
    "0g_doji_dir": null,
    "long_needs_aplus": true,
    "short_needs_aplus": false,
    "last_losing_setup": null,
    "last_losing_active": false,
    "last_losing_expired": false,
    "cycle_dedup_blocked_long": false,
    "cycle_dedup_blocked_short": false
  },
  "market": {
    "funding_rate_pct": 0.00626,
    "oi": 3409812.0,
    "oi_delta": 4745.0,
    "atr_5m": 96.0,
    "atr_4h": 890.9
  },
  "scored_factors": {
    "F5_long": 5,
    "F5_short": 5,
    "F6": 5,
    "F6_note": "OI delta +4745 | price vs SOD +352pt \u2192 accumulation \u2192 F6=5",
    "F7_long": 0,
    "F7_short": 5,
    "F7_cum_delta": -52602.82,
    "F7_threshold": 2693.55,
    "F7_candles_used": 10,
    "F9": 0
  },
  "signal_factors": {
    "LONG": {
      "direction": "LONG",
      "F1": 0,
      "F2": 7,
      "F2_blocked": false,
      "F3": 0,
      "F4": 0,
      "F4_rr": 0.78,
      "F8": 0,
      "F8_blocked": false,
      "structural_entry": 73397.4,
      "structural_sl": 72883.0,
      "structural_tp": 73799.1,
      "sl_distance": 514.4,
      "min_sl_distance": 100.0,
      "sl_too_tight": false,
      "atr_5m": 96.0,
      "atr_15m": 187.5,
      "atr_1h": 274.9,
      "atr_4h": 890.9,
      "is_counter_trend": true,
      "structure_id": "1H_BULLISH_OB_72601_72779_at_2026-04-11T08:00",
      "structure_id_dict": {
        "tf": "1H",
        "bias_4h": "BULLISH",
        "type": "OB",
        "level1": 72601.0,
        "level2": 72779.9,
        "anchor_ts_ms": 1775894400000,
        "anchor_iso": "2026-04-11T08:00"
      }
    },
    "SHORT": {
      "direction": "SHORT",
      "F1": 4,
      "F2": 0,
      "F2_blocked": false,
      "F3": 8,
      "F4": 7,
      "F4_rr": 9.12,
      "F8": 0,
      "F8_blocked": false,
      "structural_entry": 73728.8,
      "structural_sl": 73819.1,
      "structural_tp": 72903.0,
      "sl_distance": 90.3,
      "min_sl_distance": 100.0,
      "sl_too_tight": true,
      "atr_5m": 96.0,
      "atr_15m": 187.5,
      "atr_1h": 274.9,
      "atr_4h": 890.9,
      "is_counter_trend": false,
      "structure_id": "1H_BULLISH_OB_72787_72956_at_2026-04-11T12:00",
      "structure_id_dict": {
        "tf": "1H",
        "bias_4h": "BULLISH",
        "type": "OB",
        "level1": 72787.0,
        "level2": 72956.5,
        "anchor_ts_ms": 1775908800000,
        "anchor_iso": "2026-04-11T12:00"
      }
    }
  },
  "totals": {
    "LONG": {
      "total": 17,
      "grade": "WAIT"
    },
    "SHORT": {
      "total": 34,
      "grade": "WAIT"
    }
  },
  "risk": {
    "equity": 758.46,
    "sod_equity": 758.46,
    "daily_pnl_pct": 0.0,
    "tier": "normal",
    "grade_a_pct": 3.0,
    "grade_aplus_pct": 4.5
  }
}