{
  "time_utc0": "22:05 UTC+0",
  "session": "DEAD",
  "weekday": "Wednesday",
  "price": 74964.6,
  "sod_utc0": 74100.0,
  "daily_move_pct": 1.17,
  "daily_move_dir": "UP",
  "pre_checks": {
    "dead_zone": true,
    "saturday": false,
    "rule16_long_blocked": false,
    "rule16_short_blocked": false,
    "rule17_zone": null,
    "rule17_expires_utc0": null,
    "rule12_min_sl": 104.0,
    "bias_4h": "NEUTRAL",
    "co4h": 9.8,
    "0e_long_needs_aplus": false,
    "0e_short_needs_aplus": false,
    "0f_long_needs_aplus": false,
    "0f_short_needs_aplus": false,
    "0g_doji": false,
    "0g_doji_dir": null,
    "long_needs_aplus": false,
    "short_needs_aplus": false,
    "last_losing_setup": null,
    "last_losing_active": false,
    "last_losing_expired": false,
    "cycle_dedup_blocked_long": false,
    "cycle_dedup_blocked_short": false
  },
  "market": {
    "funding_rate_pct": -0.00514,
    "oi": 3428901.0,
    "oi_delta": -2518.0,
    "atr_5m": 104.2,
    "atr_4h": 1173.0
  },
  "scored_factors": {
    "F5_long": 5,
    "F5_short": 5,
    "F6": 0,
    "F6_note": "OI delta -2518 | price vs SOD +865pt \u2192 diverging/liquidation \u2192 F6=0",
    "F7_long": 0,
    "F7_short": 5,
    "F7_cum_delta": -10166.79,
    "F7_threshold": 2748.75,
    "F7_candles_used": 10,
    "F9": 0
  },
  "signal_factors": {
    "LONG": {
      "direction": "LONG",
      "F1": 4,
      "F2": 0,
      "F2_blocked": false,
      "F3": 10,
      "F4": 0,
      "F4_rr": 1.87,
      "F8": 5,
      "F8_blocked": false,
      "structural_entry": 74727.6,
      "structural_sl": 74449.1,
      "structural_tp": 75250.0,
      "sl_distance": 278.5,
      "min_sl_distance": 104.2,
      "sl_too_tight": false,
      "atr_5m": 104.2,
      "atr_15m": 242.1,
      "atr_1h": 506.3,
      "atr_4h": 1173.0,
      "is_counter_trend": false,
      "structure_id": "1H_BULLISH_OB_73741_74121_at_2026-04-15T10:00",
      "structure_id_dict": {
        "tf": "1H",
        "bias_4h": "BULLISH",
        "type": "OB",
        "level1": 73741.4,
        "level2": 74121.1,
        "anchor_ts_ms": 1776247200000,
        "anchor_iso": "2026-04-15T10:00"
      }
    },
    "SHORT": {
      "direction": "SHORT",
      "F1": 0,
      "F2": 0,
      "F2_blocked": false,
      "F3": 8,
      "F4": 7,
      "F4_rr": 6.21,
      "F8": 5,
      "F8_blocked": false,
      "structural_entry": 75159.2,
      "structural_sl": 75270.0,
      "structural_tp": 74469.1,
      "sl_distance": 110.8,
      "min_sl_distance": 104.2,
      "sl_too_tight": false,
      "atr_5m": 104.2,
      "atr_15m": 242.1,
      "atr_1h": 506.3,
      "atr_4h": 1173.0,
      "is_counter_trend": false,
      "structure_id": "1H_BULLISH_OB_74870_75250_at_2026-04-15T19:00",
      "structure_id_dict": {
        "tf": "1H",
        "bias_4h": "BULLISH",
        "type": "OB",
        "level1": 74870.3,
        "level2": 75250.0,
        "anchor_ts_ms": 1776279600000,
        "anchor_iso": "2026-04-15T19:00"
      }
    }
  },
  "totals": {
    "LONG": {
      "total": 24,
      "grade": "WAIT"
    },
    "SHORT": {
      "total": 30,
      "grade": "WAIT"
    }
  },
  "risk": {
    "equity": 705.36,
    "sod_equity": 734.79,
    "daily_pnl_pct": -4.0,
    "tier": "normal",
    "grade_a_pct": 3.0,
    "grade_aplus_pct": 4.5
  }
}