{
  "time_utc0": "03:00 UTC+0",
  "session": "ASIA",
  "weekday": "Saturday",
  "price": 72928.8,
  "sod_utc0": 72925.7,
  "daily_move_pct": 0.0,
  "daily_move_dir": "UP",
  "pre_checks": {
    "dead_zone": false,
    "saturday": true,
    "rule16_long_blocked": false,
    "rule16_short_blocked": false,
    "rule17_zone": null,
    "rule17_expires_utc0": null,
    "rule12_min_sl": 250.0,
    "bias_4h": "NEUTRAL",
    "co4h": 3.1,
    "0e_long_needs_aplus": false,
    "0e_short_needs_aplus": false,
    "0f_long_needs_aplus": false,
    "0f_short_needs_aplus": false,
    "0g_doji": false,
    "0g_doji_dir": null,
    "long_needs_aplus": false,
    "short_needs_aplus": false,
    "last_losing_setup": null,
    "last_losing_active": false,
    "last_losing_expired": false,
    "cycle_dedup_blocked_long": false,
    "cycle_dedup_blocked_short": false
  },
  "market": {
    "funding_rate_pct": -0.00023,
    "oi": 3388995.0,
    "oi_delta": 1569.0,
    "atr_5m": 76.8,
    "atr_4h": 969.2
  },
  "scored_factors": {
    "F5_long": 5,
    "F5_short": 5,
    "F6": 5,
    "F6_note": "OI delta +1569 | price vs SOD +3pt \u2192 accumulation \u2192 F6=5",
    "F7_long": 2,
    "F7_short": 2,
    "F7_cum_delta": 349.52,
    "F7_threshold": 1886.66,
    "F7_candles_used": 10,
    "F9": 1
  },
  "signal_factors": {
    "LONG": {
      "direction": "LONG",
      "F1": 8,
      "F2": 5,
      "F2_blocked": true,
      "F3": 8,
      "F4": 0,
      "F4_rr": 0.51,
      "F8": 0,
      "F8_blocked": false,
      "structural_entry": 72820.1,
      "structural_sl": 72596.7,
      "structural_tp": 72933.3,
      "sl_distance": 223.4,
      "min_sl_distance": 250.0,
      "sl_too_tight": true,
      "atr_5m": 76.8,
      "atr_15m": 114.5,
      "atr_1h": 483.3,
      "atr_4h": 969.2,
      "is_counter_trend": false,
      "structure_id": "1H_BEARISH_OB_72285_72648_at_2026-04-10T15:00",
      "structure_id_dict": {
        "tf": "1H",
        "bias_4h": "BEARISH",
        "type": "OB",
        "level1": 72285.8,
        "level2": 72648.3,
        "anchor_ts_ms": 1775833200000,
        "anchor_iso": "2026-04-10T15:00"
      }
    },
    "SHORT": {
      "direction": "SHORT",
      "F1": 8,
      "F2": 0,
      "F2_blocked": false,
      "F3": 8,
      "F4": 7,
      "F4_rr": 5.65,
      "F8": 0,
      "F8_blocked": false,
      "structural_entry": 72902.7,
      "structural_sl": 72953.3,
      "structural_tp": 72616.7,
      "sl_distance": 50.6,
      "min_sl_distance": 250.0,
      "sl_too_tight": true,
      "atr_5m": 76.8,
      "atr_15m": 114.5,
      "atr_1h": 483.3,
      "atr_4h": 969.2,
      "is_counter_trend": false,
      "structure_id": "1H_BEARISH_OB_72763_73125_at_2026-04-10T14:00",
      "structure_id_dict": {
        "tf": "1H",
        "bias_4h": "BEARISH",
        "type": "OB",
        "level1": 72763.0,
        "level2": 73125.5,
        "anchor_ts_ms": 1775829600000,
        "anchor_iso": "2026-04-10T14:00"
      }
    }
  },
  "totals": {
    "LONG": {
      "total": 34,
      "grade": "WAIT"
    },
    "SHORT": {
      "total": 36,
      "grade": "WAIT"
    }
  },
  "risk": {
    "equity": 758.46,
    "sod_equity": 758.46,
    "daily_pnl_pct": 0.0,
    "tier": "normal",
    "grade_a_pct": 3.0,
    "grade_aplus_pct": 4.5
  }
}