{
  "ts_utc": "2026-04-15 08:35:02",
  "session": "EU",
  "price": 74099.9,
  "bias_4h": "BULLISH",
  "long_total": 44,
  "short_total": 30,
  "long_grade": "A",
  "short_grade": "WAIT",
  "action": {
    "type": "LONG",
    "reason": "A score=44/62 rr=4.39",
    "direction": "LONG",
    "entry": 73604.4,
    "sl": 73423.0,
    "tp": 74400.0,
    "contracts": 12,
    "grade": "A",
    "score": 44,
    "risk_pct": 3.0,
    "risk_usd": 22.04,
    "leverage": 12.02,
    "required_leverage": 13,
    "rr": 4.39,
    "score_breakdown": {
      "F1_sweep_trend": 3,
      "F2_msb": 0,
      "F3_entry_zone": 8,
      "F4_rr": 10,
      "F5_funding": 5,
      "F6_oi": 5,
      "F7_volume_delta": 5,
      "F8_anti_chase": 5,
      "F9_session": 3
    },
    "structure_id": "1H_BEARISH_OB_73743_74077_at_2026-04-14T22:00",
    "structure_id_dict": {
      "tf": "1H",
      "bias_4h": "BEARISH",
      "type": "OB",
      "level1": 73743.9,
      "level2": 74077.1,
      "anchor_ts_ms": 1776204000000,
      "anchor_iso": "2026-04-14T22:00"
    },
    "thesis": "LONG A score=44/62 RR=4.39 bias_4h=BULLISH session=EU sl_dist=181.4pt",
    "direction_blocks": {
      "LONG": [],
      "SHORT": [
        "0c-2_F4=0_rr=0.93"
      ]
    }
  },
  "exec_result": {
    "executed": true,
    "ord_id": "3480926824843665408",
    "algo_id": "3480926824811991040"
  }
}