{
  "time_utc0": "06:45 UTC+0",
  "session": "ASIA",
  "weekday": "Monday",
  "price": 71015.6,
  "sod_utc0": 70707.9,
  "daily_move_pct": 0.44,
  "daily_move_dir": "UP",
  "pre_checks": {
    "dead_zone": false,
    "saturday": false,
    "rule16_long_blocked": false,
    "rule16_short_blocked": false,
    "rule17_zone": null,
    "rule17_expires_utc0": null,
    "rule12_min_sl": 250.0,
    "bias_4h": "NEUTRAL",
    "co4h": 65.4,
    "0e_long_needs_aplus": false,
    "0e_short_needs_aplus": false,
    "0f_long_needs_aplus": false,
    "0f_short_needs_aplus": false,
    "0g_doji": false,
    "0g_doji_dir": null,
    "long_needs_aplus": false,
    "short_needs_aplus": false,
    "last_losing_setup": null,
    "last_losing_active": false,
    "last_losing_expired": false,
    "cycle_dedup_blocked_long": false,
    "cycle_dedup_blocked_short": false
  },
  "market": {
    "funding_rate_pct": 0.00779,
    "oi": 3356360.0,
    "oi_delta": 189.0,
    "atr_5m": 68.2,
    "atr_4h": 700.9
  },
  "scored_factors": {
    "F5_long": 5,
    "F5_short": 5,
    "F6": 3,
    "F6_note": "OI delta +189 | price vs SOD +308pt \u2192 flat \u2192 F6=3",
    "F7_long": 5,
    "F7_short": 0,
    "F7_cum_delta": 48703.43,
    "F7_threshold": 1916.37,
    "F7_candles_used": 10,
    "F9": 1
  },
  "signal_factors": {
    "LONG": {
      "direction": "LONG",
      "F1": 8,
      "F2": 0,
      "F2_blocked": false,
      "F3": 8,
      "F4": 7,
      "F4_rr": 8.13,
      "F8": 0,
      "F8_blocked": false,
      "structural_entry": 70686.8,
      "structural_sl": 70617.2,
      "structural_tp": 71255.0,
      "sl_distance": 69.6,
      "min_sl_distance": 250.0,
      "sl_too_tight": true,
      "atr_5m": 68.2,
      "atr_15m": 132.2,
      "atr_1h": 341.4,
      "atr_4h": 700.9,
      "is_counter_trend": false,
      "structure_id": "1H_BULLISH_OB_70530_70786_at_2026-04-12T23:00",
      "structure_id_dict": {
        "tf": "1H",
        "bias_4h": "BULLISH",
        "type": "OB",
        "level1": 70530.1,
        "level2": 70786.2,
        "anchor_ts_ms": 1776034800000,
        "anchor_iso": "2026-04-12T23:00"
      }
    },
    "SHORT": {
      "direction": "SHORT",
      "F1": 0,
      "F2": 0,
      "F2_blocked": false,
      "F3": 8,
      "F4": 0,
      "F4_rr": 0.35,
      "F8": 0,
      "F8_blocked": false,
      "structural_entry": 70804.3,
      "structural_sl": 71275.0,
      "structural_tp": 70637.2,
      "sl_distance": 470.7,
      "min_sl_distance": 250.0,
      "sl_too_tight": false,
      "atr_5m": 68.2,
      "atr_15m": 132.2,
      "atr_1h": 341.4,
      "atr_4h": 700.9,
      "is_counter_trend": false,
      "structure_id": "1H_BULLISH_OB_71169_71425_at_2026-04-12T21:00",
      "structure_id_dict": {
        "tf": "1H",
        "bias_4h": "BULLISH",
        "type": "OB",
        "level1": 71169.1,
        "level2": 71425.2,
        "anchor_ts_ms": 1776027600000,
        "anchor_iso": "2026-04-12T21:00"
      }
    }
  },
  "totals": {
    "LONG": {
      "total": 37,
      "grade": "WAIT"
    },
    "SHORT": {
      "total": 17,
      "grade": "WAIT"
    }
  },
  "risk": {
    "equity": 758.46,
    "sod_equity": 758.46,
    "daily_pnl_pct": 0.0,
    "tier": "normal",
    "grade_a_pct": 3.0,
    "grade_aplus_pct": 4.5
  }
}