{
  "time_utc0": "23:55 UTC+0",
  "session": "DEAD",
  "weekday": "Wednesday",
  "price": 74761.0,
  "sod_utc0": 74100.0,
  "daily_move_pct": 0.89,
  "daily_move_dir": "UP",
  "pre_checks": {
    "dead_zone": true,
    "saturday": false,
    "rule16_long_blocked": false,
    "rule16_short_blocked": false,
    "rule17_zone": null,
    "rule17_expires_utc0": null,
    "rule12_min_sl": 128.0,
    "bias_4h": "BEARISH",
    "co4h": -201.1,
    "0e_long_needs_aplus": true,
    "0e_short_needs_aplus": false,
    "0f_long_needs_aplus": false,
    "0f_short_needs_aplus": false,
    "0g_doji": false,
    "0g_doji_dir": null,
    "long_needs_aplus": true,
    "short_needs_aplus": false,
    "last_losing_setup": null,
    "last_losing_active": false,
    "last_losing_expired": false,
    "cycle_dedup_blocked_long": false,
    "cycle_dedup_blocked_short": false
  },
  "market": {
    "funding_rate_pct": -0.00498,
    "oi": 3478729.0,
    "oi_delta": -32.0,
    "atr_5m": 127.5,
    "atr_4h": 1173.0
  },
  "scored_factors": {
    "F5_long": 5,
    "F5_short": 5,
    "F6": 3,
    "F6_note": "OI delta -32 | price vs SOD +661pt \u2192 flat \u2192 F6=3",
    "F7_long": 0,
    "F7_short": 5,
    "F7_cum_delta": -14276.22,
    "F7_threshold": 2897.95,
    "F7_candles_used": 10,
    "F9": 0
  },
  "signal_factors": {
    "LONG": {
      "direction": "LONG",
      "F1": 4,
      "F2": 3,
      "F2_blocked": true,
      "F3": 5,
      "F4": 7,
      "F4_rr": 3.0,
      "F8": 5,
      "F8_blocked": false,
      "structural_entry": 74684.5,
      "structural_sl": 74449.1,
      "structural_tp": 75391.9,
      "sl_distance": 235.4,
      "min_sl_distance": 127.5,
      "sl_too_tight": false,
      "atr_5m": 127.5,
      "atr_15m": 238.8,
      "atr_1h": 519.9,
      "atr_4h": 1173.0,
      "is_counter_trend": true,
      "structure_id": "1H_BULLISH_OB_74502_74820_at_2026-04-15T21:00",
      "structure_id_dict": {
        "tf": "1H",
        "bias_4h": "BULLISH",
        "type": "OB",
        "level1": 74502.0,
        "level2": 74820.0,
        "anchor_ts_ms": 1776286800000,
        "anchor_iso": "2026-04-15T21:00"
      }
    },
    "SHORT": {
      "direction": "SHORT",
      "F1": 6,
      "F2": 0,
      "F2_blocked": false,
      "F3": 8,
      "F4": 7,
      "F4_rr": 7.59,
      "F8": 5,
      "F8_blocked": false,
      "structural_entry": 75302.4,
      "structural_sl": 75411.9,
      "structural_tp": 74469.1,
      "sl_distance": 109.5,
      "min_sl_distance": 127.5,
      "sl_too_tight": true,
      "atr_5m": 127.5,
      "atr_15m": 238.8,
      "atr_1h": 519.9,
      "atr_4h": 1173.0,
      "is_counter_trend": false,
      "structure_id": "1H_BULLISH_OB_74860_75250_at_2026-04-15T19:00",
      "structure_id_dict": {
        "tf": "1H",
        "bias_4h": "BULLISH",
        "type": "OB",
        "level1": 74860.1,
        "level2": 75250.0,
        "anchor_ts_ms": 1776279600000,
        "anchor_iso": "2026-04-15T19:00"
      }
    }
  },
  "totals": {
    "LONG": {
      "total": 32,
      "grade": "WAIT"
    },
    "SHORT": {
      "total": 39,
      "grade": "WAIT"
    }
  },
  "risk": {
    "equity": 705.36,
    "sod_equity": 734.79,
    "daily_pnl_pct": -4.0,
    "tier": "normal",
    "grade_a_pct": 3.0,
    "grade_aplus_pct": 4.5
  }
}