{
  "time_utc0": "19:50 UTC+0",
  "session": "US",
  "weekday": "Friday",
  "price": 72986.3,
  "sod_utc0": 71759.1,
  "daily_move_pct": 1.71,
  "daily_move_dir": "UP",
  "pre_checks": {
    "dead_zone": false,
    "saturday": false,
    "rule16_long_blocked": false,
    "rule16_short_blocked": false,
    "rule17_zone": null,
    "rule17_expires_utc0": null,
    "rule12_min_sl": 100.0,
    "bias_4h": "BULLISH",
    "co4h": 568.1,
    "0e_long_needs_aplus": false,
    "0e_short_needs_aplus": true,
    "0f_long_needs_aplus": false,
    "0f_short_needs_aplus": false,
    "0g_doji": false,
    "0g_doji_dir": null,
    "long_needs_aplus": false,
    "short_needs_aplus": true,
    "last_losing_setup": null,
    "last_losing_active": false,
    "last_losing_expired": false,
    "cycle_dedup_blocked_long": false,
    "cycle_dedup_blocked_short": false
  },
  "market": {
    "funding_rate_pct": 0.001,
    "oi": 3378836.0,
    "oi_delta": -2034.0,
    "atr_5m": 92.9,
    "atr_4h": 1048.5
  },
  "scored_factors": {
    "F5_long": 5,
    "F5_short": 5,
    "F6": 0,
    "F6_note": "OI delta -2034 | price vs SOD +1227pt \u2192 diverging/liquidation \u2192 F6=0",
    "F7_long": 5,
    "F7_short": 0,
    "F7_cum_delta": 4306.59,
    "F7_threshold": 2578.0,
    "F7_candles_used": 10,
    "F9": 5
  },
  "signal_factors": {
    "LONG": {
      "direction": "LONG",
      "F1": 0,
      "F2": 0,
      "F2_blocked": false,
      "F3": 8,
      "F4": 0,
      "F4_rr": 0.43,
      "F8": 0,
      "F8_blocked": false,
      "structural_entry": 72937.1,
      "structural_sl": 72265.8,
      "structural_tp": 73227.9,
      "sl_distance": 671.3,
      "min_sl_distance": 100.0,
      "sl_too_tight": false,
      "atr_5m": 92.9,
      "atr_15m": 219.5,
      "atr_1h": 470.4,
      "atr_4h": 1048.5,
      "is_counter_trend": false,
      "structure_id": "1H_BULLISH_OB_72285_72638_at_2026-04-10T15:00",
      "structure_id_dict": {
        "tf": "1H",
        "bias_4h": "BULLISH",
        "type": "OB",
        "level1": 72285.8,
        "level2": 72638.6,
        "anchor_ts_ms": 1775833200000,
        "anchor_iso": "2026-04-10T15:00"
      }
    },
    "SHORT": {
      "direction": "SHORT",
      "F1": 6,
      "F2": 0,
      "F2_blocked": false,
      "F3": 5,
      "F4": 7,
      "F4_rr": 8.4,
      "F8": 0,
      "F8_blocked": false,
      "structural_entry": 73145.6,
      "structural_sl": 73247.9,
      "structural_tp": 72285.8,
      "sl_distance": 102.3,
      "min_sl_distance": 100.0,
      "sl_too_tight": false,
      "atr_5m": 92.9,
      "atr_15m": 219.5,
      "atr_1h": 470.4,
      "atr_4h": 1048.5,
      "is_counter_trend": true,
      "structure_id": "1H_BULLISH_OB_72772_73125_at_2026-04-10T14:00",
      "structure_id_dict": {
        "tf": "1H",
        "bias_4h": "BULLISH",
        "type": "OB",
        "level1": 72772.7,
        "level2": 73125.5,
        "anchor_ts_ms": 1775829600000,
        "anchor_iso": "2026-04-10T14:00"
      }
    }
  },
  "totals": {
    "LONG": {
      "total": 23,
      "grade": "WAIT"
    },
    "SHORT": {
      "total": 28,
      "grade": "WAIT"
    }
  },
  "risk": {
    "equity": 784.96,
    "sod_equity": 787.74,
    "daily_pnl_pct": -0.35,
    "tier": "normal",
    "grade_a_pct": 3.0,
    "grade_aplus_pct": 4.5
  }
}