{
  "time_utc0": "16:35 UTC+0",
  "session": "US",
  "weekday": "Monday",
  "price": 72173.8,
  "sod_utc0": 70707.9,
  "daily_move_pct": 2.07,
  "daily_move_dir": "UP",
  "pre_checks": {
    "dead_zone": false,
    "saturday": false,
    "rule16_long_blocked": false,
    "rule16_short_blocked": false,
    "rule17_zone": null,
    "rule17_expires_utc0": null,
    "rule12_min_sl": 166.0,
    "bias_4h": "BULLISH",
    "co4h": 361.1,
    "0e_long_needs_aplus": false,
    "0e_short_needs_aplus": true,
    "0f_long_needs_aplus": false,
    "0f_short_needs_aplus": false,
    "0g_doji": false,
    "0g_doji_dir": null,
    "long_needs_aplus": false,
    "short_needs_aplus": true,
    "last_losing_setup": null,
    "last_losing_active": false,
    "last_losing_expired": false,
    "cycle_dedup_blocked_long": false,
    "cycle_dedup_blocked_short": false
  },
  "market": {
    "funding_rate_pct": -0.00537,
    "oi": 3321560.0,
    "oi_delta": -1834.0,
    "atr_5m": 165.8,
    "atr_4h": 773.4
  },
  "scored_factors": {
    "F5_long": 5,
    "F5_short": 5,
    "F6": 0,
    "F6_note": "OI delta -1834 | price vs SOD +1466pt \u2192 diverging/liquidation \u2192 F6=0",
    "F7_long": 5,
    "F7_short": 0,
    "F7_cum_delta": 151457.47,
    "F7_threshold": 7026.93,
    "F7_candles_used": 10,
    "F9": 5
  },
  "signal_factors": {
    "LONG": {
      "direction": "LONG",
      "F1": 3,
      "F2": 3,
      "F2_blocked": true,
      "F3": 8,
      "F4": 7,
      "F4_rr": 7.93,
      "F8": 0,
      "F8_blocked": false,
      "structural_entry": 70902.0,
      "structural_sl": 70710.3,
      "structural_tp": 72424.0,
      "sl_distance": 191.7,
      "min_sl_distance": 165.8,
      "sl_too_tight": false,
      "atr_5m": 165.8,
      "atr_15m": 360.7,
      "atr_1h": 420.8,
      "atr_4h": 773.4,
      "is_counter_trend": false,
      "structure_id": "1H_BULLISH_OB_70637_70893_at_2026-04-13T05:00",
      "structure_id_dict": {
        "tf": "1H",
        "bias_4h": "BULLISH",
        "type": "OB",
        "level1": 70637.2,
        "level2": 70893.5,
        "anchor_ts_ms": 1776056400000,
        "anchor_iso": "2026-04-13T05:00"
      }
    },
    "SHORT": {
      "direction": "SHORT",
      "F1": 4,
      "F2": 0,
      "F2_blocked": false,
      "F3": 5,
      "F4": 7,
      "F4_rr": 7.37,
      "F8": 0,
      "F8_blocked": false,
      "structural_entry": 72239.5,
      "structural_sl": 72444.0,
      "structural_tp": 70730.3,
      "sl_distance": 204.5,
      "min_sl_distance": 165.8,
      "sl_too_tight": false,
      "atr_5m": 165.8,
      "atr_15m": 360.7,
      "atr_1h": 420.8,
      "atr_4h": 773.4,
      "is_counter_trend": true,
      "structure_id": "1H_BULLISH_OB_72059_72374_at_2026-04-13T14:00",
      "structure_id_dict": {
        "tf": "1H",
        "bias_4h": "BULLISH",
        "type": "OB",
        "level1": 72059.2,
        "level2": 72374.8,
        "anchor_ts_ms": 1776088800000,
        "anchor_iso": "2026-04-13T14:00"
      }
    }
  },
  "totals": {
    "LONG": {
      "total": 36,
      "grade": "WAIT"
    },
    "SHORT": {
      "total": 26,
      "grade": "WAIT"
    }
  },
  "risk": {
    "equity": 758.46,
    "sod_equity": 758.46,
    "daily_pnl_pct": 0.0,
    "tier": "normal",
    "grade_a_pct": 3.0,
    "grade_aplus_pct": 4.5
  }
}