{
  "time_utc0": "02:40 UTC+0",
  "session": "ASIA",
  "weekday": "Friday",
  "price": 72140.9,
  "sod_utc0": 71759.1,
  "daily_move_pct": 0.53,
  "daily_move_dir": "UP",
  "pre_checks": {
    "dead_zone": false,
    "saturday": false,
    "rule16_long_blocked": false,
    "rule16_short_blocked": false,
    "rule17_zone": null,
    "rule17_expires_utc0": null,
    "rule12_min_sl": 250.0,
    "bias_4h": "BULLISH",
    "co4h": 381.7,
    "0e_long_needs_aplus": false,
    "0e_short_needs_aplus": true,
    "0f_long_needs_aplus": false,
    "0f_short_needs_aplus": false,
    "0g_doji": false,
    "0g_doji_dir": null,
    "long_needs_aplus": false,
    "short_needs_aplus": true,
    "last_losing_setup": null,
    "last_losing_active": false,
    "last_losing_expired": false,
    "cycle_dedup_blocked_long": false,
    "cycle_dedup_blocked_short": false
  },
  "market": {
    "funding_rate_pct": 0.00392,
    "oi": 3284731.0,
    "oi_delta": 961.0,
    "atr_5m": 129.8,
    "atr_4h": 1221.8
  },
  "scored_factors": {
    "F5_long": 5,
    "F5_short": 3,
    "F6": 3,
    "F6_note": "OI delta +961 | price vs SOD +382pt \u2192 flat \u2192 F6=3",
    "F7_long": 0,
    "F7_short": 5,
    "F7_cum_delta": -26219.19,
    "F7_threshold": 2763.71,
    "F7_candles_used": 10,
    "F9": 1
  },
  "signal_factors": {
    "LONG": {
      "direction": "LONG",
      "F1": 8,
      "F2": 0,
      "F2_blocked": false,
      "F3": 8,
      "F4": 10,
      "F4_rr": 6.87,
      "F8": 2,
      "F8_blocked": true,
      "structural_entry": 71728.0,
      "structural_sl": 71521.9,
      "structural_tp": 73146.1,
      "sl_distance": 206.1,
      "min_sl_distance": 250.0,
      "sl_too_tight": true,
      "atr_5m": 129.8,
      "atr_15m": 254.2,
      "atr_1h": 679.6,
      "atr_4h": 1221.8,
      "is_counter_trend": false,
      "structure_id": "1H_BEARISH_OB_71666_72176_at_2026-04-09T16:00",
      "structure_id_dict": {
        "tf": "1H",
        "bias_4h": "BEARISH",
        "type": "OB",
        "level1": 71666.7,
        "level2": 72176.4,
        "anchor_ts_ms": 1775750400000,
        "anchor_iso": "2026-04-09T16:00"
      }
    },
    "SHORT": {
      "direction": "SHORT",
      "F1": 4,
      "F2": 0,
      "F2_blocked": false,
      "F3": 5,
      "F4": 0,
      "F4_rr": 0.79,
      "F8": 2,
      "F8_blocked": true,
      "structural_entry": 72260.1,
      "structural_sl": 73166.1,
      "structural_tp": 71541.9,
      "sl_distance": 906.0,
      "min_sl_distance": 250.0,
      "sl_too_tight": false,
      "atr_5m": 129.8,
      "atr_15m": 254.2,
      "atr_1h": 679.6,
      "atr_4h": 1221.8,
      "is_counter_trend": true,
      "structure_id": "1H_BEARISH_OB_72037_72518_at_2026-04-09T17:00",
      "structure_id_dict": {
        "tf": "1H",
        "bias_4h": "BEARISH",
        "type": "OB",
        "level1": 72037.2,
        "level2": 72518.3,
        "anchor_ts_ms": 1775754000000,
        "anchor_iso": "2026-04-09T17:00"
      }
    }
  },
  "totals": {
    "LONG": {
      "total": 37,
      "grade": "WAIT"
    },
    "SHORT": {
      "total": 23,
      "grade": "WAIT"
    }
  },
  "risk": {
    "equity": 787.74,
    "sod_equity": 787.74,
    "daily_pnl_pct": 0.0,
    "tier": "normal",
    "grade_a_pct": 3.0,
    "grade_aplus_pct": 4.5
  }
}