{
  "time_utc0": "13:10 UTC+0",
  "session": "EU",
  "weekday": "Friday",
  "price": 72178.0,
  "sod_utc0": 71759.1,
  "daily_move_pct": 0.58,
  "daily_move_dir": "UP",
  "pre_checks": {
    "dead_zone": false,
    "saturday": false,
    "rule16_long_blocked": false,
    "rule16_short_blocked": false,
    "rule17_zone": null,
    "rule17_expires_utc0": null,
    "rule12_min_sl": 153.0,
    "bias_4h": "NEUTRAL",
    "co4h": 95.4,
    "0e_long_needs_aplus": false,
    "0e_short_needs_aplus": false,
    "0f_long_needs_aplus": false,
    "0f_short_needs_aplus": false,
    "0g_doji": false,
    "0g_doji_dir": null,
    "long_needs_aplus": false,
    "short_needs_aplus": false,
    "last_losing_setup": null,
    "last_losing_active": false,
    "last_losing_expired": false,
    "cycle_dedup_blocked_long": false,
    "cycle_dedup_blocked_short": false
  },
  "market": {
    "funding_rate_pct": -0.00192,
    "oi": 3284701.0,
    "oi_delta": 612.0,
    "atr_5m": 153.5,
    "atr_4h": 993.9
  },
  "scored_factors": {
    "F5_long": 5,
    "F5_short": 3,
    "F6": 3,
    "F6_note": "OI delta +612 | price vs SOD +419pt \u2192 flat \u2192 F6=3",
    "F7_long": 5,
    "F7_short": 0,
    "F7_cum_delta": 70058.6,
    "F7_threshold": 8402.85,
    "F7_candles_used": 10,
    "F9": 3
  },
  "signal_factors": {
    "LONG": {
      "direction": "LONG",
      "F1": 0,
      "F2": 5,
      "F2_blocked": true,
      "F3": 8,
      "F4": 0,
      "F4_rr": 0.47,
      "F8": 2,
      "F8_blocked": true,
      "structural_entry": 71973.4,
      "structural_sl": 71443.0,
      "structural_tp": 72222.0,
      "sl_distance": 530.4,
      "min_sl_distance": 153.5,
      "sl_too_tight": false,
      "atr_5m": 153.5,
      "atr_15m": 175.4,
      "atr_1h": 390.5,
      "atr_4h": 993.9,
      "is_counter_trend": false,
      "structure_id": "1H_BULLISH_OB_71541_71834_at_2026-04-09T23:00",
      "structure_id_dict": {
        "tf": "1H",
        "bias_4h": "BULLISH",
        "type": "OB",
        "level1": 71541.9,
        "level2": 71834.8,
        "anchor_ts_ms": 1775775600000,
        "anchor_iso": "2026-04-09T23:00"
      }
    },
    "SHORT": {
      "direction": "SHORT",
      "F1": 0,
      "F2": 0,
      "F2_blocked": false,
      "F3": 8,
      "F4": 7,
      "F4_rr": 7.94,
      "F8": 2,
      "F8_blocked": true,
      "structural_entry": 72354.2,
      "structural_sl": 72242.0,
      "structural_tp": 71463.0,
      "sl_distance": 112.2,
      "min_sl_distance": 153.5,
      "sl_too_tight": true,
      "atr_5m": 153.5,
      "atr_15m": 175.4,
      "atr_1h": 390.5,
      "atr_4h": 993.9,
      "is_counter_trend": false,
      "structure_id": "1H_BULLISH_OB_71965_72258_at_2026-04-10T05:00",
      "structure_id_dict": {
        "tf": "1H",
        "bias_4h": "BULLISH",
        "type": "OB",
        "level1": 71965.1,
        "level2": 72258.0,
        "anchor_ts_ms": 1775797200000,
        "anchor_iso": "2026-04-10T05:00"
      }
    }
  },
  "totals": {
    "LONG": {
      "total": 31,
      "grade": "WAIT"
    },
    "SHORT": {
      "total": 26,
      "grade": "WAIT"
    }
  },
  "risk": {
    "equity": 787.74,
    "sod_equity": 787.74,
    "daily_pnl_pct": 0.0,
    "tier": "normal",
    "grade_a_pct": 3.0,
    "grade_aplus_pct": 4.5
  }
}