{
  "time_utc0": "07:05 UTC+0",
  "session": "EU",
  "weekday": "Wednesday",
  "price": 73876.4,
  "sod_utc0": 74100.0,
  "daily_move_pct": -0.3,
  "daily_move_dir": "DOWN",
  "pre_checks": {
    "dead_zone": false,
    "saturday": false,
    "rule16_long_blocked": false,
    "rule16_short_blocked": false,
    "rule17_zone": null,
    "rule17_expires_utc0": null,
    "rule12_min_sl": 100.0,
    "bias_4h": "BEARISH",
    "co4h": -419.9,
    "0e_long_needs_aplus": true,
    "0e_short_needs_aplus": false,
    "0f_long_needs_aplus": false,
    "0f_short_needs_aplus": false,
    "0g_doji": false,
    "0g_doji_dir": null,
    "long_needs_aplus": true,
    "short_needs_aplus": false,
    "last_losing_setup": null,
    "last_losing_active": false,
    "last_losing_expired": false,
    "cycle_dedup_blocked_long": false,
    "cycle_dedup_blocked_short": false
  },
  "market": {
    "funding_rate_pct": -0.00423,
    "oi": 3519595.0,
    "oi_delta": -2224.0,
    "atr_5m": 76.9,
    "atr_4h": 1069.2
  },
  "scored_factors": {
    "F5_long": 5,
    "F5_short": 5,
    "F6": 5,
    "F6_note": "OI delta -2224 | price vs SOD -224pt \u2192 accumulation \u2192 F6=5",
    "F7_long": 0,
    "F7_short": 5,
    "F7_cum_delta": -13909.81,
    "F7_threshold": 2134.89,
    "F7_candles_used": 10,
    "F9": 3
  },
  "signal_factors": {
    "LONG": {
      "direction": "LONG",
      "F1": 4,
      "F2": 0,
      "F2_blocked": false,
      "F3": 5,
      "F4": 7,
      "F4_rr": 6.79,
      "F8": 5,
      "F8_blocked": false,
      "structural_entry": 73885.6,
      "structural_sl": 73810.1,
      "structural_tp": 74400.0,
      "sl_distance": 75.5,
      "min_sl_distance": 100.0,
      "sl_too_tight": true,
      "atr_5m": 76.9,
      "atr_15m": 148.0,
      "atr_1h": 456.9,
      "atr_4h": 1069.2,
      "is_counter_trend": true,
      "structure_id": "1H_BULLISH_OB_73777_74119_at_2026-04-14T18:00",
      "structure_id_dict": {
        "tf": "1H",
        "bias_4h": "BULLISH",
        "type": "OB",
        "level1": 73777.0,
        "level2": 74119.7,
        "anchor_ts_ms": 1776189600000,
        "anchor_iso": "2026-04-14T18:00"
      }
    },
    "SHORT": {
      "direction": "SHORT",
      "F1": 4,
      "F2": 0,
      "F2_blocked": false,
      "F3": 8,
      "F4": 7,
      "F4_rr": 7.18,
      "F8": 5,
      "F8_blocked": false,
      "structural_entry": 74348.1,
      "structural_sl": 74420.0,
      "structural_tp": 73830.1,
      "sl_distance": 71.9,
      "min_sl_distance": 100.0,
      "sl_too_tight": true,
      "atr_5m": 76.9,
      "atr_15m": 148.0,
      "atr_1h": 456.9,
      "atr_4h": 1069.2,
      "is_counter_trend": false,
      "structure_id": "1H_BULLISH_OB_74444_74749_at_2026-04-15T01:00",
      "structure_id_dict": {
        "tf": "1H",
        "bias_4h": "BULLISH",
        "type": "OB",
        "level1": 74444.6,
        "level2": 74749.0,
        "anchor_ts_ms": 1776214800000,
        "anchor_iso": "2026-04-15T01:00"
      }
    }
  },
  "totals": {
    "LONG": {
      "total": 34,
      "grade": "WAIT"
    },
    "SHORT": {
      "total": 42,
      "grade": "A"
    }
  },
  "risk": {
    "equity": 734.79,
    "sod_equity": 734.79,
    "daily_pnl_pct": 0.0,
    "tier": "normal",
    "grade_a_pct": 3.0,
    "grade_aplus_pct": 4.5
  }
}