{
  "time_utc0": "12:25 UTC+0",
  "session": "EU",
  "weekday": "Tuesday",
  "price": 74266.3,
  "sod_utc0": 74385.4,
  "daily_move_pct": -0.16,
  "daily_move_dir": "DOWN",
  "pre_checks": {
    "dead_zone": false,
    "saturday": false,
    "rule16_long_blocked": false,
    "rule16_short_blocked": false,
    "rule17_zone": null,
    "rule17_expires_utc0": null,
    "rule12_min_sl": 100.0,
    "bias_4h": "NEUTRAL",
    "co4h": -83.6,
    "0e_long_needs_aplus": false,
    "0e_short_needs_aplus": false,
    "0f_long_needs_aplus": false,
    "0f_short_needs_aplus": false,
    "0g_doji": false,
    "0g_doji_dir": null,
    "long_needs_aplus": false,
    "short_needs_aplus": false,
    "last_losing_setup": null,
    "last_losing_active": false,
    "last_losing_expired": false,
    "cycle_dedup_blocked_long": false,
    "cycle_dedup_blocked_short": false
  },
  "market": {
    "funding_rate_pct": 0.0059,
    "oi": 3472380.0,
    "oi_delta": 1965.0,
    "atr_5m": 90.8,
    "atr_4h": 867.7
  },
  "scored_factors": {
    "F5_long": 5,
    "F5_short": 5,
    "F6": 0,
    "F6_note": "OI delta +1965 | price vs SOD -119pt \u2192 diverging/liquidation \u2192 F6=0",
    "F7_long": 0,
    "F7_short": 5,
    "F7_cum_delta": -19705.5,
    "F7_threshold": 2590.41,
    "F7_candles_used": 10,
    "F9": 3
  },
  "signal_factors": {
    "LONG": {
      "direction": "LONG",
      "F1": 4,
      "F2": 0,
      "F2_blocked": false,
      "F3": 8,
      "F4": 7,
      "F4_rr": 2.45,
      "F8": 2,
      "F8_blocked": true,
      "structural_entry": 74442.4,
      "structural_sl": 74269.1,
      "structural_tp": 74870.0,
      "sl_distance": 173.3,
      "min_sl_distance": 100.0,
      "sl_too_tight": false,
      "atr_5m": 90.8,
      "atr_15m": 149.0,
      "atr_1h": 442.5,
      "atr_4h": 867.7,
      "is_counter_trend": false,
      "structure_id": "1H_BEARISH_OB_74127_74407_at_2026-04-14T05:00",
      "structure_id_dict": {
        "tf": "1H",
        "bias_4h": "BEARISH",
        "type": "OB",
        "level1": 74127.2,
        "level2": 74407.0,
        "anchor_ts_ms": 1776142800000,
        "anchor_iso": "2026-04-14T05:00"
      }
    },
    "SHORT": {
      "direction": "SHORT",
      "F1": 4,
      "F2": 5,
      "F2_blocked": true,
      "F3": 8,
      "F4": 0,
      "F4_rr": 0.14,
      "F8": 2,
      "F8_blocked": true,
      "structural_entry": 74366.1,
      "structural_sl": 74890.0,
      "structural_tp": 74289.1,
      "sl_distance": 523.9,
      "min_sl_distance": 100.0,
      "sl_too_tight": false,
      "atr_5m": 90.8,
      "atr_15m": 149.0,
      "atr_1h": 442.5,
      "atr_4h": 867.7,
      "is_counter_trend": false,
      "structure_id": "1H_BEARISH_OB_74538_74870_at_2026-04-14T08:00",
      "structure_id_dict": {
        "tf": "1H",
        "bias_4h": "BEARISH",
        "type": "OB",
        "level1": 74538.1,
        "level2": 74870.0,
        "anchor_ts_ms": 1776153600000,
        "anchor_iso": "2026-04-14T08:00"
      }
    }
  },
  "totals": {
    "LONG": {
      "total": 29,
      "grade": "WAIT"
    },
    "SHORT": {
      "total": 32,
      "grade": "WAIT"
    }
  },
  "risk": {
    "equity": 758.46,
    "sod_equity": 758.46,
    "daily_pnl_pct": 0.0,
    "tier": "normal",
    "grade_a_pct": 3.0,
    "grade_aplus_pct": 4.5
  }
}