{
  "time_utc0": "05:35 UTC+0",
  "session": "ASIA",
  "weekday": "Tuesday",
  "price": 74272.7,
  "sod_utc0": 74385.4,
  "daily_move_pct": -0.15,
  "daily_move_dir": "DOWN",
  "pre_checks": {
    "dead_zone": false,
    "saturday": false,
    "rule16_long_blocked": false,
    "rule16_short_blocked": false,
    "rule17_zone": null,
    "rule17_expires_utc0": null,
    "rule12_min_sl": 250.0,
    "bias_4h": "BEARISH",
    "co4h": -145.8,
    "0e_long_needs_aplus": true,
    "0e_short_needs_aplus": false,
    "0f_long_needs_aplus": false,
    "0f_short_needs_aplus": false,
    "0g_doji": false,
    "0g_doji_dir": null,
    "long_needs_aplus": true,
    "short_needs_aplus": false,
    "last_losing_setup": null,
    "last_losing_active": false,
    "last_losing_expired": false,
    "cycle_dedup_blocked_long": false,
    "cycle_dedup_blocked_short": false
  },
  "market": {
    "funding_rate_pct": 0.01,
    "oi": 3417478.0,
    "oi_delta": 506.0,
    "atr_5m": 64.5,
    "atr_4h": 957.5
  },
  "scored_factors": {
    "F5_long": 3,
    "F5_short": 5,
    "F6": 3,
    "F6_note": "OI delta +506 | price vs SOD -113pt \u2192 flat \u2192 F6=3",
    "F7_long": 0,
    "F7_short": 5,
    "F7_cum_delta": -10899.05,
    "F7_threshold": 1209.66,
    "F7_candles_used": 10,
    "F9": 1
  },
  "signal_factors": {
    "LONG": {
      "direction": "LONG",
      "F1": 4,
      "F2": 0,
      "F2_blocked": false,
      "F3": 5,
      "F4": 0,
      "F4_rr": 0.87,
      "F8": 0,
      "F8_blocked": false,
      "structural_entry": 74261.7,
      "structural_sl": 73915.5,
      "structural_tp": 74567.6,
      "sl_distance": 346.2,
      "min_sl_distance": 250.0,
      "sl_too_tight": false,
      "atr_5m": 64.5,
      "atr_15m": 133.3,
      "atr_1h": 588.5,
      "atr_4h": 957.5,
      "is_counter_trend": true,
      "structure_id": "1H_NEUTRAL_OB_71618_72059_at_2026-04-13T15:00",
      "structure_id_dict": {
        "tf": "1H",
        "bias_4h": "NEUTRAL",
        "type": "OB",
        "level1": 71618.2,
        "level2": 72059.6,
        "anchor_ts_ms": 1776092400000,
        "anchor_iso": "2026-04-13T15:00"
      }
    },
    "SHORT": {
      "direction": "SHORT",
      "F1": 4,
      "F2": 3,
      "F2_blocked": true,
      "F3": 8,
      "F4": 10,
      "F4_rr": 3.2,
      "F8": 0,
      "F8_blocked": false,
      "structural_entry": 74433.2,
      "structural_sl": 74587.6,
      "structural_tp": 73935.5,
      "sl_distance": 154.4,
      "min_sl_distance": 250.0,
      "sl_too_tight": true,
      "atr_5m": 64.5,
      "atr_15m": 133.3,
      "atr_1h": 588.5,
      "atr_4h": 957.5,
      "is_counter_trend": false,
      "structure_id": null,
      "structure_id_dict": null
    }
  },
  "totals": {
    "LONG": {
      "total": 16,
      "grade": "WAIT"
    },
    "SHORT": {
      "total": 39,
      "grade": "WAIT"
    }
  },
  "risk": {
    "equity": 758.46,
    "sod_equity": 758.46,
    "daily_pnl_pct": 0.0,
    "tier": "normal",
    "grade_a_pct": 3.0,
    "grade_aplus_pct": 4.5
  }
}