{
  "time_utc0": "22:50 UTC+0",
  "session": "DEAD",
  "weekday": "Thursday",
  "price": 72380.1,
  "sod_utc0": 71041.8,
  "daily_move_pct": 1.88,
  "daily_move_dir": "UP",
  "pre_checks": {
    "dead_zone": true,
    "saturday": false,
    "rule16_long_blocked": false,
    "rule16_short_blocked": false,
    "rule17_zone": null,
    "rule17_expires_utc0": null,
    "rule12_min_sl": 192.0,
    "bias_4h": "BULLISH",
    "co4h": 319.4,
    "0e_long_needs_aplus": false,
    "0e_short_needs_aplus": true,
    "0f_long_needs_aplus": false,
    "0f_short_needs_aplus": false,
    "0g_doji": false,
    "0g_doji_dir": null,
    "long_needs_aplus": false,
    "short_needs_aplus": true,
    "last_losing_setup": null,
    "last_losing_active": false,
    "last_losing_expired": false,
    "cycle_dedup_blocked_long": false,
    "cycle_dedup_blocked_short": false
  },
  "market": {
    "funding_rate_pct": 0.00184,
    "oi": 3314500.0,
    "oi_delta": -5654.0,
    "atr_5m": 191.9,
    "atr_4h": 1173.9
  },
  "scored_factors": {
    "F5_long": 5,
    "F5_short": 3,
    "F6": 0,
    "F6_note": "OI delta -5654 | price vs SOD +1338pt \u2192 diverging/liquidation \u2192 F6=0",
    "F7_long": 5,
    "F7_short": 0,
    "F7_cum_delta": 86217.49,
    "F7_threshold": 9993.19,
    "F7_candles_used": 10,
    "F9": 0
  },
  "signal_factors": {
    "LONG": {
      "direction": "LONG",
      "F1": 4,
      "F2": 0,
      "F2_blocked": false,
      "F3": 8,
      "F4": 0,
      "F4_rr": 0.6,
      "F8": 0,
      "F8_blocked": false,
      "structural_entry": 72305.4,
      "structural_sl": 71688.5,
      "structural_tp": 72676.0,
      "sl_distance": 616.9,
      "min_sl_distance": 191.9,
      "sl_too_tight": false,
      "atr_5m": 191.9,
      "atr_15m": 309.6,
      "atr_1h": 584.7,
      "atr_4h": 1173.9,
      "is_counter_trend": false,
      "structure_id": "1H_NEUTRAL_OB_71666_72105_at_2026-04-09T16:00",
      "structure_id_dict": {
        "tf": "1H",
        "bias_4h": "NEUTRAL",
        "type": "OB",
        "level1": 71666.7,
        "level2": 72105.2,
        "anchor_ts_ms": 1775750400000,
        "anchor_iso": "2026-04-09T16:00"
      }
    },
    "SHORT": {
      "direction": "SHORT",
      "F1": 6,
      "F2": 0,
      "F2_blocked": false,
      "F3": 5,
      "F4": 10,
      "F4_rr": 3.95,
      "F8": 0,
      "F8_blocked": false,
      "structural_entry": 73030.0,
      "structural_sl": 72696.0,
      "structural_tp": 71708.5,
      "sl_distance": 334.0,
      "min_sl_distance": 191.9,
      "sl_too_tight": false,
      "atr_5m": 191.9,
      "atr_15m": 309.6,
      "atr_1h": 584.7,
      "atr_4h": 1173.9,
      "is_counter_trend": true,
      "structure_id": "1H_NEUTRAL_OB_72079_72518_at_2026-04-09T17:00",
      "structure_id_dict": {
        "tf": "1H",
        "bias_4h": "NEUTRAL",
        "type": "OB",
        "level1": 72079.8,
        "level2": 72518.3,
        "anchor_ts_ms": 1775754000000,
        "anchor_iso": "2026-04-09T17:00"
      }
    }
  },
  "totals": {
    "LONG": {
      "total": 22,
      "grade": "WAIT"
    },
    "SHORT": {
      "total": 24,
      "grade": "WAIT"
    }
  },
  "risk": {
    "equity": 787.74,
    "sod_equity": 787.74,
    "daily_pnl_pct": 0.0,
    "tier": "normal",
    "grade_a_pct": 3.0,
    "grade_aplus_pct": 4.5
  }
}