{
  "time_utc0": "17:45 UTC+0",
  "session": "US",
  "weekday": "Friday",
  "price": 72894.9,
  "sod_utc0": 71759.1,
  "daily_move_pct": 1.58,
  "daily_move_dir": "UP",
  "pre_checks": {
    "dead_zone": false,
    "saturday": false,
    "rule16_long_blocked": false,
    "rule16_short_blocked": false,
    "rule17_zone": null,
    "rule17_expires_utc0": null,
    "rule12_min_sl": 130.0,
    "bias_4h": "BULLISH",
    "co4h": 476.7,
    "0e_long_needs_aplus": false,
    "0e_short_needs_aplus": true,
    "0f_long_needs_aplus": false,
    "0f_short_needs_aplus": false,
    "0g_doji": false,
    "0g_doji_dir": null,
    "long_needs_aplus": false,
    "short_needs_aplus": true,
    "last_losing_setup": null,
    "last_losing_active": false,
    "last_losing_expired": false,
    "cycle_dedup_blocked_long": false,
    "cycle_dedup_blocked_short": false
  },
  "market": {
    "funding_rate_pct": -0.00107,
    "oi": 3361818.0,
    "oi_delta": 1350.0,
    "atr_5m": 129.5,
    "atr_4h": 1048.5
  },
  "scored_factors": {
    "F5_long": 5,
    "F5_short": 5,
    "F6": 5,
    "F6_note": "OI delta +1350 | price vs SOD +1136pt \u2192 accumulation \u2192 F6=5",
    "F7_long": 5,
    "F7_short": 0,
    "F7_cum_delta": 49873.11,
    "F7_threshold": 4970.81,
    "F7_candles_used": 10,
    "F9": 5
  },
  "signal_factors": {
    "LONG": {
      "direction": "LONG",
      "F1": 4,
      "F2": 7,
      "F2_blocked": false,
      "F3": 8,
      "F4": 0,
      "F4_rr": 0.78,
      "F8": 0,
      "F8_blocked": false,
      "structural_entry": 72658.0,
      "structural_sl": 71848.8,
      "structural_tp": 73288.0,
      "sl_distance": 809.2,
      "min_sl_distance": 129.5,
      "sl_too_tight": false,
      "atr_5m": 129.5,
      "atr_15m": 326.7,
      "atr_1h": 468.0,
      "atr_4h": 1048.5,
      "is_counter_trend": false,
      "structure_id": "1H_BULLISH_OB_72285_72636_at_2026-04-10T15:00",
      "structure_id_dict": {
        "tf": "1H",
        "bias_4h": "BULLISH",
        "type": "OB",
        "level1": 72285.8,
        "level2": 72636.8,
        "anchor_ts_ms": 1775833200000,
        "anchor_iso": "2026-04-10T15:00"
      }
    },
    "SHORT": {
      "direction": "SHORT",
      "F1": 8,
      "F2": 0,
      "F2_blocked": false,
      "F3": 5,
      "F4": 10,
      "F4_rr": 3.19,
      "F8": 0,
      "F8_blocked": false,
      "structural_entry": 72964.5,
      "structural_sl": 73308.0,
      "structural_tp": 71868.8,
      "sl_distance": 343.5,
      "min_sl_distance": 129.5,
      "sl_too_tight": false,
      "atr_5m": 129.5,
      "atr_15m": 326.7,
      "atr_1h": 468.0,
      "atr_4h": 1048.5,
      "is_counter_trend": true,
      "structure_id": "1H_BULLISH_OB_72774_73125_at_2026-04-10T14:00",
      "structure_id_dict": {
        "tf": "1H",
        "bias_4h": "BULLISH",
        "type": "OB",
        "level1": 72774.5,
        "level2": 73125.5,
        "anchor_ts_ms": 1775829600000,
        "anchor_iso": "2026-04-10T14:00"
      }
    }
  },
  "totals": {
    "LONG": {
      "total": 39,
      "grade": "WAIT"
    },
    "SHORT": {
      "total": 38,
      "grade": "WAIT"
    }
  },
  "risk": {
    "equity": 790.45,
    "sod_equity": 787.74,
    "daily_pnl_pct": 0.34,
    "tier": "normal",
    "grade_a_pct": 3.0,
    "grade_aplus_pct": 4.5
  }
}