{
  "time_utc0": "03:35 UTC+0",
  "session": "ASIA",
  "weekday": "Wednesday",
  "price": 74266.0,
  "sod_utc0": 74100.0,
  "daily_move_pct": 0.22,
  "daily_move_dir": "UP",
  "pre_checks": {
    "dead_zone": false,
    "saturday": false,
    "rule16_long_blocked": false,
    "rule16_short_blocked": false,
    "rule17_zone": null,
    "rule17_expires_utc0": null,
    "rule12_min_sl": 250.0,
    "bias_4h": "BULLISH",
    "co4h": 166.0,
    "0e_long_needs_aplus": false,
    "0e_short_needs_aplus": true,
    "0f_long_needs_aplus": false,
    "0f_short_needs_aplus": false,
    "0g_doji": false,
    "0g_doji_dir": null,
    "long_needs_aplus": false,
    "short_needs_aplus": true,
    "last_losing_setup": null,
    "last_losing_active": false,
    "last_losing_expired": false,
    "cycle_dedup_blocked_long": false,
    "cycle_dedup_blocked_short": false
  },
  "market": {
    "funding_rate_pct": -0.01073,
    "oi": 3525341.0,
    "oi_delta": 895.0,
    "atr_5m": 92.8,
    "atr_4h": 1050.7
  },
  "scored_factors": {
    "F5_long": 5,
    "F5_short": 3,
    "F6": 3,
    "F6_note": "OI delta +895 | price vs SOD +166pt \u2192 flat \u2192 F6=3",
    "F7_long": 2,
    "F7_short": 2,
    "F7_cum_delta": -1606.0,
    "F7_threshold": 1977.35,
    "F7_candles_used": 10,
    "F9": 1
  },
  "signal_factors": {
    "LONG": {
      "direction": "LONG",
      "F1": 0,
      "F2": 0,
      "F2_blocked": false,
      "F3": 3,
      "F4": 10,
      "F4_rr": 3.91,
      "F8": 5,
      "F8_blocked": false,
      "structural_entry": 74135.9,
      "structural_sl": 73980.0,
      "structural_tp": 74749.0,
      "sl_distance": 155.9,
      "min_sl_distance": 250.0,
      "sl_too_tight": true,
      "atr_5m": 92.8,
      "atr_15m": 224.0,
      "atr_1h": 680.3,
      "atr_4h": 1050.7,
      "is_counter_trend": false,
      "structure_id": null,
      "structure_id_dict": null
    },
    "SHORT": {
      "direction": "SHORT",
      "F1": 8,
      "F2": 0,
      "F2_blocked": false,
      "F3": 5,
      "F4": 0,
      "F4_rr": 1.06,
      "F8": 5,
      "F8_blocked": false,
      "structural_entry": 74397.4,
      "structural_sl": 74769.0,
      "structural_tp": 74000.0,
      "sl_distance": 371.6,
      "min_sl_distance": 250.0,
      "sl_too_tight": false,
      "atr_5m": 92.8,
      "atr_15m": 224.0,
      "atr_1h": 680.3,
      "atr_4h": 1050.7,
      "is_counter_trend": true,
      "structure_id": "1H_NEUTRAL_OB_74409_74919_at_2026-04-14T17:00",
      "structure_id_dict": {
        "tf": "1H",
        "bias_4h": "NEUTRAL",
        "type": "OB",
        "level1": 74409.4,
        "level2": 74919.7,
        "anchor_ts_ms": 1776186000000,
        "anchor_iso": "2026-04-14T17:00"
      }
    }
  },
  "totals": {
    "LONG": {
      "total": 29,
      "grade": "WAIT"
    },
    "SHORT": {
      "total": 27,
      "grade": "WAIT"
    }
  },
  "risk": {
    "equity": 734.79,
    "sod_equity": 734.79,
    "daily_pnl_pct": 0.0,
    "tier": "normal",
    "grade_a_pct": 3.0,
    "grade_aplus_pct": 4.5
  }
}