{
  "time_utc0": "23:05 UTC+0",
  "session": "DEAD",
  "weekday": "Saturday",
  "price": 73080.6,
  "sod_utc0": 72925.7,
  "daily_move_pct": 0.21,
  "daily_move_dir": "UP",
  "pre_checks": {
    "dead_zone": true,
    "saturday": true,
    "rule16_long_blocked": false,
    "rule16_short_blocked": false,
    "rule17_zone": null,
    "rule17_expires_utc0": null,
    "rule12_min_sl": 103.0,
    "bias_4h": "BEARISH",
    "co4h": -579.0,
    "0e_long_needs_aplus": true,
    "0e_short_needs_aplus": false,
    "0f_long_needs_aplus": false,
    "0f_short_needs_aplus": false,
    "0g_doji": false,
    "0g_doji_dir": null,
    "long_needs_aplus": true,
    "short_needs_aplus": false,
    "last_losing_setup": null,
    "last_losing_active": false,
    "last_losing_expired": false,
    "cycle_dedup_blocked_long": false,
    "cycle_dedup_blocked_short": false
  },
  "market": {
    "funding_rate_pct": 0.00684,
    "oi": 3412911.0,
    "oi_delta": -5644.0,
    "atr_5m": 102.8,
    "atr_4h": 890.9
  },
  "scored_factors": {
    "F5_long": 5,
    "F5_short": 5,
    "F6": 0,
    "F6_note": "OI delta -5644 | price vs SOD +155pt \u2192 diverging/liquidation \u2192 F6=0",
    "F7_long": 0,
    "F7_short": 5,
    "F7_cum_delta": -16023.49,
    "F7_threshold": 1669.26,
    "F7_candles_used": 10,
    "F9": 0
  },
  "signal_factors": {
    "LONG": {
      "direction": "LONG",
      "F1": 4,
      "F2": 0,
      "F2_blocked": false,
      "F3": 0,
      "F4": 7,
      "F4_rr": 2.33,
      "F8": 0,
      "F8_blocked": false,
      "structural_entry": 73341.1,
      "structural_sl": 73146.0,
      "structural_tp": 73799.1,
      "sl_distance": 195.1,
      "min_sl_distance": 102.8,
      "sl_too_tight": false,
      "atr_5m": 102.8,
      "atr_15m": 168.7,
      "atr_1h": 319.9,
      "atr_4h": 890.9,
      "is_counter_trend": true,
      "structure_id": null,
      "structure_id_dict": null
    },
    "SHORT": {
      "direction": "SHORT",
      "F1": 0,
      "F2": 0,
      "F2_blocked": false,
      "F3": 0,
      "F4": 0,
      "F4_rr": 0.36,
      "F8": 0,
      "F8_blocked": false,
      "structural_entry": 73341.1,
      "structural_sl": 73819.1,
      "structural_tp": 73166.0,
      "sl_distance": 478.0,
      "min_sl_distance": 102.8,
      "sl_too_tight": false,
      "atr_5m": 102.8,
      "atr_15m": 168.7,
      "atr_1h": 319.9,
      "atr_4h": 890.9,
      "is_counter_trend": false,
      "structure_id": "1H_BULLISH_OB_73559_73799_at_2026-04-11T19:00",
      "structure_id_dict": {
        "tf": "1H",
        "bias_4h": "BULLISH",
        "type": "OB",
        "level1": 73559.2,
        "level2": 73799.1,
        "anchor_ts_ms": 1775934000000,
        "anchor_iso": "2026-04-11T19:00"
      }
    }
  },
  "totals": {
    "LONG": {
      "total": 16,
      "grade": "WAIT"
    },
    "SHORT": {
      "total": 10,
      "grade": "WAIT"
    }
  },
  "risk": {
    "equity": 758.46,
    "sod_equity": 758.46,
    "daily_pnl_pct": 0.0,
    "tier": "normal",
    "grade_a_pct": 3.0,
    "grade_aplus_pct": 4.5
  }
}