{
  "time_utc0": "01:35 UTC+0",
  "session": "ASIA",
  "weekday": "Tuesday",
  "price": 74215.0,
  "sod_utc0": 74385.4,
  "daily_move_pct": -0.23,
  "daily_move_dir": "DOWN",
  "pre_checks": {
    "dead_zone": false,
    "saturday": false,
    "rule16_long_blocked": false,
    "rule16_short_blocked": false,
    "rule17_zone": null,
    "rule17_expires_utc0": null,
    "rule12_min_sl": 250.0,
    "bias_4h": "BEARISH",
    "co4h": -170.4,
    "0e_long_needs_aplus": true,
    "0e_short_needs_aplus": false,
    "0f_long_needs_aplus": false,
    "0f_short_needs_aplus": false,
    "0g_doji": false,
    "0g_doji_dir": null,
    "long_needs_aplus": true,
    "short_needs_aplus": false,
    "last_losing_setup": null,
    "last_losing_active": false,
    "last_losing_expired": false,
    "cycle_dedup_blocked_long": false,
    "cycle_dedup_blocked_short": false
  },
  "market": {
    "funding_rate_pct": 0.0094,
    "oi": 3349446.0,
    "oi_delta": 4336.0,
    "atr_5m": 138.3,
    "atr_4h": 984.4
  },
  "scored_factors": {
    "F5_long": 5,
    "F5_short": 5,
    "F6": 0,
    "F6_note": "OI delta +4336 | price vs SOD -170pt \u2192 diverging/liquidation \u2192 F6=0",
    "F7_long": 0,
    "F7_short": 5,
    "F7_cum_delta": -12595.12,
    "F7_threshold": 4462.32,
    "F7_candles_used": 10,
    "F9": 1
  },
  "signal_factors": {
    "LONG": {
      "direction": "LONG",
      "F1": 0,
      "F2": 7,
      "F2_blocked": false,
      "F3": 0,
      "F4": 0,
      "F4_rr": 1.53,
      "F8": 0,
      "F8_blocked": false,
      "structural_entry": 74268.0,
      "structural_sl": 73873.1,
      "structural_tp": 74876.5,
      "sl_distance": 394.9,
      "min_sl_distance": 250.0,
      "sl_too_tight": false,
      "atr_5m": 138.3,
      "atr_15m": 394.9,
      "atr_1h": 691.6,
      "atr_4h": 984.4,
      "is_counter_trend": true,
      "structure_id": null,
      "structure_id_dict": null
    },
    "SHORT": {
      "direction": "SHORT",
      "F1": 4,
      "F2": 0,
      "F2_blocked": false,
      "F3": 0,
      "F4": 0,
      "F4_rr": 1.25,
      "F8": 0,
      "F8_blocked": false,
      "structural_entry": 74268.0,
      "structural_sl": 74896.5,
      "structural_tp": 73478.1,
      "sl_distance": 628.5,
      "min_sl_distance": 250.0,
      "sl_too_tight": false,
      "atr_5m": 138.3,
      "atr_15m": 394.9,
      "atr_1h": 691.6,
      "atr_4h": 984.4,
      "is_counter_trend": false,
      "structure_id": null,
      "structure_id_dict": null
    }
  },
  "totals": {
    "LONG": {
      "total": 13,
      "grade": "WAIT"
    },
    "SHORT": {
      "total": 15,
      "grade": "WAIT"
    }
  },
  "risk": {
    "equity": 758.46,
    "sod_equity": 758.46,
    "daily_pnl_pct": 0.0,
    "tier": "normal",
    "grade_a_pct": 3.0,
    "grade_aplus_pct": 4.5
  }
}