{
  "time_utc0": "06:50 UTC+0",
  "session": "ASIA",
  "weekday": "Thursday",
  "price": 70910.1,
  "sod_utc0": 71041.8,
  "daily_move_pct": -0.19,
  "daily_move_dir": "DOWN",
  "pre_checks": {
    "dead_zone": false,
    "saturday": false,
    "rule16_long_blocked": false,
    "rule16_short_blocked": false,
    "rule17_zone": null,
    "rule17_expires_utc0": null,
    "rule12_min_sl": 250.0,
    "bias_4h": "NEUTRAL",
    "co4h": -55.6,
    "0e_long_needs_aplus": false,
    "0e_short_needs_aplus": false,
    "0f_long_needs_aplus": false,
    "0f_short_needs_aplus": false,
    "0g_doji": false,
    "0g_doji_dir": null,
    "long_needs_aplus": false,
    "short_needs_aplus": false,
    "last_losing_setup": null,
    "last_losing_active": false,
    "last_losing_expired": false,
    "cycle_dedup_blocked_long": false,
    "cycle_dedup_blocked_short": false
  },
  "market": {
    "funding_rate_pct": 0.00471,
    "oi": 3330991.0,
    "oi_delta": 3933.0,
    "atr_5m": 73.0,
    "atr_4h": 1208.6
  },
  "scored_factors": {
    "F5_long": 5,
    "F5_short": 3,
    "F6": 0,
    "F6_note": "OI delta +3933 | price vs SOD -132pt \u2192 diverging/liquidation \u2192 F6=0",
    "F7_long": 0,
    "F7_short": 5,
    "F7_cum_delta": -12474.5,
    "F7_threshold": 2393.45,
    "F7_candles_used": 10,
    "F9": 1
  },
  "signal_factors": {
    "LONG": {
      "direction": "LONG",
      "F1": 4,
      "F2": 0,
      "F2_blocked": false,
      "F3": 8,
      "F4": 7,
      "F4_rr": 4.48,
      "F8": 0,
      "F8_blocked": false,
      "structural_entry": 70737.0,
      "structural_sl": 70640.7,
      "structural_tp": 71170.0,
      "sl_distance": 96.3,
      "min_sl_distance": 250.0,
      "sl_too_tight": true,
      "atr_5m": 73.0,
      "atr_15m": 152.1,
      "atr_1h": 429.0,
      "atr_4h": 1208.6,
      "is_counter_trend": false,
      "structure_id": null,
      "structure_id_dict": null
    },
    "SHORT": {
      "direction": "SHORT",
      "F1": 4,
      "F2": 0,
      "F2_blocked": false,
      "F3": 8,
      "F4": 0,
      "F4_rr": 1.99,
      "F8": 0,
      "F8_blocked": false,
      "structural_entry": 71013.4,
      "structural_sl": 71190.0,
      "structural_tp": 70660.7,
      "sl_distance": 176.6,
      "min_sl_distance": 250.0,
      "sl_too_tight": true,
      "atr_5m": 73.0,
      "atr_15m": 152.1,
      "atr_1h": 429.0,
      "atr_4h": 1208.6,
      "is_counter_trend": false,
      "structure_id": "1H_NEUTRAL_OB_70863_71179_at_2026-04-08T23:00",
      "structure_id_dict": {
        "tf": "1H",
        "bias_4h": "NEUTRAL",
        "type": "OB",
        "level1": 70863.5,
        "level2": 71179.0,
        "anchor_ts_ms": 1775689200000,
        "anchor_iso": "2026-04-08T23:00"
      }
    }
  },
  "totals": {
    "LONG": {
      "total": 25,
      "grade": "WAIT"
    },
    "SHORT": {
      "total": 21,
      "grade": "WAIT"
    }
  },
  "risk": {
    "equity": 787.74,
    "sod_equity": 787.74,
    "daily_pnl_pct": 0.0,
    "tier": "normal",
    "grade_a_pct": 3.0,
    "grade_aplus_pct": 4.5
  }
}