{
  "time_utc0": "14:55 UTC+0",
  "session": "US",
  "weekday": "Wednesday",
  "price": 74124.9,
  "sod_utc0": 74100.0,
  "daily_move_pct": 0.03,
  "daily_move_dir": "UP",
  "pre_checks": {
    "dead_zone": false,
    "saturday": false,
    "rule16_long_blocked": false,
    "rule16_short_blocked": false,
    "rule17_zone": null,
    "rule17_expires_utc0": null,
    "rule12_min_sl": 200.0,
    "bias_4h": "NEUTRAL",
    "co4h": -38.2,
    "0e_long_needs_aplus": false,
    "0e_short_needs_aplus": false,
    "0f_long_needs_aplus": false,
    "0f_short_needs_aplus": false,
    "0g_doji": false,
    "0g_doji_dir": null,
    "long_needs_aplus": false,
    "short_needs_aplus": false,
    "last_losing_setup": {
      "direction": "SHORT",
      "entry": 74299.2,
      "exit_dt_utc0": "2026-04-15 14:25",
      "expires_at_utc0": "2026-04-15 18:25",
      "structure_id": "1H_BULLISH_OB_74131_74444_at_2026-04-15T12:00",
      "structure_id_dict": {
        "tf": "1H",
        "bias_4h": "BULLISH",
        "type": "OB",
        "level1": 74131.4,
        "level2": 74444.0,
        "anchor_ts_ms": 1776254400000,
        "anchor_iso": "2026-04-15T12:00"
      }
    },
    "last_losing_active": true,
    "last_losing_expired": false,
    "cycle_dedup_blocked_long": false,
    "cycle_dedup_blocked_short": true
  },
  "market": {
    "funding_rate_pct": -0.0062,
    "oi": 3495973.0,
    "oi_delta": 398.0,
    "atr_5m": 200.3,
    "atr_4h": 1061.6
  },
  "scored_factors": {
    "F5_long": 5,
    "F5_short": 5,
    "F6": 3,
    "F6_note": "OI delta +398 | price vs SOD +25pt \u2192 flat \u2192 F6=3",
    "F7_long": 5,
    "F7_short": 0,
    "F7_cum_delta": 17666.35,
    "F7_threshold": 8204.03,
    "F7_candles_used": 10,
    "F9": 5
  },
  "signal_factors": {
    "LONG": {
      "direction": "LONG",
      "F1": 4,
      "F2": 0,
      "F2_blocked": false,
      "F3": 8,
      "F4": 0,
      "F4_rr": 0.68,
      "F8": 5,
      "F8_blocked": false,
      "structural_entry": 74151.1,
      "structural_sl": 73721.4,
      "structural_tp": 74444.0,
      "sl_distance": 429.7,
      "min_sl_distance": 200.3,
      "sl_too_tight": false,
      "atr_5m": 200.3,
      "atr_15m": 268.2,
      "atr_1h": 416.8,
      "atr_4h": 1061.6,
      "is_counter_trend": false,
      "structure_id": "1H_BULLISH_OB_73741_74054_at_2026-04-15T10:00",
      "structure_id_dict": {
        "tf": "1H",
        "bias_4h": "BULLISH",
        "type": "OB",
        "level1": 73741.4,
        "level2": 74054.0,
        "anchor_ts_ms": 1776247200000,
        "anchor_iso": "2026-04-15T10:00"
      }
    },
    "SHORT": {
      "direction": "SHORT",
      "F1": 8,
      "F2": 0,
      "F2_blocked": false,
      "F3": 8,
      "F4": 7,
      "F4_rr": 7.5,
      "F8": 5,
      "F8_blocked": false,
      "structural_entry": 74379.2,
      "structural_sl": 74464.0,
      "structural_tp": 73741.4,
      "sl_distance": 84.8,
      "min_sl_distance": 200.3,
      "sl_too_tight": true,
      "atr_5m": 200.3,
      "atr_15m": 268.2,
      "atr_1h": 416.8,
      "atr_4h": 1061.6,
      "is_counter_trend": false,
      "structure_id": "1H_BULLISH_OB_74131_74444_at_2026-04-15T12:00",
      "structure_id_dict": {
        "tf": "1H",
        "bias_4h": "BULLISH",
        "type": "OB",
        "level1": 74131.4,
        "level2": 74444.0,
        "anchor_ts_ms": 1776254400000,
        "anchor_iso": "2026-04-15T12:00"
      }
    }
  },
  "totals": {
    "LONG": {
      "total": 35,
      "grade": "WAIT"
    },
    "SHORT": {
      "total": 41,
      "grade": "A"
    }
  },
  "risk": {
    "equity": 705.36,
    "sod_equity": 734.79,
    "daily_pnl_pct": -4.0,
    "tier": "normal",
    "grade_a_pct": 3.0,
    "grade_aplus_pct": 4.5
  }
}