{
  "time_utc0": "23:50 UTC+0",
  "session": "DEAD",
  "weekday": "Thursday",
  "price": 71744.3,
  "sod_utc0": 71041.8,
  "daily_move_pct": 0.99,
  "daily_move_dir": "UP",
  "pre_checks": {
    "dead_zone": true,
    "saturday": false,
    "rule16_long_blocked": false,
    "rule16_short_blocked": false,
    "rule17_zone": null,
    "rule17_expires_utc0": null,
    "rule12_min_sl": 190.0,
    "bias_4h": "BEARISH",
    "co4h": -305.9,
    "0e_long_needs_aplus": true,
    "0e_short_needs_aplus": false,
    "0f_long_needs_aplus": false,
    "0f_short_needs_aplus": false,
    "0g_doji": false,
    "0g_doji_dir": null,
    "long_needs_aplus": true,
    "short_needs_aplus": false,
    "last_losing_setup": null,
    "last_losing_active": false,
    "last_losing_expired": false,
    "cycle_dedup_blocked_long": false,
    "cycle_dedup_blocked_short": false
  },
  "market": {
    "funding_rate_pct": 0.00261,
    "oi": 3281011.0,
    "oi_delta": -620.0,
    "atr_5m": 189.6,
    "atr_4h": 1173.9
  },
  "scored_factors": {
    "F5_long": 5,
    "F5_short": 3,
    "F6": 3,
    "F6_note": "OI delta -620 | price vs SOD +702pt \u2192 flat \u2192 F6=3",
    "F7_long": 0,
    "F7_short": 5,
    "F7_cum_delta": -40646.86,
    "F7_threshold": 6959.57,
    "F7_candles_used": 10,
    "F9": 0
  },
  "signal_factors": {
    "LONG": {
      "direction": "LONG",
      "F1": 6,
      "F2": 0,
      "F2_blocked": false,
      "F3": 5,
      "F4": 7,
      "F4_rr": 3.75,
      "F8": 2,
      "F8_blocked": true,
      "structural_entry": 72309.8,
      "structural_sl": 72087.1,
      "structural_tp": 73146.1,
      "sl_distance": 222.7,
      "min_sl_distance": 189.6,
      "sl_too_tight": false,
      "atr_5m": 189.6,
      "atr_15m": 321.4,
      "atr_1h": 635.3,
      "atr_4h": 1173.9,
      "is_counter_trend": true,
      "structure_id": "1H_NEUTRAL_OB_71666_72143_at_2026-04-09T16:00",
      "structure_id_dict": {
        "tf": "1H",
        "bias_4h": "NEUTRAL",
        "type": "OB",
        "level1": 71666.7,
        "level2": 72143.2,
        "anchor_ts_ms": 1775750400000,
        "anchor_iso": "2026-04-09T16:00"
      }
    },
    "SHORT": {
      "direction": "SHORT",
      "F1": 3,
      "F2": 5,
      "F2_blocked": true,
      "F3": 8,
      "F4": 7,
      "F4_rr": 6.53,
      "F8": 2,
      "F8_blocked": true,
      "structural_entry": 73025.6,
      "structural_sl": 73166.1,
      "structural_tp": 72107.1,
      "sl_distance": 140.5,
      "min_sl_distance": 189.6,
      "sl_too_tight": true,
      "atr_5m": 189.6,
      "atr_15m": 321.4,
      "atr_1h": 635.3,
      "atr_4h": 1173.9,
      "is_counter_trend": false,
      "structure_id": "1H_NEUTRAL_OB_72041_72518_at_2026-04-09T17:00",
      "structure_id_dict": {
        "tf": "1H",
        "bias_4h": "NEUTRAL",
        "type": "OB",
        "level1": 72041.8,
        "level2": 72518.3,
        "anchor_ts_ms": 1775754000000,
        "anchor_iso": "2026-04-09T17:00"
      }
    }
  },
  "totals": {
    "LONG": {
      "total": 28,
      "grade": "WAIT"
    },
    "SHORT": {
      "total": 36,
      "grade": "WAIT"
    }
  },
  "risk": {
    "equity": 787.74,
    "sod_equity": 787.74,
    "daily_pnl_pct": 0.0,
    "tier": "normal",
    "grade_a_pct": 3.0,
    "grade_aplus_pct": 4.5
  }
}