{
  "time_utc0": "00:00 UTC+0",
  "session": "ASIA",
  "weekday": "Monday",
  "price": 70717.5,
  "sod_utc0": 70707.9,
  "daily_move_pct": 0.01,
  "daily_move_dir": "UP",
  "pre_checks": {
    "dead_zone": false,
    "saturday": false,
    "rule16_long_blocked": false,
    "rule16_short_blocked": false,
    "rule17_zone": null,
    "rule17_expires_utc0": null,
    "rule12_min_sl": 250.0,
    "bias_4h": "NEUTRAL",
    "co4h": 9.7,
    "0e_long_needs_aplus": false,
    "0e_short_needs_aplus": false,
    "0f_long_needs_aplus": false,
    "0f_short_needs_aplus": false,
    "0g_doji": false,
    "0g_doji_dir": null,
    "long_needs_aplus": false,
    "short_needs_aplus": false,
    "last_losing_setup": null,
    "last_losing_active": false,
    "last_losing_expired": false,
    "cycle_dedup_blocked_long": false,
    "cycle_dedup_blocked_short": false
  },
  "market": {
    "funding_rate_pct": 0.00365,
    "oi": 3302388.0,
    "oi_delta": -0.0,
    "atr_5m": 130.5,
    "atr_4h": 715.8
  },
  "scored_factors": {
    "F5_long": 5,
    "F5_short": 5,
    "F6": 3,
    "F6_note": "OI delta -0 | price vs SOD +10pt \u2192 flat \u2192 F6=3",
    "F7_long": 5,
    "F7_short": 0,
    "F7_cum_delta": 4325.54,
    "F7_threshold": 2240.48,
    "F7_candles_used": 10,
    "F9": 1
  },
  "signal_factors": {
    "LONG": {
      "direction": "LONG",
      "F1": 4,
      "F2": 0,
      "F2_blocked": false,
      "F3": 8,
      "F4": 7,
      "F4_rr": 5.4,
      "F8": 2,
      "F8_blocked": true,
      "structural_entry": 70590.5,
      "structural_sl": 70436.0,
      "structural_tp": 71425.2,
      "sl_distance": 154.5,
      "min_sl_distance": 250.0,
      "sl_too_tight": true,
      "atr_5m": 130.5,
      "atr_15m": 273.2,
      "atr_1h": 339.8,
      "atr_4h": 715.8,
      "is_counter_trend": false,
      "structure_id": null,
      "structure_id_dict": null
    },
    "SHORT": {
      "direction": "SHORT",
      "F1": 8,
      "F2": 0,
      "F2_blocked": false,
      "F3": 8,
      "F4": 0,
      "F4_rr": 0.6,
      "F8": 2,
      "F8_blocked": true,
      "structural_entry": 70827.5,
      "structural_sl": 71445.2,
      "structural_tp": 70456.0,
      "sl_distance": 617.7,
      "min_sl_distance": 250.0,
      "sl_too_tight": false,
      "atr_5m": 130.5,
      "atr_15m": 273.2,
      "atr_1h": 339.8,
      "atr_4h": 715.8,
      "is_counter_trend": false,
      "structure_id": "1H_BEARISH_OB_71170_71425_at_2026-04-12T21:00",
      "structure_id_dict": {
        "tf": "1H",
        "bias_4h": "BEARISH",
        "type": "OB",
        "level1": 71170.3,
        "level2": 71425.2,
        "anchor_ts_ms": 1776027600000,
        "anchor_iso": "2026-04-12T21:00"
      }
    }
  },
  "totals": {
    "LONG": {
      "total": 35,
      "grade": "WAIT"
    },
    "SHORT": {
      "total": 27,
      "grade": "WAIT"
    }
  },
  "risk": {
    "equity": 758.46,
    "sod_equity": 758.46,
    "daily_pnl_pct": 0.0,
    "tier": "normal",
    "grade_a_pct": 3.0,
    "grade_aplus_pct": 4.5
  }
}