{
  "time_utc0": "06:20 UTC+0",
  "session": "ASIA",
  "weekday": "Tuesday",
  "price": 74387.6,
  "sod_utc0": 74385.4,
  "daily_move_pct": 0.0,
  "daily_move_dir": "UP",
  "pre_checks": {
    "dead_zone": false,
    "saturday": false,
    "rule16_long_blocked": false,
    "rule16_short_blocked": false,
    "rule17_zone": null,
    "rule17_expires_utc0": null,
    "rule12_min_sl": 250.0,
    "bias_4h": "NEUTRAL",
    "co4h": -41.8,
    "0e_long_needs_aplus": false,
    "0e_short_needs_aplus": false,
    "0f_long_needs_aplus": false,
    "0f_short_needs_aplus": false,
    "0g_doji": false,
    "0g_doji_dir": null,
    "long_needs_aplus": false,
    "short_needs_aplus": false,
    "last_losing_setup": null,
    "last_losing_active": false,
    "last_losing_expired": false,
    "cycle_dedup_blocked_long": false,
    "cycle_dedup_blocked_short": false
  },
  "market": {
    "funding_rate_pct": 0.01,
    "oi": 3423783.0,
    "oi_delta": -242.0,
    "atr_5m": 66.3,
    "atr_4h": 957.5
  },
  "scored_factors": {
    "F5_long": 3,
    "F5_short": 5,
    "F6": 3,
    "F6_note": "OI delta -242 | price vs SOD +2pt \u2192 flat \u2192 F6=3",
    "F7_long": 5,
    "F7_short": 0,
    "F7_cum_delta": 2156.31,
    "F7_threshold": 2079.28,
    "F7_candles_used": 10,
    "F9": 1
  },
  "signal_factors": {
    "LONG": {
      "direction": "LONG",
      "F1": 3,
      "F2": 3,
      "F2_blocked": true,
      "F3": 8,
      "F4": 7,
      "F4_rr": 20.82,
      "F8": 2,
      "F8_blocked": true,
      "structural_entry": 74172.9,
      "structural_sl": 74191.7,
      "structural_tp": 74567.6,
      "sl_distance": 18.8,
      "min_sl_distance": 250.0,
      "sl_too_tight": true,
      "atr_5m": 66.3,
      "atr_15m": 121.9,
      "atr_1h": 550.9,
      "atr_4h": 957.5,
      "is_counter_trend": false,
      "structure_id": null,
      "structure_id_dict": null
    },
    "SHORT": {
      "direction": "SHORT",
      "F1": 4,
      "F2": 5,
      "F2_blocked": true,
      "F3": 8,
      "F4": 0,
      "F4_rr": 1.41,
      "F8": 2,
      "F8_blocked": true,
      "structural_entry": 74433.2,
      "structural_sl": 74587.6,
      "structural_tp": 74211.7,
      "sl_distance": 154.4,
      "min_sl_distance": 250.0,
      "sl_too_tight": true,
      "atr_5m": 66.3,
      "atr_15m": 121.9,
      "atr_1h": 550.9,
      "atr_4h": 957.5,
      "is_counter_trend": false,
      "structure_id": null,
      "structure_id_dict": null
    }
  },
  "totals": {
    "LONG": {
      "total": 35,
      "grade": "WAIT"
    },
    "SHORT": {
      "total": 28,
      "grade": "WAIT"
    }
  },
  "risk": {
    "equity": 758.46,
    "sod_equity": 758.46,
    "daily_pnl_pct": 0.0,
    "tier": "normal",
    "grade_a_pct": 3.0,
    "grade_aplus_pct": 4.5
  }
}