{
  "time_utc0": "17:30 UTC+0",
  "session": "US",
  "weekday": "Sunday",
  "price": 70967.9,
  "sod_utc0": 73014.7,
  "daily_move_pct": -2.8,
  "daily_move_dir": "DOWN",
  "pre_checks": {
    "dead_zone": false,
    "saturday": false,
    "rule16_long_blocked": false,
    "rule16_short_blocked": false,
    "rule17_zone": null,
    "rule17_expires_utc0": null,
    "rule12_min_sl": 100.0,
    "bias_4h": "NEUTRAL",
    "co4h": 98.4,
    "0e_long_needs_aplus": false,
    "0e_short_needs_aplus": false,
    "0f_long_needs_aplus": false,
    "0f_short_needs_aplus": false,
    "0g_doji": false,
    "0g_doji_dir": null,
    "long_needs_aplus": false,
    "short_needs_aplus": false,
    "last_losing_setup": null,
    "last_losing_active": false,
    "last_losing_expired": false,
    "cycle_dedup_blocked_long": false,
    "cycle_dedup_blocked_short": false
  },
  "market": {
    "funding_rate_pct": 0.00734,
    "oi": 3326898.0,
    "oi_delta": -1522.0,
    "atr_5m": 62.5,
    "atr_4h": 778.0
  },
  "scored_factors": {
    "F5_long": 5,
    "F5_short": 5,
    "F6": 5,
    "F6_note": "OI delta -1522 | price vs SOD -2047pt \u2192 accumulation \u2192 F6=5",
    "F7_long": 5,
    "F7_short": 0,
    "F7_cum_delta": 27537.39,
    "F7_threshold": 1752.42,
    "F7_candles_used": 10,
    "F9": 5
  },
  "signal_factors": {
    "LONG": {
      "direction": "LONG",
      "F1": 4,
      "F2": 5,
      "F2_blocked": true,
      "F3": 8,
      "F4": 0,
      "F4_rr": 1.68,
      "F8": 0,
      "F8_blocked": false,
      "structural_entry": 70745.6,
      "structural_sl": 70550.0,
      "structural_tp": 71076.2,
      "sl_distance": 195.6,
      "min_sl_distance": 100.0,
      "sl_too_tight": false,
      "atr_5m": 62.5,
      "atr_15m": 156.9,
      "atr_1h": 261.2,
      "atr_4h": 778.0,
      "is_counter_trend": false,
      "structure_id": "1H_BEARISH_OB_71411_71606_at_2026-04-12T04:00",
      "structure_id_dict": {
        "tf": "1H",
        "bias_4h": "BEARISH",
        "type": "OB",
        "level1": 71411.0,
        "level2": 71606.9,
        "anchor_ts_ms": 1775966400000,
        "anchor_iso": "2026-04-12T04:00"
      }
    },
    "SHORT": {
      "direction": "SHORT",
      "F1": 6,
      "F2": 7,
      "F2_blocked": false,
      "F3": 8,
      "F4": 0,
      "F4_rr": 0.57,
      "F8": 0,
      "F8_blocked": false,
      "structural_entry": 70762.5,
      "structural_sl": 71096.2,
      "structural_tp": 70570.0,
      "sl_distance": 333.7,
      "min_sl_distance": 100.0,
      "sl_too_tight": false,
      "atr_5m": 62.5,
      "atr_15m": 156.9,
      "atr_1h": 261.2,
      "atr_4h": 778.0,
      "is_counter_trend": false,
      "structure_id": "1H_BEARISH_OB_71387_71519_at_2026-04-12T11:00",
      "structure_id_dict": {
        "tf": "1H",
        "bias_4h": "BEARISH",
        "type": "OB",
        "level1": 71387.8,
        "level2": 71519.7,
        "anchor_ts_ms": 1775991600000,
        "anchor_iso": "2026-04-12T11:00"
      }
    }
  },
  "totals": {
    "LONG": {
      "total": 37,
      "grade": "WAIT"
    },
    "SHORT": {
      "total": 36,
      "grade": "WAIT"
    }
  },
  "risk": {
    "equity": 758.46,
    "sod_equity": 758.46,
    "daily_pnl_pct": 0.0,
    "tier": "normal",
    "grade_a_pct": 3.0,
    "grade_aplus_pct": 4.5
  }
}