{
  "time_utc0": "08:50 UTC+0",
  "session": "EU",
  "weekday": "Thursday",
  "price": 71230.1,
  "sod_utc0": 71041.8,
  "daily_move_pct": 0.27,
  "daily_move_dir": "UP",
  "pre_checks": {
    "dead_zone": false,
    "saturday": false,
    "rule16_long_blocked": false,
    "rule16_short_blocked": false,
    "rule17_zone": null,
    "rule17_expires_utc0": null,
    "rule12_min_sl": 100.0,
    "bias_4h": "BULLISH",
    "co4h": 280.1,
    "0e_long_needs_aplus": false,
    "0e_short_needs_aplus": true,
    "0f_long_needs_aplus": false,
    "0f_short_needs_aplus": false,
    "0g_doji": false,
    "0g_doji_dir": null,
    "long_needs_aplus": false,
    "short_needs_aplus": true,
    "last_losing_setup": null,
    "last_losing_active": false,
    "last_losing_expired": false,
    "cycle_dedup_blocked_long": false,
    "cycle_dedup_blocked_short": false
  },
  "market": {
    "funding_rate_pct": 0.00489,
    "oi": 3338747.0,
    "oi_delta": 7927.0,
    "atr_5m": 96.0,
    "atr_4h": 1119.1
  },
  "scored_factors": {
    "F5_long": 5,
    "F5_short": 3,
    "F6": 5,
    "F6_note": "OI delta +7927 | price vs SOD +188pt \u2192 accumulation \u2192 F6=5",
    "F7_long": 5,
    "F7_short": 0,
    "F7_cum_delta": 95453.72,
    "F7_threshold": 4982.98,
    "F7_candles_used": 10,
    "F9": 3
  },
  "signal_factors": {
    "LONG": {
      "direction": "LONG",
      "F1": 0,
      "F2": 5,
      "F2_blocked": true,
      "F3": 0,
      "F4": 0,
      "F4_rr": 0.33,
      "F8": 2,
      "F8_blocked": true,
      "structural_entry": 71304.8,
      "structural_sl": 70640.7,
      "structural_tp": 71086.2,
      "sl_distance": 664.1,
      "min_sl_distance": 100.0,
      "sl_too_tight": false,
      "atr_5m": 96.0,
      "atr_15m": 153.8,
      "atr_1h": 391.6,
      "atr_4h": 1119.1,
      "is_counter_trend": false,
      "structure_id": null,
      "structure_id_dict": null
    },
    "SHORT": {
      "direction": "SHORT",
      "F1": 3,
      "F2": 0,
      "F2_blocked": false,
      "F3": 5,
      "F4": 7,
      "F4_rr": 4.71,
      "F8": 2,
      "F8_blocked": true,
      "structural_entry": 71028.5,
      "structural_sl": 71106.2,
      "structural_tp": 70660.7,
      "sl_distance": 77.7,
      "min_sl_distance": 100.0,
      "sl_too_tight": true,
      "atr_5m": 96.0,
      "atr_15m": 153.8,
      "atr_1h": 391.6,
      "atr_4h": 1119.1,
      "is_counter_trend": true,
      "structure_id": "1H_NEUTRAL_OB_70885_71179_at_2026-04-08T23:00",
      "structure_id_dict": {
        "tf": "1H",
        "bias_4h": "NEUTRAL",
        "type": "OB",
        "level1": 70885.3,
        "level2": 71179.0,
        "anchor_ts_ms": 1775689200000,
        "anchor_iso": "2026-04-08T23:00"
      }
    }
  },
  "totals": {
    "LONG": {
      "total": 25,
      "grade": "WAIT"
    },
    "SHORT": {
      "total": 28,
      "grade": "WAIT"
    }
  },
  "risk": {
    "equity": 787.74,
    "sod_equity": 787.74,
    "daily_pnl_pct": 0.0,
    "tier": "normal",
    "grade_a_pct": 3.0,
    "grade_aplus_pct": 4.5
  }
}