{
  "time_utc0": "08:55 UTC+0",
  "session": "EU",
  "weekday": "Monday",
  "price": 70639.9,
  "sod_utc0": 70707.9,
  "daily_move_pct": -0.1,
  "daily_move_dir": "DOWN",
  "pre_checks": {
    "dead_zone": false,
    "saturday": false,
    "rule16_long_blocked": false,
    "rule16_short_blocked": false,
    "rule17_zone": null,
    "rule17_expires_utc0": null,
    "rule12_min_sl": 100.0,
    "bias_4h": "BEARISH",
    "co4h": -171.6,
    "0e_long_needs_aplus": true,
    "0e_short_needs_aplus": false,
    "0f_long_needs_aplus": false,
    "0f_short_needs_aplus": false,
    "0g_doji": false,
    "0g_doji_dir": null,
    "long_needs_aplus": true,
    "short_needs_aplus": false,
    "last_losing_setup": null,
    "last_losing_active": false,
    "last_losing_expired": false,
    "cycle_dedup_blocked_long": false,
    "cycle_dedup_blocked_short": false
  },
  "market": {
    "funding_rate_pct": 0.00829,
    "oi": 3383597.0,
    "oi_delta": 1861.0,
    "atr_5m": 81.7,
    "atr_4h": 680.2
  },
  "scored_factors": {
    "F5_long": 5,
    "F5_short": 5,
    "F6": 0,
    "F6_note": "OI delta +1861 | price vs SOD -68pt \u2192 diverging/liquidation \u2192 F6=0",
    "F7_long": 0,
    "F7_short": 5,
    "F7_cum_delta": -41417.25,
    "F7_threshold": 2782.34,
    "F7_candles_used": 10,
    "F9": 3
  },
  "signal_factors": {
    "LONG": {
      "direction": "LONG",
      "F1": 3,
      "F2": 0,
      "F2_blocked": false,
      "F3": 5,
      "F4": 7,
      "F4_rr": 5.82,
      "F8": 0,
      "F8_blocked": false,
      "structural_entry": 70690.4,
      "structural_sl": 70617.2,
      "structural_tp": 71120.0,
      "sl_distance": 73.2,
      "min_sl_distance": 100.0,
      "sl_too_tight": true,
      "atr_5m": 81.7,
      "atr_15m": 142.0,
      "atr_1h": 351.4,
      "atr_4h": 680.2,
      "is_counter_trend": true,
      "structure_id": "1H_BEARISH_OB_70637_70893_at_2026-04-13T05:00",
      "structure_id_dict": {
        "tf": "1H",
        "bias_4h": "BEARISH",
        "type": "OB",
        "level1": 70637.2,
        "level2": 70893.5,
        "anchor_ts_ms": 1776056400000,
        "anchor_iso": "2026-04-13T05:00"
      }
    },
    "SHORT": {
      "direction": "SHORT",
      "F1": 4,
      "F2": 5,
      "F2_blocked": true,
      "F3": 8,
      "F4": 0,
      "F4_rr": 0.27,
      "F8": 0,
      "F8_blocked": false,
      "structural_entry": 70745.3,
      "structural_sl": 71140.0,
      "structural_tp": 70637.2,
      "sl_distance": 394.7,
      "min_sl_distance": 100.0,
      "sl_too_tight": false,
      "atr_5m": 81.7,
      "atr_15m": 142.0,
      "atr_1h": 351.4,
      "atr_4h": 680.2,
      "is_counter_trend": false,
      "structure_id": "1H_BEARISH_OB_71161_71425_at_2026-04-12T21:00",
      "structure_id_dict": {
        "tf": "1H",
        "bias_4h": "BEARISH",
        "type": "OB",
        "level1": 71161.6,
        "level2": 71425.2,
        "anchor_ts_ms": 1776027600000,
        "anchor_iso": "2026-04-12T21:00"
      }
    }
  },
  "totals": {
    "LONG": {
      "total": 23,
      "grade": "WAIT"
    },
    "SHORT": {
      "total": 30,
      "grade": "WAIT"
    }
  },
  "risk": {
    "equity": 758.46,
    "sod_equity": 758.46,
    "daily_pnl_pct": 0.0,
    "tier": "normal",
    "grade_a_pct": 3.0,
    "grade_aplus_pct": 4.5
  }
}