{
  "time_utc0": "19:30 UTC+0",
  "session": "US",
  "weekday": "Wednesday",
  "price": 71099.6,
  "sod_utc0": 71904.7,
  "daily_move_pct": -1.12,
  "daily_move_dir": "DOWN",
  "pre_checks": {
    "dead_zone": false,
    "saturday": false,
    "rule16_long_blocked": false,
    "rule16_short_blocked": false,
    "rule17_zone": null,
    "rule17_expires_utc0": null,
    "rule12_min_sl": 152.0,
    "bias_4h": "BEARISH",
    "co4h": -165.7,
    "0e_long_needs_aplus": true,
    "0e_short_needs_aplus": false,
    "0f_long_needs_aplus": false,
    "0f_short_needs_aplus": false,
    "0g_doji": false,
    "0g_doji_dir": null,
    "long_needs_aplus": true,
    "short_needs_aplus": false,
    "last_losing_setup": null,
    "last_losing_active": false,
    "last_losing_expired": false,
    "cycle_dedup_blocked_long": false,
    "cycle_dedup_blocked_short": false
  },
  "market": {
    "funding_rate_pct": 0.00325,
    "oi": 3337087.0,
    "oi_delta": -331.0,
    "atr_5m": 152.0,
    "atr_4h": 1250.6
  },
  "scored_factors": {
    "F5_long": 5,
    "F5_short": 3,
    "F6": 3,
    "F6_note": "OI delta -331 | price vs SOD -805pt \u2192 flat \u2192 F6=3",
    "F7_long": 0,
    "F7_short": 5,
    "F7_cum_delta": -105946.97,
    "F7_threshold": 4435.67,
    "F7_candles_used": 10,
    "F9": 5
  },
  "signal_factors": {
    "LONG": {
      "direction": "LONG",
      "F1": 0,
      "F2": 0,
      "F2_blocked": false,
      "F3": 5,
      "F4": 0,
      "F4_rr": 0.44,
      "F8": 2,
      "F8_blocked": true,
      "structural_entry": 71539.8,
      "structural_sl": 70650.0,
      "structural_tp": 71929.9,
      "sl_distance": 889.8,
      "min_sl_distance": 152.0,
      "sl_too_tight": false,
      "atr_5m": 152.0,
      "atr_15m": 263.7,
      "atr_1h": 542.3,
      "atr_4h": 1250.6,
      "is_counter_trend": true,
      "structure_id": "1H_BEARISH_OB_70670_71076_at_2026-04-08T14:00",
      "structure_id_dict": {
        "tf": "1H",
        "bias_4h": "BEARISH",
        "type": "OB",
        "level1": 70670.0,
        "level2": 71076.7,
        "anchor_ts_ms": 1775656800000,
        "anchor_iso": "2026-04-08T14:00"
      }
    },
    "SHORT": {
      "direction": "SHORT",
      "F1": 4,
      "F2": 5,
      "F2_blocked": true,
      "F3": 8,
      "F4": 7,
      "F4_rr": 10.5,
      "F8": 2,
      "F8_blocked": true,
      "structural_entry": 71838.8,
      "structural_sl": 71949.9,
      "structural_tp": 70670.0,
      "sl_distance": 111.1,
      "min_sl_distance": 152.0,
      "sl_too_tight": true,
      "atr_5m": 152.0,
      "atr_15m": 263.7,
      "atr_1h": 542.3,
      "atr_4h": 1250.6,
      "is_counter_trend": false,
      "structure_id": "1H_BEARISH_OB_71523_71929_at_2026-04-08T17:00",
      "structure_id_dict": {
        "tf": "1H",
        "bias_4h": "BEARISH",
        "type": "OB",
        "level1": 71523.2,
        "level2": 71929.9,
        "anchor_ts_ms": 1775667600000,
        "anchor_iso": "2026-04-08T17:00"
      }
    }
  },
  "totals": {
    "LONG": {
      "total": 20,
      "grade": "WAIT"
    },
    "SHORT": {
      "total": 42,
      "grade": "A"
    }
  },
  "risk": {
    "equity": 787.74,
    "sod_equity": 787.74,
    "daily_pnl_pct": 0.0,
    "tier": "normal",
    "grade_a_pct": 3.0,
    "grade_aplus_pct": 4.5
  }
}