{
  "time_utc0": "15:20 UTC+0",
  "session": "US",
  "weekday": "Friday",
  "price": 72977.5,
  "sod_utc0": 71759.1,
  "daily_move_pct": 1.7,
  "daily_move_dir": "UP",
  "pre_checks": {
    "dead_zone": false,
    "saturday": false,
    "rule16_long_blocked": false,
    "rule16_short_blocked": false,
    "rule17_zone": null,
    "rule17_expires_utc0": null,
    "rule12_min_sl": 221.0,
    "bias_4h": "BULLISH",
    "co4h": 883.6,
    "0e_long_needs_aplus": false,
    "0e_short_needs_aplus": true,
    "0f_long_needs_aplus": false,
    "0f_short_needs_aplus": false,
    "0g_doji": false,
    "0g_doji_dir": null,
    "long_needs_aplus": false,
    "short_needs_aplus": true,
    "last_losing_setup": null,
    "last_losing_active": false,
    "last_losing_expired": false,
    "cycle_dedup_blocked_long": false,
    "cycle_dedup_blocked_short": false
  },
  "market": {
    "funding_rate_pct": -0.00175,
    "oi": 3351980.0,
    "oi_delta": 1835.0,
    "atr_5m": 221.0,
    "atr_4h": 993.9
  },
  "scored_factors": {
    "F5_long": 5,
    "F5_short": 5,
    "F6": 5,
    "F6_note": "OI delta +1835 | price vs SOD +1218pt \u2192 accumulation \u2192 F6=5",
    "F7_long": 0,
    "F7_short": 5,
    "F7_cum_delta": -29943.09,
    "F7_threshold": 9426.3,
    "F7_candles_used": 10,
    "F9": 5
  },
  "signal_factors": {
    "LONG": {
      "direction": "LONG",
      "F1": 6,
      "F2": 7,
      "F2_blocked": false,
      "F3": 8,
      "F4": 7,
      "F4_rr": 8.39,
      "F8": 0,
      "F8_blocked": false,
      "structural_entry": 71984.7,
      "structural_sl": 71848.8,
      "structural_tp": 73125.5,
      "sl_distance": 135.9,
      "min_sl_distance": 221.0,
      "sl_too_tight": true,
      "atr_5m": 221.0,
      "atr_15m": 309.0,
      "atr_1h": 425.7,
      "atr_4h": 993.9,
      "is_counter_trend": false,
      "structure_id": null,
      "structure_id_dict": null
    },
    "SHORT": {
      "direction": "SHORT",
      "F1": 4,
      "F2": 0,
      "F2_blocked": false,
      "F3": 3,
      "F4": 7,
      "F4_rr": 62.8,
      "F8": 0,
      "F8_blocked": false,
      "structural_entry": 73125.5,
      "structural_sl": 73145.5,
      "structural_tp": 71868.8,
      "sl_distance": 20.0,
      "min_sl_distance": 221.0,
      "sl_too_tight": true,
      "atr_5m": 221.0,
      "atr_15m": 309.0,
      "atr_1h": 425.7,
      "atr_4h": 993.9,
      "is_counter_trend": true,
      "structure_id": "1H_BULLISH_OB_71960_72258_at_2026-04-10T05:00",
      "structure_id_dict": {
        "tf": "1H",
        "bias_4h": "BULLISH",
        "type": "OB",
        "level1": 71960.4,
        "level2": 72258.0,
        "anchor_ts_ms": 1775797200000,
        "anchor_iso": "2026-04-10T05:00"
      }
    }
  },
  "totals": {
    "LONG": {
      "total": 43,
      "grade": "A"
    },
    "SHORT": {
      "total": 34,
      "grade": "WAIT"
    }
  },
  "risk": {
    "equity": 787.74,
    "sod_equity": 787.74,
    "daily_pnl_pct": 0.0,
    "tier": "normal",
    "grade_a_pct": 3.0,
    "grade_aplus_pct": 4.5
  }
}