{
  "time_utc0": "16:25 UTC+0",
  "session": "US",
  "weekday": "Tuesday",
  "price": 75168.0,
  "sod_utc0": 74385.4,
  "daily_move_pct": 1.05,
  "daily_move_dir": "UP",
  "pre_checks": {
    "dead_zone": false,
    "saturday": false,
    "rule16_long_blocked": false,
    "rule16_short_blocked": false,
    "rule17_zone": null,
    "rule17_expires_utc0": null,
    "rule12_min_sl": 195.0,
    "bias_4h": "BEARISH",
    "co4h": -112.4,
    "0e_long_needs_aplus": true,
    "0e_short_needs_aplus": false,
    "0f_long_needs_aplus": false,
    "0f_short_needs_aplus": false,
    "0g_doji": false,
    "0g_doji_dir": null,
    "long_needs_aplus": true,
    "short_needs_aplus": false,
    "last_losing_setup": null,
    "last_losing_active": false,
    "last_losing_expired": false,
    "cycle_dedup_blocked_long": false,
    "cycle_dedup_blocked_short": false
  },
  "market": {
    "funding_rate_pct": -0.00576,
    "oi": 3610557.0,
    "oi_delta": -556.0,
    "atr_5m": 195.1,
    "atr_4h": 966.3
  },
  "scored_factors": {
    "F5_long": 5,
    "F5_short": 5,
    "F6": 3,
    "F6_note": "OI delta -556 | price vs SOD +783pt \u2192 flat \u2192 F6=3",
    "F7_long": 5,
    "F7_short": 0,
    "F7_cum_delta": 101292.36,
    "F7_threshold": 9153.81,
    "F7_candles_used": 10,
    "F9": 5
  },
  "signal_factors": {
    "LONG": {
      "direction": "LONG",
      "F1": 4,
      "F2": 7,
      "F2_blocked": false,
      "F3": 5,
      "F4": 10,
      "F4_rr": 4.09,
      "F8": 5,
      "F8_blocked": false,
      "structural_entry": 74577.2,
      "structural_sl": 74230.0,
      "structural_tp": 76000.0,
      "sl_distance": 347.2,
      "min_sl_distance": 195.1,
      "sl_too_tight": false,
      "atr_5m": 195.1,
      "atr_15m": 415.4,
      "atr_1h": 459.8,
      "atr_4h": 966.3,
      "is_counter_trend": true,
      "structure_id": null,
      "structure_id_dict": null
    },
    "SHORT": {
      "direction": "SHORT",
      "F1": 4,
      "F2": 0,
      "F2_blocked": false,
      "F3": 8,
      "F4": 10,
      "F4_rr": 3.88,
      "F8": 5,
      "F8_blocked": false,
      "structural_entry": 75657.8,
      "structural_sl": 76020.0,
      "structural_tp": 74250.0,
      "sl_distance": 362.2,
      "min_sl_distance": 195.1,
      "sl_too_tight": false,
      "atr_5m": 195.1,
      "atr_15m": 415.4,
      "atr_1h": 459.8,
      "atr_4h": 966.3,
      "is_counter_trend": false,
      "structure_id": "1H_BULLISH_OB_75143_75488_at_2026-04-14T13:00",
      "structure_id_dict": {
        "tf": "1H",
        "bias_4h": "BULLISH",
        "type": "OB",
        "level1": 75143.2,
        "level2": 75488.0,
        "anchor_ts_ms": 1776171600000,
        "anchor_iso": "2026-04-14T13:00"
      }
    }
  },
  "totals": {
    "LONG": {
      "total": 49,
      "grade": "A"
    },
    "SHORT": {
      "total": 40,
      "grade": "A"
    }
  },
  "risk": {
    "equity": 758.46,
    "sod_equity": 758.46,
    "daily_pnl_pct": 0.0,
    "tier": "normal",
    "grade_a_pct": 3.0,
    "grade_aplus_pct": 4.5
  }
}