{
  "time_utc0": "13:32 UTC+0",
  "session": "US",
  "weekday": "Wednesday",
  "price": 72185.1,
  "sod_utc0": 71904.7,
  "daily_move_pct": 0.39,
  "daily_move_dir": "UP",
  "pre_checks": {
    "dead_zone": false,
    "saturday": false,
    "rule16_long_blocked": false,
    "rule16_short_blocked": false,
    "rule17_zone": null,
    "rule17_expires_utc0": null,
    "rule12_min_sl": 215.0,
    "bias_4h": "BULLISH",
    "co4h": 521.6,
    "0e_long_needs_aplus": false,
    "0e_short_needs_aplus": true,
    "0f_long_needs_aplus": false,
    "0f_short_needs_aplus": false,
    "0g_doji": false,
    "0g_doji_dir": null,
    "long_needs_aplus": false,
    "short_needs_aplus": true,
    "last_losing_setup": null,
    "last_losing_active": false,
    "last_losing_expired": false,
    "cycle_dedup_blocked_long": false,
    "cycle_dedup_blocked_short": false
  },
  "market": {
    "funding_rate_pct": 0.01,
    "oi": 3372369.0,
    "oi_delta": 46912.0,
    "atr_5m": 214.7,
    "atr_4h": 1135.2
  },
  "scored_factors": {
    "F5_long": 3,
    "F5_short": 3,
    "F6": 5,
    "F6_note": "OI delta +46912 | price vs SOD +280pt \u2192 accumulation \u2192 F6=5",
    "F7_long": 5,
    "F7_short": 0,
    "F7_cum_delta": 363105.27,
    "F7_threshold": 19356.59,
    "F7_candles_used": 10,
    "F9": 5
  },
  "signal_factors": {
    "LONG": {
      "direction": "LONG",
      "F1": 8,
      "F2": 7,
      "F2_blocked": false,
      "F3": 8,
      "F4": 0,
      "F4_rr": 1.08,
      "F8": 0,
      "F8_blocked": false,
      "structural_entry": 71653.6,
      "structural_sl": 71368.0,
      "structural_tp": 71965.1,
      "sl_distance": 285.6,
      "min_sl_distance": 214.7,
      "sl_too_tight": false,
      "atr_5m": 214.7,
      "atr_15m": 262.9,
      "atr_1h": 463.9,
      "atr_4h": 1135.2,
      "is_counter_trend": false,
      "structure_id": null,
      "structure_id_dict": null
    },
    "SHORT": {
      "direction": "SHORT",
      "F1": 4,
      "F2": 0,
      "F2_blocked": false,
      "F3": 5,
      "F4": 0,
      "F4_rr": 1.89,
      "F8": 0,
      "F8_blocked": false,
      "structural_entry": 72655.5,
      "structural_sl": 71985.1,
      "structural_tp": 71388.0,
      "sl_distance": 670.4,
      "min_sl_distance": 214.7,
      "sl_too_tight": false,
      "atr_5m": 214.7,
      "atr_15m": 262.9,
      "atr_1h": 463.9,
      "atr_4h": 1135.2,
      "is_counter_trend": true,
      "structure_id": "1H_NEUTRAL_OB_72426_72773_at_2026-04-07T23:00",
      "structure_id_dict": {
        "tf": "1H",
        "bias_4h": "NEUTRAL",
        "type": "OB",
        "level1": 72426.0,
        "level2": 72773.9,
        "anchor_ts_ms": 1775602800000,
        "anchor_iso": "2026-04-07T23:00"
      }
    }
  },
  "totals": {
    "LONG": {
      "total": 41,
      "grade": "A"
    },
    "SHORT": {
      "total": 22,
      "grade": "WAIT"
    }
  },
  "risk": {
    "equity": 787.74,
    "sod_equity": 787.74,
    "daily_pnl_pct": 0.0,
    "tier": "normal",
    "grade_a_pct": 3.0,
    "grade_aplus_pct": 4.5
  }
}