{
  "time_utc0": "04:20 UTC+0",
  "session": "ASIA",
  "weekday": "Wednesday",
  "price": 74275.9,
  "sod_utc0": 74100.0,
  "daily_move_pct": 0.24,
  "daily_move_dir": "UP",
  "pre_checks": {
    "dead_zone": false,
    "saturday": false,
    "rule16_long_blocked": false,
    "rule16_short_blocked": false,
    "rule17_zone": null,
    "rule17_expires_utc0": null,
    "rule12_min_sl": 250.0,
    "bias_4h": "NEUTRAL",
    "co4h": -1.6,
    "0e_long_needs_aplus": false,
    "0e_short_needs_aplus": false,
    "0f_long_needs_aplus": false,
    "0f_short_needs_aplus": false,
    "0g_doji": false,
    "0g_doji_dir": null,
    "long_needs_aplus": false,
    "short_needs_aplus": false,
    "last_losing_setup": null,
    "last_losing_active": false,
    "last_losing_expired": false,
    "cycle_dedup_blocked_long": false,
    "cycle_dedup_blocked_short": false
  },
  "market": {
    "funding_rate_pct": -0.01,
    "oi": 3521321.0,
    "oi_delta": 473.0,
    "atr_5m": 69.4,
    "atr_4h": 1069.2
  },
  "scored_factors": {
    "F5_long": 5,
    "F5_short": 5,
    "F6": 3,
    "F6_note": "OI delta +473 | price vs SOD +176pt \u2192 flat \u2192 F6=3",
    "F7_long": 5,
    "F7_short": 0,
    "F7_cum_delta": 1737.41,
    "F7_threshold": 1588.14,
    "F7_candles_used": 10,
    "F9": 1
  },
  "signal_factors": {
    "LONG": {
      "direction": "LONG",
      "F1": 4,
      "F2": 0,
      "F2_blocked": false,
      "F3": 3,
      "F4": 0,
      "F4_rr": 0.9,
      "F8": 5,
      "F8_blocked": false,
      "structural_entry": 74444.6,
      "structural_sl": 74110.0,
      "structural_tp": 74749.0,
      "sl_distance": 334.6,
      "min_sl_distance": 250.0,
      "sl_too_tight": false,
      "atr_5m": 69.4,
      "atr_15m": 182.0,
      "atr_1h": 614.6,
      "atr_4h": 1069.2,
      "is_counter_trend": false,
      "structure_id": null,
      "structure_id_dict": null
    },
    "SHORT": {
      "direction": "SHORT",
      "F1": 8,
      "F2": 0,
      "F2_blocked": false,
      "F3": 8,
      "F4": 0,
      "F4_rr": 0.71,
      "F8": 5,
      "F8_blocked": false,
      "structural_entry": 74397.4,
      "structural_sl": 74769.0,
      "structural_tp": 74130.0,
      "sl_distance": 371.6,
      "min_sl_distance": 250.0,
      "sl_too_tight": false,
      "atr_5m": 69.4,
      "atr_15m": 182.0,
      "atr_1h": 614.6,
      "atr_4h": 1069.2,
      "is_counter_trend": false,
      "structure_id": "1H_BULLISH_OB_74458_74919_at_2026-04-14T17:00",
      "structure_id_dict": {
        "tf": "1H",
        "bias_4h": "BULLISH",
        "type": "OB",
        "level1": 74458.8,
        "level2": 74919.7,
        "anchor_ts_ms": 1776186000000,
        "anchor_iso": "2026-04-14T17:00"
      }
    }
  },
  "totals": {
    "LONG": {
      "total": 26,
      "grade": "WAIT"
    },
    "SHORT": {
      "total": 30,
      "grade": "WAIT"
    }
  },
  "risk": {
    "equity": 734.79,
    "sod_equity": 734.79,
    "daily_pnl_pct": 0.0,
    "tier": "normal",
    "grade_a_pct": 3.0,
    "grade_aplus_pct": 4.5
  }
}