{
  "time_utc0": "01:20 UTC+0",
  "session": "ASIA",
  "weekday": "Saturday",
  "price": 72716.8,
  "sod_utc0": 72925.7,
  "daily_move_pct": -0.29,
  "daily_move_dir": "DOWN",
  "pre_checks": {
    "dead_zone": false,
    "saturday": true,
    "rule16_long_blocked": false,
    "rule16_short_blocked": false,
    "rule17_zone": null,
    "rule17_expires_utc0": null,
    "rule12_min_sl": 250.0,
    "bias_4h": "BEARISH",
    "co4h": -208.9,
    "0e_long_needs_aplus": true,
    "0e_short_needs_aplus": false,
    "0f_long_needs_aplus": false,
    "0f_short_needs_aplus": false,
    "0g_doji": false,
    "0g_doji_dir": null,
    "long_needs_aplus": true,
    "short_needs_aplus": false,
    "last_losing_setup": null,
    "last_losing_active": false,
    "last_losing_expired": false,
    "cycle_dedup_blocked_long": false,
    "cycle_dedup_blocked_short": false
  },
  "market": {
    "funding_rate_pct": -0.00039,
    "oi": 3387578.0,
    "oi_delta": 401.0,
    "atr_5m": 64.5,
    "atr_4h": 969.2
  },
  "scored_factors": {
    "F5_long": 5,
    "F5_short": 5,
    "F6": 3,
    "F6_note": "OI delta +401 | price vs SOD -209pt \u2192 flat \u2192 F6=3",
    "F7_long": 0,
    "F7_short": 5,
    "F7_cum_delta": -33995.52,
    "F7_threshold": 1494.12,
    "F7_candles_used": 10,
    "F9": 1
  },
  "signal_factors": {
    "LONG": {
      "direction": "LONG",
      "F1": 6,
      "F2": 0,
      "F2_blocked": false,
      "F3": 5,
      "F4": 7,
      "F4_rr": 7.12,
      "F8": 0,
      "F8_blocked": false,
      "structural_entry": 72727.7,
      "structural_sl": 72658.5,
      "structural_tp": 73220.0,
      "sl_distance": 69.2,
      "min_sl_distance": 250.0,
      "sl_too_tight": true,
      "atr_5m": 64.5,
      "atr_15m": 131.1,
      "atr_1h": 483.7,
      "atr_4h": 969.2,
      "is_counter_trend": true,
      "structure_id": "1H_BEARISH_OB_72285_72648_at_2026-04-10T15:00",
      "structure_id_dict": {
        "tf": "1H",
        "bias_4h": "BEARISH",
        "type": "OB",
        "level1": 72285.8,
        "level2": 72648.6,
        "anchor_ts_ms": 1775833200000,
        "anchor_iso": "2026-04-10T15:00"
      }
    },
    "SHORT": {
      "direction": "SHORT",
      "F1": 4,
      "F2": 3,
      "F2_blocked": true,
      "F3": 10,
      "F4": 0,
      "F4_rr": 0.66,
      "F8": 0,
      "F8_blocked": false,
      "structural_entry": 72902.7,
      "structural_sl": 73240.0,
      "structural_tp": 72678.5,
      "sl_distance": 337.3,
      "min_sl_distance": 250.0,
      "sl_too_tight": false,
      "atr_5m": 64.5,
      "atr_15m": 131.1,
      "atr_1h": 483.7,
      "atr_4h": 969.2,
      "is_counter_trend": false,
      "structure_id": "1H_BEARISH_OB_72762_73125_at_2026-04-10T14:00",
      "structure_id_dict": {
        "tf": "1H",
        "bias_4h": "BEARISH",
        "type": "OB",
        "level1": 72762.7,
        "level2": 73125.5,
        "anchor_ts_ms": 1775829600000,
        "anchor_iso": "2026-04-10T14:00"
      }
    }
  },
  "totals": {
    "LONG": {
      "total": 27,
      "grade": "WAIT"
    },
    "SHORT": {
      "total": 31,
      "grade": "WAIT"
    }
  },
  "risk": {
    "equity": 758.46,
    "sod_equity": 758.46,
    "daily_pnl_pct": 0.0,
    "tier": "normal",
    "grade_a_pct": 3.0,
    "grade_aplus_pct": 4.5
  }
}