{
  "time_utc0": "12:20 UTC+0",
  "session": "EU",
  "weekday": "Friday",
  "price": 72137.8,
  "sod_utc0": 71759.1,
  "daily_move_pct": 0.53,
  "daily_move_dir": "UP",
  "pre_checks": {
    "dead_zone": false,
    "saturday": false,
    "rule16_long_blocked": false,
    "rule16_short_blocked": false,
    "rule17_zone": null,
    "rule17_expires_utc0": null,
    "rule12_min_sl": 100.0,
    "bias_4h": "NEUTRAL",
    "co4h": 53.0,
    "0e_long_needs_aplus": false,
    "0e_short_needs_aplus": false,
    "0f_long_needs_aplus": false,
    "0f_short_needs_aplus": false,
    "0g_doji": false,
    "0g_doji_dir": null,
    "long_needs_aplus": false,
    "short_needs_aplus": false,
    "last_losing_setup": null,
    "last_losing_active": false,
    "last_losing_expired": false,
    "cycle_dedup_blocked_long": false,
    "cycle_dedup_blocked_short": false
  },
  "market": {
    "funding_rate_pct": -0.00051,
    "oi": 3282878.0,
    "oi_delta": 3292.0,
    "atr_5m": 91.6,
    "atr_4h": 993.9
  },
  "scored_factors": {
    "F5_long": 5,
    "F5_short": 3,
    "F6": 5,
    "F6_note": "OI delta +3292 | price vs SOD +379pt \u2192 accumulation \u2192 F6=5",
    "F7_long": 0,
    "F7_short": 5,
    "F7_cum_delta": -23021.08,
    "F7_threshold": 3929.52,
    "F7_candles_used": 10,
    "F9": 3
  },
  "signal_factors": {
    "LONG": {
      "direction": "LONG",
      "F1": 4,
      "F2": 0,
      "F2_blocked": false,
      "F3": 8,
      "F4": 10,
      "F4_rr": 4.78,
      "F8": 2,
      "F8_blocked": true,
      "structural_entry": 71516.3,
      "structural_sl": 71368.9,
      "structural_tp": 72222.0,
      "sl_distance": 147.4,
      "min_sl_distance": 100.0,
      "sl_too_tight": false,
      "atr_5m": 91.6,
      "atr_15m": 142.3,
      "atr_1h": 445.9,
      "atr_4h": 993.9,
      "is_counter_trend": false,
      "structure_id": "1H_BULLISH_OB_71541_71876_at_2026-04-09T23:00",
      "structure_id_dict": {
        "tf": "1H",
        "bias_4h": "BULLISH",
        "type": "OB",
        "level1": 71541.9,
        "level2": 71876.3,
        "anchor_ts_ms": 1775775600000,
        "anchor_iso": "2026-04-09T23:00"
      }
    },
    "SHORT": {
      "direction": "SHORT",
      "F1": 0,
      "F2": 3,
      "F2_blocked": true,
      "F3": 0,
      "F4": 10,
      "F4_rr": 3.25,
      "F8": 2,
      "F8_blocked": true,
      "structural_entry": 72041.2,
      "structural_sl": 72242.0,
      "structural_tp": 71388.9,
      "sl_distance": 200.8,
      "min_sl_distance": 100.0,
      "sl_too_tight": false,
      "atr_5m": 91.6,
      "atr_15m": 142.3,
      "atr_1h": 445.9,
      "atr_4h": 993.9,
      "is_counter_trend": false,
      "structure_id": "1H_BULLISH_OB_71960_72258_at_2026-04-10T05:00",
      "structure_id_dict": {
        "tf": "1H",
        "bias_4h": "BULLISH",
        "type": "OB",
        "level1": 71960.4,
        "level2": 72258.0,
        "anchor_ts_ms": 1775797200000,
        "anchor_iso": "2026-04-10T05:00"
      }
    }
  },
  "totals": {
    "LONG": {
      "total": 37,
      "grade": "WAIT"
    },
    "SHORT": {
      "total": 31,
      "grade": "WAIT"
    }
  },
  "risk": {
    "equity": 787.74,
    "sod_equity": 787.74,
    "daily_pnl_pct": 0.0,
    "tier": "normal",
    "grade_a_pct": 3.0,
    "grade_aplus_pct": 4.5
  }
}