{
  "time_utc0": "08:50 UTC+0",
  "session": "EU",
  "weekday": "Sunday",
  "price": 71578.6,
  "sod_utc0": 73014.7,
  "daily_move_pct": -1.97,
  "daily_move_dir": "DOWN",
  "pre_checks": {
    "dead_zone": false,
    "saturday": false,
    "rule16_long_blocked": false,
    "rule16_short_blocked": false,
    "rule17_zone": null,
    "rule17_expires_utc0": null,
    "rule12_min_sl": 100.0,
    "bias_4h": "NEUTRAL",
    "co4h": -57.3,
    "0e_long_needs_aplus": false,
    "0e_short_needs_aplus": false,
    "0f_long_needs_aplus": false,
    "0f_short_needs_aplus": false,
    "0g_doji": false,
    "0g_doji_dir": null,
    "long_needs_aplus": false,
    "short_needs_aplus": false,
    "last_losing_setup": null,
    "last_losing_active": false,
    "last_losing_expired": false,
    "cycle_dedup_blocked_long": false,
    "cycle_dedup_blocked_short": false
  },
  "market": {
    "funding_rate_pct": -0.00424,
    "oi": 3244896.0,
    "oi_delta": -4369.0,
    "atr_5m": 60.9,
    "atr_4h": 800.1
  },
  "scored_factors": {
    "F5_long": 5,
    "F5_short": 5,
    "F6": 5,
    "F6_note": "OI delta -4369 | price vs SOD -1436pt \u2192 accumulation \u2192 F6=5",
    "F7_long": 0,
    "F7_short": 5,
    "F7_cum_delta": -29873.11,
    "F7_threshold": 2069.87,
    "F7_candles_used": 10,
    "F9": 3
  },
  "signal_factors": {
    "LONG": {
      "direction": "LONG",
      "F1": 4,
      "F2": 0,
      "F2_blocked": false,
      "F3": 8,
      "F4": 0,
      "F4_rr": 0.53,
      "F8": 0,
      "F8_blocked": false,
      "structural_entry": 71614.7,
      "structural_sl": 71360.0,
      "structural_tp": 71750.0,
      "sl_distance": 254.7,
      "min_sl_distance": 100.0,
      "sl_too_tight": false,
      "atr_5m": 60.9,
      "atr_15m": 103.2,
      "atr_1h": 476.4,
      "atr_4h": 800.1,
      "is_counter_trend": false,
      "structure_id": "1H_NEUTRAL_OB_71270_71627_at_2026-04-12T01:00",
      "structure_id_dict": {
        "tf": "1H",
        "bias_4h": "NEUTRAL",
        "type": "OB",
        "level1": 71270.2,
        "level2": 71627.5,
        "anchor_ts_ms": 1775955600000,
        "anchor_iso": "2026-04-12T01:00"
      }
    },
    "SHORT": {
      "direction": "SHORT",
      "F1": 3,
      "F2": 0,
      "F2_blocked": false,
      "F3": 3,
      "F4": 7,
      "F4_rr": 6.77,
      "F8": 0,
      "F8_blocked": false,
      "structural_entry": 71720.0,
      "structural_sl": 71770.0,
      "structural_tp": 71380.0,
      "sl_distance": 50.0,
      "min_sl_distance": 100.0,
      "sl_too_tight": true,
      "atr_5m": 60.9,
      "atr_15m": 103.2,
      "atr_1h": 476.4,
      "atr_4h": 800.1,
      "is_counter_trend": false,
      "structure_id": "1H_NEUTRAL_OB_72823_73088_at_2026-04-12T00:00",
      "structure_id_dict": {
        "tf": "1H",
        "bias_4h": "NEUTRAL",
        "type": "OB",
        "level1": 72823.4,
        "level2": 73088.0,
        "anchor_ts_ms": 1775952000000,
        "anchor_iso": "2026-04-12T00:00"
      }
    }
  },
  "totals": {
    "LONG": {
      "total": 25,
      "grade": "WAIT"
    },
    "SHORT": {
      "total": 31,
      "grade": "WAIT"
    }
  },
  "risk": {
    "equity": 758.46,
    "sod_equity": 758.46,
    "daily_pnl_pct": 0.0,
    "tier": "normal",
    "grade_a_pct": 3.0,
    "grade_aplus_pct": 4.5
  }
}