{
  "time_utc0": "21:00 UTC+0",
  "session": "DEAD",
  "weekday": "Friday",
  "price": 73321.2,
  "sod_utc0": 71759.1,
  "daily_move_pct": 2.18,
  "daily_move_dir": "UP",
  "pre_checks": {
    "dead_zone": true,
    "saturday": false,
    "rule16_long_blocked": false,
    "rule16_short_blocked": false,
    "rule17_zone": null,
    "rule17_expires_utc0": null,
    "rule12_min_sl": 143.0,
    "bias_4h": "BULLISH",
    "co4h": 126.8,
    "0e_long_needs_aplus": false,
    "0e_short_needs_aplus": true,
    "0f_long_needs_aplus": false,
    "0f_short_needs_aplus": false,
    "0g_doji": false,
    "0g_doji_dir": null,
    "long_needs_aplus": false,
    "short_needs_aplus": true,
    "last_losing_setup": null,
    "last_losing_active": false,
    "last_losing_expired": false,
    "cycle_dedup_blocked_long": false,
    "cycle_dedup_blocked_short": false
  },
  "market": {
    "funding_rate_pct": -0.00011,
    "oi": 3376938.0,
    "oi_delta": -695.0,
    "atr_5m": 143.1,
    "atr_4h": 1071.6
  },
  "scored_factors": {
    "F5_long": 5,
    "F5_short": 5,
    "F6": 3,
    "F6_note": "OI delta -695 | price vs SOD +1562pt \u2192 flat \u2192 F6=3",
    "F7_long": 2,
    "F7_short": 2,
    "F7_cum_delta": 134.07,
    "F7_threshold": 3947.38,
    "F7_candles_used": 10,
    "F9": 0
  },
  "signal_factors": {
    "LONG": {
      "direction": "LONG",
      "F1": 4,
      "F2": 7,
      "F2_blocked": false,
      "F3": 10,
      "F4": 0,
      "F4_rr": 0.63,
      "F8": 0,
      "F8_blocked": false,
      "structural_entry": 73054.8,
      "structural_sl": 72748.1,
      "structural_tp": 73248.8,
      "sl_distance": 306.7,
      "min_sl_distance": 143.1,
      "sl_too_tight": false,
      "atr_5m": 143.1,
      "atr_15m": 225.4,
      "atr_1h": 479.8,
      "atr_4h": 1071.6,
      "is_counter_trend": false,
      "structure_id": "1H_BULLISH_OB_72285_72645_at_2026-04-10T15:00",
      "structure_id_dict": {
        "tf": "1H",
        "bias_4h": "BULLISH",
        "type": "OB",
        "level1": 72285.8,
        "level2": 72645.6,
        "anchor_ts_ms": 1775833200000,
        "anchor_iso": "2026-04-10T15:00"
      }
    },
    "SHORT": {
      "direction": "SHORT",
      "F1": 6,
      "F2": 0,
      "F2_blocked": false,
      "F3": 5,
      "F4": 7,
      "F4_rr": 2.99,
      "F8": 0,
      "F8_blocked": false,
      "structural_entry": 73143.4,
      "structural_sl": 73268.8,
      "structural_tp": 72768.1,
      "sl_distance": 125.4,
      "min_sl_distance": 143.1,
      "sl_too_tight": true,
      "atr_5m": 143.1,
      "atr_15m": 225.4,
      "atr_1h": 479.8,
      "atr_4h": 1071.6,
      "is_counter_trend": true,
      "structure_id": "1H_BULLISH_OB_72765_73125_at_2026-04-10T14:00",
      "structure_id_dict": {
        "tf": "1H",
        "bias_4h": "BULLISH",
        "type": "OB",
        "level1": 72765.7,
        "level2": 73125.5,
        "anchor_ts_ms": 1775829600000,
        "anchor_iso": "2026-04-10T14:00"
      }
    }
  },
  "totals": {
    "LONG": {
      "total": 31,
      "grade": "WAIT"
    },
    "SHORT": {
      "total": 28,
      "grade": "WAIT"
    }
  },
  "risk": {
    "equity": 758.46,
    "sod_equity": 787.74,
    "daily_pnl_pct": -3.72,
    "tier": "normal",
    "grade_a_pct": 3.0,
    "grade_aplus_pct": 4.5
  }
}