{
  "time_utc0": "11:00 UTC+0",
  "session": "EU",
  "weekday": "Thursday",
  "price": 71246.5,
  "sod_utc0": 71041.8,
  "daily_move_pct": 0.29,
  "daily_move_dir": "UP",
  "pre_checks": {
    "dead_zone": false,
    "saturday": false,
    "rule16_long_blocked": false,
    "rule16_short_blocked": false,
    "rule17_zone": null,
    "rule17_expires_utc0": null,
    "rule12_min_sl": 100.0,
    "bias_4h": "BULLISH",
    "co4h": 292.7,
    "0e_long_needs_aplus": false,
    "0e_short_needs_aplus": true,
    "0f_long_needs_aplus": false,
    "0f_short_needs_aplus": false,
    "0g_doji": false,
    "0g_doji_dir": null,
    "long_needs_aplus": false,
    "short_needs_aplus": true,
    "last_losing_setup": null,
    "last_losing_active": false,
    "last_losing_expired": false,
    "cycle_dedup_blocked_long": false,
    "cycle_dedup_blocked_short": false
  },
  "market": {
    "funding_rate_pct": 0.00443,
    "oi": 3352595.0,
    "oi_delta": -105.0,
    "atr_5m": 81.7,
    "atr_4h": 1119.1
  },
  "scored_factors": {
    "F5_long": 5,
    "F5_short": 3,
    "F6": 3,
    "F6_note": "OI delta -105 | price vs SOD +205pt \u2192 flat \u2192 F6=3",
    "F7_long": 0,
    "F7_short": 5,
    "F7_cum_delta": -20407.88,
    "F7_threshold": 1915.9,
    "F7_candles_used": 10,
    "F9": 3
  },
  "signal_factors": {
    "LONG": {
      "direction": "LONG",
      "F1": 0,
      "F2": 7,
      "F2_blocked": false,
      "F3": 8,
      "F4": 0,
      "F4_rr": 0.64,
      "F8": 2,
      "F8_blocked": true,
      "structural_entry": 71237.9,
      "structural_sl": 70758.6,
      "structural_tp": 71548.0,
      "sl_distance": 479.3,
      "min_sl_distance": 100.0,
      "sl_too_tight": false,
      "atr_5m": 81.7,
      "atr_15m": 192.4,
      "atr_1h": 383.2,
      "atr_4h": 1119.1,
      "is_counter_trend": false,
      "structure_id": null,
      "structure_id_dict": null
    },
    "SHORT": {
      "direction": "SHORT",
      "F1": 4,
      "F2": 3,
      "F2_blocked": true,
      "F3": 5,
      "F4": 7,
      "F4_rr": 2.85,
      "F8": 2,
      "F8_blocked": true,
      "structural_entry": 71363.3,
      "structural_sl": 71568.0,
      "structural_tp": 70778.6,
      "sl_distance": 204.7,
      "min_sl_distance": 100.0,
      "sl_too_tight": false,
      "atr_5m": 81.7,
      "atr_15m": 192.4,
      "atr_1h": 383.2,
      "atr_4h": 1119.1,
      "is_counter_trend": true,
      "structure_id": "1H_NEUTRAL_OB_70891_71179_at_2026-04-08T23:00",
      "structure_id_dict": {
        "tf": "1H",
        "bias_4h": "NEUTRAL",
        "type": "OB",
        "level1": 70891.6,
        "level2": 71179.0,
        "anchor_ts_ms": 1775689200000,
        "anchor_iso": "2026-04-08T23:00"
      }
    }
  },
  "totals": {
    "LONG": {
      "total": 28,
      "grade": "WAIT"
    },
    "SHORT": {
      "total": 35,
      "grade": "WAIT"
    }
  },
  "risk": {
    "equity": 787.74,
    "sod_equity": 787.74,
    "daily_pnl_pct": 0.0,
    "tier": "normal",
    "grade_a_pct": 3.0,
    "grade_aplus_pct": 4.5
  }
}