{
  "time_utc0": "02:40 UTC+0",
  "session": "ASIA",
  "weekday": "Sunday",
  "price": 71791.2,
  "sod_utc0": 73014.7,
  "daily_move_pct": -1.68,
  "daily_move_dir": "DOWN",
  "pre_checks": {
    "dead_zone": false,
    "saturday": false,
    "rule16_long_blocked": false,
    "rule16_short_blocked": false,
    "rule17_zone": null,
    "rule17_expires_utc0": null,
    "rule12_min_sl": 466.0,
    "bias_4h": "BEARISH",
    "co4h": -1223.6,
    "0e_long_needs_aplus": true,
    "0e_short_needs_aplus": false,
    "0f_long_needs_aplus": false,
    "0f_short_needs_aplus": false,
    "0g_doji": false,
    "0g_doji_dir": null,
    "long_needs_aplus": true,
    "short_needs_aplus": false,
    "last_losing_setup": null,
    "last_losing_active": false,
    "last_losing_expired": false,
    "cycle_dedup_blocked_long": false,
    "cycle_dedup_blocked_short": false
  },
  "market": {
    "funding_rate_pct": 0.00137,
    "oi": 3290483.0,
    "oi_delta": 732.0,
    "atr_5m": 310.7,
    "atr_4h": 817.9
  },
  "scored_factors": {
    "F5_long": 5,
    "F5_short": 5,
    "F6": 3,
    "F6_note": "OI delta +732 | price vs SOD -1224pt \u2192 flat \u2192 F6=3",
    "F7_long": 0,
    "F7_short": 5,
    "F7_cum_delta": -21839.5,
    "F7_threshold": 13215.75,
    "F7_candles_used": 10,
    "F9": 1
  },
  "signal_factors": {
    "LONG": {
      "direction": "LONG",
      "F1": 4,
      "F2": 0,
      "F2_blocked": false,
      "F3": 5,
      "F4": 7,
      "F4_rr": 15.42,
      "F8": 2,
      "F8_blocked": true,
      "structural_entry": 71390.0,
      "structural_sl": 71250.2,
      "structural_tp": 73546.3,
      "sl_distance": 139.8,
      "min_sl_distance": 466.0,
      "sl_too_tight": true,
      "atr_5m": 310.7,
      "atr_15m": 319.4,
      "atr_1h": 463.8,
      "atr_4h": 817.9,
      "is_counter_trend": true,
      "structure_id": null,
      "structure_id_dict": null
    },
    "SHORT": {
      "direction": "SHORT",
      "F1": 4,
      "F2": 7,
      "F2_blocked": false,
      "F3": 8,
      "F4": 0,
      "F4_rr": 0.85,
      "F8": 2,
      "F8_blocked": true,
      "structural_entry": 72328.5,
      "structural_sl": 73566.3,
      "structural_tp": 71270.2,
      "sl_distance": 1237.8,
      "min_sl_distance": 466.0,
      "sl_too_tight": false,
      "atr_5m": 310.7,
      "atr_15m": 319.4,
      "atr_1h": 463.8,
      "atr_4h": 817.9,
      "is_counter_trend": false,
      "structure_id": "1H_BEARISH_OB_72823_73088_at_2026-04-12T00:00",
      "structure_id_dict": {
        "tf": "1H",
        "bias_4h": "BEARISH",
        "type": "OB",
        "level1": 72823.4,
        "level2": 73088.0,
        "anchor_ts_ms": 1775952000000,
        "anchor_iso": "2026-04-12T00:00"
      }
    }
  },
  "totals": {
    "LONG": {
      "total": 27,
      "grade": "WAIT"
    },
    "SHORT": {
      "total": 35,
      "grade": "WAIT"
    }
  },
  "risk": {
    "equity": 758.46,
    "sod_equity": 758.46,
    "daily_pnl_pct": 0.0,
    "tier": "normal",
    "grade_a_pct": 3.0,
    "grade_aplus_pct": 4.5
  }
}