{
  "time_utc0": "12:55 UTC+0",
  "session": "EU",
  "weekday": "Tuesday",
  "price": 74363.6,
  "sod_utc0": 74385.4,
  "daily_move_pct": -0.03,
  "daily_move_dir": "DOWN",
  "pre_checks": {
    "dead_zone": false,
    "saturday": false,
    "rule16_long_blocked": false,
    "rule16_short_blocked": false,
    "rule17_zone": null,
    "rule17_expires_utc0": null,
    "rule12_min_sl": 102.0,
    "bias_4h": "NEUTRAL",
    "co4h": 13.6,
    "0e_long_needs_aplus": false,
    "0e_short_needs_aplus": false,
    "0f_long_needs_aplus": false,
    "0f_short_needs_aplus": false,
    "0g_doji": false,
    "0g_doji_dir": null,
    "long_needs_aplus": false,
    "short_needs_aplus": false,
    "last_losing_setup": null,
    "last_losing_active": false,
    "last_losing_expired": false,
    "cycle_dedup_blocked_long": false,
    "cycle_dedup_blocked_short": false
  },
  "market": {
    "funding_rate_pct": 0.00555,
    "oi": 3477252.0,
    "oi_delta": -121.0,
    "atr_5m": 101.7,
    "atr_4h": 867.7
  },
  "scored_factors": {
    "F5_long": 5,
    "F5_short": 5,
    "F6": 3,
    "F6_note": "OI delta -121 | price vs SOD -22pt \u2192 flat \u2192 F6=3",
    "F7_long": 0,
    "F7_short": 5,
    "F7_cum_delta": -15167.82,
    "F7_threshold": 2550.95,
    "F7_candles_used": 10,
    "F9": 3
  },
  "signal_factors": {
    "LONG": {
      "direction": "LONG",
      "F1": 0,
      "F2": 0,
      "F2_blocked": false,
      "F3": 8,
      "F4": 7,
      "F4_rr": 2.54,
      "F8": 2,
      "F8_blocked": true,
      "structural_entry": 74438.4,
      "structural_sl": 74269.1,
      "structural_tp": 74870.0,
      "sl_distance": 169.3,
      "min_sl_distance": 101.7,
      "sl_too_tight": false,
      "atr_5m": 101.7,
      "atr_15m": 138.3,
      "atr_1h": 442.5,
      "atr_4h": 867.7,
      "is_counter_trend": false,
      "structure_id": "1H_BEARISH_OB_74127_74407_at_2026-04-14T05:00",
      "structure_id_dict": {
        "tf": "1H",
        "bias_4h": "BEARISH",
        "type": "OB",
        "level1": 74127.2,
        "level2": 74407.0,
        "anchor_ts_ms": 1776142800000,
        "anchor_iso": "2026-04-14T05:00"
      }
    },
    "SHORT": {
      "direction": "SHORT",
      "F1": 0,
      "F2": 5,
      "F2_blocked": true,
      "F3": 8,
      "F4": 0,
      "F4_rr": 0.15,
      "F8": 2,
      "F8_blocked": true,
      "structural_entry": 74370.1,
      "structural_sl": 74890.0,
      "structural_tp": 74289.1,
      "sl_distance": 519.9,
      "min_sl_distance": 101.7,
      "sl_too_tight": false,
      "atr_5m": 101.7,
      "atr_15m": 138.3,
      "atr_1h": 442.5,
      "atr_4h": 867.7,
      "is_counter_trend": false,
      "structure_id": "1H_BEARISH_OB_74538_74870_at_2026-04-14T08:00",
      "structure_id_dict": {
        "tf": "1H",
        "bias_4h": "BEARISH",
        "type": "OB",
        "level1": 74538.1,
        "level2": 74870.0,
        "anchor_ts_ms": 1776153600000,
        "anchor_iso": "2026-04-14T08:00"
      }
    }
  },
  "totals": {
    "LONG": {
      "total": 28,
      "grade": "WAIT"
    },
    "SHORT": {
      "total": 31,
      "grade": "WAIT"
    }
  },
  "risk": {
    "equity": 758.46,
    "sod_equity": 758.46,
    "daily_pnl_pct": 0.0,
    "tier": "normal",
    "grade_a_pct": 3.0,
    "grade_aplus_pct": 4.5
  }
}