{
  "time_utc0": "04:10 UTC+0",
  "session": "ASIA",
  "weekday": "Monday",
  "price": 70917.4,
  "sod_utc0": 70707.9,
  "daily_move_pct": 0.3,
  "daily_move_dir": "UP",
  "pre_checks": {
    "dead_zone": false,
    "saturday": false,
    "rule16_long_blocked": false,
    "rule16_short_blocked": false,
    "rule17_zone": null,
    "rule17_expires_utc0": null,
    "rule12_min_sl": 250.0,
    "bias_4h": "NEUTRAL",
    "co4h": -32.7,
    "0e_long_needs_aplus": false,
    "0e_short_needs_aplus": false,
    "0f_long_needs_aplus": false,
    "0f_short_needs_aplus": false,
    "0g_doji": false,
    "0g_doji_dir": null,
    "long_needs_aplus": false,
    "short_needs_aplus": false,
    "last_losing_setup": null,
    "last_losing_active": false,
    "last_losing_expired": false,
    "cycle_dedup_blocked_long": false,
    "cycle_dedup_blocked_short": false
  },
  "market": {
    "funding_rate_pct": 0.00819,
    "oi": 3334349.0,
    "oi_delta": -3373.0,
    "atr_5m": 77.8,
    "atr_4h": 700.9
  },
  "scored_factors": {
    "F5_long": 5,
    "F5_short": 5,
    "F6": 0,
    "F6_note": "OI delta -3373 | price vs SOD +210pt \u2192 diverging/liquidation \u2192 F6=0",
    "F7_long": 0,
    "F7_short": 5,
    "F7_cum_delta": -19972.8,
    "F7_threshold": 2068.11,
    "F7_candles_used": 10,
    "F9": 1
  },
  "signal_factors": {
    "LONG": {
      "direction": "LONG",
      "F1": 4,
      "F2": 0,
      "F2_blocked": false,
      "F3": 8,
      "F4": 0,
      "F4_rr": 0.49,
      "F8": 2,
      "F8_blocked": true,
      "structural_entry": 71020.1,
      "structural_sl": 70510.1,
      "structural_tp": 71273.1,
      "sl_distance": 510.0,
      "min_sl_distance": 250.0,
      "sl_too_tight": false,
      "atr_5m": 77.8,
      "atr_15m": 172.0,
      "atr_1h": 356.3,
      "atr_4h": 700.9,
      "is_counter_trend": false,
      "structure_id": "1H_BULLISH_OB_70530_70797_at_2026-04-12T23:00",
      "structure_id_dict": {
        "tf": "1H",
        "bias_4h": "BULLISH",
        "type": "OB",
        "level1": 70530.1,
        "level2": 70797.3,
        "anchor_ts_ms": 1776034800000,
        "anchor_iso": "2026-04-12T23:00"
      }
    },
    "SHORT": {
      "direction": "SHORT",
      "F1": 4,
      "F2": 5,
      "F2_blocked": true,
      "F3": 8,
      "F4": 10,
      "F4_rr": 5.5,
      "F8": 2,
      "F8_blocked": true,
      "structural_entry": 71176.2,
      "structural_sl": 71293.1,
      "structural_tp": 70530.1,
      "sl_distance": 116.9,
      "min_sl_distance": 250.0,
      "sl_too_tight": true,
      "atr_5m": 77.8,
      "atr_15m": 172.0,
      "atr_1h": 356.3,
      "atr_4h": 700.9,
      "is_counter_trend": false,
      "structure_id": "1H_BULLISH_OB_71158_71425_at_2026-04-12T21:00",
      "structure_id_dict": {
        "tf": "1H",
        "bias_4h": "BULLISH",
        "type": "OB",
        "level1": 71158.0,
        "level2": 71425.2,
        "anchor_ts_ms": 1776027600000,
        "anchor_iso": "2026-04-12T21:00"
      }
    }
  },
  "totals": {
    "LONG": {
      "total": 20,
      "grade": "WAIT"
    },
    "SHORT": {
      "total": 40,
      "grade": "A"
    }
  },
  "risk": {
    "equity": 758.46,
    "sod_equity": 758.46,
    "daily_pnl_pct": 0.0,
    "tier": "normal",
    "grade_a_pct": 3.0,
    "grade_aplus_pct": 4.5
  }
}