{
  "time_utc0": "16:20 UTC+0",
  "session": "US",
  "weekday": "Saturday",
  "price": 72888.5,
  "sod_utc0": 72925.7,
  "daily_move_pct": -0.05,
  "daily_move_dir": "DOWN",
  "pre_checks": {
    "dead_zone": false,
    "saturday": true,
    "rule16_long_blocked": false,
    "rule16_short_blocked": false,
    "rule17_zone": null,
    "rule17_expires_utc0": null,
    "rule12_min_sl": 100.0,
    "bias_4h": "NEUTRAL",
    "co4h": 62.0,
    "0e_long_needs_aplus": false,
    "0e_short_needs_aplus": false,
    "0f_long_needs_aplus": false,
    "0f_short_needs_aplus": false,
    "0g_doji": false,
    "0g_doji_dir": null,
    "long_needs_aplus": false,
    "short_needs_aplus": false,
    "last_losing_setup": null,
    "last_losing_active": false,
    "last_losing_expired": false,
    "cycle_dedup_blocked_long": false,
    "cycle_dedup_blocked_short": false
  },
  "market": {
    "funding_rate_pct": 0.0058,
    "oi": 3378606.0,
    "oi_delta": -4385.0,
    "atr_5m": 66.3,
    "atr_4h": 870.0
  },
  "scored_factors": {
    "F5_long": 5,
    "F5_short": 5,
    "F6": 5,
    "F6_note": "OI delta -4385 | price vs SOD -37pt \u2192 accumulation \u2192 F6=5",
    "F7_long": 5,
    "F7_short": 0,
    "F7_cum_delta": 38567.55,
    "F7_threshold": 1884.01,
    "F7_candles_used": 10,
    "F9": 5
  },
  "signal_factors": {
    "LONG": {
      "direction": "LONG",
      "F1": 3,
      "F2": 3,
      "F2_blocked": true,
      "F3": 8,
      "F4": 7,
      "F4_rr": 6.13,
      "F8": 0,
      "F8_blocked": false,
      "structural_entry": 72529.7,
      "structural_sl": 72460.4,
      "structural_tp": 72956.5,
      "sl_distance": 69.3,
      "min_sl_distance": 100.0,
      "sl_too_tight": true,
      "atr_5m": 66.3,
      "atr_15m": 131.4,
      "atr_1h": 214.3,
      "atr_4h": 870.0,
      "is_counter_trend": false,
      "structure_id": "1H_NEUTRAL_OB_72480_72641_at_2026-04-11T13:00",
      "structure_id_dict": {
        "tf": "1H",
        "bias_4h": "NEUTRAL",
        "type": "OB",
        "level1": 72480.4,
        "level2": 72641.1,
        "anchor_ts_ms": 1775912400000,
        "anchor_iso": "2026-04-11T13:00"
      }
    },
    "SHORT": {
      "direction": "SHORT",
      "F1": 6,
      "F2": 0,
      "F2_blocked": false,
      "F3": 10,
      "F4": 7,
      "F4_rr": 2.26,
      "F8": 0,
      "F8_blocked": false,
      "structural_entry": 72824.8,
      "structural_sl": 72976.5,
      "structural_tp": 72480.4,
      "sl_distance": 151.7,
      "min_sl_distance": 100.0,
      "sl_too_tight": false,
      "atr_5m": 66.3,
      "atr_15m": 131.4,
      "atr_1h": 214.3,
      "atr_4h": 870.0,
      "is_counter_trend": false,
      "structure_id": "1H_NEUTRAL_OB_72795_72956_at_2026-04-11T12:00",
      "structure_id_dict": {
        "tf": "1H",
        "bias_4h": "NEUTRAL",
        "type": "OB",
        "level1": 72795.8,
        "level2": 72956.5,
        "anchor_ts_ms": 1775908800000,
        "anchor_iso": "2026-04-11T12:00"
      }
    }
  },
  "totals": {
    "LONG": {
      "total": 41,
      "grade": "A"
    },
    "SHORT": {
      "total": 38,
      "grade": "WAIT"
    }
  },
  "risk": {
    "equity": 758.46,
    "sod_equity": 758.46,
    "daily_pnl_pct": 0.0,
    "tier": "normal",
    "grade_a_pct": 3.0,
    "grade_aplus_pct": 4.5
  }
}