{
  "time_utc0": "06:25 UTC+0",
  "session": "ASIA",
  "weekday": "Friday",
  "price": 71955.1,
  "sod_utc0": 71759.1,
  "daily_move_pct": 0.27,
  "daily_move_dir": "UP",
  "pre_checks": {
    "dead_zone": false,
    "saturday": false,
    "rule16_long_blocked": false,
    "rule16_short_blocked": false,
    "rule17_zone": null,
    "rule17_expires_utc0": null,
    "rule12_min_sl": 250.0,
    "bias_4h": "BULLISH",
    "co4h": 116.8,
    "0e_long_needs_aplus": false,
    "0e_short_needs_aplus": true,
    "0f_long_needs_aplus": false,
    "0f_short_needs_aplus": false,
    "0g_doji": false,
    "0g_doji_dir": null,
    "long_needs_aplus": false,
    "short_needs_aplus": true,
    "last_losing_setup": null,
    "last_losing_active": false,
    "last_losing_expired": false,
    "cycle_dedup_blocked_long": false,
    "cycle_dedup_blocked_short": false
  },
  "market": {
    "funding_rate_pct": 0.0033,
    "oi": 3309039.0,
    "oi_delta": -2223.0,
    "atr_5m": 82.1,
    "atr_4h": 1207.8
  },
  "scored_factors": {
    "F5_long": 5,
    "F5_short": 3,
    "F6": 0,
    "F6_note": "OI delta -2223 | price vs SOD +196pt \u2192 diverging/liquidation \u2192 F6=0",
    "F7_long": 0,
    "F7_short": 5,
    "F7_cum_delta": -15856.15,
    "F7_threshold": 1503.0,
    "F7_candles_used": 10,
    "F9": 1
  },
  "signal_factors": {
    "LONG": {
      "direction": "LONG",
      "F1": 4,
      "F2": 0,
      "F2_blocked": false,
      "F3": 8,
      "F4": 0,
      "F4_rr": 0.88,
      "F8": 2,
      "F8_blocked": true,
      "structural_entry": 72026.3,
      "structural_sl": 71764.1,
      "structural_tp": 72258.0,
      "sl_distance": 262.2,
      "min_sl_distance": 250.0,
      "sl_too_tight": false,
      "atr_5m": 82.1,
      "atr_15m": 167.4,
      "atr_1h": 546.4,
      "atr_4h": 1207.8,
      "is_counter_trend": false,
      "structure_id": "1H_NEUTRAL_OB_71666_72076_at_2026-04-09T16:00",
      "structure_id_dict": {
        "tf": "1H",
        "bias_4h": "NEUTRAL",
        "type": "OB",
        "level1": 71666.7,
        "level2": 72076.5,
        "anchor_ts_ms": 1775750400000,
        "anchor_iso": "2026-04-09T16:00"
      }
    },
    "SHORT": {
      "direction": "SHORT",
      "F1": 4,
      "F2": 3,
      "F2_blocked": true,
      "F3": 5,
      "F4": 7,
      "F4_rr": 4.95,
      "F8": 2,
      "F8_blocked": true,
      "structural_entry": 72195.2,
      "structural_sl": 72278.0,
      "structural_tp": 71784.1,
      "sl_distance": 82.8,
      "min_sl_distance": 250.0,
      "sl_too_tight": true,
      "atr_5m": 82.1,
      "atr_15m": 167.4,
      "atr_1h": 546.4,
      "atr_4h": 1207.8,
      "is_counter_trend": true,
      "structure_id": "1H_NEUTRAL_OB_72108_72518_at_2026-04-09T17:00",
      "structure_id_dict": {
        "tf": "1H",
        "bias_4h": "NEUTRAL",
        "type": "OB",
        "level1": 72108.5,
        "level2": 72518.3,
        "anchor_ts_ms": 1775754000000,
        "anchor_iso": "2026-04-09T17:00"
      }
    }
  },
  "totals": {
    "LONG": {
      "total": 20,
      "grade": "WAIT"
    },
    "SHORT": {
      "total": 30,
      "grade": "WAIT"
    }
  },
  "risk": {
    "equity": 787.74,
    "sod_equity": 787.74,
    "daily_pnl_pct": 0.0,
    "tier": "normal",
    "grade_a_pct": 3.0,
    "grade_aplus_pct": 4.5
  }
}