{
  "time_utc0": "02:05 UTC+0",
  "session": "ASIA",
  "weekday": "Tuesday",
  "price": 74366.0,
  "sod_utc0": 74385.4,
  "daily_move_pct": -0.03,
  "daily_move_dir": "DOWN",
  "pre_checks": {
    "dead_zone": false,
    "saturday": false,
    "rule16_long_blocked": false,
    "rule16_short_blocked": false,
    "rule17_zone": null,
    "rule17_expires_utc0": null,
    "rule12_min_sl": 250.0,
    "bias_4h": "NEUTRAL",
    "co4h": -19.4,
    "0e_long_needs_aplus": false,
    "0e_short_needs_aplus": false,
    "0f_long_needs_aplus": false,
    "0f_short_needs_aplus": false,
    "0g_doji": false,
    "0g_doji_dir": null,
    "long_needs_aplus": false,
    "short_needs_aplus": false,
    "last_losing_setup": null,
    "last_losing_active": false,
    "last_losing_expired": false,
    "cycle_dedup_blocked_long": false,
    "cycle_dedup_blocked_short": false
  },
  "market": {
    "funding_rate_pct": 0.01,
    "oi": 3367181.0,
    "oi_delta": 3898.0,
    "atr_5m": 100.3,
    "atr_4h": 984.4
  },
  "scored_factors": {
    "F5_long": 3,
    "F5_short": 5,
    "F6": 0,
    "F6_note": "OI delta +3898 | price vs SOD -19pt \u2192 diverging/liquidation \u2192 F6=0",
    "F7_long": 5,
    "F7_short": 0,
    "F7_cum_delta": 18605.56,
    "F7_threshold": 2856.51,
    "F7_candles_used": 10,
    "F9": 1
  },
  "signal_factors": {
    "LONG": {
      "direction": "LONG",
      "F1": 4,
      "F2": 0,
      "F2_blocked": false,
      "F3": 0,
      "F4": 0,
      "F4_rr": 1.17,
      "F8": 2,
      "F8_blocked": true,
      "structural_entry": 74356.8,
      "structural_sl": 73915.5,
      "structural_tp": 74876.5,
      "sl_distance": 441.3,
      "min_sl_distance": 250.0,
      "sl_too_tight": false,
      "atr_5m": 100.3,
      "atr_15m": 302.0,
      "atr_1h": 707.8,
      "atr_4h": 984.4,
      "is_counter_trend": false,
      "structure_id": null,
      "structure_id_dict": null
    },
    "SHORT": {
      "direction": "SHORT",
      "F1": 0,
      "F2": 0,
      "F2_blocked": false,
      "F3": 8,
      "F4": 0,
      "F4_rr": 0.62,
      "F8": 2,
      "F8_blocked": true,
      "structural_entry": 74304.3,
      "structural_sl": 74896.5,
      "structural_tp": 73935.5,
      "sl_distance": 592.2,
      "min_sl_distance": 250.0,
      "sl_too_tight": false,
      "atr_5m": 100.3,
      "atr_15m": 302.0,
      "atr_1h": 707.8,
      "atr_4h": 984.4,
      "is_counter_trend": false,
      "structure_id": null,
      "structure_id_dict": null
    }
  },
  "totals": {
    "LONG": {
      "total": 15,
      "grade": "WAIT"
    },
    "SHORT": {
      "total": 16,
      "grade": "WAIT"
    }
  },
  "risk": {
    "equity": 758.46,
    "sod_equity": 758.46,
    "daily_pnl_pct": 0.0,
    "tier": "normal",
    "grade_a_pct": 3.0,
    "grade_aplus_pct": 4.5
  }
}