{
  "time_utc0": "04:05 UTC+0",
  "session": "ASIA",
  "weekday": "Friday",
  "price": 71885.0,
  "sod_utc0": 71759.1,
  "daily_move_pct": 0.18,
  "daily_move_dir": "UP",
  "pre_checks": {
    "dead_zone": false,
    "saturday": false,
    "rule16_long_blocked": false,
    "rule16_short_blocked": false,
    "rule17_zone": null,
    "rule17_expires_utc0": null,
    "rule12_min_sl": 250.0,
    "bias_4h": "NEUTRAL",
    "co4h": 46.8,
    "0e_long_needs_aplus": false,
    "0e_short_needs_aplus": false,
    "0f_long_needs_aplus": false,
    "0f_short_needs_aplus": false,
    "0g_doji": false,
    "0g_doji_dir": null,
    "long_needs_aplus": false,
    "short_needs_aplus": false,
    "last_losing_setup": null,
    "last_losing_active": false,
    "last_losing_expired": false,
    "cycle_dedup_blocked_long": false,
    "cycle_dedup_blocked_short": false
  },
  "market": {
    "funding_rate_pct": 0.00385,
    "oi": 3306589.0,
    "oi_delta": -744.0,
    "atr_5m": 79.2,
    "atr_4h": 1207.8
  },
  "scored_factors": {
    "F5_long": 5,
    "F5_short": 3,
    "F6": 3,
    "F6_note": "OI delta -744 | price vs SOD +126pt \u2192 flat \u2192 F6=3",
    "F7_long": 5,
    "F7_short": 0,
    "F7_cum_delta": 2690.78,
    "F7_threshold": 1729.33,
    "F7_candles_used": 10,
    "F9": 1
  },
  "signal_factors": {
    "LONG": {
      "direction": "LONG",
      "F1": 3,
      "F2": 0,
      "F2_blocked": false,
      "F3": 8,
      "F4": 10,
      "F4_rr": 3.35,
      "F8": 2,
      "F8_blocked": true,
      "structural_entry": 71714.1,
      "structural_sl": 71523.0,
      "structural_tp": 72355.4,
      "sl_distance": 191.1,
      "min_sl_distance": 250.0,
      "sl_too_tight": true,
      "atr_5m": 79.2,
      "atr_15m": 216.9,
      "atr_1h": 649.8,
      "atr_4h": 1207.8,
      "is_counter_trend": false,
      "structure_id": "1H_NEUTRAL_OB_71666_72154_at_2026-04-09T16:00",
      "structure_id_dict": {
        "tf": "1H",
        "bias_4h": "NEUTRAL",
        "type": "OB",
        "level1": 71666.7,
        "level2": 72154.1,
        "anchor_ts_ms": 1775750400000,
        "anchor_iso": "2026-04-09T16:00"
      }
    },
    "SHORT": {
      "direction": "SHORT",
      "F1": 0,
      "F2": 0,
      "F2_blocked": false,
      "F3": 8,
      "F4": 7,
      "F4_rr": 7.2,
      "F8": 2,
      "F8_blocked": true,
      "structural_entry": 72274.0,
      "structural_sl": 72375.4,
      "structural_tp": 71543.0,
      "sl_distance": 101.4,
      "min_sl_distance": 250.0,
      "sl_too_tight": true,
      "atr_5m": 79.2,
      "atr_15m": 216.9,
      "atr_1h": 649.8,
      "atr_4h": 1207.8,
      "is_counter_trend": false,
      "structure_id": "1H_NEUTRAL_OB_72037_72518_at_2026-04-09T17:00",
      "structure_id_dict": {
        "tf": "1H",
        "bias_4h": "NEUTRAL",
        "type": "OB",
        "level1": 72037.2,
        "level2": 72518.3,
        "anchor_ts_ms": 1775754000000,
        "anchor_iso": "2026-04-09T17:00"
      }
    }
  },
  "totals": {
    "LONG": {
      "total": 37,
      "grade": "WAIT"
    },
    "SHORT": {
      "total": 24,
      "grade": "WAIT"
    }
  },
  "risk": {
    "equity": 787.74,
    "sod_equity": 787.74,
    "daily_pnl_pct": 0.0,
    "tier": "normal",
    "grade_a_pct": 3.0,
    "grade_aplus_pct": 4.5
  }
}