{
  "time_utc0": "21:10 UTC+0",
  "session": "DEAD",
  "weekday": "Monday",
  "price": 73177.1,
  "sod_utc0": 70707.9,
  "daily_move_pct": 3.49,
  "daily_move_dir": "UP",
  "pre_checks": {
    "dead_zone": true,
    "saturday": false,
    "rule16_long_blocked": false,
    "rule16_short_blocked": false,
    "rule17_zone": null,
    "rule17_expires_utc0": null,
    "rule12_min_sl": 135.0,
    "bias_4h": "BEARISH",
    "co4h": -110.5,
    "0e_long_needs_aplus": true,
    "0e_short_needs_aplus": false,
    "0f_long_needs_aplus": true,
    "0f_short_needs_aplus": false,
    "0g_doji": false,
    "0g_doji_dir": null,
    "long_needs_aplus": true,
    "short_needs_aplus": false,
    "last_losing_setup": null,
    "last_losing_active": false,
    "last_losing_expired": false,
    "cycle_dedup_blocked_long": false,
    "cycle_dedup_blocked_short": false
  },
  "market": {
    "funding_rate_pct": -0.00313,
    "oi": 3337473.0,
    "oi_delta": -21.0,
    "atr_5m": 134.6,
    "atr_4h": 882.8
  },
  "scored_factors": {
    "F5_long": 5,
    "F5_short": 5,
    "F6": 3,
    "F6_note": "OI delta -21 | price vs SOD +2469pt \u2192 flat \u2192 F6=3",
    "F7_long": 0,
    "F7_short": 5,
    "F7_cum_delta": -7970.81,
    "F7_threshold": 3894.17,
    "F7_candles_used": 10,
    "F9": 0
  },
  "signal_factors": {
    "LONG": {
      "direction": "LONG",
      "F1": 0,
      "F2": 0,
      "F2_blocked": false,
      "F3": 5,
      "F4": 10,
      "F4_rr": 3.4,
      "F8": 0,
      "F8_blocked": false,
      "structural_entry": 72326.9,
      "structural_sl": 71992.0,
      "structural_tp": 73468.0,
      "sl_distance": 334.9,
      "min_sl_distance": 134.6,
      "sl_too_tight": false,
      "atr_5m": 134.6,
      "atr_15m": 283.9,
      "atr_1h": 564.1,
      "atr_4h": 882.8,
      "is_counter_trend": true,
      "structure_id": "1H_BULLISH_OB_71618_72041_at_2026-04-13T15:00",
      "structure_id_dict": {
        "tf": "1H",
        "bias_4h": "BULLISH",
        "type": "OB",
        "level1": 71618.2,
        "level2": 72041.3,
        "anchor_ts_ms": 1776092400000,
        "anchor_iso": "2026-04-13T15:00"
      }
    },
    "SHORT": {
      "direction": "SHORT",
      "F1": 4,
      "F2": 0,
      "F2_blocked": false,
      "F3": 8,
      "F4": 7,
      "F4_rr": 10.66,
      "F8": 0,
      "F8_blocked": false,
      "structural_entry": 73361.5,
      "structural_sl": 73488.0,
      "structural_tp": 72012.0,
      "sl_distance": 126.5,
      "min_sl_distance": 134.6,
      "sl_too_tight": true,
      "atr_5m": 134.6,
      "atr_15m": 283.9,
      "atr_1h": 564.1,
      "atr_4h": 882.8,
      "is_counter_trend": false,
      "structure_id": "1H_BULLISH_OB_71951_72374_at_2026-04-13T14:00",
      "structure_id_dict": {
        "tf": "1H",
        "bias_4h": "BULLISH",
        "type": "OB",
        "level1": 71951.7,
        "level2": 72374.8,
        "anchor_ts_ms": 1776088800000,
        "anchor_iso": "2026-04-13T14:00"
      }
    }
  },
  "totals": {
    "LONG": {
      "total": 23,
      "grade": "WAIT"
    },
    "SHORT": {
      "total": 32,
      "grade": "WAIT"
    }
  },
  "risk": {
    "equity": 758.46,
    "sod_equity": 758.46,
    "daily_pnl_pct": 0.0,
    "tier": "normal",
    "grade_a_pct": 3.0,
    "grade_aplus_pct": 4.5
  }
}