{
  "time_utc0": "08:00 UTC+0",
  "session": "EU",
  "weekday": "Saturday",
  "price": 72719.2,
  "sod_utc0": 72925.7,
  "daily_move_pct": -0.28,
  "daily_move_dir": "DOWN",
  "pre_checks": {
    "dead_zone": false,
    "saturday": true,
    "rule16_long_blocked": false,
    "rule16_short_blocked": false,
    "rule17_zone": null,
    "rule17_expires_utc0": null,
    "rule12_min_sl": 100.0,
    "bias_4h": "NEUTRAL",
    "co4h": -0.5,
    "0e_long_needs_aplus": false,
    "0e_short_needs_aplus": false,
    "0f_long_needs_aplus": false,
    "0f_short_needs_aplus": false,
    "0g_doji": false,
    "0g_doji_dir": null,
    "long_needs_aplus": false,
    "short_needs_aplus": false,
    "last_losing_setup": null,
    "last_losing_active": false,
    "last_losing_expired": false,
    "cycle_dedup_blocked_long": false,
    "cycle_dedup_blocked_short": false
  },
  "market": {
    "funding_rate_pct": 0.00467,
    "oi": 3402795.0,
    "oi_delta": 338.0,
    "atr_5m": 44.3,
    "atr_4h": 898.5
  },
  "scored_factors": {
    "F5_long": 5,
    "F5_short": 5,
    "F6": 3,
    "F6_note": "OI delta +338 | price vs SOD -206pt \u2192 flat \u2192 F6=3",
    "F7_long": 2,
    "F7_short": 2,
    "F7_cum_delta": -653.58,
    "F7_threshold": 1502.96,
    "F7_candles_used": 10,
    "F9": 3
  },
  "signal_factors": {
    "LONG": {
      "direction": "LONG",
      "F1": 6,
      "F2": 0,
      "F2_blocked": false,
      "F3": 8,
      "F4": 7,
      "F4_rr": 3.83,
      "F8": 0,
      "F8_blocked": false,
      "structural_entry": 72604.1,
      "structural_sl": 72550.3,
      "structural_tp": 72812.0,
      "sl_distance": 53.8,
      "min_sl_distance": 100.0,
      "sl_too_tight": true,
      "atr_5m": 44.3,
      "atr_15m": 90.1,
      "atr_1h": 292.1,
      "atr_4h": 898.5,
      "is_counter_trend": false,
      "structure_id": "1H_BEARISH_OB_72678_72897_at_2026-04-10T22:00",
      "structure_id_dict": {
        "tf": "1H",
        "bias_4h": "BEARISH",
        "type": "OB",
        "level1": 72678.5,
        "level2": 72897.6,
        "anchor_ts_ms": 1775858400000,
        "anchor_iso": "2026-04-10T22:00"
      }
    },
    "SHORT": {
      "direction": "SHORT",
      "F1": 4,
      "F2": 3,
      "F2_blocked": true,
      "F3": 8,
      "F4": 7,
      "F4_rr": 3.63,
      "F8": 0,
      "F8_blocked": false,
      "structural_entry": 72775.9,
      "structural_sl": 72832.0,
      "structural_tp": 72570.3,
      "sl_distance": 56.1,
      "min_sl_distance": 100.0,
      "sl_too_tight": true,
      "atr_5m": 44.3,
      "atr_15m": 90.1,
      "atr_1h": 292.1,
      "atr_4h": 898.5,
      "is_counter_trend": false,
      "structure_id": "1H_BEARISH_OB_72868_73073_at_2026-04-11T02:00",
      "structure_id_dict": {
        "tf": "1H",
        "bias_4h": "BEARISH",
        "type": "OB",
        "level1": 72868.1,
        "level2": 73073.8,
        "anchor_ts_ms": 1775872800000,
        "anchor_iso": "2026-04-11T02:00"
      }
    }
  },
  "totals": {
    "LONG": {
      "total": 34,
      "grade": "WAIT"
    },
    "SHORT": {
      "total": 35,
      "grade": "WAIT"
    }
  },
  "risk": {
    "equity": 758.46,
    "sod_equity": 758.46,
    "daily_pnl_pct": 0.0,
    "tier": "normal",
    "grade_a_pct": 3.0,
    "grade_aplus_pct": 4.5
  }
}