{
  "time_utc0": "10:15 UTC+0",
  "session": "EU",
  "weekday": "Wednesday",
  "price": 74085.1,
  "sod_utc0": 74100.0,
  "daily_move_pct": -0.02,
  "daily_move_dir": "DOWN",
  "pre_checks": {
    "dead_zone": false,
    "saturday": false,
    "rule16_long_blocked": false,
    "rule16_short_blocked": false,
    "rule17_zone": null,
    "rule17_expires_utc0": null,
    "rule12_min_sl": 100.0,
    "bias_4h": "BULLISH",
    "co4h": 378.1,
    "0e_long_needs_aplus": false,
    "0e_short_needs_aplus": true,
    "0f_long_needs_aplus": false,
    "0f_short_needs_aplus": false,
    "0g_doji": false,
    "0g_doji_dir": null,
    "long_needs_aplus": false,
    "short_needs_aplus": true,
    "last_losing_setup": null,
    "last_losing_active": false,
    "last_losing_expired": false,
    "cycle_dedup_blocked_long": false,
    "cycle_dedup_blocked_short": false
  },
  "market": {
    "funding_rate_pct": 0.00148,
    "oi": 3480777.0,
    "oi_delta": 2209.0,
    "atr_5m": 84.6,
    "atr_4h": 1068.3
  },
  "scored_factors": {
    "F5_long": 5,
    "F5_short": 5,
    "F6": 0,
    "F6_note": "OI delta +2209 | price vs SOD -15pt \u2192 diverging/liquidation \u2192 F6=0",
    "F7_long": 5,
    "F7_short": 0,
    "F7_cum_delta": 4798.64,
    "F7_threshold": 2396.54,
    "F7_candles_used": 10,
    "F9": 3
  },
  "signal_factors": {
    "LONG": {
      "direction": "LONG",
      "F1": 3,
      "F2": 3,
      "F2_blocked": true,
      "F3": 8,
      "F4": 10,
      "F4_rr": 3.01,
      "F8": 5,
      "F8_blocked": false,
      "structural_entry": 73604.6,
      "structural_sl": 73423.0,
      "structural_tp": 74152.3,
      "sl_distance": 181.6,
      "min_sl_distance": 100.0,
      "sl_too_tight": false,
      "atr_5m": 84.6,
      "atr_15m": 190.7,
      "atr_1h": 394.0,
      "atr_4h": 1068.3,
      "is_counter_trend": false,
      "structure_id": "1H_BEARISH_OB_73443_73738_at_2026-04-15T07:00",
      "structure_id_dict": {
        "tf": "1H",
        "bias_4h": "BEARISH",
        "type": "OB",
        "level1": 73443.0,
        "level2": 73738.5,
        "anchor_ts_ms": 1776236400000,
        "anchor_iso": "2026-04-15T07:00"
      }
    },
    "SHORT": {
      "direction": "SHORT",
      "F1": 4,
      "F2": 0,
      "F2_blocked": false,
      "F3": 5,
      "F4": 7,
      "F4_rr": 6.96,
      "F8": 5,
      "F8_blocked": false,
      "structural_entry": 74080.8,
      "structural_sl": 74172.3,
      "structural_tp": 73443.0,
      "sl_distance": 91.5,
      "min_sl_distance": 100.0,
      "sl_too_tight": true,
      "atr_5m": 84.6,
      "atr_15m": 190.7,
      "atr_1h": 394.0,
      "atr_4h": 1068.3,
      "is_counter_trend": true,
      "structure_id": "1H_BEARISH_OB_74453_74749_at_2026-04-15T01:00",
      "structure_id_dict": {
        "tf": "1H",
        "bias_4h": "BEARISH",
        "type": "OB",
        "level1": 74453.5,
        "level2": 74749.0,
        "anchor_ts_ms": 1776214800000,
        "anchor_iso": "2026-04-15T01:00"
      }
    }
  },
  "totals": {
    "LONG": {
      "total": 42,
      "grade": "A"
    },
    "SHORT": {
      "total": 29,
      "grade": "WAIT"
    }
  },
  "risk": {
    "equity": 734.79,
    "sod_equity": 734.79,
    "daily_pnl_pct": 0.0,
    "tier": "normal",
    "grade_a_pct": 3.0,
    "grade_aplus_pct": 4.5
  }
}