{
  "time_utc0": "22:10 UTC+0",
  "session": "DEAD",
  "weekday": "Friday",
  "price": 73100.1,
  "sod_utc0": 71759.1,
  "daily_move_pct": 1.87,
  "daily_move_dir": "UP",
  "pre_checks": {
    "dead_zone": true,
    "saturday": false,
    "rule16_long_blocked": false,
    "rule16_short_blocked": false,
    "rule17_zone": null,
    "rule17_expires_utc0": null,
    "rule12_min_sl": 105.0,
    "bias_4h": "NEUTRAL",
    "co4h": -94.5,
    "0e_long_needs_aplus": false,
    "0e_short_needs_aplus": false,
    "0f_long_needs_aplus": false,
    "0f_short_needs_aplus": false,
    "0g_doji": false,
    "0g_doji_dir": null,
    "long_needs_aplus": false,
    "short_needs_aplus": false,
    "last_losing_setup": null,
    "last_losing_active": false,
    "last_losing_expired": false,
    "cycle_dedup_blocked_long": false,
    "cycle_dedup_blocked_short": false
  },
  "market": {
    "funding_rate_pct": -0.00074,
    "oi": 3373680.0,
    "oi_delta": -1461.0,
    "atr_5m": 104.7,
    "atr_4h": 1071.6
  },
  "scored_factors": {
    "F5_long": 5,
    "F5_short": 5,
    "F6": 0,
    "F6_note": "OI delta -1461 | price vs SOD +1341pt \u2192 diverging/liquidation \u2192 F6=0",
    "F7_long": 2,
    "F7_short": 2,
    "F7_cum_delta": 1766.1,
    "F7_threshold": 2125.65,
    "F7_candles_used": 10,
    "F9": 0
  },
  "signal_factors": {
    "LONG": {
      "direction": "LONG",
      "F1": 4,
      "F2": 0,
      "F2_blocked": false,
      "F3": 10,
      "F4": 0,
      "F4_rr": 1.57,
      "F8": 0,
      "F8_blocked": false,
      "structural_entry": 73022.1,
      "structural_sl": 72748.1,
      "structural_tp": 73452.3,
      "sl_distance": 274.0,
      "min_sl_distance": 104.7,
      "sl_too_tight": false,
      "atr_5m": 104.7,
      "atr_15m": 214.7,
      "atr_1h": 480.2,
      "atr_4h": 1071.6,
      "is_counter_trend": false,
      "structure_id": "1H_BULLISH_OB_72285_72646_at_2026-04-10T15:00",
      "structure_id_dict": {
        "tf": "1H",
        "bias_4h": "BULLISH",
        "type": "OB",
        "level1": 72285.8,
        "level2": 72646.0,
        "anchor_ts_ms": 1775833200000,
        "anchor_iso": "2026-04-10T15:00"
      }
    },
    "SHORT": {
      "direction": "SHORT",
      "F1": 6,
      "F2": 0,
      "F2_blocked": false,
      "F3": 8,
      "F4": 10,
      "F4_rr": 3.29,
      "F8": 0,
      "F8_blocked": false,
      "structural_entry": 73308.2,
      "structural_sl": 73472.3,
      "structural_tp": 72768.1,
      "sl_distance": 164.1,
      "min_sl_distance": 104.7,
      "sl_too_tight": false,
      "atr_5m": 104.7,
      "atr_15m": 214.7,
      "atr_1h": 480.2,
      "atr_4h": 1071.6,
      "is_counter_trend": false,
      "structure_id": "1H_BULLISH_OB_72765_73125_at_2026-04-10T14:00",
      "structure_id_dict": {
        "tf": "1H",
        "bias_4h": "BULLISH",
        "type": "OB",
        "level1": 72765.3,
        "level2": 73125.5,
        "anchor_ts_ms": 1775829600000,
        "anchor_iso": "2026-04-10T14:00"
      }
    }
  },
  "totals": {
    "LONG": {
      "total": 21,
      "grade": "WAIT"
    },
    "SHORT": {
      "total": 31,
      "grade": "WAIT"
    }
  },
  "risk": {
    "equity": 758.46,
    "sod_equity": 787.74,
    "daily_pnl_pct": -3.72,
    "tier": "normal",
    "grade_a_pct": 3.0,
    "grade_aplus_pct": 4.5
  }
}