{
  "time_utc0": "15:25 UTC+0",
  "session": "US",
  "weekday": "Wednesday",
  "price": 71144.1,
  "sod_utc0": 71904.7,
  "daily_move_pct": -1.06,
  "daily_move_dir": "DOWN",
  "pre_checks": {
    "dead_zone": false,
    "saturday": false,
    "rule16_long_blocked": false,
    "rule16_short_blocked": false,
    "rule17_zone": null,
    "rule17_expires_utc0": null,
    "rule12_min_sl": 232.0,
    "bias_4h": "BEARISH",
    "co4h": -517.3,
    "0e_long_needs_aplus": true,
    "0e_short_needs_aplus": false,
    "0f_long_needs_aplus": false,
    "0f_short_needs_aplus": false,
    "0g_doji": false,
    "0g_doji_dir": null,
    "long_needs_aplus": true,
    "short_needs_aplus": false,
    "last_losing_setup": null,
    "last_losing_active": false,
    "last_losing_expired": false,
    "cycle_dedup_blocked_long": false,
    "cycle_dedup_blocked_short": false
  },
  "market": {
    "funding_rate_pct": 0.01,
    "oi": 3362195.0,
    "oi_delta": 3227.0,
    "atr_5m": 232.4,
    "atr_4h": 1135.2
  },
  "scored_factors": {
    "F5_long": 3,
    "F5_short": 3,
    "F6": 0,
    "F6_note": "OI delta +3227 | price vs SOD -761pt \u2192 diverging/liquidation \u2192 F6=0",
    "F7_long": 0,
    "F7_short": 5,
    "F7_cum_delta": -58823.14,
    "F7_threshold": 13251.31,
    "F7_candles_used": 10,
    "F9": 5
  },
  "signal_factors": {
    "LONG": {
      "direction": "LONG",
      "F1": 6,
      "F2": 0,
      "F2_blocked": false,
      "F3": 5,
      "F4": 10,
      "F4_rr": 3.81,
      "F8": 2,
      "F8_blocked": true,
      "structural_entry": 70831.9,
      "structural_sl": 71368.0,
      "structural_tp": 72876.5,
      "sl_distance": 536.1,
      "min_sl_distance": 232.4,
      "sl_too_tight": false,
      "atr_5m": 232.4,
      "atr_15m": 431.8,
      "atr_1h": 481.8,
      "atr_4h": 1135.2,
      "is_counter_trend": true,
      "structure_id": null,
      "structure_id_dict": null
    },
    "SHORT": {
      "direction": "SHORT",
      "F1": 8,
      "F2": 7,
      "F2_blocked": false,
      "F3": 8,
      "F4": 0,
      "F4_rr": 1.05,
      "F8": 2,
      "F8_blocked": true,
      "structural_entry": 72162.6,
      "structural_sl": 72896.5,
      "structural_tp": 71388.0,
      "sl_distance": 733.9,
      "min_sl_distance": 232.4,
      "sl_too_tight": false,
      "atr_5m": 232.4,
      "atr_15m": 431.8,
      "atr_1h": 481.8,
      "atr_4h": 1135.2,
      "is_counter_trend": false,
      "structure_id": "1H_NEUTRAL_OB_71794_72156_at_2026-04-08T12:00",
      "structure_id_dict": {
        "tf": "1H",
        "bias_4h": "NEUTRAL",
        "type": "OB",
        "level1": 71794.6,
        "level2": 72156.0,
        "anchor_ts_ms": 1775649600000,
        "anchor_iso": "2026-04-08T12:00"
      }
    }
  },
  "totals": {
    "LONG": {
      "total": 31,
      "grade": "WAIT"
    },
    "SHORT": {
      "total": 38,
      "grade": "WAIT"
    }
  },
  "risk": {
    "equity": 787.74,
    "sod_equity": 787.74,
    "daily_pnl_pct": 0.0,
    "tier": "normal",
    "grade_a_pct": 3.0,
    "grade_aplus_pct": 4.5
  }
}