{
  "time_utc0": "01:40 UTC+0",
  "session": "ASIA",
  "weekday": "Thursday",
  "price": 70733.0,
  "sod_utc0": 71041.8,
  "daily_move_pct": -0.43,
  "daily_move_dir": "DOWN",
  "pre_checks": {
    "dead_zone": false,
    "saturday": false,
    "rule16_long_blocked": false,
    "rule16_short_blocked": false,
    "rule17_zone": null,
    "rule17_expires_utc0": null,
    "rule12_min_sl": 250.0,
    "bias_4h": "BEARISH",
    "co4h": -308.8,
    "0e_long_needs_aplus": true,
    "0e_short_needs_aplus": false,
    "0f_long_needs_aplus": false,
    "0f_short_needs_aplus": false,
    "0g_doji": false,
    "0g_doji_dir": null,
    "long_needs_aplus": true,
    "short_needs_aplus": false,
    "last_losing_setup": null,
    "last_losing_active": false,
    "last_losing_expired": false,
    "cycle_dedup_blocked_long": false,
    "cycle_dedup_blocked_short": false
  },
  "market": {
    "funding_rate_pct": 0.00581,
    "oi": 3310635.0,
    "oi_delta": -4366.0,
    "atr_5m": 161.7,
    "atr_4h": 1233.5
  },
  "scored_factors": {
    "F5_long": 5,
    "F5_short": 3,
    "F6": 5,
    "F6_note": "OI delta -4366 | price vs SOD -309pt \u2192 accumulation \u2192 F6=5",
    "F7_long": 0,
    "F7_short": 5,
    "F7_cum_delta": -26683.39,
    "F7_threshold": 6605.29,
    "F7_candles_used": 10,
    "F9": 1
  },
  "signal_factors": {
    "LONG": {
      "direction": "LONG",
      "F1": 6,
      "F2": 0,
      "F2_blocked": false,
      "F3": 0,
      "F4": 10,
      "F4_rr": 4.52,
      "F8": 0,
      "F8_blocked": false,
      "structural_entry": 70595.6,
      "structural_sl": 70843.5,
      "structural_tp": 71718.8,
      "sl_distance": 247.9,
      "min_sl_distance": 250.0,
      "sl_too_tight": true,
      "atr_5m": 161.7,
      "atr_15m": 236.8,
      "atr_1h": 571.9,
      "atr_4h": 1233.5,
      "is_counter_trend": true,
      "structure_id": "1H_BEARISH_OB_70670_71098_at_2026-04-08T14:00",
      "structure_id_dict": {
        "tf": "1H",
        "bias_4h": "BEARISH",
        "type": "OB",
        "level1": 70670.0,
        "level2": 71098.9,
        "anchor_ts_ms": 1775656800000,
        "anchor_iso": "2026-04-08T14:00"
      }
    },
    "SHORT": {
      "direction": "SHORT",
      "F1": 0,
      "F2": 7,
      "F2_blocked": false,
      "F3": 8,
      "F4": 0,
      "F4_rr": 0.76,
      "F8": 0,
      "F8_blocked": false,
      "structural_entry": 71242.8,
      "structural_sl": 71738.8,
      "structural_tp": 70863.5,
      "sl_distance": 496.0,
      "min_sl_distance": 250.0,
      "sl_too_tight": false,
      "atr_5m": 161.7,
      "atr_15m": 236.8,
      "atr_1h": 571.9,
      "atr_4h": 1233.5,
      "is_counter_trend": false,
      "structure_id": "1H_BEARISH_OB_71300_71718_at_2026-04-08T21:00",
      "structure_id_dict": {
        "tf": "1H",
        "bias_4h": "BEARISH",
        "type": "OB",
        "level1": 71300.0,
        "level2": 71718.8,
        "anchor_ts_ms": 1775682000000,
        "anchor_iso": "2026-04-08T21:00"
      }
    }
  },
  "totals": {
    "LONG": {
      "total": 27,
      "grade": "WAIT"
    },
    "SHORT": {
      "total": 29,
      "grade": "WAIT"
    }
  },
  "risk": {
    "equity": 787.74,
    "sod_equity": 787.74,
    "daily_pnl_pct": 0.0,
    "tier": "normal",
    "grade_a_pct": 3.0,
    "grade_aplus_pct": 4.5
  }
}