{
  "time_utc0": "16:25 UTC+0",
  "session": "US",
  "weekday": "Wednesday",
  "price": 74076.3,
  "sod_utc0": 74100.0,
  "daily_move_pct": -0.03,
  "daily_move_dir": "DOWN",
  "pre_checks": {
    "dead_zone": false,
    "saturday": false,
    "rule16_long_blocked": false,
    "rule16_short_blocked": false,
    "rule17_zone": null,
    "rule17_expires_utc0": null,
    "rule12_min_sl": 160.0,
    "bias_4h": "BULLISH",
    "co4h": 274.0,
    "0e_long_needs_aplus": false,
    "0e_short_needs_aplus": true,
    "0f_long_needs_aplus": false,
    "0f_short_needs_aplus": false,
    "0g_doji": false,
    "0g_doji_dir": null,
    "long_needs_aplus": false,
    "short_needs_aplus": true,
    "last_losing_setup": {
      "direction": "SHORT",
      "entry": 74299.2,
      "exit_dt_utc0": "2026-04-15 14:25",
      "expires_at_utc0": "2026-04-15 18:25",
      "structure_id": "1H_BULLISH_OB_74131_74444_at_2026-04-15T12:00",
      "structure_id_dict": {
        "tf": "1H",
        "bias_4h": "BULLISH",
        "type": "OB",
        "level1": 74131.4,
        "level2": 74444.0,
        "anchor_ts_ms": 1776254400000,
        "anchor_iso": "2026-04-15T12:00"
      }
    },
    "last_losing_active": true,
    "last_losing_expired": false,
    "cycle_dedup_blocked_long": false,
    "cycle_dedup_blocked_short": false
  },
  "market": {
    "funding_rate_pct": -0.00484,
    "oi": 3495555.0,
    "oi_delta": -2017.0,
    "atr_5m": 160.3,
    "atr_4h": 1094.1
  },
  "scored_factors": {
    "F5_long": 5,
    "F5_short": 5,
    "F6": 5,
    "F6_note": "OI delta -2017 | price vs SOD -24pt \u2192 accumulation \u2192 F6=5",
    "F7_long": 5,
    "F7_short": 0,
    "F7_cum_delta": 126142.66,
    "F7_threshold": 4779.58,
    "F7_candles_used": 10,
    "F9": 5
  },
  "signal_factors": {
    "LONG": {
      "direction": "LONG",
      "F1": 6,
      "F2": 3,
      "F2_blocked": true,
      "F3": 8,
      "F4": 7,
      "F4_rr": 2.34,
      "F8": 2,
      "F8_blocked": true,
      "structural_entry": 73808.6,
      "structural_sl": 73522.0,
      "structural_tp": 74479.8,
      "sl_distance": 286.6,
      "min_sl_distance": 160.3,
      "sl_too_tight": false,
      "atr_5m": 160.3,
      "atr_15m": 327.5,
      "atr_1h": 456.6,
      "atr_4h": 1094.1,
      "is_counter_trend": false,
      "structure_id": "1H_BEARISH_OB_73741_74083_at_2026-04-15T10:00",
      "structure_id_dict": {
        "tf": "1H",
        "bias_4h": "BEARISH",
        "type": "OB",
        "level1": 73741.4,
        "level2": 74083.8,
        "anchor_ts_ms": 1776247200000,
        "anchor_iso": "2026-04-15T10:00"
      }
    },
    "SHORT": {
      "direction": "SHORT",
      "F1": 8,
      "F2": 0,
      "F2_blocked": false,
      "F3": 5,
      "F4": 0,
      "F4_rr": 1.73,
      "F8": 2,
      "F8_blocked": true,
      "structural_entry": 74149.1,
      "structural_sl": 74499.8,
      "structural_tp": 73542.0,
      "sl_distance": 350.7,
      "min_sl_distance": 160.3,
      "sl_too_tight": false,
      "atr_5m": 160.3,
      "atr_15m": 327.5,
      "atr_1h": 456.6,
      "atr_4h": 1094.1,
      "is_counter_trend": true,
      "structure_id": "1H_BEARISH_OB_74137_74479_at_2026-04-15T14:00",
      "structure_id_dict": {
        "tf": "1H",
        "bias_4h": "BEARISH",
        "type": "OB",
        "level1": 74137.4,
        "level2": 74479.8,
        "anchor_ts_ms": 1776261600000,
        "anchor_iso": "2026-04-15T14:00"
      }
    }
  },
  "totals": {
    "LONG": {
      "total": 46,
      "grade": "A"
    },
    "SHORT": {
      "total": 30,
      "grade": "WAIT"
    }
  },
  "risk": {
    "equity": 705.36,
    "sod_equity": 734.79,
    "daily_pnl_pct": -4.0,
    "tier": "normal",
    "grade_a_pct": 3.0,
    "grade_aplus_pct": 4.5
  }
}