{
  "time_utc0": "01:32 UTC+0",
  "session": "ASIA",
  "weekday": "Wednesday",
  "price": 71488.1,
  "sod_utc0": 68138.6,
  "daily_move_pct": 4.92,
  "daily_move_dir": "UP",
  "pre_checks": {
    "dead_zone": false,
    "saturday": false,
    "rule16_long_blocked": false,
    "rule16_short_blocked": false,
    "rule17_zone": null,
    "rule12_min_sl": 272.0,
    "bias_4h": "BEARISH",
    "co4h": -416.6,
    "0e_long_needs_aplus": true,
    "0e_short_needs_aplus": false,
    "0f_long_needs_aplus": true,
    "0f_short_needs_aplus": false,
    "0g_doji": false,
    "0g_doji_dir": null,
    "long_needs_aplus": true,
    "short_needs_aplus": false,
    "last_losing_setup": null,
    "last_losing_active": false,
    "last_losing_expired": false,
    "cycle_dedup_blocked_long": false,
    "cycle_dedup_blocked_short": false
  },
  "market": {
    "funding_rate_pct": 0.01,
    "oi": 3142216.0,
    "oi_delta": 2372.0,
    "atr_5m": 181.7,
    "atr_4h": 1201.9
  },
  "scored_factors": {
    "F5_long": 3,
    "F5_short": 3,
    "F6": 5,
    "F6_note": "OI delta +2372 | price vs SOD +3350pt \u2192 accumulation \u2192 F6=5",
    "F7_long": 0,
    "F7_short": 5,
    "F7_cum_delta": -122022.52,
    "F7_threshold": 5663.15,
    "F7_candles_used": 10,
    "F9": 1
  },
  "signal_factors": {
    "LONG": {
      "direction": "LONG",
      "F1": 0,
      "F2": 7,
      "F2_blocked": false,
      "F3": 5,
      "F4": 7,
      "F4_rr": 2.57,
      "F8": 2,
      "F8_blocked": true,
      "structural_entry": 71359.6,
      "structural_sl": 70811.6,
      "structural_tp": 72773.9,
      "sl_distance": 548.0,
      "min_sl_distance": 272.5,
      "sl_too_tight": false,
      "atr_5m": 181.7,
      "atr_15m": 548.0,
      "atr_1h": 722.3,
      "atr_4h": 1201.9,
      "is_counter_trend": true,
      "structure_id": "1H_BULLISH_OB_68313_68745_at_2026-04-07T18:00",
      "structure_id_dict": {
        "tf": "1H",
        "bias_4h": "BULLISH",
        "type": "OB",
        "level1": 68313.7,
        "level2": 68745.3,
        "anchor_ts_ms": 1775584800000,
        "anchor_iso": "2026-04-07T18:00"
      }
    },
    "SHORT": {
      "direction": "SHORT",
      "F1": 4,
      "F2": 0,
      "F2_blocked": false,
      "F3": 8,
      "F4": 7,
      "F4_rr": 4.84,
      "F8": 2,
      "F8_blocked": true,
      "structural_entry": 72568.4,
      "structural_sl": 72793.9,
      "structural_tp": 71472.4,
      "sl_distance": 225.5,
      "min_sl_distance": 272.5,
      "sl_too_tight": true,
      "atr_5m": 181.7,
      "atr_15m": 548.0,
      "atr_1h": 722.3,
      "atr_4h": 1201.9,
      "is_counter_trend": false,
      "structure_id": "1H_BULLISH_OB_72232_72773_at_2026-04-07T23:00",
      "structure_id_dict": {
        "tf": "1H",
        "bias_4h": "BULLISH",
        "type": "OB",
        "level1": 72232.2,
        "level2": 72773.9,
        "anchor_ts_ms": 1775602800000,
        "anchor_iso": "2026-04-07T23:00"
      }
    }
  },
  "risk": {
    "equity": 787.74,
    "sod_equity": 787.74,
    "daily_pnl_pct": 0.0,
    "tier": "normal",
    "grade_a_pct": 3.0,
    "grade_aplus_pct": 4.5
  }
}
