{
  "time_utc0": "15:45 UTC+0",
  "session": "US",
  "weekday": "Monday",
  "price": 71786.8,
  "sod_utc0": 70707.9,
  "daily_move_pct": 1.53,
  "daily_move_dir": "UP",
  "pre_checks": {
    "dead_zone": false,
    "saturday": false,
    "rule16_long_blocked": false,
    "rule16_short_blocked": false,
    "rule17_zone": null,
    "rule17_expires_utc0": null,
    "rule12_min_sl": 213.0,
    "bias_4h": "BULLISH",
    "co4h": 894.2,
    "0e_long_needs_aplus": false,
    "0e_short_needs_aplus": true,
    "0f_long_needs_aplus": false,
    "0f_short_needs_aplus": false,
    "0g_doji": false,
    "0g_doji_dir": null,
    "long_needs_aplus": false,
    "short_needs_aplus": true,
    "last_losing_setup": null,
    "last_losing_active": false,
    "last_losing_expired": false,
    "cycle_dedup_blocked_long": false,
    "cycle_dedup_blocked_short": false
  },
  "market": {
    "funding_rate_pct": -0.00346,
    "oi": 3334044.0,
    "oi_delta": -562.0,
    "atr_5m": 213.2,
    "atr_4h": 677.8
  },
  "scored_factors": {
    "F5_long": 5,
    "F5_short": 5,
    "F6": 3,
    "F6_note": "OI delta -562 | price vs SOD +1079pt \u2192 flat \u2192 F6=3",
    "F7_long": 0,
    "F7_short": 5,
    "F7_cum_delta": -63417.99,
    "F7_threshold": 13237.9,
    "F7_candles_used": 10,
    "F9": 5
  },
  "signal_factors": {
    "LONG": {
      "direction": "LONG",
      "F1": 4,
      "F2": 0,
      "F2_blocked": false,
      "F3": 8,
      "F4": 0,
      "F4_rr": 0.83,
      "F8": 2,
      "F8_blocked": true,
      "structural_entry": 70892.5,
      "structural_sl": 70710.3,
      "structural_tp": 71044.7,
      "sl_distance": 182.2,
      "min_sl_distance": 213.2,
      "sl_too_tight": true,
      "atr_5m": 213.2,
      "atr_15m": 335.6,
      "atr_1h": 377.0,
      "atr_4h": 677.8,
      "is_counter_trend": false,
      "structure_id": "1H_NEUTRAL_OB_70637_70893_at_2026-04-13T05:00",
      "structure_id_dict": {
        "tf": "1H",
        "bias_4h": "NEUTRAL",
        "type": "OB",
        "level1": 70637.2,
        "level2": 70893.5,
        "anchor_ts_ms": 1776056400000,
        "anchor_iso": "2026-04-13T05:00"
      }
    },
    "SHORT": {
      "direction": "SHORT",
      "F1": 0,
      "F2": 0,
      "F2_blocked": false,
      "F3": 5,
      "F4": 0,
      "F4_rr": 1.28,
      "F8": 2,
      "F8_blocked": true,
      "structural_entry": 72249.0,
      "structural_sl": 71064.7,
      "structural_tp": 70730.3,
      "sl_distance": 1184.3,
      "min_sl_distance": 213.2,
      "sl_too_tight": false,
      "atr_5m": 213.2,
      "atr_15m": 335.6,
      "atr_1h": 377.0,
      "atr_4h": 677.8,
      "is_counter_trend": true,
      "structure_id": null,
      "structure_id_dict": null
    }
  },
  "totals": {
    "LONG": {
      "total": 27,
      "grade": "WAIT"
    },
    "SHORT": {
      "total": 25,
      "grade": "WAIT"
    }
  },
  "risk": {
    "equity": 758.46,
    "sod_equity": 758.46,
    "daily_pnl_pct": 0.0,
    "tier": "normal",
    "grade_a_pct": 3.0,
    "grade_aplus_pct": 4.5
  }
}