{
  "time_utc0": "20:45 UTC+0",
  "session": "DEAD",
  "weekday": "Friday",
  "price": 73206.2,
  "sod_utc0": 71759.1,
  "daily_move_pct": 2.02,
  "daily_move_dir": "UP",
  "pre_checks": {
    "dead_zone": true,
    "saturday": false,
    "rule16_long_blocked": false,
    "rule16_short_blocked": false,
    "rule17_zone": null,
    "rule17_expires_utc0": null,
    "rule12_min_sl": 132.0,
    "bias_4h": "NEUTRAL",
    "co4h": 8.5,
    "0e_long_needs_aplus": false,
    "0e_short_needs_aplus": false,
    "0f_long_needs_aplus": false,
    "0f_short_needs_aplus": false,
    "0g_doji": false,
    "0g_doji_dir": null,
    "long_needs_aplus": false,
    "short_needs_aplus": false,
    "last_losing_setup": null,
    "last_losing_active": false,
    "last_losing_expired": false,
    "cycle_dedup_blocked_long": false,
    "cycle_dedup_blocked_short": false
  },
  "market": {
    "funding_rate_pct": 0.00022,
    "oi": 3379007.0,
    "oi_delta": -2154.0,
    "atr_5m": 132.4,
    "atr_4h": 1071.6
  },
  "scored_factors": {
    "F5_long": 5,
    "F5_short": 5,
    "F6": 0,
    "F6_note": "OI delta -2154 | price vs SOD +1447pt \u2192 diverging/liquidation \u2192 F6=0",
    "F7_long": 5,
    "F7_short": 0,
    "F7_cum_delta": 17777.78,
    "F7_threshold": 4476.64,
    "F7_candles_used": 10,
    "F9": 0
  },
  "signal_factors": {
    "LONG": {
      "direction": "LONG",
      "F1": 0,
      "F2": 0,
      "F2_blocked": false,
      "F3": 8,
      "F4": 0,
      "F4_rr": 1.79,
      "F8": 0,
      "F8_blocked": false,
      "structural_entry": 72927.3,
      "structural_sl": 72748.1,
      "structural_tp": 73248.8,
      "sl_distance": 179.2,
      "min_sl_distance": 132.4,
      "sl_too_tight": false,
      "atr_5m": 132.4,
      "atr_15m": 205.5,
      "atr_1h": 476.6,
      "atr_4h": 1071.6,
      "is_counter_trend": false,
      "structure_id": "1H_BULLISH_OB_72285_72643_at_2026-04-10T15:00",
      "structure_id_dict": {
        "tf": "1H",
        "bias_4h": "BULLISH",
        "type": "OB",
        "level1": 72285.8,
        "level2": 72643.3,
        "anchor_ts_ms": 1775833200000,
        "anchor_iso": "2026-04-10T15:00"
      }
    },
    "SHORT": {
      "direction": "SHORT",
      "F1": 8,
      "F2": 3,
      "F2_blocked": true,
      "F3": 8,
      "F4": 7,
      "F4_rr": 3.24,
      "F8": 0,
      "F8_blocked": false,
      "structural_entry": 73150.8,
      "structural_sl": 73268.8,
      "structural_tp": 72768.1,
      "sl_distance": 118.0,
      "min_sl_distance": 132.4,
      "sl_too_tight": true,
      "atr_5m": 132.4,
      "atr_15m": 205.5,
      "atr_1h": 476.6,
      "atr_4h": 1071.6,
      "is_counter_trend": false,
      "structure_id": "1H_BULLISH_OB_72768_73125_at_2026-04-10T14:00",
      "structure_id_dict": {
        "tf": "1H",
        "bias_4h": "BULLISH",
        "type": "OB",
        "level1": 72768.0,
        "level2": 73125.5,
        "anchor_ts_ms": 1775829600000,
        "anchor_iso": "2026-04-10T14:00"
      }
    }
  },
  "totals": {
    "LONG": {
      "total": 18,
      "grade": "WAIT"
    },
    "SHORT": {
      "total": 31,
      "grade": "WAIT"
    }
  },
  "risk": {
    "equity": 758.46,
    "sod_equity": 787.74,
    "daily_pnl_pct": -3.72,
    "tier": "normal",
    "grade_a_pct": 3.0,
    "grade_aplus_pct": 4.5
  }
}