{
  "time_utc0": "00:00 UTC+0",
  "session": "ASIA",
  "weekday": "Saturday",
  "price": 72925.8,
  "sod_utc0": 72925.7,
  "daily_move_pct": 0.0,
  "daily_move_dir": "UP",
  "pre_checks": {
    "dead_zone": false,
    "saturday": true,
    "rule16_long_blocked": false,
    "rule16_short_blocked": false,
    "rule17_zone": null,
    "rule17_expires_utc0": null,
    "rule12_min_sl": 250.0,
    "bias_4h": "NEUTRAL",
    "co4h": 0.1,
    "0e_long_needs_aplus": false,
    "0e_short_needs_aplus": false,
    "0f_long_needs_aplus": false,
    "0f_short_needs_aplus": false,
    "0g_doji": false,
    "0g_doji_dir": null,
    "long_needs_aplus": false,
    "short_needs_aplus": false,
    "last_losing_setup": null,
    "last_losing_active": false,
    "last_losing_expired": false,
    "cycle_dedup_blocked_long": false,
    "cycle_dedup_blocked_short": false
  },
  "market": {
    "funding_rate_pct": -9e-05,
    "oi": 3387169.0,
    "oi_delta": -1258.0,
    "atr_5m": 61.6,
    "atr_4h": 969.2
  },
  "scored_factors": {
    "F5_long": 5,
    "F5_short": 5,
    "F6": 0,
    "F6_note": "OI delta -1258 | price vs SOD +0pt \u2192 diverging/liquidation \u2192 F6=0",
    "F7_long": 5,
    "F7_short": 0,
    "F7_cum_delta": 14691.45,
    "F7_threshold": 1041.45,
    "F7_candles_used": 10,
    "F9": 1
  },
  "signal_factors": {
    "LONG": {
      "direction": "LONG",
      "F1": 6,
      "F2": 3,
      "F2_blocked": true,
      "F3": 8,
      "F4": 7,
      "F4_rr": 7.59,
      "F8": 0,
      "F8_blocked": false,
      "structural_entry": 72750.9,
      "structural_sl": 72658.5,
      "structural_tp": 73452.3,
      "sl_distance": 92.4,
      "min_sl_distance": 250.0,
      "sl_too_tight": true,
      "atr_5m": 61.6,
      "atr_15m": 193.1,
      "atr_1h": 487.5,
      "atr_4h": 969.2,
      "is_counter_trend": false,
      "structure_id": "1H_BEARISH_OB_72285_72651_at_2026-04-10T15:00",
      "structure_id_dict": {
        "tf": "1H",
        "bias_4h": "BEARISH",
        "type": "OB",
        "level1": 72285.8,
        "level2": 72651.4,
        "anchor_ts_ms": 1775833200000,
        "anchor_iso": "2026-04-10T15:00"
      }
    },
    "SHORT": {
      "direction": "SHORT",
      "F1": 4,
      "F2": 0,
      "F2_blocked": false,
      "F3": 8,
      "F4": 10,
      "F4_rr": 4.09,
      "F8": 0,
      "F8_blocked": false,
      "structural_entry": 73316.3,
      "structural_sl": 73472.3,
      "structural_tp": 72678.5,
      "sl_distance": 156.0,
      "min_sl_distance": 250.0,
      "sl_too_tight": true,
      "atr_5m": 61.6,
      "atr_15m": 193.1,
      "atr_1h": 487.5,
      "atr_4h": 969.2,
      "is_counter_trend": false,
      "structure_id": "1H_BEARISH_OB_72759_73125_at_2026-04-10T14:00",
      "structure_id_dict": {
        "tf": "1H",
        "bias_4h": "BEARISH",
        "type": "OB",
        "level1": 72759.9,
        "level2": 73125.5,
        "anchor_ts_ms": 1775829600000,
        "anchor_iso": "2026-04-10T14:00"
      }
    }
  },
  "totals": {
    "LONG": {
      "total": 35,
      "grade": "WAIT"
    },
    "SHORT": {
      "total": 28,
      "grade": "WAIT"
    }
  },
  "risk": {
    "equity": 758.46,
    "sod_equity": 758.46,
    "daily_pnl_pct": 0.0,
    "tier": "normal",
    "grade_a_pct": 3.0,
    "grade_aplus_pct": 4.5
  }
}