{
  "time_utc0": "13:15 UTC+0",
  "session": "EU",
  "weekday": "Saturday",
  "price": 72571.0,
  "sod_utc0": 72925.7,
  "daily_move_pct": -0.49,
  "daily_move_dir": "DOWN",
  "pre_checks": {
    "dead_zone": false,
    "saturday": true,
    "rule16_long_blocked": false,
    "rule16_short_blocked": false,
    "rule17_zone": null,
    "rule17_expires_utc0": null,
    "rule12_min_sl": 100.0,
    "bias_4h": "BEARISH",
    "co4h": -312.7,
    "0e_long_needs_aplus": true,
    "0e_short_needs_aplus": false,
    "0f_long_needs_aplus": false,
    "0f_short_needs_aplus": false,
    "0g_doji": false,
    "0g_doji_dir": null,
    "long_needs_aplus": true,
    "short_needs_aplus": false,
    "last_losing_setup": null,
    "last_losing_active": false,
    "last_losing_expired": false,
    "cycle_dedup_blocked_long": false,
    "cycle_dedup_blocked_short": false
  },
  "market": {
    "funding_rate_pct": 0.00415,
    "oi": 3380716.0,
    "oi_delta": -8019.0,
    "atr_5m": 65.1,
    "atr_4h": 866.4
  },
  "scored_factors": {
    "F5_long": 5,
    "F5_short": 5,
    "F6": 5,
    "F6_note": "OI delta -8019 | price vs SOD -355pt \u2192 accumulation \u2192 F6=5",
    "F7_long": 0,
    "F7_short": 5,
    "F7_cum_delta": -54898.52,
    "F7_threshold": 2120.6,
    "F7_candles_used": 10,
    "F9": 3
  },
  "signal_factors": {
    "LONG": {
      "direction": "LONG",
      "F1": 0,
      "F2": 5,
      "F2_blocked": true,
      "F3": 5,
      "F4": 0,
      "F4_rr": 0.31,
      "F8": 0,
      "F8_blocked": false,
      "structural_entry": 72821.7,
      "structural_sl": 72580.0,
      "structural_tp": 72898.4,
      "sl_distance": 241.7,
      "min_sl_distance": 100.0,
      "sl_too_tight": false,
      "atr_5m": 65.1,
      "atr_15m": 92.5,
      "atr_1h": 207.5,
      "atr_4h": 866.4,
      "is_counter_trend": true,
      "structure_id": "1H_BULLISH_OB_72601_72756_at_2026-04-11T08:00",
      "structure_id_dict": {
        "tf": "1H",
        "bias_4h": "BULLISH",
        "type": "OB",
        "level1": 72601.0,
        "level2": 72756.6,
        "anchor_ts_ms": 1775894400000,
        "anchor_iso": "2026-04-11T08:00"
      }
    },
    "SHORT": {
      "direction": "SHORT",
      "F1": 8,
      "F2": 0,
      "F2_blocked": false,
      "F3": 8,
      "F4": 7,
      "F4_rr": 9.63,
      "F8": 0,
      "F8_blocked": false,
      "structural_entry": 72888.6,
      "structural_sl": 72918.4,
      "structural_tp": 72600.0,
      "sl_distance": 29.8,
      "min_sl_distance": 100.0,
      "sl_too_tight": true,
      "atr_5m": 65.1,
      "atr_15m": 92.5,
      "atr_1h": 207.5,
      "atr_4h": 866.4,
      "is_counter_trend": false,
      "structure_id": "1H_BULLISH_OB_72918_73073_at_2026-04-11T02:00",
      "structure_id_dict": {
        "tf": "1H",
        "bias_4h": "BULLISH",
        "type": "OB",
        "level1": 72918.2,
        "level2": 73073.8,
        "anchor_ts_ms": 1775872800000,
        "anchor_iso": "2026-04-11T02:00"
      }
    }
  },
  "totals": {
    "LONG": {
      "total": 23,
      "grade": "WAIT"
    },
    "SHORT": {
      "total": 41,
      "grade": "A"
    }
  },
  "risk": {
    "equity": 758.46,
    "sod_equity": 758.46,
    "daily_pnl_pct": 0.0,
    "tier": "normal",
    "grade_a_pct": 3.0,
    "grade_aplus_pct": 4.5
  }
}