{
  "time_utc0": "10:40 UTC+0",
  "session": "EU",
  "weekday": "Sunday",
  "price": 71505.0,
  "sod_utc0": 73014.7,
  "daily_move_pct": -2.07,
  "daily_move_dir": "DOWN",
  "pre_checks": {
    "dead_zone": false,
    "saturday": false,
    "rule16_long_blocked": false,
    "rule16_short_blocked": false,
    "rule17_zone": null,
    "rule17_expires_utc0": null,
    "rule12_min_sl": 100.0,
    "bias_4h": "BEARISH",
    "co4h": -130.8,
    "0e_long_needs_aplus": true,
    "0e_short_needs_aplus": false,
    "0f_long_needs_aplus": false,
    "0f_short_needs_aplus": false,
    "0g_doji": false,
    "0g_doji_dir": null,
    "long_needs_aplus": true,
    "short_needs_aplus": false,
    "last_losing_setup": null,
    "last_losing_active": false,
    "last_losing_expired": false,
    "cycle_dedup_blocked_long": false,
    "cycle_dedup_blocked_short": false
  },
  "market": {
    "funding_rate_pct": -0.00147,
    "oi": 3251697.0,
    "oi_delta": 3539.0,
    "atr_5m": 50.1,
    "atr_4h": 800.1
  },
  "scored_factors": {
    "F5_long": 5,
    "F5_short": 5,
    "F6": 0,
    "F6_note": "OI delta +3539 | price vs SOD -1510pt \u2192 diverging/liquidation \u2192 F6=0",
    "F7_long": 0,
    "F7_short": 5,
    "F7_cum_delta": -3493.51,
    "F7_threshold": 1592.83,
    "F7_candles_used": 10,
    "F9": 3
  },
  "signal_factors": {
    "LONG": {
      "direction": "LONG",
      "F1": 6,
      "F2": 0,
      "F2_blocked": false,
      "F3": 5,
      "F4": 7,
      "F4_rr": 7.67,
      "F8": 0,
      "F8_blocked": false,
      "structural_entry": 71516.9,
      "structural_sl": 71483.7,
      "structural_tp": 71772.0,
      "sl_distance": 33.2,
      "min_sl_distance": 100.0,
      "sl_too_tight": true,
      "atr_5m": 50.1,
      "atr_15m": 96.0,
      "atr_1h": 421.7,
      "atr_4h": 800.1,
      "is_counter_trend": true,
      "structure_id": "1H_NEUTRAL_OB_71270_71586_at_2026-04-12T01:00",
      "structure_id_dict": {
        "tf": "1H",
        "bias_4h": "NEUTRAL",
        "type": "OB",
        "level1": 71270.2,
        "level2": 71586.5,
        "anchor_ts_ms": 1775955600000,
        "anchor_iso": "2026-04-12T01:00"
      }
    },
    "SHORT": {
      "direction": "SHORT",
      "F1": 3,
      "F2": 0,
      "F2_blocked": false,
      "F3": 8,
      "F4": 0,
      "F4_rr": 0.66,
      "F8": 0,
      "F8_blocked": false,
      "structural_entry": 71619.0,
      "structural_sl": 71792.0,
      "structural_tp": 71503.7,
      "sl_distance": 173.0,
      "min_sl_distance": 100.0,
      "sl_too_tight": false,
      "atr_5m": 50.1,
      "atr_15m": 96.0,
      "atr_1h": 421.7,
      "atr_4h": 800.1,
      "is_counter_trend": false,
      "structure_id": "1H_NEUTRAL_OB_71618_71934_at_2026-04-12T02:00",
      "structure_id_dict": {
        "tf": "1H",
        "bias_4h": "NEUTRAL",
        "type": "OB",
        "level1": 71618.4,
        "level2": 71934.7,
        "anchor_ts_ms": 1775959200000,
        "anchor_iso": "2026-04-12T02:00"
      }
    }
  },
  "totals": {
    "LONG": {
      "total": 26,
      "grade": "WAIT"
    },
    "SHORT": {
      "total": 24,
      "grade": "WAIT"
    }
  },
  "risk": {
    "equity": 758.46,
    "sod_equity": 758.46,
    "daily_pnl_pct": 0.0,
    "tier": "normal",
    "grade_a_pct": 3.0,
    "grade_aplus_pct": 4.5
  }
}