{
  "time_utc0": "20:10 UTC+0",
  "session": "DEAD",
  "weekday": "Friday",
  "price": 73210.3,
  "sod_utc0": 71759.1,
  "daily_move_pct": 2.02,
  "daily_move_dir": "UP",
  "pre_checks": {
    "dead_zone": true,
    "saturday": false,
    "rule16_long_blocked": false,
    "rule16_short_blocked": false,
    "rule17_zone": null,
    "rule17_expires_utc0": null,
    "rule12_min_sl": 112.0,
    "bias_4h": "NEUTRAL",
    "co4h": 15.8,
    "0e_long_needs_aplus": false,
    "0e_short_needs_aplus": false,
    "0f_long_needs_aplus": false,
    "0f_short_needs_aplus": false,
    "0g_doji": false,
    "0g_doji_dir": null,
    "long_needs_aplus": false,
    "short_needs_aplus": false,
    "last_losing_setup": null,
    "last_losing_active": false,
    "last_losing_expired": false,
    "cycle_dedup_blocked_long": false,
    "cycle_dedup_blocked_short": false
  },
  "market": {
    "funding_rate_pct": 0.00084,
    "oi": 3383301.0,
    "oi_delta": -910.0,
    "atr_5m": 112.1,
    "atr_4h": 1071.6
  },
  "scored_factors": {
    "F5_long": 5,
    "F5_short": 5,
    "F6": 3,
    "F6_note": "OI delta -910 | price vs SOD +1451pt \u2192 flat \u2192 F6=3",
    "F7_long": 5,
    "F7_short": 0,
    "F7_cum_delta": 24777.49,
    "F7_threshold": 2799.94,
    "F7_candles_used": 10,
    "F9": 0
  },
  "signal_factors": {
    "LONG": {
      "direction": "LONG",
      "F1": 0,
      "F2": 0,
      "F2_blocked": false,
      "F3": 8,
      "F4": 0,
      "F4_rr": 0.45,
      "F8": 0,
      "F8_blocked": false,
      "structural_entry": 72927.3,
      "structural_sl": 72265.8,
      "structural_tp": 73227.9,
      "sl_distance": 661.5,
      "min_sl_distance": 112.1,
      "sl_too_tight": false,
      "atr_5m": 112.1,
      "atr_15m": 228.8,
      "atr_1h": 476.6,
      "atr_4h": 1071.6,
      "is_counter_trend": false,
      "structure_id": "1H_BULLISH_OB_72285_72643_at_2026-04-10T15:00",
      "structure_id_dict": {
        "tf": "1H",
        "bias_4h": "BULLISH",
        "type": "OB",
        "level1": 72285.8,
        "level2": 72643.3,
        "anchor_ts_ms": 1775833200000,
        "anchor_iso": "2026-04-10T15:00"
      }
    },
    "SHORT": {
      "direction": "SHORT",
      "F1": 6,
      "F2": 0,
      "F2_blocked": false,
      "F3": 8,
      "F4": 7,
      "F4_rr": 8.09,
      "F8": 0,
      "F8_blocked": false,
      "structural_entry": 73142.1,
      "structural_sl": 73247.9,
      "structural_tp": 72285.8,
      "sl_distance": 105.8,
      "min_sl_distance": 112.1,
      "sl_too_tight": true,
      "atr_5m": 112.1,
      "atr_15m": 228.8,
      "atr_1h": 476.6,
      "atr_4h": 1071.6,
      "is_counter_trend": false,
      "structure_id": "1H_BULLISH_OB_72768_73125_at_2026-04-10T14:00",
      "structure_id_dict": {
        "tf": "1H",
        "bias_4h": "BULLISH",
        "type": "OB",
        "level1": 72768.0,
        "level2": 73125.5,
        "anchor_ts_ms": 1775829600000,
        "anchor_iso": "2026-04-10T14:00"
      }
    }
  },
  "totals": {
    "LONG": {
      "total": 21,
      "grade": "WAIT"
    },
    "SHORT": {
      "total": 29,
      "grade": "WAIT"
    }
  },
  "risk": {
    "equity": 771.25,
    "sod_equity": 787.74,
    "daily_pnl_pct": -2.09,
    "tier": "normal",
    "grade_a_pct": 3.0,
    "grade_aplus_pct": 4.5
  }
}