{
  "time_utc0": "05:50 UTC+0",
  "session": "ASIA",
  "weekday": "Sunday",
  "price": 71704.5,
  "sod_utc0": 73014.7,
  "daily_move_pct": -1.79,
  "daily_move_dir": "DOWN",
  "pre_checks": {
    "dead_zone": false,
    "saturday": false,
    "rule16_long_blocked": false,
    "rule16_short_blocked": false,
    "rule17_zone": null,
    "rule17_expires_utc0": null,
    "rule12_min_sl": 250.0,
    "bias_4h": "BULLISH",
    "co4h": 147.0,
    "0e_long_needs_aplus": false,
    "0e_short_needs_aplus": true,
    "0f_long_needs_aplus": false,
    "0f_short_needs_aplus": false,
    "0g_doji": false,
    "0g_doji_dir": null,
    "long_needs_aplus": false,
    "short_needs_aplus": true,
    "last_losing_setup": null,
    "last_losing_active": false,
    "last_losing_expired": false,
    "cycle_dedup_blocked_long": false,
    "cycle_dedup_blocked_short": false
  },
  "market": {
    "funding_rate_pct": -0.00278,
    "oi": 3251461.0,
    "oi_delta": -1084.0,
    "atr_5m": 78.2,
    "atr_4h": 888.3
  },
  "scored_factors": {
    "F5_long": 5,
    "F5_short": 5,
    "F6": 5,
    "F6_note": "OI delta -1084 | price vs SOD -1310pt \u2192 accumulation \u2192 F6=5",
    "F7_long": 5,
    "F7_short": 0,
    "F7_cum_delta": 47313.59,
    "F7_threshold": 2799.33,
    "F7_candles_used": 10,
    "F9": 1
  },
  "signal_factors": {
    "LONG": {
      "direction": "LONG",
      "F1": 0,
      "F2": 3,
      "F2_blocked": true,
      "F3": 8,
      "F4": 0,
      "F4_rr": 0.5,
      "F8": 0,
      "F8_blocked": false,
      "structural_entry": 71705.1,
      "structural_sl": 71250.2,
      "structural_tp": 71934.7,
      "sl_distance": 454.9,
      "min_sl_distance": 250.0,
      "sl_too_tight": false,
      "atr_5m": 78.2,
      "atr_15m": 165.9,
      "atr_1h": 490.6,
      "atr_4h": 888.3,
      "is_counter_trend": false,
      "structure_id": "1H_BEARISH_OB_71270_71638_at_2026-04-12T01:00",
      "structure_id_dict": {
        "tf": "1H",
        "bias_4h": "BEARISH",
        "type": "OB",
        "level1": 71270.2,
        "level2": 71638.2,
        "anchor_ts_ms": 1775955600000,
        "anchor_iso": "2026-04-12T01:00"
      }
    },
    "SHORT": {
      "direction": "SHORT",
      "F1": 0,
      "F2": 0,
      "F2_blocked": false,
      "F3": 5,
      "F4": 0,
      "F4_rr": 0.86,
      "F8": 0,
      "F8_blocked": false,
      "structural_entry": 71587.8,
      "structural_sl": 71954.7,
      "structural_tp": 71270.2,
      "sl_distance": 366.9,
      "min_sl_distance": 250.0,
      "sl_too_tight": false,
      "atr_5m": 78.2,
      "atr_15m": 165.9,
      "atr_1h": 490.6,
      "atr_4h": 888.3,
      "is_counter_trend": true,
      "structure_id": "1H_BEARISH_OB_72823_73088_at_2026-04-12T00:00",
      "structure_id_dict": {
        "tf": "1H",
        "bias_4h": "BEARISH",
        "type": "OB",
        "level1": 72823.4,
        "level2": 73088.0,
        "anchor_ts_ms": 1775952000000,
        "anchor_iso": "2026-04-12T00:00"
      }
    }
  },
  "totals": {
    "LONG": {
      "total": 27,
      "grade": "WAIT"
    },
    "SHORT": {
      "total": 16,
      "grade": "WAIT"
    }
  },
  "risk": {
    "equity": 758.46,
    "sod_equity": 758.46,
    "daily_pnl_pct": 0.0,
    "tier": "normal",
    "grade_a_pct": 3.0,
    "grade_aplus_pct": 4.5
  }
}