{
  "time_utc0": "19:10 UTC+0",
  "session": "US",
  "weekday": "Saturday",
  "price": 73688.0,
  "sod_utc0": 72925.7,
  "daily_move_pct": 1.05,
  "daily_move_dir": "UP",
  "pre_checks": {
    "dead_zone": false,
    "saturday": true,
    "rule16_long_blocked": false,
    "rule16_short_blocked": false,
    "rule17_zone": null,
    "rule17_expires_utc0": null,
    "rule12_min_sl": 126.0,
    "bias_4h": "BULLISH",
    "co4h": 858.4,
    "0e_long_needs_aplus": false,
    "0e_short_needs_aplus": true,
    "0f_long_needs_aplus": false,
    "0f_short_needs_aplus": false,
    "0g_doji": false,
    "0g_doji_dir": null,
    "long_needs_aplus": false,
    "short_needs_aplus": true,
    "last_losing_setup": null,
    "last_losing_active": false,
    "last_losing_expired": false,
    "cycle_dedup_blocked_long": false,
    "cycle_dedup_blocked_short": false
  },
  "market": {
    "funding_rate_pct": 0.00396,
    "oi": 3396316.0,
    "oi_delta": -1414.0,
    "atr_5m": 126.4,
    "atr_4h": 870.0
  },
  "scored_factors": {
    "F5_long": 5,
    "F5_short": 5,
    "F6": 0,
    "F6_note": "OI delta -1414 | price vs SOD +762pt \u2192 diverging/liquidation \u2192 F6=0",
    "F7_long": 5,
    "F7_short": 0,
    "F7_cum_delta": 224012.17,
    "F7_threshold": 8315.0,
    "F7_candles_used": 10,
    "F9": 5
  },
  "signal_factors": {
    "LONG": {
      "direction": "LONG",
      "F1": 0,
      "F2": 7,
      "F2_blocked": false,
      "F3": 8,
      "F4": 0,
      "F4_rr": 1.1,
      "F8": 0,
      "F8_blocked": false,
      "structural_entry": 72863.2,
      "structural_sl": 72558.0,
      "structural_tp": 73200.0,
      "sl_distance": 305.2,
      "min_sl_distance": 126.4,
      "sl_too_tight": false,
      "atr_5m": 126.4,
      "atr_15m": 169.6,
      "atr_1h": 260.9,
      "atr_4h": 870.0,
      "is_counter_trend": false,
      "structure_id": "1H_NEUTRAL_OB_72601_72779_at_2026-04-11T08:00",
      "structure_id_dict": {
        "tf": "1H",
        "bias_4h": "NEUTRAL",
        "type": "OB",
        "level1": 72601.0,
        "level2": 72779.9,
        "anchor_ts_ms": 1775894400000,
        "anchor_iso": "2026-04-11T08:00"
      }
    },
    "SHORT": {
      "direction": "SHORT",
      "F1": 6,
      "F2": 0,
      "F2_blocked": false,
      "F3": 5,
      "F4": 7,
      "F4_rr": 2.38,
      "F8": 0,
      "F8_blocked": false,
      "structural_entry": 73684.9,
      "structural_sl": 73220.0,
      "structural_tp": 72578.0,
      "sl_distance": 464.9,
      "min_sl_distance": 126.4,
      "sl_too_tight": false,
      "atr_5m": 126.4,
      "atr_15m": 169.6,
      "atr_1h": 260.9,
      "atr_4h": 870.0,
      "is_counter_trend": true,
      "structure_id": "1H_NEUTRAL_OB_72787_72956_at_2026-04-11T12:00",
      "structure_id_dict": {
        "tf": "1H",
        "bias_4h": "NEUTRAL",
        "type": "OB",
        "level1": 72787.0,
        "level2": 72956.5,
        "anchor_ts_ms": 1775908800000,
        "anchor_iso": "2026-04-11T12:00"
      }
    }
  },
  "totals": {
    "LONG": {
      "total": 30,
      "grade": "WAIT"
    },
    "SHORT": {
      "total": 28,
      "grade": "WAIT"
    }
  },
  "risk": {
    "equity": 758.46,
    "sod_equity": 758.46,
    "daily_pnl_pct": 0.0,
    "tier": "normal",
    "grade_a_pct": 3.0,
    "grade_aplus_pct": 4.5
  }
}