{
  "time_utc0": "07:05 UTC+0",
  "session": "EU",
  "weekday": "Tuesday",
  "price": 74543.7,
  "sod_utc0": 74385.4,
  "daily_move_pct": 0.21,
  "daily_move_dir": "UP",
  "pre_checks": {
    "dead_zone": false,
    "saturday": false,
    "rule16_long_blocked": false,
    "rule16_short_blocked": false,
    "rule17_zone": null,
    "rule17_expires_utc0": null,
    "rule12_min_sl": 100.0,
    "bias_4h": "BULLISH",
    "co4h": 130.5,
    "0e_long_needs_aplus": false,
    "0e_short_needs_aplus": true,
    "0f_long_needs_aplus": false,
    "0f_short_needs_aplus": false,
    "0g_doji": false,
    "0g_doji_dir": null,
    "long_needs_aplus": false,
    "short_needs_aplus": true,
    "last_losing_setup": null,
    "last_losing_active": false,
    "last_losing_expired": false,
    "cycle_dedup_blocked_long": false,
    "cycle_dedup_blocked_short": false
  },
  "market": {
    "funding_rate_pct": 0.00985,
    "oi": 3435969.0,
    "oi_delta": 7495.0,
    "atr_5m": 79.4,
    "atr_4h": 957.5
  },
  "scored_factors": {
    "F5_long": 5,
    "F5_short": 5,
    "F6": 5,
    "F6_note": "OI delta +7495 | price vs SOD +158pt \u2192 accumulation \u2192 F6=5",
    "F7_long": 5,
    "F7_short": 0,
    "F7_cum_delta": 50298.76,
    "F7_threshold": 2435.39,
    "F7_candles_used": 10,
    "F9": 3
  },
  "signal_factors": {
    "LONG": {
      "direction": "LONG",
      "F1": 3,
      "F2": 5,
      "F2_blocked": true,
      "F3": 8,
      "F4": 7,
      "F4_rr": 4.48,
      "F8": 2,
      "F8_blocked": true,
      "structural_entry": 74174.3,
      "structural_sl": 74107.2,
      "structural_tp": 74478.2,
      "sl_distance": 67.1,
      "min_sl_distance": 100.0,
      "sl_too_tight": true,
      "atr_5m": 79.4,
      "atr_15m": 125.5,
      "atr_1h": 520.7,
      "atr_4h": 957.5,
      "is_counter_trend": false,
      "structure_id": null,
      "structure_id_dict": null
    },
    "SHORT": {
      "direction": "SHORT",
      "F1": 0,
      "F2": 0,
      "F2_blocked": false,
      "F3": 5,
      "F4": 7,
      "F4_rr": 4.66,
      "F8": 2,
      "F8_blocked": true,
      "structural_entry": 74433.2,
      "structural_sl": 74498.2,
      "structural_tp": 74127.2,
      "sl_distance": 64.9,
      "min_sl_distance": 100.0,
      "sl_too_tight": true,
      "atr_5m": 79.4,
      "atr_15m": 125.5,
      "atr_1h": 520.7,
      "atr_4h": 957.5,
      "is_counter_trend": true,
      "structure_id": null,
      "structure_id_dict": null
    }
  },
  "totals": {
    "LONG": {
      "total": 43,
      "grade": "A"
    },
    "SHORT": {
      "total": 27,
      "grade": "WAIT"
    }
  },
  "risk": {
    "equity": 758.46,
    "sod_equity": 758.46,
    "daily_pnl_pct": 0.0,
    "tier": "normal",
    "grade_a_pct": 3.0,
    "grade_aplus_pct": 4.5
  }
}