{
  "time_utc0": "14:00 UTC+0",
  "session": "US",
  "weekday": "Sunday",
  "price": 70863.5,
  "sod_utc0": 73014.7,
  "daily_move_pct": -2.95,
  "daily_move_dir": "DOWN",
  "pre_checks": {
    "dead_zone": false,
    "saturday": false,
    "rule16_long_blocked": false,
    "rule16_short_blocked": false,
    "rule17_zone": null,
    "rule17_expires_utc0": null,
    "rule12_min_sl": 141.0,
    "bias_4h": "BEARISH",
    "co4h": -577.8,
    "0e_long_needs_aplus": true,
    "0e_short_needs_aplus": false,
    "0f_long_needs_aplus": false,
    "0f_short_needs_aplus": false,
    "0g_doji": false,
    "0g_doji_dir": null,
    "long_needs_aplus": true,
    "short_needs_aplus": false,
    "last_losing_setup": null,
    "last_losing_active": false,
    "last_losing_expired": false,
    "cycle_dedup_blocked_long": false,
    "cycle_dedup_blocked_short": false
  },
  "market": {
    "funding_rate_pct": 0.00663,
    "oi": 3275455.0,
    "oi_delta": -1810.0,
    "atr_5m": 140.8,
    "atr_4h": 774.2
  },
  "scored_factors": {
    "F5_long": 5,
    "F5_short": 5,
    "F6": 5,
    "F6_note": "OI delta -1810 | price vs SOD -2151pt \u2192 accumulation \u2192 F6=5",
    "F7_long": 0,
    "F7_short": 5,
    "F7_cum_delta": -53103.07,
    "F7_threshold": 3711.57,
    "F7_candles_used": 10,
    "F9": 5
  },
  "signal_factors": {
    "LONG": {
      "direction": "LONG",
      "F1": 3,
      "F2": 0,
      "F2_blocked": false,
      "F3": 5,
      "F4": 7,
      "F4_rr": 9.49,
      "F8": 0,
      "F8_blocked": false,
      "structural_entry": 70929.4,
      "structural_sl": 70853.1,
      "structural_tp": 71655.0,
      "sl_distance": 76.2,
      "min_sl_distance": 140.8,
      "sl_too_tight": true,
      "atr_5m": 140.8,
      "atr_15m": 150.0,
      "atr_1h": 390.2,
      "atr_4h": 774.2,
      "is_counter_trend": true,
      "structure_id": "1H_BEARISH_OB_71270_71562_at_2026-04-12T01:00",
      "structure_id_dict": {
        "tf": "1H",
        "bias_4h": "BEARISH",
        "type": "OB",
        "level1": 71270.2,
        "level2": 71562.9,
        "anchor_ts_ms": 1775955600000,
        "anchor_iso": "2026-04-12T01:00"
      }
    },
    "SHORT": {
      "direction": "SHORT",
      "F1": 4,
      "F2": 7,
      "F2_blocked": false,
      "F3": 8,
      "F4": 0,
      "F4_rr": 0.24,
      "F8": 0,
      "F8_blocked": false,
      "structural_entry": 71029.4,
      "structural_sl": 71675.0,
      "structural_tp": 70873.1,
      "sl_distance": 645.6,
      "min_sl_distance": 140.8,
      "sl_too_tight": false,
      "atr_5m": 140.8,
      "atr_15m": 150.0,
      "atr_1h": 390.2,
      "atr_4h": 774.2,
      "is_counter_trend": false,
      "structure_id": "1H_BEARISH_OB_71387_71519_at_2026-04-12T11:00",
      "structure_id_dict": {
        "tf": "1H",
        "bias_4h": "BEARISH",
        "type": "OB",
        "level1": 71387.8,
        "level2": 71519.7,
        "anchor_ts_ms": 1775991600000,
        "anchor_iso": "2026-04-12T11:00"
      }
    }
  },
  "totals": {
    "LONG": {
      "total": 30,
      "grade": "WAIT"
    },
    "SHORT": {
      "total": 39,
      "grade": "WAIT"
    }
  },
  "risk": {
    "equity": 758.46,
    "sod_equity": 758.46,
    "daily_pnl_pct": 0.0,
    "tier": "normal",
    "grade_a_pct": 3.0,
    "grade_aplus_pct": 4.5
  }
}