{
  "time_utc0": "08:50 UTC+0",
  "session": "EU",
  "weekday": "Friday",
  "price": 71529.3,
  "sod_utc0": 71759.1,
  "daily_move_pct": -0.32,
  "daily_move_dir": "DOWN",
  "pre_checks": {
    "dead_zone": false,
    "saturday": false,
    "rule16_long_blocked": false,
    "rule16_short_blocked": false,
    "rule17_zone": null,
    "rule17_expires_utc0": null,
    "rule12_min_sl": 109.0,
    "bias_4h": "NEUTRAL",
    "co4h": 64.7,
    "0e_long_needs_aplus": false,
    "0e_short_needs_aplus": false,
    "0f_long_needs_aplus": false,
    "0f_short_needs_aplus": false,
    "0g_doji": false,
    "0g_doji_dir": null,
    "long_needs_aplus": false,
    "short_needs_aplus": false,
    "last_losing_setup": null,
    "last_losing_active": false,
    "last_losing_expired": false,
    "cycle_dedup_blocked_long": false,
    "cycle_dedup_blocked_short": false
  },
  "market": {
    "funding_rate_pct": 0.00592,
    "oi": 3288576.0,
    "oi_delta": 146.0,
    "atr_5m": 108.5,
    "atr_4h": 997.5
  },
  "scored_factors": {
    "F5_long": 5,
    "F5_short": 3,
    "F6": 3,
    "F6_note": "OI delta +146 | price vs SOD -230pt \u2192 flat \u2192 F6=3",
    "F7_long": 2,
    "F7_short": 2,
    "F7_cum_delta": -2174.17,
    "F7_threshold": 5070.77,
    "F7_candles_used": 10,
    "F9": 3
  },
  "signal_factors": {
    "LONG": {
      "direction": "LONG",
      "F1": 0,
      "F2": 3,
      "F2_blocked": true,
      "F3": 8,
      "F4": 7,
      "F4_rr": 7.86,
      "F8": 2,
      "F8_blocked": true,
      "structural_entry": 71469.0,
      "structural_sl": 71368.9,
      "structural_tp": 72258.0,
      "sl_distance": 100.1,
      "min_sl_distance": 108.5,
      "sl_too_tight": true,
      "atr_5m": 108.5,
      "atr_15m": 173.0,
      "atr_1h": 519.0,
      "atr_4h": 997.5,
      "is_counter_trend": false,
      "structure_id": null,
      "structure_id_dict": null
    },
    "SHORT": {
      "direction": "SHORT",
      "F1": 0,
      "F2": 7,
      "F2_blocked": false,
      "F3": 8,
      "F4": 10,
      "F4_rr": 3.61,
      "F8": 2,
      "F8_blocked": true,
      "structural_entry": 72085.6,
      "structural_sl": 72278.0,
      "structural_tp": 71388.9,
      "sl_distance": 192.4,
      "min_sl_distance": 108.5,
      "sl_too_tight": false,
      "atr_5m": 108.5,
      "atr_15m": 173.0,
      "atr_1h": 519.0,
      "atr_4h": 997.5,
      "is_counter_trend": false,
      "structure_id": "1H_BEARISH_OB_71960_72258_at_2026-04-10T05:00",
      "structure_id_dict": {
        "tf": "1H",
        "bias_4h": "BEARISH",
        "type": "OB",
        "level1": 71960.4,
        "level2": 72258.0,
        "anchor_ts_ms": 1775797200000,
        "anchor_iso": "2026-04-10T05:00"
      }
    }
  },
  "totals": {
    "LONG": {
      "total": 33,
      "grade": "WAIT"
    },
    "SHORT": {
      "total": 38,
      "grade": "WAIT"
    }
  },
  "risk": {
    "equity": 787.74,
    "sod_equity": 787.74,
    "daily_pnl_pct": 0.0,
    "tier": "normal",
    "grade_a_pct": 3.0,
    "grade_aplus_pct": 4.5
  }
}