{
  "time_utc0": "05:55 UTC+0",
  "session": "ASIA",
  "weekday": "Wednesday",
  "price": 73951.9,
  "sod_utc0": 74100.0,
  "daily_move_pct": -0.2,
  "daily_move_dir": "DOWN",
  "pre_checks": {
    "dead_zone": false,
    "saturday": false,
    "rule16_long_blocked": false,
    "rule16_short_blocked": false,
    "rule17_zone": null,
    "rule17_expires_utc0": null,
    "rule12_min_sl": 250.0,
    "bias_4h": "BEARISH",
    "co4h": -344.4,
    "0e_long_needs_aplus": true,
    "0e_short_needs_aplus": false,
    "0f_long_needs_aplus": false,
    "0f_short_needs_aplus": false,
    "0g_doji": false,
    "0g_doji_dir": null,
    "long_needs_aplus": true,
    "short_needs_aplus": false,
    "last_losing_setup": null,
    "last_losing_active": false,
    "last_losing_expired": false,
    "cycle_dedup_blocked_long": false,
    "cycle_dedup_blocked_short": false
  },
  "market": {
    "funding_rate_pct": -0.00753,
    "oi": 3530497.0,
    "oi_delta": 2162.0,
    "atr_5m": 102.3,
    "atr_4h": 1069.2
  },
  "scored_factors": {
    "F5_long": 5,
    "F5_short": 5,
    "F6": 0,
    "F6_note": "OI delta +2162 | price vs SOD -148pt \u2192 diverging/liquidation \u2192 F6=0",
    "F7_long": 0,
    "F7_short": 5,
    "F7_cum_delta": -118635.35,
    "F7_threshold": 5195.02,
    "F7_candles_used": 10,
    "F9": 1
  },
  "signal_factors": {
    "LONG": {
      "direction": "LONG",
      "F1": 4,
      "F2": 0,
      "F2_blocked": false,
      "F3": 5,
      "F4": 0,
      "F4_rr": 2.23,
      "F8": 5,
      "F8_blocked": false,
      "structural_entry": 74198.9,
      "structural_sl": 74110.0,
      "structural_tp": 74400.0,
      "sl_distance": 88.9,
      "min_sl_distance": 250.0,
      "sl_too_tight": true,
      "atr_5m": 102.3,
      "atr_15m": 167.9,
      "atr_1h": 553.8,
      "atr_4h": 1069.2,
      "is_counter_trend": true,
      "structure_id": null,
      "structure_id_dict": null
    },
    "SHORT": {
      "direction": "SHORT",
      "F1": 4,
      "F2": 5,
      "F2_blocked": true,
      "F3": 8,
      "F4": 0,
      "F4_rr": 0.15,
      "F8": 5,
      "F8_blocked": false,
      "structural_entry": 74075.8,
      "structural_sl": 74420.0,
      "structural_tp": 74130.0,
      "sl_distance": 344.2,
      "min_sl_distance": 250.0,
      "sl_too_tight": false,
      "atr_5m": 102.3,
      "atr_15m": 167.9,
      "atr_1h": 553.8,
      "atr_4h": 1069.2,
      "is_counter_trend": false,
      "structure_id": "1H_BULLISH_OB_74444_74749_at_2026-04-15T01:00",
      "structure_id_dict": {
        "tf": "1H",
        "bias_4h": "BULLISH",
        "type": "OB",
        "level1": 74444.6,
        "level2": 74749.0,
        "anchor_ts_ms": 1776214800000,
        "anchor_iso": "2026-04-15T01:00"
      }
    }
  },
  "totals": {
    "LONG": {
      "total": 20,
      "grade": "WAIT"
    },
    "SHORT": {
      "total": 33,
      "grade": "WAIT"
    }
  },
  "risk": {
    "equity": 734.79,
    "sod_equity": 734.79,
    "daily_pnl_pct": 0.0,
    "tier": "normal",
    "grade_a_pct": 3.0,
    "grade_aplus_pct": 4.5
  }
}