{
  "time_utc0": "19:10 UTC+0",
  "session": "US",
  "weekday": "Tuesday",
  "price": 74293.0,
  "sod_utc0": 74385.4,
  "daily_move_pct": -0.12,
  "daily_move_dir": "DOWN",
  "pre_checks": {
    "dead_zone": false,
    "saturday": false,
    "rule16_long_blocked": false,
    "rule16_short_blocked": false,
    "rule17_zone": null,
    "rule17_expires_utc0": null,
    "rule12_min_sl": 200.0,
    "bias_4h": "BEARISH",
    "co4h": -987.4,
    "0e_long_needs_aplus": true,
    "0e_short_needs_aplus": false,
    "0f_long_needs_aplus": false,
    "0f_short_needs_aplus": false,
    "0g_doji": false,
    "0g_doji_dir": null,
    "long_needs_aplus": true,
    "short_needs_aplus": false,
    "last_losing_setup": null,
    "last_losing_active": false,
    "last_losing_expired": false,
    "cycle_dedup_blocked_long": false,
    "cycle_dedup_blocked_short": false
  },
  "market": {
    "funding_rate_pct": -0.01232,
    "oi": 3547485.0,
    "oi_delta": -3984.0,
    "atr_5m": 200.1,
    "atr_4h": 966.3
  },
  "scored_factors": {
    "F5_long": 5,
    "F5_short": 3,
    "F6": 5,
    "F6_note": "OI delta -3984 | price vs SOD -92pt \u2192 accumulation \u2192 F6=5",
    "F7_long": 0,
    "F7_short": 5,
    "F7_cum_delta": -95120.94,
    "F7_threshold": 8622.51,
    "F7_candles_used": 10,
    "F9": 5
  },
  "signal_factors": {
    "LONG": {
      "direction": "LONG",
      "F1": 3,
      "F2": 0,
      "F2_blocked": false,
      "F3": 5,
      "F4": 7,
      "F4_rr": 10.35,
      "F8": 2,
      "F8_blocked": true,
      "structural_entry": 74340.0,
      "structural_sl": 74180.0,
      "structural_tp": 76000.0,
      "sl_distance": 160.0,
      "min_sl_distance": 200.1,
      "sl_too_tight": true,
      "atr_5m": 200.1,
      "atr_15m": 373.3,
      "atr_1h": 615.4,
      "atr_4h": 966.3,
      "is_counter_trend": true,
      "structure_id": null,
      "structure_id_dict": null
    },
    "SHORT": {
      "direction": "SHORT",
      "F1": 0,
      "F2": 7,
      "F2_blocked": false,
      "F3": 8,
      "F4": 7,
      "F4_rr": 2.69,
      "F8": 2,
      "F8_blocked": true,
      "structural_entry": 75528.3,
      "structural_sl": 76020.0,
      "structural_tp": 74200.0,
      "sl_distance": 491.7,
      "min_sl_distance": 200.1,
      "sl_too_tight": false,
      "atr_5m": 200.1,
      "atr_15m": 373.3,
      "atr_1h": 615.4,
      "atr_4h": 966.3,
      "is_counter_trend": false,
      "structure_id": "1H_BULLISH_OB_74458_74919_at_2026-04-14T17:00",
      "structure_id_dict": {
        "tf": "1H",
        "bias_4h": "BULLISH",
        "type": "OB",
        "level1": 74458.1,
        "level2": 74919.7,
        "anchor_ts_ms": 1776186000000,
        "anchor_iso": "2026-04-14T17:00"
      }
    }
  },
  "totals": {
    "LONG": {
      "total": 32,
      "grade": "WAIT"
    },
    "SHORT": {
      "total": 42,
      "grade": "A"
    }
  },
  "risk": {
    "equity": 734.79,
    "sod_equity": 758.46,
    "daily_pnl_pct": -3.12,
    "tier": "normal",
    "grade_a_pct": 3.0,
    "grade_aplus_pct": 4.5
  }
}