{
  "time_utc0": "14:20 UTC+0",
  "session": "US",
  "weekday": "Wednesday",
  "price": 74127.0,
  "sod_utc0": 74100.0,
  "daily_move_pct": 0.04,
  "daily_move_dir": "UP",
  "pre_checks": {
    "dead_zone": false,
    "saturday": false,
    "rule16_long_blocked": false,
    "rule16_short_blocked": false,
    "rule17_zone": null,
    "rule17_expires_utc0": null,
    "rule12_min_sl": 186.0,
    "bias_4h": "NEUTRAL",
    "co4h": -45.3,
    "0e_long_needs_aplus": false,
    "0e_short_needs_aplus": false,
    "0f_long_needs_aplus": false,
    "0f_short_needs_aplus": false,
    "0g_doji": false,
    "0g_doji_dir": null,
    "long_needs_aplus": false,
    "short_needs_aplus": false,
    "last_losing_setup": null,
    "last_losing_active": false,
    "last_losing_expired": false,
    "cycle_dedup_blocked_long": false,
    "cycle_dedup_blocked_short": false
  },
  "market": {
    "funding_rate_pct": -0.00574,
    "oi": 3480821.0,
    "oi_delta": -5304.0,
    "atr_5m": 186.3,
    "atr_4h": 1061.6
  },
  "scored_factors": {
    "F5_long": 5,
    "F5_short": 5,
    "F6": 0,
    "F6_note": "OI delta -5304 | price vs SOD +27pt \u2192 diverging/liquidation \u2192 F6=0",
    "F7_long": 0,
    "F7_short": 5,
    "F7_cum_delta": -103720.25,
    "F7_threshold": 8661.6,
    "F7_candles_used": 10,
    "F9": 5
  },
  "signal_factors": {
    "LONG": {
      "direction": "LONG",
      "F1": 4,
      "F2": 3,
      "F2_blocked": true,
      "F3": 8,
      "F4": 7,
      "F4_rr": 3.11,
      "F8": 5,
      "F8_blocked": false,
      "structural_entry": 73896.6,
      "structural_sl": 73721.4,
      "structural_tp": 74444.0,
      "sl_distance": 175.2,
      "min_sl_distance": 186.3,
      "sl_too_tight": true,
      "atr_5m": 186.3,
      "atr_15m": 250.4,
      "atr_1h": 416.8,
      "atr_4h": 1061.6,
      "is_counter_trend": false,
      "structure_id": "1H_BULLISH_OB_73741_74054_at_2026-04-15T10:00",
      "structure_id_dict": {
        "tf": "1H",
        "bias_4h": "BULLISH",
        "type": "OB",
        "level1": 73741.4,
        "level2": 74054.0,
        "anchor_ts_ms": 1776247200000,
        "anchor_iso": "2026-04-15T10:00"
      }
    },
    "SHORT": {
      "direction": "SHORT",
      "F1": 6,
      "F2": 0,
      "F2_blocked": false,
      "F3": 8,
      "F4": 7,
      "F4_rr": 3.33,
      "F8": 5,
      "F8_blocked": false,
      "structural_entry": 74297.6,
      "structural_sl": 74464.0,
      "structural_tp": 73741.4,
      "sl_distance": 166.4,
      "min_sl_distance": 186.3,
      "sl_too_tight": true,
      "atr_5m": 186.3,
      "atr_15m": 250.4,
      "atr_1h": 416.8,
      "atr_4h": 1061.6,
      "is_counter_trend": false,
      "structure_id": "1H_BULLISH_OB_74131_74444_at_2026-04-15T12:00",
      "structure_id_dict": {
        "tf": "1H",
        "bias_4h": "BULLISH",
        "type": "OB",
        "level1": 74131.4,
        "level2": 74444.0,
        "anchor_ts_ms": 1776254400000,
        "anchor_iso": "2026-04-15T12:00"
      }
    }
  },
  "totals": {
    "LONG": {
      "total": 37,
      "grade": "WAIT"
    },
    "SHORT": {
      "total": 41,
      "grade": "A"
    }
  },
  "risk": {
    "equity": 754.98,
    "sod_equity": 734.79,
    "daily_pnl_pct": 2.75,
    "tier": "normal",
    "grade_a_pct": 3.0,
    "grade_aplus_pct": 4.5
  }
}