{
  "time_utc0": "13:55 UTC+0",
  "session": "US",
  "weekday": "Thursday",
  "price": 70725.0,
  "sod_utc0": 71041.8,
  "daily_move_pct": -0.45,
  "daily_move_dir": "DOWN",
  "pre_checks": {
    "dead_zone": false,
    "saturday": false,
    "rule16_long_blocked": false,
    "rule16_short_blocked": false,
    "rule17_zone": null,
    "rule17_expires_utc0": null,
    "rule12_min_sl": 137.0,
    "bias_4h": "BEARISH",
    "co4h": -399.4,
    "0e_long_needs_aplus": true,
    "0e_short_needs_aplus": false,
    "0f_long_needs_aplus": false,
    "0f_short_needs_aplus": false,
    "0g_doji": false,
    "0g_doji_dir": null,
    "long_needs_aplus": true,
    "short_needs_aplus": false,
    "last_losing_setup": null,
    "last_losing_active": false,
    "last_losing_expired": false,
    "cycle_dedup_blocked_long": false,
    "cycle_dedup_blocked_short": false
  },
  "market": {
    "funding_rate_pct": 0.01,
    "oi": 3381766.0,
    "oi_delta": 13684.0,
    "atr_5m": 137.2,
    "atr_4h": 1108.3
  },
  "scored_factors": {
    "F5_long": 3,
    "F5_short": 3,
    "F6": 0,
    "F6_note": "OI delta +13684 | price vs SOD -317pt \u2192 diverging/liquidation \u2192 F6=0",
    "F7_long": 0,
    "F7_short": 5,
    "F7_cum_delta": -135816.86,
    "F7_threshold": 6993.28,
    "F7_candles_used": 10,
    "F9": 5
  },
  "signal_factors": {
    "LONG": {
      "direction": "LONG",
      "F1": 8,
      "F2": 0,
      "F2_blocked": false,
      "F3": 5,
      "F4": 7,
      "F4_rr": 2.2,
      "F8": 0,
      "F8_blocked": false,
      "structural_entry": 71165.4,
      "structural_sl": 70993.0,
      "structural_tp": 71548.0,
      "sl_distance": 172.4,
      "min_sl_distance": 137.2,
      "sl_too_tight": false,
      "atr_5m": 137.2,
      "atr_15m": 183.0,
      "atr_1h": 359.5,
      "atr_4h": 1108.3,
      "is_counter_trend": true,
      "structure_id": "1H_BULLISH_OB_70921_71086_at_2026-04-09T07:00",
      "structure_id_dict": {
        "tf": "1H",
        "bias_4h": "BULLISH",
        "type": "OB",
        "level1": 70921.2,
        "level2": 71086.2,
        "anchor_ts_ms": 1775718000000,
        "anchor_iso": "2026-04-09T07:00"
      }
    },
    "SHORT": {
      "direction": "SHORT",
      "F1": 6,
      "F2": 5,
      "F2_blocked": true,
      "F3": 8,
      "F4": 0,
      "F4_rr": 0.58,
      "F8": 0,
      "F8_blocked": false,
      "structural_entry": 71217.9,
      "structural_sl": 71568.0,
      "structural_tp": 71013.0,
      "sl_distance": 350.1,
      "min_sl_distance": 137.2,
      "sl_too_tight": false,
      "atr_5m": 137.2,
      "atr_15m": 183.0,
      "atr_1h": 359.5,
      "atr_4h": 1108.3,
      "is_counter_trend": false,
      "structure_id": "1H_BULLISH_OB_71278_71548_at_2026-04-09T09:00",
      "structure_id_dict": {
        "tf": "1H",
        "bias_4h": "BULLISH",
        "type": "OB",
        "level1": 71278.4,
        "level2": 71548.0,
        "anchor_ts_ms": 1775725200000,
        "anchor_iso": "2026-04-09T09:00"
      }
    }
  },
  "totals": {
    "LONG": {
      "total": 28,
      "grade": "WAIT"
    },
    "SHORT": {
      "total": 32,
      "grade": "WAIT"
    }
  },
  "risk": {
    "equity": 787.74,
    "sod_equity": 787.74,
    "daily_pnl_pct": 0.0,
    "tier": "normal",
    "grade_a_pct": 3.0,
    "grade_aplus_pct": 4.5
  }
}