{
  "time_utc0": "14:00 UTC+0",
  "session": "US",
  "weekday": "Wednesday",
  "price": 74021.3,
  "sod_utc0": 74100.0,
  "daily_move_pct": -0.11,
  "daily_move_dir": "DOWN",
  "pre_checks": {
    "dead_zone": false,
    "saturday": false,
    "rule16_long_blocked": false,
    "rule16_short_blocked": false,
    "rule17_zone": null,
    "rule17_expires_utc0": null,
    "rule12_min_sl": 158.0,
    "bias_4h": "BEARISH",
    "co4h": -142.7,
    "0e_long_needs_aplus": true,
    "0e_short_needs_aplus": false,
    "0f_long_needs_aplus": false,
    "0f_short_needs_aplus": false,
    "0g_doji": false,
    "0g_doji_dir": null,
    "long_needs_aplus": true,
    "short_needs_aplus": false,
    "last_losing_setup": null,
    "last_losing_active": false,
    "last_losing_expired": false,
    "cycle_dedup_blocked_long": false,
    "cycle_dedup_blocked_short": false
  },
  "market": {
    "funding_rate_pct": -0.00556,
    "oi": 3485515.0,
    "oi_delta": -4600.0,
    "atr_5m": 158.2,
    "atr_4h": 1061.6
  },
  "scored_factors": {
    "F5_long": 5,
    "F5_short": 5,
    "F6": 5,
    "F6_note": "OI delta -4600 | price vs SOD -79pt \u2192 accumulation \u2192 F6=5",
    "F7_long": 0,
    "F7_short": 5,
    "F7_cum_delta": -118505.68,
    "F7_threshold": 6371.93,
    "F7_candles_used": 10,
    "F9": 5
  },
  "signal_factors": {
    "LONG": {
      "direction": "LONG",
      "F1": 4,
      "F2": 0,
      "F2_blocked": false,
      "F3": 5,
      "F4": 7,
      "F4_rr": 3.15,
      "F8": 5,
      "F8_blocked": false,
      "structural_entry": 73895.0,
      "structural_sl": 73721.4,
      "structural_tp": 74444.0,
      "sl_distance": 173.6,
      "min_sl_distance": 158.2,
      "sl_too_tight": false,
      "atr_5m": 158.2,
      "atr_15m": 246.1,
      "atr_1h": 416.8,
      "atr_4h": 1061.6,
      "is_counter_trend": true,
      "structure_id": "1H_BULLISH_OB_73741_74054_at_2026-04-15T10:00",
      "structure_id_dict": {
        "tf": "1H",
        "bias_4h": "BULLISH",
        "type": "OB",
        "level1": 73741.4,
        "level2": 74054.0,
        "anchor_ts_ms": 1776247200000,
        "anchor_iso": "2026-04-15T10:00"
      }
    },
    "SHORT": {
      "direction": "SHORT",
      "F1": 6,
      "F2": 3,
      "F2_blocked": true,
      "F3": 8,
      "F4": 7,
      "F4_rr": 3.37,
      "F8": 5,
      "F8_blocked": false,
      "structural_entry": 74299.2,
      "structural_sl": 74464.0,
      "structural_tp": 73741.4,
      "sl_distance": 164.8,
      "min_sl_distance": 158.2,
      "sl_too_tight": false,
      "atr_5m": 158.2,
      "atr_15m": 246.1,
      "atr_1h": 416.8,
      "atr_4h": 1061.6,
      "is_counter_trend": false,
      "structure_id": "1H_BULLISH_OB_74131_74444_at_2026-04-15T12:00",
      "structure_id_dict": {
        "tf": "1H",
        "bias_4h": "BULLISH",
        "type": "OB",
        "level1": 74131.4,
        "level2": 74444.0,
        "anchor_ts_ms": 1776254400000,
        "anchor_iso": "2026-04-15T12:00"
      }
    }
  },
  "totals": {
    "LONG": {
      "total": 36,
      "grade": "WAIT"
    },
    "SHORT": {
      "total": 49,
      "grade": "A"
    }
  },
  "risk": {
    "equity": 734.79,
    "sod_equity": 734.79,
    "daily_pnl_pct": 0.0,
    "tier": "normal",
    "grade_a_pct": 3.0,
    "grade_aplus_pct": 4.5
  }
}