{
  "time_utc0": "13:05 UTC+0",
  "session": "EU",
  "weekday": "Thursday",
  "price": 71170.0,
  "sod_utc0": 71041.8,
  "daily_move_pct": 0.18,
  "daily_move_dir": "UP",
  "pre_checks": {
    "dead_zone": false,
    "saturday": false,
    "rule16_long_blocked": false,
    "rule16_short_blocked": false,
    "rule17_zone": null,
    "rule17_expires_utc0": null,
    "rule12_min_sl": 110.0,
    "bias_4h": "NEUTRAL",
    "co4h": 30.3,
    "0e_long_needs_aplus": false,
    "0e_short_needs_aplus": false,
    "0f_long_needs_aplus": false,
    "0f_short_needs_aplus": false,
    "0g_doji": false,
    "0g_doji_dir": null,
    "long_needs_aplus": false,
    "short_needs_aplus": false,
    "last_losing_setup": null,
    "last_losing_active": false,
    "last_losing_expired": false,
    "cycle_dedup_blocked_long": false,
    "cycle_dedup_blocked_short": false
  },
  "market": {
    "funding_rate_pct": 0.00869,
    "oi": 3372697.0,
    "oi_delta": 4100.0,
    "atr_5m": 109.6,
    "atr_4h": 1108.3
  },
  "scored_factors": {
    "F5_long": 5,
    "F5_short": 3,
    "F6": 5,
    "F6_note": "OI delta +4100 | price vs SOD +128pt \u2192 accumulation \u2192 F6=5",
    "F7_long": 5,
    "F7_short": 0,
    "F7_cum_delta": 4470.39,
    "F7_threshold": 3194.72,
    "F7_candles_used": 10,
    "F9": 3
  },
  "signal_factors": {
    "LONG": {
      "direction": "LONG",
      "F1": 4,
      "F2": 0,
      "F2_blocked": false,
      "F3": 8,
      "F4": 7,
      "F4_rr": 2.25,
      "F8": 2,
      "F8_blocked": true,
      "structural_entry": 71162.6,
      "structural_sl": 70993.0,
      "structural_tp": 71548.0,
      "sl_distance": 169.6,
      "min_sl_distance": 109.6,
      "sl_too_tight": false,
      "atr_5m": 109.6,
      "atr_15m": 175.4,
      "atr_1h": 359.5,
      "atr_4h": 1108.3,
      "is_counter_trend": false,
      "structure_id": "1H_BULLISH_OB_70921_71086_at_2026-04-09T07:00",
      "structure_id_dict": {
        "tf": "1H",
        "bias_4h": "BULLISH",
        "type": "OB",
        "level1": 70921.2,
        "level2": 71086.2,
        "anchor_ts_ms": 1775718000000,
        "anchor_iso": "2026-04-09T07:00"
      }
    },
    "SHORT": {
      "direction": "SHORT",
      "F1": 8,
      "F2": 0,
      "F2_blocked": false,
      "F3": 8,
      "F4": 0,
      "F4_rr": 1.7,
      "F8": 2,
      "F8_blocked": true,
      "structural_entry": 71363.3,
      "structural_sl": 71568.0,
      "structural_tp": 71013.0,
      "sl_distance": 204.7,
      "min_sl_distance": 109.6,
      "sl_too_tight": false,
      "atr_5m": 109.6,
      "atr_15m": 175.4,
      "atr_1h": 359.5,
      "atr_4h": 1108.3,
      "is_counter_trend": false,
      "structure_id": "1H_BULLISH_OB_71278_71548_at_2026-04-09T09:00",
      "structure_id_dict": {
        "tf": "1H",
        "bias_4h": "BULLISH",
        "type": "OB",
        "level1": 71278.4,
        "level2": 71548.0,
        "anchor_ts_ms": 1775725200000,
        "anchor_iso": "2026-04-09T09:00"
      }
    }
  },
  "totals": {
    "LONG": {
      "total": 39,
      "grade": "WAIT"
    },
    "SHORT": {
      "total": 29,
      "grade": "WAIT"
    }
  },
  "risk": {
    "equity": 787.74,
    "sod_equity": 787.74,
    "daily_pnl_pct": 0.0,
    "tier": "normal",
    "grade_a_pct": 3.0,
    "grade_aplus_pct": 4.5
  }
}