{
  "time_utc0": "05:15 UTC+0",
  "session": "ASIA",
  "weekday": "Wednesday",
  "price": 74166.0,
  "sod_utc0": 74100.0,
  "daily_move_pct": 0.09,
  "daily_move_dir": "UP",
  "pre_checks": {
    "dead_zone": false,
    "saturday": false,
    "rule16_long_blocked": false,
    "rule16_short_blocked": false,
    "rule17_zone": null,
    "rule17_expires_utc0": null,
    "rule12_min_sl": 250.0,
    "bias_4h": "BEARISH",
    "co4h": -130.4,
    "0e_long_needs_aplus": true,
    "0e_short_needs_aplus": false,
    "0f_long_needs_aplus": false,
    "0f_short_needs_aplus": false,
    "0g_doji": false,
    "0g_doji_dir": null,
    "long_needs_aplus": true,
    "short_needs_aplus": false,
    "last_losing_setup": null,
    "last_losing_active": false,
    "last_losing_expired": false,
    "cycle_dedup_blocked_long": false,
    "cycle_dedup_blocked_short": false
  },
  "market": {
    "funding_rate_pct": -0.00908,
    "oi": 3525307.0,
    "oi_delta": 3597.0,
    "atr_5m": 74.9,
    "atr_4h": 1069.2
  },
  "scored_factors": {
    "F5_long": 5,
    "F5_short": 5,
    "F6": 5,
    "F6_note": "OI delta +3597 | price vs SOD +66pt \u2192 accumulation \u2192 F6=5",
    "F7_long": 0,
    "F7_short": 5,
    "F7_cum_delta": -34526.61,
    "F7_threshold": 2351.29,
    "F7_candles_used": 10,
    "F9": 1
  },
  "signal_factors": {
    "LONG": {
      "direction": "LONG",
      "F1": 4,
      "F2": 0,
      "F2_blocked": false,
      "F3": 5,
      "F4": 7,
      "F4_rr": 6.3,
      "F8": 5,
      "F8_blocked": false,
      "structural_entry": 74197.0,
      "structural_sl": 74110.0,
      "structural_tp": 74749.0,
      "sl_distance": 87.0,
      "min_sl_distance": 250.0,
      "sl_too_tight": true,
      "atr_5m": 74.9,
      "atr_15m": 163.0,
      "atr_1h": 553.8,
      "atr_4h": 1069.2,
      "is_counter_trend": true,
      "structure_id": null,
      "structure_id_dict": null
    },
    "SHORT": {
      "direction": "SHORT",
      "F1": 4,
      "F2": 3,
      "F2_blocked": true,
      "F3": 8,
      "F4": 0,
      "F4_rr": 0.71,
      "F8": 5,
      "F8_blocked": false,
      "structural_entry": 74397.4,
      "structural_sl": 74769.0,
      "structural_tp": 74130.0,
      "sl_distance": 371.6,
      "min_sl_distance": 250.0,
      "sl_too_tight": false,
      "atr_5m": 74.9,
      "atr_15m": 163.0,
      "atr_1h": 553.8,
      "atr_4h": 1069.2,
      "is_counter_trend": false,
      "structure_id": "1H_BULLISH_OB_74444_74749_at_2026-04-15T01:00",
      "structure_id_dict": {
        "tf": "1H",
        "bias_4h": "BULLISH",
        "type": "OB",
        "level1": 74444.6,
        "level2": 74749.0,
        "anchor_ts_ms": 1776214800000,
        "anchor_iso": "2026-04-15T01:00"
      }
    }
  },
  "totals": {
    "LONG": {
      "total": 32,
      "grade": "WAIT"
    },
    "SHORT": {
      "total": 36,
      "grade": "WAIT"
    }
  },
  "risk": {
    "equity": 734.79,
    "sod_equity": 734.79,
    "daily_pnl_pct": 0.0,
    "tier": "normal",
    "grade_a_pct": 3.0,
    "grade_aplus_pct": 4.5
  }
}