{
  "ts_utc": "2026-04-15 08:23:59",
  "session": "EU",
  "price": 73884.8,
  "bias_4h": "BULLISH",
  "long_total": 42,
  "short_total": 28,
  "long_grade": "A",
  "short_grade": "WAIT",
  "action": {
    "type": "LONG",
    "reason": "A score=42/62 rr=3.84",
    "direction": "LONG",
    "entry": 73602.7,
    "sl": 73810.1,
    "tp": 74400.0,
    "contracts": 10,
    "grade": "A",
    "score": 42,
    "risk_pct": 3.0,
    "risk_usd": 22.04,
    "leverage": 10.02,
    "required_leverage": 11,
    "rr": 3.84,
    "score_breakdown": {
      "F1_sweep_trend": 3,
      "F2_msb": 0,
      "F3_entry_zone": 8,
      "F4_rr": 10,
      "F5_funding": 5,
      "F6_oi": 3,
      "F7_volume_delta": 5,
      "F8_anti_chase": 5,
      "F9_session": 3
    },
    "structure_id": "1H_BEARISH_OB_73743_74077_at_2026-04-14T22:00",
    "structure_id_dict": {
      "tf": "1H",
      "bias_4h": "BEARISH",
      "type": "OB",
      "level1": 73743.9,
      "level2": 74077.1,
      "anchor_ts_ms": 1776204000000,
      "anchor_iso": "2026-04-14T22:00"
    },
    "thesis": "LONG A score=42/62 RR=3.84 bias_4h=BULLISH session=EU sl_dist=207.4pt",
    "direction_blocks": {
      "LONG": [],
      "SHORT": [
        "0c-2_F4=0_rr=0.17"
      ]
    }
  },
  "exec_result": {
    "executed": false,
    "error": "okx returned error sCode | sCode=51047 | sMsg=Your SL price should be lower than the primary order price. | rc=1 | cmd=okx swap place --instId BTC-USDT-SWAP --side buy --ordType limit --sz 10 --px 73602.7 --tdMode cross --clOrdId d7588b560dc24ce0 --tpTriggerPx=74400.0 --tpOrdPx=-1 --slTriggerPx=73810.1 --slOrdPx=-1 --json",
    "sCode": "51047",
    "sMsg": "Your SL price should be lower than the primary order price."
  }
}