{
  "time_utc0": "01:25 UTC+0",
  "session": "ASIA",
  "weekday": "Monday",
  "price": 71052.0,
  "sod_utc0": 70707.9,
  "daily_move_pct": 0.49,
  "daily_move_dir": "UP",
  "pre_checks": {
    "dead_zone": false,
    "saturday": false,
    "rule16_long_blocked": false,
    "rule16_short_blocked": false,
    "rule17_zone": null,
    "rule17_expires_utc0": null,
    "rule12_min_sl": 250.0,
    "bias_4h": "BULLISH",
    "co4h": 344.1,
    "0e_long_needs_aplus": false,
    "0e_short_needs_aplus": true,
    "0f_long_needs_aplus": false,
    "0f_short_needs_aplus": false,
    "0g_doji": false,
    "0g_doji_dir": null,
    "long_needs_aplus": false,
    "short_needs_aplus": true,
    "last_losing_setup": null,
    "last_losing_active": false,
    "last_losing_expired": false,
    "cycle_dedup_blocked_long": false,
    "cycle_dedup_blocked_short": false
  },
  "market": {
    "funding_rate_pct": 0.0046,
    "oi": 3345215.0,
    "oi_delta": -2096.0,
    "atr_5m": 116.8,
    "atr_4h": 715.8
  },
  "scored_factors": {
    "F5_long": 5,
    "F5_short": 5,
    "F6": 0,
    "F6_note": "OI delta -2096 | price vs SOD +344pt \u2192 diverging/liquidation \u2192 F6=0",
    "F7_long": 5,
    "F7_short": 0,
    "F7_cum_delta": 9857.89,
    "F7_threshold": 4096.26,
    "F7_candles_used": 10,
    "F9": 1
  },
  "signal_factors": {
    "LONG": {
      "direction": "LONG",
      "F1": 6,
      "F2": 0,
      "F2_blocked": false,
      "F3": 8,
      "F4": 7,
      "F4_rr": 5.31,
      "F8": 0,
      "F8_blocked": false,
      "structural_entry": 70592.5,
      "structural_sl": 70436.0,
      "structural_tp": 71425.2,
      "sl_distance": 156.5,
      "min_sl_distance": 250.0,
      "sl_too_tight": true,
      "atr_5m": 116.8,
      "atr_15m": 278.7,
      "atr_1h": 365.6,
      "atr_4h": 715.8,
      "is_counter_trend": false,
      "structure_id": "1H_BEARISH_OB_70530_70804_at_2026-04-12T23:00",
      "structure_id_dict": {
        "tf": "1H",
        "bias_4h": "BEARISH",
        "type": "OB",
        "level1": 70530.1,
        "level2": 70804.3,
        "anchor_ts_ms": 1776034800000,
        "anchor_iso": "2026-04-12T23:00"
      }
    },
    "SHORT": {
      "direction": "SHORT",
      "F1": 6,
      "F2": 0,
      "F2_blocked": false,
      "F3": 5,
      "F4": 0,
      "F4_rr": 0.6,
      "F8": 0,
      "F8_blocked": false,
      "structural_entry": 70827.5,
      "structural_sl": 71445.2,
      "structural_tp": 70456.0,
      "sl_distance": 617.7,
      "min_sl_distance": 250.0,
      "sl_too_tight": false,
      "atr_5m": 116.8,
      "atr_15m": 278.7,
      "atr_1h": 365.6,
      "atr_4h": 715.8,
      "is_counter_trend": true,
      "structure_id": "1H_BEARISH_OB_71151_71425_at_2026-04-12T21:00",
      "structure_id_dict": {
        "tf": "1H",
        "bias_4h": "BEARISH",
        "type": "OB",
        "level1": 71151.0,
        "level2": 71425.2,
        "anchor_ts_ms": 1776027600000,
        "anchor_iso": "2026-04-12T21:00"
      }
    }
  },
  "totals": {
    "LONG": {
      "total": 32,
      "grade": "WAIT"
    },
    "SHORT": {
      "total": 17,
      "grade": "WAIT"
    }
  },
  "risk": {
    "equity": 758.46,
    "sod_equity": 758.46,
    "daily_pnl_pct": 0.0,
    "tier": "normal",
    "grade_a_pct": 3.0,
    "grade_aplus_pct": 4.5
  }
}