{
  "time_utc0": "22:35 UTC+0",
  "session": "DEAD",
  "weekday": "Sunday",
  "price": 70716.1,
  "sod_utc0": 73014.7,
  "daily_move_pct": -3.15,
  "daily_move_dir": "DOWN",
  "pre_checks": {
    "dead_zone": true,
    "saturday": false,
    "rule16_long_blocked": false,
    "rule16_short_blocked": false,
    "rule17_zone": null,
    "rule17_expires_utc0": null,
    "rule12_min_sl": 201.0,
    "bias_4h": "BEARISH",
    "co4h": -340.3,
    "0e_long_needs_aplus": true,
    "0e_short_needs_aplus": false,
    "0f_long_needs_aplus": false,
    "0f_short_needs_aplus": true,
    "0g_doji": false,
    "0g_doji_dir": null,
    "long_needs_aplus": true,
    "short_needs_aplus": true,
    "last_losing_setup": null,
    "last_losing_active": false,
    "last_losing_expired": false,
    "cycle_dedup_blocked_long": false,
    "cycle_dedup_blocked_short": false
  },
  "market": {
    "funding_rate_pct": 0.00411,
    "oi": 3279767.0,
    "oi_delta": 4156.0,
    "atr_5m": 200.7,
    "atr_4h": 747.9
  },
  "scored_factors": {
    "F5_long": 5,
    "F5_short": 5,
    "F6": 0,
    "F6_note": "OI delta +4156 | price vs SOD -2299pt \u2192 diverging/liquidation \u2192 F6=0",
    "F7_long": 0,
    "F7_short": 5,
    "F7_cum_delta": -150821.01,
    "F7_threshold": 7918.66,
    "F7_candles_used": 10,
    "F9": 0
  },
  "signal_factors": {
    "LONG": {
      "direction": "LONG",
      "F1": 8,
      "F2": 0,
      "F2_blocked": false,
      "F3": 5,
      "F4": 0,
      "F4_rr": 1.39,
      "F8": 2,
      "F8_blocked": true,
      "structural_entry": 71119.5,
      "structural_sl": 70901.0,
      "structural_tp": 71425.2,
      "sl_distance": 218.5,
      "min_sl_distance": 200.7,
      "sl_too_tight": false,
      "atr_5m": 200.7,
      "atr_15m": 209.2,
      "atr_1h": 276.6,
      "atr_4h": 747.9,
      "is_counter_trend": true,
      "structure_id": "1H_BULLISH_OB_71040_71189_at_2026-04-12T19:00",
      "structure_id_dict": {
        "tf": "1H",
        "bias_4h": "BULLISH",
        "type": "OB",
        "level1": 71040.2,
        "level2": 71189.2,
        "anchor_ts_ms": 1776020400000,
        "anchor_iso": "2026-04-12T19:00"
      }
    },
    "SHORT": {
      "direction": "SHORT",
      "F1": 8,
      "F2": 5,
      "F2_blocked": true,
      "F3": 8,
      "F4": 0,
      "F4_rr": 1.74,
      "F8": 2,
      "F8_blocked": true,
      "structural_entry": 71254.6,
      "structural_sl": 71445.2,
      "structural_tp": 70921.0,
      "sl_distance": 190.6,
      "min_sl_distance": 200.7,
      "sl_too_tight": true,
      "atr_5m": 200.7,
      "atr_15m": 209.2,
      "atr_1h": 276.6,
      "atr_4h": 747.9,
      "is_counter_trend": false,
      "structure_id": "1H_BULLISH_OB_71387_71519_at_2026-04-12T11:00",
      "structure_id_dict": {
        "tf": "1H",
        "bias_4h": "BULLISH",
        "type": "OB",
        "level1": 71387.8,
        "level2": 71519.7,
        "anchor_ts_ms": 1775991600000,
        "anchor_iso": "2026-04-12T11:00"
      }
    }
  },
  "totals": {
    "LONG": {
      "total": 20,
      "grade": "WAIT"
    },
    "SHORT": {
      "total": 33,
      "grade": "WAIT"
    }
  },
  "risk": {
    "equity": 758.46,
    "sod_equity": 758.46,
    "daily_pnl_pct": 0.0,
    "tier": "normal",
    "grade_a_pct": 3.0,
    "grade_aplus_pct": 4.5
  }
}