{
  "time_utc0": "23:00 UTC+0",
  "session": "DEAD",
  "weekday": "Saturday",
  "price": 73341.1,
  "sod_utc0": 72925.7,
  "daily_move_pct": 0.57,
  "daily_move_dir": "UP",
  "pre_checks": {
    "dead_zone": true,
    "saturday": true,
    "rule16_long_blocked": false,
    "rule16_short_blocked": false,
    "rule17_zone": null,
    "rule17_expires_utc0": null,
    "rule12_min_sl": 100.0,
    "bias_4h": "BEARISH",
    "co4h": -318.5,
    "0e_long_needs_aplus": true,
    "0e_short_needs_aplus": false,
    "0f_long_needs_aplus": false,
    "0f_short_needs_aplus": false,
    "0g_doji": false,
    "0g_doji_dir": null,
    "long_needs_aplus": true,
    "short_needs_aplus": false,
    "last_losing_setup": null,
    "last_losing_active": false,
    "last_losing_expired": false,
    "cycle_dedup_blocked_long": false,
    "cycle_dedup_blocked_short": false
  },
  "market": {
    "funding_rate_pct": 0.00693,
    "oi": 3418556.0,
    "oi_delta": 1846.0,
    "atr_5m": 99.9,
    "atr_4h": 890.9
  },
  "scored_factors": {
    "F5_long": 5,
    "F5_short": 5,
    "F6": 5,
    "F6_note": "OI delta +1846 | price vs SOD +415pt \u2192 accumulation \u2192 F6=5",
    "F7_long": 0,
    "F7_short": 5,
    "F7_cum_delta": -21873.51,
    "F7_threshold": 1569.11,
    "F7_candles_used": 10,
    "F9": 0
  },
  "signal_factors": {
    "LONG": {
      "direction": "LONG",
      "F1": 4,
      "F2": 0,
      "F2_blocked": false,
      "F3": 3,
      "F4": 7,
      "F4_rr": 31.53,
      "F8": 0,
      "F8_blocked": false,
      "structural_entry": 73166.0,
      "structural_sl": 73146.0,
      "structural_tp": 73799.1,
      "sl_distance": 20.0,
      "min_sl_distance": 100.0,
      "sl_too_tight": true,
      "atr_5m": 99.9,
      "atr_15m": 173.3,
      "atr_1h": 308.7,
      "atr_4h": 890.9,
      "is_counter_trend": true,
      "structure_id": "1H_BULLISH_OB_72601_72779_at_2026-04-11T08:00",
      "structure_id_dict": {
        "tf": "1H",
        "bias_4h": "BULLISH",
        "type": "OB",
        "level1": 72601.0,
        "level2": 72779.9,
        "anchor_ts_ms": 1775894400000,
        "anchor_iso": "2026-04-11T08:00"
      }
    },
    "SHORT": {
      "direction": "SHORT",
      "F1": 0,
      "F2": 0,
      "F2_blocked": false,
      "F3": 0,
      "F4": 0,
      "F4_rr": 0.26,
      "F8": 0,
      "F8_blocked": false,
      "structural_entry": 73301.8,
      "structural_sl": 73819.1,
      "structural_tp": 73166.0,
      "sl_distance": 517.3,
      "min_sl_distance": 100.0,
      "sl_too_tight": false,
      "atr_5m": 99.9,
      "atr_15m": 173.3,
      "atr_1h": 308.7,
      "atr_4h": 890.9,
      "is_counter_trend": false,
      "structure_id": "1H_BULLISH_OB_73567_73799_at_2026-04-11T19:00",
      "structure_id_dict": {
        "tf": "1H",
        "bias_4h": "BULLISH",
        "type": "OB",
        "level1": 73567.6,
        "level2": 73799.1,
        "anchor_ts_ms": 1775934000000,
        "anchor_iso": "2026-04-11T19:00"
      }
    }
  },
  "totals": {
    "LONG": {
      "total": 24,
      "grade": "WAIT"
    },
    "SHORT": {
      "total": 15,
      "grade": "WAIT"
    }
  },
  "risk": {
    "equity": 758.46,
    "sod_equity": 758.46,
    "daily_pnl_pct": 0.0,
    "tier": "normal",
    "grade_a_pct": 3.0,
    "grade_aplus_pct": 4.5
  }
}