{
  "time_utc0": "11:15 UTC+0",
  "session": "EU",
  "weekday": "Saturday",
  "price": 72832.2,
  "sod_utc0": 72925.7,
  "daily_move_pct": -0.13,
  "daily_move_dir": "DOWN",
  "pre_checks": {
    "dead_zone": false,
    "saturday": true,
    "rule16_long_blocked": false,
    "rule16_short_blocked": false,
    "rule17_zone": null,
    "rule17_expires_utc0": null,
    "rule12_min_sl": 100.0,
    "bias_4h": "BULLISH",
    "co4h": 112.5,
    "0e_long_needs_aplus": false,
    "0e_short_needs_aplus": true,
    "0f_long_needs_aplus": false,
    "0f_short_needs_aplus": false,
    "0g_doji": false,
    "0g_doji_dir": null,
    "long_needs_aplus": false,
    "short_needs_aplus": true,
    "last_losing_setup": null,
    "last_losing_active": false,
    "last_losing_expired": false,
    "cycle_dedup_blocked_long": false,
    "cycle_dedup_blocked_short": false
  },
  "market": {
    "funding_rate_pct": 0.00632,
    "oi": 3380776.0,
    "oi_delta": -207.0,
    "atr_5m": 47.9,
    "atr_4h": 898.5
  },
  "scored_factors": {
    "F5_long": 5,
    "F5_short": 5,
    "F6": 3,
    "F6_note": "OI delta -207 | price vs SOD -94pt \u2192 flat \u2192 F6=3",
    "F7_long": 2,
    "F7_short": 2,
    "F7_cum_delta": -87.73,
    "F7_threshold": 1362.1,
    "F7_candles_used": 10,
    "F9": 3
  },
  "signal_factors": {
    "LONG": {
      "direction": "LONG",
      "F1": 4,
      "F2": 0,
      "F2_blocked": false,
      "F3": 8,
      "F4": 0,
      "F4_rr": 0.69,
      "F8": 0,
      "F8_blocked": false,
      "structural_entry": 72766.7,
      "structural_sl": 72580.0,
      "structural_tp": 72898.4,
      "sl_distance": 186.7,
      "min_sl_distance": 100.0,
      "sl_too_tight": false,
      "atr_5m": 47.9,
      "atr_15m": 103.2,
      "atr_1h": 256.4,
      "atr_4h": 898.5,
      "is_counter_trend": false,
      "structure_id": "1H_BEARISH_OB_72601_72779_at_2026-04-11T08:00",
      "structure_id_dict": {
        "tf": "1H",
        "bias_4h": "BEARISH",
        "type": "OB",
        "level1": 72601.0,
        "level2": 72779.9,
        "anchor_ts_ms": 1775894400000,
        "anchor_iso": "2026-04-11T08:00"
      }
    },
    "SHORT": {
      "direction": "SHORT",
      "F1": 3,
      "F2": 0,
      "F2_blocked": false,
      "F3": 5,
      "F4": 0,
      "F4_rr": 1.95,
      "F8": 0,
      "F8_blocked": false,
      "structural_entry": 72811.3,
      "structural_sl": 72918.4,
      "structural_tp": 72600.0,
      "sl_distance": 107.1,
      "min_sl_distance": 100.0,
      "sl_too_tight": false,
      "atr_5m": 47.9,
      "atr_15m": 103.2,
      "atr_1h": 256.4,
      "atr_4h": 898.5,
      "is_counter_trend": true,
      "structure_id": "1H_BEARISH_OB_72881_73073_at_2026-04-11T02:00",
      "structure_id_dict": {
        "tf": "1H",
        "bias_4h": "BEARISH",
        "type": "OB",
        "level1": 72881.5,
        "level2": 73073.8,
        "anchor_ts_ms": 1775872800000,
        "anchor_iso": "2026-04-11T02:00"
      }
    }
  },
  "totals": {
    "LONG": {
      "total": 25,
      "grade": "WAIT"
    },
    "SHORT": {
      "total": 21,
      "grade": "WAIT"
    }
  },
  "risk": {
    "equity": 758.46,
    "sod_equity": 758.46,
    "daily_pnl_pct": 0.0,
    "tier": "normal",
    "grade_a_pct": 3.0,
    "grade_aplus_pct": 4.5
  }
}