{
  "time_utc0": "20:55 UTC+0",
  "session": "DEAD",
  "weekday": "Tuesday",
  "price": 74090.4,
  "sod_utc0": 74385.4,
  "daily_move_pct": -0.4,
  "daily_move_dir": "DOWN",
  "pre_checks": {
    "dead_zone": true,
    "saturday": false,
    "rule16_long_blocked": false,
    "rule16_short_blocked": false,
    "rule17_zone": null,
    "rule17_expires_utc0": null,
    "rule12_min_sl": 125.0,
    "bias_4h": "NEUTRAL",
    "co4h": -84.5,
    "0e_long_needs_aplus": false,
    "0e_short_needs_aplus": false,
    "0f_long_needs_aplus": false,
    "0f_short_needs_aplus": false,
    "0g_doji": false,
    "0g_doji_dir": null,
    "long_needs_aplus": false,
    "short_needs_aplus": false,
    "last_losing_setup": null,
    "last_losing_active": false,
    "last_losing_expired": false,
    "cycle_dedup_blocked_long": false,
    "cycle_dedup_blocked_short": false
  },
  "market": {
    "funding_rate_pct": -0.01601,
    "oi": 3562383.0,
    "oi_delta": -1359.0,
    "atr_5m": 125.2,
    "atr_4h": 1069.3
  },
  "scored_factors": {
    "F5_long": 5,
    "F5_short": 3,
    "F6": 5,
    "F6_note": "OI delta -1359 | price vs SOD -295pt \u2192 accumulation \u2192 F6=5",
    "F7_long": 0,
    "F7_short": 5,
    "F7_cum_delta": -10146.92,
    "F7_threshold": 2048.94,
    "F7_candles_used": 10,
    "F9": 0
  },
  "signal_factors": {
    "LONG": {
      "direction": "LONG",
      "F1": 6,
      "F2": 0,
      "F2_blocked": false,
      "F3": 8,
      "F4": 7,
      "F4_rr": 6.19,
      "F8": 5,
      "F8_blocked": false,
      "structural_entry": 73896.4,
      "structural_sl": 73757.0,
      "structural_tp": 74765.7,
      "sl_distance": 139.4,
      "min_sl_distance": 125.2,
      "sl_too_tight": false,
      "atr_5m": 125.2,
      "atr_15m": 318.5,
      "atr_1h": 632.6,
      "atr_4h": 1069.3,
      "is_counter_trend": false,
      "structure_id": null,
      "structure_id_dict": null
    },
    "SHORT": {
      "direction": "SHORT",
      "F1": 0,
      "F2": 7,
      "F2_blocked": false,
      "F3": 8,
      "F4": 0,
      "F4_rr": 0.99,
      "F8": 5,
      "F8_blocked": false,
      "structural_entry": 74281.3,
      "structural_sl": 74785.7,
      "structural_tp": 73777.0,
      "sl_distance": 504.4,
      "min_sl_distance": 125.2,
      "sl_too_tight": false,
      "atr_5m": 125.2,
      "atr_15m": 318.5,
      "atr_1h": 632.6,
      "atr_4h": 1069.3,
      "is_counter_trend": false,
      "structure_id": "1H_BEARISH_OB_74445_74919_at_2026-04-14T17:00",
      "structure_id_dict": {
        "tf": "1H",
        "bias_4h": "BEARISH",
        "type": "OB",
        "level1": 74445.2,
        "level2": 74919.7,
        "anchor_ts_ms": 1776186000000,
        "anchor_iso": "2026-04-14T17:00"
      }
    }
  },
  "totals": {
    "LONG": {
      "total": 36,
      "grade": "WAIT"
    },
    "SHORT": {
      "total": 33,
      "grade": "WAIT"
    }
  },
  "risk": {
    "equity": 734.79,
    "sod_equity": 758.46,
    "daily_pnl_pct": -3.12,
    "tier": "normal",
    "grade_a_pct": 3.0,
    "grade_aplus_pct": 4.5
  }
}