{
  "time_utc0": "17:20 UTC+0",
  "session": "US",
  "weekday": "Tuesday",
  "price": 74839.0,
  "sod_utc0": 74385.4,
  "daily_move_pct": 0.61,
  "daily_move_dir": "UP",
  "pre_checks": {
    "dead_zone": false,
    "saturday": false,
    "rule16_long_blocked": false,
    "rule16_short_blocked": false,
    "rule17_zone": null,
    "rule17_expires_utc0": null,
    "rule12_min_sl": 179.0,
    "bias_4h": "BEARISH",
    "co4h": -441.5,
    "0e_long_needs_aplus": true,
    "0e_short_needs_aplus": false,
    "0f_long_needs_aplus": false,
    "0f_short_needs_aplus": false,
    "0g_doji": false,
    "0g_doji_dir": null,
    "long_needs_aplus": true,
    "short_needs_aplus": false,
    "last_losing_setup": null,
    "last_losing_active": false,
    "last_losing_expired": false,
    "cycle_dedup_blocked_long": false,
    "cycle_dedup_blocked_short": false
  },
  "market": {
    "funding_rate_pct": -0.0083,
    "oi": 3568138.0,
    "oi_delta": -2947.0,
    "atr_5m": 178.7,
    "atr_4h": 966.3
  },
  "scored_factors": {
    "F5_long": 5,
    "F5_short": 5,
    "F6": 0,
    "F6_note": "OI delta -2947 | price vs SOD +454pt \u2192 diverging/liquidation \u2192 F6=0",
    "F7_long": 0,
    "F7_short": 5,
    "F7_cum_delta": -120048.42,
    "F7_threshold": 7660.78,
    "F7_candles_used": 10,
    "F9": 5
  },
  "signal_factors": {
    "LONG": {
      "direction": "LONG",
      "F1": 3,
      "F2": 0,
      "F2_blocked": false,
      "F3": 5,
      "F4": 0,
      "F4_rr": 1.87,
      "F8": 5,
      "F8_blocked": false,
      "structural_entry": 75011.5,
      "structural_sl": 74485.6,
      "structural_tp": 76000.0,
      "sl_distance": 525.9,
      "min_sl_distance": 178.7,
      "sl_too_tight": false,
      "atr_5m": 178.7,
      "atr_15m": 421.7,
      "atr_1h": 523.0,
      "atr_4h": 966.3,
      "is_counter_trend": true,
      "structure_id": null,
      "structure_id_dict": null
    },
    "SHORT": {
      "direction": "SHORT",
      "F1": 4,
      "F2": 0,
      "F2_blocked": false,
      "F3": 8,
      "F4": 0,
      "F4_rr": 1.96,
      "F8": 5,
      "F8_blocked": false,
      "structural_entry": 75510.1,
      "structural_sl": 76020.0,
      "structural_tp": 74505.6,
      "sl_distance": 509.9,
      "min_sl_distance": 178.7,
      "sl_too_tight": false,
      "atr_5m": 178.7,
      "atr_15m": 421.7,
      "atr_1h": 523.0,
      "atr_4h": 966.3,
      "is_counter_trend": false,
      "structure_id": "1H_BULLISH_OB_75023_75415_at_2026-04-14T15:00",
      "structure_id_dict": {
        "tf": "1H",
        "bias_4h": "BULLISH",
        "type": "OB",
        "level1": 75023.1,
        "level2": 75415.4,
        "anchor_ts_ms": 1776178800000,
        "anchor_iso": "2026-04-14T15:00"
      }
    }
  },
  "totals": {
    "LONG": {
      "total": 23,
      "grade": "WAIT"
    },
    "SHORT": {
      "total": 32,
      "grade": "WAIT"
    }
  },
  "risk": {
    "equity": 773.1,
    "sod_equity": 758.46,
    "daily_pnl_pct": 1.93,
    "tier": "normal",
    "grade_a_pct": 3.0,
    "grade_aplus_pct": 4.5
  }
}