{
  "time_utc0": "05:05 UTC+0",
  "session": "ASIA",
  "weekday": "Sunday",
  "price": 71466.8,
  "sod_utc0": 73014.7,
  "daily_move_pct": -2.12,
  "daily_move_dir": "DOWN",
  "pre_checks": {
    "dead_zone": false,
    "saturday": false,
    "rule16_long_blocked": false,
    "rule16_short_blocked": false,
    "rule17_zone": null,
    "rule17_expires_utc0": null,
    "rule12_min_sl": 250.0,
    "bias_4h": "NEUTRAL",
    "co4h": -90.8,
    "0e_long_needs_aplus": false,
    "0e_short_needs_aplus": false,
    "0f_long_needs_aplus": false,
    "0f_short_needs_aplus": false,
    "0g_doji": false,
    "0g_doji_dir": null,
    "long_needs_aplus": false,
    "short_needs_aplus": false,
    "last_losing_setup": null,
    "last_losing_active": false,
    "last_losing_expired": false,
    "cycle_dedup_blocked_long": false,
    "cycle_dedup_blocked_short": false
  },
  "market": {
    "funding_rate_pct": -0.0025,
    "oi": 3269643.0,
    "oi_delta": 4294.0,
    "atr_5m": 79.4,
    "atr_4h": 888.3
  },
  "scored_factors": {
    "F5_long": 5,
    "F5_short": 5,
    "F6": 0,
    "F6_note": "OI delta +4294 | price vs SOD -1548pt \u2192 diverging/liquidation \u2192 F6=0",
    "F7_long": 0,
    "F7_short": 5,
    "F7_cum_delta": -23607.36,
    "F7_threshold": 2547.91,
    "F7_candles_used": 10,
    "F9": 1
  },
  "signal_factors": {
    "LONG": {
      "direction": "LONG",
      "F1": 0,
      "F2": 0,
      "F2_blocked": false,
      "F3": 8,
      "F4": 10,
      "F4_rr": 12.87,
      "F8": 0,
      "F8_blocked": false,
      "structural_entry": 71384.0,
      "structural_sl": 71250.2,
      "structural_tp": 73107.1,
      "sl_distance": 133.8,
      "min_sl_distance": 250.0,
      "sl_too_tight": true,
      "atr_5m": 79.4,
      "atr_15m": 303.6,
      "atr_1h": 490.6,
      "atr_4h": 888.3,
      "is_counter_trend": false,
      "structure_id": "1H_BEARISH_OB_71270_71638_at_2026-04-12T01:00",
      "structure_id_dict": {
        "tf": "1H",
        "bias_4h": "BEARISH",
        "type": "OB",
        "level1": 71270.2,
        "level2": 71638.2,
        "anchor_ts_ms": 1775955600000,
        "anchor_iso": "2026-04-12T01:00"
      }
    },
    "SHORT": {
      "direction": "SHORT",
      "F1": 0,
      "F2": 3,
      "F2_blocked": true,
      "F3": 0,
      "F4": 0,
      "F4_rr": 0.1,
      "F8": 0,
      "F8_blocked": false,
      "structural_entry": 71437.9,
      "structural_sl": 73127.1,
      "structural_tp": 71270.2,
      "sl_distance": 1689.2,
      "min_sl_distance": 250.0,
      "sl_too_tight": false,
      "atr_5m": 79.4,
      "atr_15m": 303.6,
      "atr_1h": 490.6,
      "atr_4h": 888.3,
      "is_counter_trend": false,
      "structure_id": "1H_BEARISH_OB_72823_73088_at_2026-04-12T00:00",
      "structure_id_dict": {
        "tf": "1H",
        "bias_4h": "BEARISH",
        "type": "OB",
        "level1": 72823.4,
        "level2": 73088.0,
        "anchor_ts_ms": 1775952000000,
        "anchor_iso": "2026-04-12T00:00"
      }
    }
  },
  "totals": {
    "LONG": {
      "total": 24,
      "grade": "WAIT"
    },
    "SHORT": {
      "total": 14,
      "grade": "WAIT"
    }
  },
  "risk": {
    "equity": 758.46,
    "sod_equity": 758.46,
    "daily_pnl_pct": 0.0,
    "tier": "normal",
    "grade_a_pct": 3.0,
    "grade_aplus_pct": 4.5
  }
}