{
  "time_utc0": "16:45 UTC+0",
  "session": "US",
  "weekday": "Friday",
  "price": 72685.7,
  "sod_utc0": 71759.1,
  "daily_move_pct": 1.29,
  "daily_move_dir": "UP",
  "pre_checks": {
    "dead_zone": false,
    "saturday": false,
    "rule16_long_blocked": false,
    "rule16_short_blocked": false,
    "rule17_zone": null,
    "rule17_expires_utc0": null,
    "rule12_min_sl": 158.0,
    "bias_4h": "BULLISH",
    "co4h": 267.5,
    "0e_long_needs_aplus": false,
    "0e_short_needs_aplus": true,
    "0f_long_needs_aplus": false,
    "0f_short_needs_aplus": false,
    "0g_doji": false,
    "0g_doji_dir": null,
    "long_needs_aplus": false,
    "short_needs_aplus": true,
    "last_losing_setup": null,
    "last_losing_active": false,
    "last_losing_expired": false,
    "cycle_dedup_blocked_long": false,
    "cycle_dedup_blocked_short": false
  },
  "market": {
    "funding_rate_pct": -0.00215,
    "oi": 3331672.0,
    "oi_delta": -2470.0,
    "atr_5m": 158.0,
    "atr_4h": 1048.5
  },
  "scored_factors": {
    "F5_long": 5,
    "F5_short": 5,
    "F6": 0,
    "F6_note": "OI delta -2470 | price vs SOD +927pt \u2192 diverging/liquidation \u2192 F6=0",
    "F7_long": 5,
    "F7_short": 0,
    "F7_cum_delta": 42614.88,
    "F7_threshold": 6319.4,
    "F7_candles_used": 10,
    "F9": 5
  },
  "signal_factors": {
    "LONG": {
      "direction": "LONG",
      "F1": 0,
      "F2": 7,
      "F2_blocked": false,
      "F3": 10,
      "F4": 0,
      "F4_rr": 1.4,
      "F8": 0,
      "F8_blocked": false,
      "structural_entry": 72448.3,
      "structural_sl": 71848.8,
      "structural_tp": 73288.0,
      "sl_distance": 599.5,
      "min_sl_distance": 158.0,
      "sl_too_tight": false,
      "atr_5m": 158.0,
      "atr_15m": 354.1,
      "atr_1h": 445.6,
      "atr_4h": 1048.5,
      "is_counter_trend": false,
      "structure_id": null,
      "structure_id_dict": null
    },
    "SHORT": {
      "direction": "SHORT",
      "F1": 8,
      "F2": 0,
      "F2_blocked": false,
      "F3": 5,
      "F4": 10,
      "F4_rr": 3.07,
      "F8": 0,
      "F8_blocked": false,
      "structural_entry": 72954.2,
      "structural_sl": 73308.0,
      "structural_tp": 71868.8,
      "sl_distance": 353.8,
      "min_sl_distance": 158.0,
      "sl_too_tight": false,
      "atr_5m": 158.0,
      "atr_15m": 354.1,
      "atr_1h": 445.6,
      "atr_4h": 1048.5,
      "is_counter_trend": true,
      "structure_id": "1H_BULLISH_OB_72791_73125_at_2026-04-10T14:00",
      "structure_id_dict": {
        "tf": "1H",
        "bias_4h": "BULLISH",
        "type": "OB",
        "level1": 72791.3,
        "level2": 73125.5,
        "anchor_ts_ms": 1775829600000,
        "anchor_iso": "2026-04-10T14:00"
      }
    }
  },
  "totals": {
    "LONG": {
      "total": 32,
      "grade": "WAIT"
    },
    "SHORT": {
      "total": 33,
      "grade": "WAIT"
    }
  },
  "risk": {
    "equity": 787.74,
    "sod_equity": 787.74,
    "daily_pnl_pct": 0.0,
    "tier": "normal",
    "grade_a_pct": 3.0,
    "grade_aplus_pct": 4.5
  }
}