{
  "time_utc0": "23:55 UTC+0",
  "session": "DEAD",
  "weekday": "Tuesday",
  "price": 74021.0,
  "sod_utc0": 74385.4,
  "daily_move_pct": -0.49,
  "daily_move_dir": "DOWN",
  "pre_checks": {
    "dead_zone": true,
    "saturday": false,
    "rule16_long_blocked": false,
    "rule16_short_blocked": false,
    "rule17_zone": null,
    "rule17_expires_utc0": null,
    "rule12_min_sl": 112.0,
    "bias_4h": "BEARISH",
    "co4h": -147.9,
    "0e_long_needs_aplus": true,
    "0e_short_needs_aplus": false,
    "0f_long_needs_aplus": false,
    "0f_short_needs_aplus": false,
    "0g_doji": false,
    "0g_doji_dir": null,
    "long_needs_aplus": true,
    "short_needs_aplus": false,
    "last_losing_setup": null,
    "last_losing_active": false,
    "last_losing_expired": false,
    "cycle_dedup_blocked_long": false,
    "cycle_dedup_blocked_short": false
  },
  "market": {
    "funding_rate_pct": -0.01118,
    "oi": 3546886.0,
    "oi_delta": 3099.0,
    "atr_5m": 112.2,
    "atr_4h": 1069.3
  },
  "scored_factors": {
    "F5_long": 5,
    "F5_short": 3,
    "F6": 0,
    "F6_note": "OI delta +3099 | price vs SOD -364pt \u2192 diverging/liquidation \u2192 F6=0",
    "F7_long": 0,
    "F7_short": 5,
    "F7_cum_delta": -3678.64,
    "F7_threshold": 2520.36,
    "F7_candles_used": 10,
    "F9": 0
  },
  "signal_factors": {
    "LONG": {
      "direction": "LONG",
      "F1": 8,
      "F2": 0,
      "F2_blocked": false,
      "F3": 5,
      "F4": 0,
      "F4_rr": 1.5,
      "F8": 5,
      "F8_blocked": false,
      "structural_entry": 73989.2,
      "structural_sl": 73723.9,
      "structural_tp": 74391.2,
      "sl_distance": 265.3,
      "min_sl_distance": 112.2,
      "sl_too_tight": false,
      "atr_5m": 112.2,
      "atr_15m": 235.3,
      "atr_1h": 639.3,
      "atr_4h": 1069.3,
      "is_counter_trend": true,
      "structure_id": null,
      "structure_id_dict": null
    },
    "SHORT": {
      "direction": "SHORT",
      "F1": 4,
      "F2": 0,
      "F2_blocked": false,
      "F3": 8,
      "F4": 7,
      "F4_rr": 2.98,
      "F8": 5,
      "F8_blocked": false,
      "structural_entry": 74244.8,
      "structural_sl": 74411.2,
      "structural_tp": 73743.9,
      "sl_distance": 166.4,
      "min_sl_distance": 112.2,
      "sl_too_tight": false,
      "atr_5m": 112.2,
      "atr_15m": 235.3,
      "atr_1h": 639.3,
      "atr_4h": 1069.3,
      "is_counter_trend": false,
      "structure_id": "1H_BEARISH_OB_74440_74919_at_2026-04-14T17:00",
      "structure_id_dict": {
        "tf": "1H",
        "bias_4h": "BEARISH",
        "type": "OB",
        "level1": 74440.2,
        "level2": 74919.7,
        "anchor_ts_ms": 1776186000000,
        "anchor_iso": "2026-04-14T17:00"
      }
    }
  },
  "totals": {
    "LONG": {
      "total": 23,
      "grade": "WAIT"
    },
    "SHORT": {
      "total": 32,
      "grade": "WAIT"
    }
  },
  "risk": {
    "equity": 734.79,
    "sod_equity": 758.46,
    "daily_pnl_pct": -3.12,
    "tier": "normal",
    "grade_a_pct": 3.0,
    "grade_aplus_pct": 4.5
  }
}