── 2026-04-15 00:00:01Z run_cycle ──
2026-04-15T00:00:01.551337+00:00 | pause=OK | state=FLAT | eq=$734.79 | action=WAIT | (NO_VALID_DIRECTION) | ~WAIT | (1551ms fetch)

── 2026-04-15 00:05:01Z run_cycle ──
2026-04-15T00:05:01.670231+00:00 | pause=OK | state=FLAT | eq=$734.79 | action=WAIT | (NO_VALID_DIRECTION) | ~WAIT | (1586ms fetch)

── 2026-04-15 00:10:01Z run_cycle ──
2026-04-15T00:10:01.765609+00:00 | pause=OK | state=FLAT | eq=$734.79 | action=WAIT | (NO_VALID_DIRECTION) | ~WAIT | (1740ms fetch)

── 2026-04-15 00:15:01Z run_cycle ──
2026-04-15T00:15:01.773050+00:00 | pause=OK | state=FLAT | eq=$734.79 | action=WAIT | (NO_VALID_DIRECTION) | ~WAIT | (1862ms fetch)

── 2026-04-15 00:20:00Z run_cycle ──
2026-04-15T00:20:00.663011+00:00 | pause=OK | state=FLAT | eq=$734.79 | action=WAIT | (NO_VALID_DIRECTION) | ~WAIT | (1539ms fetch)

── 2026-04-15 00:25:00Z run_cycle ──
2026-04-15T00:25:00.607640+00:00 | pause=OK | state=FLAT | eq=$734.79 | action=WAIT | (NO_VALID_DIRECTION) | ~WAIT | (1767ms fetch)

── 2026-04-15 00:30:00Z run_cycle ──
2026-04-15T00:30:01.179467+00:00 | pause=OK | state=FLAT | eq=$734.79 | action=WAIT | (NO_VALID_DIRECTION) | ~WAIT | (1932ms fetch)

── 2026-04-15 00:35:00Z run_cycle ──
2026-04-15T00:35:01.020776+00:00 | pause=OK | state=FLAT | eq=$734.79 | action=WAIT | (NO_VALID_DIRECTION) | ~WAIT | (1795ms fetch)

── 2026-04-15 00:40:00Z run_cycle ──
2026-04-15T00:40:01.027671+00:00 | pause=OK | state=FLAT | eq=$734.79 | action=WAIT | (NO_VALID_DIRECTION) | ~WAIT | (2049ms fetch)

── 2026-04-15 00:45:00Z run_cycle ──
2026-04-15T00:45:00.679088+00:00 | pause=OK | state=FLAT | eq=$734.79 | action=WAIT | (NO_VALID_DIRECTION) | ~WAIT | (2058ms fetch)

── 2026-04-15 00:50:01Z run_cycle ──
2026-04-15T00:50:02.323606+00:00 | pause=OK | state=FLAT | eq=$734.79 | action=WAIT | (NO_VALID_DIRECTION) | ~WAIT | (2008ms fetch)

── 2026-04-15 00:55:00Z run_cycle ──
2026-04-15T00:55:00.824480+00:00 | pause=OK | state=FLAT | eq=$734.79 | action=WAIT | (NO_VALID_DIRECTION) | ~WAIT | (1738ms fetch)

── 2026-04-15 01:00:00Z run_cycle ──
2026-04-15T01:00:00.681297+00:00 | pause=OK | state=FLAT | eq=$734.79 | action=WAIT | (NO_VALID_DIRECTION) | ~WAIT | (1961ms fetch)

── 2026-04-15 01:05:00Z run_cycle ──
2026-04-15T01:05:00.867486+00:00 | pause=OK | state=FLAT | eq=$734.79 | action=WAIT | (NO_VALID_DIRECTION) | ~WAIT | (1601ms fetch)

── 2026-04-15 01:10:01Z run_cycle ──
2026-04-15T01:10:02.154382+00:00 | pause=OK | state=FLAT | eq=$734.79 | action=WAIT | (NO_VALID_DIRECTION) | ~WAIT | (1745ms fetch)

── 2026-04-15 01:15:00Z run_cycle ──
2026-04-15T01:15:00.623749+00:00 | pause=OK | state=FLAT | eq=$734.79 | action=WAIT | (NO_VALID_DIRECTION) | ~WAIT | (1666ms fetch)

── 2026-04-15 01:20:00Z run_cycle ──
2026-04-15T01:20:01.049217+00:00 | pause=OK | state=FLAT | eq=$734.79 | action=WAIT | (NO_VALID_DIRECTION) | ~WAIT | (1773ms fetch)

── 2026-04-15 01:25:00Z run_cycle ──
2026-04-15T01:25:01.006060+00:00 | pause=OK | state=FLAT | eq=$734.79 | action=WAIT | (NO_VALID_DIRECTION) | ~WAIT | (1589ms fetch)

── 2026-04-15 01:30:00Z run_cycle ──
2026-04-15T01:30:00.741199+00:00 | pause=OK | state=FLAT | eq=$734.79 | action=WAIT | (NO_VALID_DIRECTION) | ~WAIT | (1949ms fetch)

── 2026-04-15 01:35:00Z run_cycle ──
2026-04-15T01:35:00.513913+00:00 | pause=OK | state=FLAT | eq=$734.79 | action=WAIT | (NO_VALID_DIRECTION) | ~WAIT | (1551ms fetch)

── 2026-04-15 01:40:01Z run_cycle ──
2026-04-15T01:40:01.961371+00:00 | pause=OK | state=FLAT | eq=$734.79 | action=WAIT | (NO_VALID_DIRECTION) | ~WAIT | (1548ms fetch)

── 2026-04-15 01:45:01Z run_cycle ──
2026-04-15T01:45:02.135310+00:00 | pause=OK | state=FLAT | eq=$734.79 | action=WAIT | (NO_VALID_DIRECTION) | ~WAIT | (1806ms fetch)

── 2026-04-15 01:50:00Z run_cycle ──
2026-04-15T01:50:00.734382+00:00 | pause=OK | state=FLAT | eq=$734.79 | action=WAIT | (NO_VALID_DIRECTION) | ~WAIT | (1644ms fetch)

── 2026-04-15 01:55:00Z run_cycle ──
2026-04-15T01:55:00.949409+00:00 | pause=OK | state=FLAT | eq=$734.79 | action=WAIT | (NO_VALID_DIRECTION) | ~WAIT | (1846ms fetch)

── 2026-04-15 02:00:01Z run_cycle ──
2026-04-15T02:00:02.380154+00:00 | pause=OK | state=FLAT | eq=$734.79 | action=WAIT | (NO_VALID_DIRECTION) | ~WAIT | (1754ms fetch)

── 2026-04-15 02:05:00Z run_cycle ──
2026-04-15T02:05:00.500712+00:00 | pause=OK | state=FLAT | eq=$734.79 | action=WAIT | (NO_VALID_DIRECTION) | ~WAIT | (1779ms fetch)

── 2026-04-15 02:10:00Z run_cycle ──
2026-04-15T02:10:00.482360+00:00 | pause=OK | state=FLAT | eq=$734.79 | action=WAIT | (NO_VALID_DIRECTION) | ~WAIT | (1648ms fetch)

── 2026-04-15 02:15:01Z run_cycle ──
2026-04-15T02:15:02.050243+00:00 | pause=OK | state=FLAT | eq=$734.79 | action=WAIT | (NO_VALID_DIRECTION) | ~WAIT | (1589ms fetch)

── 2026-04-15 02:20:01Z run_cycle ──
2026-04-15T02:20:01.730426+00:00 | pause=OK | state=FLAT | eq=$734.79 | action=WAIT | (NO_VALID_DIRECTION) | ~WAIT | (1577ms fetch)

── 2026-04-15 02:25:01Z run_cycle ──
2026-04-15T02:25:02.098895+00:00 | pause=OK | state=FLAT | eq=$734.79 | action=WAIT | (NO_VALID_DIRECTION) | ~WAIT | (1617ms fetch)

── 2026-04-15 02:30:02Z run_cycle ──
2026-04-15T02:30:02.348952+00:00 | pause=OK | state=FLAT | eq=$734.79 | action=WAIT | (NO_VALID_DIRECTION) | ~WAIT | (1729ms fetch)

── 2026-04-15 02:35:00Z run_cycle ──
2026-04-15T02:35:00.454978+00:00 | pause=OK | state=FLAT | eq=$734.79 | action=WAIT | (NO_VALID_DIRECTION) | ~WAIT | (1709ms fetch)

── 2026-04-15 02:40:01Z run_cycle ──
2026-04-15T02:40:01.586921+00:00 | pause=OK | state=FLAT | eq=$734.79 | action=WAIT | (NO_VALID_DIRECTION) | ~WAIT | (1782ms fetch)

── 2026-04-15 02:45:01Z run_cycle ──
2026-04-15T02:45:01.587596+00:00 | pause=OK | state=FLAT | eq=$734.79 | action=WAIT | (NO_VALID_DIRECTION) | ~WAIT | (1704ms fetch)

── 2026-04-15 02:50:01Z run_cycle ──
2026-04-15T02:50:01.453963+00:00 | pause=OK | state=FLAT | eq=$734.79 | action=WAIT | (NO_VALID_DIRECTION) | ~WAIT | (1728ms fetch)

── 2026-04-15 02:55:01Z run_cycle ──
2026-04-15T02:55:02.207309+00:00 | pause=OK | state=FLAT | eq=$734.79 | action=WAIT | (NO_VALID_DIRECTION) | ~WAIT | (1909ms fetch)

── 2026-04-15 03:00:01Z run_cycle ──
2026-04-15T03:00:02.012522+00:00 | pause=OK | state=FLAT | eq=$734.79 | action=WAIT | (NO_VALID_DIRECTION) | ~WAIT | (1705ms fetch)

── 2026-04-15 03:05:01Z run_cycle ──
2026-04-15T03:05:01.399848+00:00 | pause=OK | state=FLAT | eq=$734.79 | action=WAIT | (NO_VALID_DIRECTION) | ~WAIT | (1720ms fetch)

── 2026-04-15 03:10:01Z run_cycle ──
2026-04-15T03:10:01.492943+00:00 | pause=OK | state=FLAT | eq=$734.79 | action=WAIT | (NO_VALID_DIRECTION) | ~WAIT | (1658ms fetch)

── 2026-04-15 03:15:01Z run_cycle ──
2026-04-15T03:15:01.443341+00:00 | pause=OK | state=FLAT | eq=$734.79 | action=WAIT | (NO_VALID_DIRECTION) | ~WAIT | (1663ms fetch)

── 2026-04-15 03:20:02Z run_cycle ──
2026-04-15T03:20:02.255564+00:00 | pause=OK | state=FLAT | eq=$734.79 | action=WAIT | (NO_VALID_DIRECTION) | ~WAIT | (1598ms fetch)

── 2026-04-15 03:25:01Z run_cycle ──
2026-04-15T03:25:01.919722+00:00 | pause=OK | state=FLAT | eq=$734.79 | action=WAIT | (NO_VALID_DIRECTION) | ~WAIT | (1559ms fetch)

── 2026-04-15 03:30:01Z run_cycle ──
2026-04-15T03:30:01.558084+00:00 | pause=OK | state=FLAT | eq=$734.79 | action=WAIT | (NO_VALID_DIRECTION) | ~WAIT | (1555ms fetch)

── 2026-04-15 03:35:00Z run_cycle ──
2026-04-15T03:35:01.120005+00:00 | pause=OK | state=FLAT | eq=$734.79 | action=WAIT | (NO_VALID_DIRECTION) | ~WAIT | (1637ms fetch)

── 2026-04-15 03:40:01Z run_cycle ──
2026-04-15T03:40:01.452484+00:00 | pause=OK | state=FLAT | eq=$734.79 | action=WAIT | (NO_VALID_DIRECTION) | ~WAIT | (1759ms fetch)

── 2026-04-15 03:45:01Z run_cycle ──
2026-04-15T03:45:01.765957+00:00 | pause=OK | state=FLAT | eq=$734.79 | action=WAIT | (NO_VALID_DIRECTION) | ~WAIT | (1607ms fetch)

── 2026-04-15 03:50:01Z run_cycle ──
2026-04-15T03:50:01.803877+00:00 | pause=OK | state=FLAT | eq=$734.79 | action=WAIT | (NO_VALID_DIRECTION) | ~WAIT | (1633ms fetch)

── 2026-04-15 03:55:01Z run_cycle ──
2026-04-15T03:55:01.702817+00:00 | pause=OK | state=FLAT | eq=$734.79 | action=WAIT | (NO_VALID_DIRECTION) | ~WAIT | (1678ms fetch)

── 2026-04-15 04:00:01Z run_cycle ──
2026-04-15T04:00:01.788851+00:00 | pause=OK | state=FLAT | eq=$734.79 | action=WAIT | (NO_VALID_DIRECTION) | ~WAIT | (1639ms fetch)

── 2026-04-15 04:05:01Z run_cycle ──
2026-04-15T04:05:01.447799+00:00 | pause=OK | state=FLAT | eq=$734.79 | action=WAIT | (NO_VALID_DIRECTION) | ~WAIT | (1826ms fetch)

── 2026-04-15 04:10:01Z run_cycle ──
2026-04-15T04:10:01.398338+00:00 | pause=OK | state=FLAT | eq=$734.79 | action=WAIT | (NO_VALID_DIRECTION) | ~WAIT | (1779ms fetch)

── 2026-04-15 04:15:01Z run_cycle ──
2026-04-15T04:15:02.143522+00:00 | pause=OK | state=FLAT | eq=$734.79 | action=WAIT | (NO_VALID_DIRECTION) | ~WAIT | (1620ms fetch)

── 2026-04-15 04:20:01Z run_cycle ──
2026-04-15T04:20:01.492472+00:00 | pause=OK | state=FLAT | eq=$734.79 | action=WAIT | (NO_VALID_DIRECTION) | ~WAIT | (1545ms fetch)

── 2026-04-15 04:25:01Z run_cycle ──
2026-04-15T04:25:01.827180+00:00 | pause=OK | state=FLAT | eq=$734.79 | action=WAIT | (NO_VALID_DIRECTION) | ~WAIT | (1609ms fetch)

── 2026-04-15 04:30:01Z run_cycle ──
2026-04-15T04:30:01.911618+00:00 | pause=OK | state=FLAT | eq=$734.79 | action=WAIT | (NO_VALID_DIRECTION) | ~WAIT | (1575ms fetch)

── 2026-04-15 04:35:01Z run_cycle ──
2026-04-15T04:35:01.998342+00:00 | pause=OK | state=FLAT | eq=$734.79 | action=WAIT | (NO_VALID_DIRECTION) | ~WAIT | (1570ms fetch)

── 2026-04-15 04:40:01Z run_cycle ──
2026-04-15T04:40:01.668616+00:00 | pause=OK | state=FLAT | eq=$734.79 | action=WAIT | (NO_VALID_DIRECTION) | ~WAIT | (1630ms fetch)

── 2026-04-15 04:45:01Z run_cycle ──
2026-04-15T04:45:02.346665+00:00 | pause=OK | state=FLAT | eq=$734.79 | action=WAIT | (NO_VALID_DIRECTION) | ~WAIT | (1640ms fetch)

── 2026-04-15 04:50:01Z run_cycle ──
2026-04-15T04:50:02.075087+00:00 | pause=OK | state=FLAT | eq=$734.79 | action=WAIT | (NO_VALID_DIRECTION) | ~WAIT | (1538ms fetch)

── 2026-04-15 04:55:01Z run_cycle ──
2026-04-15T04:55:02.230922+00:00 | pause=OK | state=FLAT | eq=$734.79 | action=WAIT | (NO_VALID_DIRECTION) | ~WAIT | (1541ms fetch)

── 2026-04-15 05:00:00Z run_cycle ──
2026-04-15T05:00:00.692465+00:00 | pause=OK | state=FLAT | eq=$734.79 | action=WAIT | (NO_VALID_DIRECTION) | ~WAIT | (1922ms fetch)

── 2026-04-15 05:05:01Z run_cycle ──
2026-04-15T05:05:02.056883+00:00 | pause=OK | state=FLAT | eq=$734.79 | action=WAIT | (NO_VALID_DIRECTION) | ~WAIT | (1692ms fetch)

── 2026-04-15 05:10:01Z run_cycle ──
2026-04-15T05:10:01.910234+00:00 | pause=OK | state=FLAT | eq=$734.79 | action=WAIT | (NO_VALID_DIRECTION) | ~WAIT | (1554ms fetch)

── 2026-04-15 05:15:01Z run_cycle ──
2026-04-15T05:15:01.919418+00:00 | pause=OK | state=FLAT | eq=$734.79 | action=WAIT | (NO_VALID_DIRECTION) | ~WAIT | (1751ms fetch)

── 2026-04-15 05:20:01Z run_cycle ──
2026-04-15T05:20:01.499655+00:00 | pause=OK | state=FLAT | eq=$734.79 | action=WAIT | (NO_VALID_DIRECTION) | ~WAIT | (1589ms fetch)

── 2026-04-15 05:25:01Z run_cycle ──
2026-04-15T05:25:01.795401+00:00 | pause=OK | state=FLAT | eq=$734.79 | action=WAIT | (NO_VALID_DIRECTION) | ~WAIT | (1625ms fetch)

── 2026-04-15 05:30:02Z run_cycle ──
2026-04-15T05:30:02.323473+00:00 | pause=OK | state=FLAT | eq=$734.79 | action=WAIT | (NO_VALID_DIRECTION) | ~WAIT | (1639ms fetch)

── 2026-04-15 05:35:01Z run_cycle ──
2026-04-15T05:35:01.383513+00:00 | pause=OK | state=FLAT | eq=$734.79 | action=WAIT | (NO_VALID_DIRECTION) | ~WAIT | (1648ms fetch)

── 2026-04-15 05:40:02Z run_cycle ──
2026-04-15T05:40:02.355081+00:00 | pause=OK | state=FLAT | eq=$734.79 | action=WAIT | (NO_VALID_DIRECTION) | ~WAIT | (1587ms fetch)

── 2026-04-15 05:45:01Z run_cycle ──
2026-04-15T05:45:01.644445+00:00 | pause=OK | state=FLAT | eq=$734.79 | action=WAIT | (NO_VALID_DIRECTION) | ~WAIT | (1666ms fetch)

── 2026-04-15 05:50:01Z run_cycle ──
2026-04-15T05:50:01.553859+00:00 | pause=OK | state=FLAT | eq=$734.79 | action=WAIT | (NO_VALID_DIRECTION) | ~WAIT | (1632ms fetch)

── 2026-04-15 05:55:01Z run_cycle ──
2026-04-15T05:55:01.974923+00:00 | pause=OK | state=FLAT | eq=$734.79 | action=WAIT | (NO_VALID_DIRECTION) | ~WAIT | (1656ms fetch)

── 2026-04-15 06:00:01Z run_cycle ──
2026-04-15T06:00:02.028798+00:00 | pause=OK | state=FLAT | eq=$734.79 | action=WAIT | (NO_VALID_DIRECTION) | ~WAIT | (1633ms fetch)

── 2026-04-15 06:05:02Z run_cycle ──
2026-04-15T06:05:02.312149+00:00 | pause=OK | state=FLAT | eq=$734.79 | action=WAIT | (NO_VALID_DIRECTION) | ~WAIT | (1679ms fetch)

── 2026-04-15 06:10:01Z run_cycle ──
2026-04-15T06:10:01.501231+00:00 | pause=OK | state=FLAT | eq=$734.79 | action=WAIT | (NO_VALID_DIRECTION) | ~WAIT | (1678ms fetch)

── 2026-04-15 06:15:01Z run_cycle ──
2026-04-15T06:15:02.056362+00:00 | pause=OK | state=FLAT | eq=$734.79 | action=WAIT | (NO_VALID_DIRECTION) | ~WAIT | (1676ms fetch)

── 2026-04-15 06:20:01Z run_cycle ──
2026-04-15T06:20:01.931594+00:00 | pause=OK | state=FLAT | eq=$734.79 | action=WAIT | (NO_VALID_DIRECTION) | ~WAIT | (1683ms fetch)

── 2026-04-15 06:25:01Z run_cycle ──
2026-04-15T06:25:01.561432+00:00 | pause=OK | state=FLAT | eq=$734.79 | action=WAIT | (NO_VALID_DIRECTION) | ~WAIT | (1639ms fetch)

── 2026-04-15 06:30:01Z run_cycle ──
2026-04-15T06:30:01.844517+00:00 | pause=OK | state=FLAT | eq=$734.79 | action=WAIT | (NO_VALID_DIRECTION) | ~WAIT | (1777ms fetch)

── 2026-04-15 06:35:01Z run_cycle ──
2026-04-15T06:35:01.459204+00:00 | pause=OK | state=FLAT | eq=$734.79 | action=WAIT | (NO_VALID_DIRECTION) | ~WAIT | (1609ms fetch)

── 2026-04-15 06:40:01Z run_cycle ──
2026-04-15T06:40:01.661160+00:00 | pause=OK | state=FLAT | eq=$734.79 | action=WAIT | (NO_VALID_DIRECTION) | ~WAIT | (1634ms fetch)

── 2026-04-15 06:45:00Z run_cycle ──
2026-04-15T06:45:00.306838+00:00 | pause=OK | state=FLAT | eq=$734.79 | action=WAIT | (NO_VALID_DIRECTION) | ~WAIT | (1622ms fetch)

── 2026-04-15 06:50:02Z run_cycle ──
2026-04-15T06:50:02.302199+00:00 | pause=OK | state=FLAT | eq=$734.79 | action=WAIT | (NO_VALID_DIRECTION) | ~WAIT | (1618ms fetch)

── 2026-04-15 06:55:01Z run_cycle ──
2026-04-15T06:55:01.994385+00:00 | pause=OK | state=FLAT | eq=$734.79 | action=WAIT | (NO_VALID_DIRECTION) | ~WAIT | (1649ms fetch)

── 2026-04-15 07:00:01Z run_cycle ──
2026-04-15T07:00:01.738802+00:00 | pause=OK | state=FLAT | eq=$734.79 | action=WAIT | (NO_VALID_DIRECTION) | ~WAIT | (1666ms fetch)

── 2026-04-15 07:05:01Z run_cycle ──
2026-04-15T07:05:01.895984+00:00 | pause=OK | state=FLAT | eq=$734.79 | action=WAIT | (NO_VALID_DIRECTION) | ~WAIT | (1755ms fetch)

── 2026-04-15 07:10:02Z run_cycle ──
2026-04-15T07:10:02.359617+00:00 | pause=OK | state=FLAT | eq=$734.79 | action=WAIT | (NO_VALID_DIRECTION) | ~WAIT | (1747ms fetch)

── 2026-04-15 07:15:01Z run_cycle ──
2026-04-15T07:15:01.519109+00:00 | pause=OK | state=FLAT | eq=$734.79 | action=WAIT | (NO_VALID_DIRECTION) | ~WAIT | (1812ms fetch)

── 2026-04-15 07:20:01Z run_cycle ──
2026-04-15T07:20:01.835495+00:00 | pause=OK | state=FLAT | eq=$734.79 | action=WAIT | (NO_VALID_DIRECTION) | ~WAIT | (1627ms fetch)

── 2026-04-15 07:25:01Z run_cycle ──
2026-04-15T07:25:01.535526+00:00 | pause=OK | state=FLAT | eq=$734.79 | action=WAIT | (NO_VALID_DIRECTION) | ~WAIT | (1630ms fetch)

── 2026-04-15 07:30:02Z run_cycle ──
2026-04-15T07:30:02.417126+00:00 | pause=OK | state=FLAT | eq=$734.79 | action=WAIT | (NO_VALID_DIRECTION) | ~WAIT | (1763ms fetch)

── 2026-04-15 07:35:01Z run_cycle ──
2026-04-15T07:35:02.221108+00:00 | pause=OK | state=FLAT | eq=$734.79 | action=WAIT | (NO_VALID_DIRECTION) | ~WAIT | (1692ms fetch)

── 2026-04-15 07:40:01Z run_cycle ──
2026-04-15T07:40:01.652965+00:00 | pause=OK | state=FLAT | eq=$734.79 | action=WAIT | (NO_VALID_DIRECTION) | ~WAIT | (1765ms fetch)

── 2026-04-15 07:45:01Z run_cycle ──
2026-04-15T07:45:02.078734+00:00 | pause=OK | state=FLAT | eq=$734.79 | action=WAIT | (NO_VALID_DIRECTION) | ~WAIT | (1899ms fetch)

── 2026-04-15 07:50:01Z run_cycle ──
2026-04-15T07:50:01.639881+00:00 | pause=OK | state=FLAT | eq=$734.79 | action=WAIT | (NO_VALID_DIRECTION) | ~WAIT | (1751ms fetch)

── 2026-04-15 07:55:01Z run_cycle ──
2026-04-15T07:55:01.874348+00:00 | pause=OK | state=FLAT | eq=$734.79 | action=WAIT | (NO_VALID_DIRECTION) | ~WAIT | (1869ms fetch)

── 2026-04-15 08:00:01Z run_cycle ──
2026-04-15T08:00:02.197390+00:00 | pause=OK | state=FLAT | eq=$734.79 | action=WAIT | (NO_VALID_DIRECTION) | ~WAIT | (1811ms fetch)

── 2026-04-15 08:05:02Z run_cycle ──
2026-04-15T08:05:02.377186+00:00 | pause=OK | state=FLAT | eq=$734.79 | action=WAIT | (NO_VALID_DIRECTION) | ~WAIT | (1827ms fetch)

── 2026-04-15 08:10:01Z run_cycle ──
2026-04-15T08:10:02.170047+00:00 | pause=OK | state=FLAT | eq=$734.79 | action=WAIT | (NO_VALID_DIRECTION) | ~WAIT | (1683ms fetch)

── 2026-04-15 08:15:01Z run_cycle ──
2026-04-15T08:15:01.901926+00:00 | pause=OK | state=FLAT | eq=$734.79 | action=LONG | @ 73602.7 sl=73810.1 tp=74400.0 ×10 | (1707ms fetch)

── 2026-04-15 08:20:01Z run_cycle ──
2026-04-15T08:20:01.936489+00:00 | pause=OK | state=FLAT | eq=$734.79 | action=LONG | @ 73602.7 sl=73810.1 tp=74400.0 ×10 | (1870ms fetch)

── 2026-04-15 08:23:01Z run_cycle ──
2026-04-15T08:23:01.640717+00:00 | pause=OK | state=FLAT | eq=$734.79 | action=LONG | @ 73602.7 sl=73810.1 tp=74400.0 ×10 | (1803ms fetch)

── 2026-04-15 08:23:06Z run_cycle ──
2026-04-15T08:23:06.497200+00:00 | pause=OK | state=FLAT | eq=$734.79 | action=LONG | @ 73602.7 sl=73810.1 tp=74400.0 ×10 | (1640ms fetch)

── 2026-04-15 08:23:58Z run_cycle ──
2026-04-15T08:23:58.418986+00:00 | pause=OK | state=FLAT | eq=$734.79 | action=LONG | @ 73602.7 sl=73810.1 tp=74400.0 ×10 | (1679ms fetch)

── 2026-04-15 08:25:01Z run_cycle ──
2026-04-15T08:25:02.009686+00:00 | pause=OK | state=FLAT | eq=$734.79 | action=LONG | @ 73602.7 sl=73810.1 tp=74400.0 ×10 | (1689ms fetch)

── 2026-04-15 08:29:59Z run_cycle ──
2026-04-15T08:30:00.109208+00:00 | pause=OK | state=FLAT | eq=$734.79 | action=WAIT | (NO_VALID_DIRECTION) | ~WAIT | (1762ms fetch)

── 2026-04-15 08:35:01Z run_cycle ──
2026-04-15T08:35:01.310665+00:00 | pause=OK | state=FLAT | eq=$734.79 | action=LONG | @ 73604.4 sl=73423.0 tp=74400.0 ×12 | ✓ord=3480926824843665408 | (1701ms fetch)

── 2026-04-15 08:40:01Z run_cycle ──
2026-04-15T08:40:01.827046+00:00 | pause=OK | state=PENDING | eq=$734.79 | action=WAIT | (PENDING_HEALTHY ord=3480926824843665408 px=73604.4 grade=A) | ~WAIT | (1717ms fetch)

── 2026-04-15 08:45:01Z run_cycle ──
2026-04-15T08:45:01.845792+00:00 | pause=OK | state=PENDING | eq=$734.79 | action=WAIT | (PENDING_HEALTHY ord=3480926824843665408 px=73604.4 grade=A) | ~WAIT | (1884ms fetch)

── 2026-04-15 08:50:01Z run_cycle ──
2026-04-15T08:50:02.190720+00:00 | pause=OK | state=PENDING | eq=$734.79 | action=WAIT | (PENDING_HEALTHY ord=3480926824843665408 px=73604.4 grade=A) | ~WAIT | (1634ms fetch)

── 2026-04-15 08:55:01Z run_cycle ──
2026-04-15T08:55:02.066401+00:00 | pause=OK | state=PENDING | eq=$734.79 | action=WAIT | (PENDING_HEALTHY ord=3480926824843665408 px=73604.4 grade=A) | ~WAIT | (1990ms fetch)

── 2026-04-15 09:00:01Z run_cycle ──
2026-04-15T09:00:02.391881+00:00 | pause=OK | state=PENDING | eq=$734.79 | action=WAIT | (PENDING_HEALTHY ord=3480926824843665408 px=73604.4 grade=A) | ~WAIT | (1927ms fetch)

── 2026-04-15 09:05:01Z run_cycle ──
2026-04-15T09:05:01.467519+00:00 | pause=OK | state=PENDING | eq=$734.79 | action=WAIT | (PENDING_HEALTHY ord=3480926824843665408 px=73604.4 grade=A) | ~WAIT | (1904ms fetch)

── 2026-04-15 09:10:01Z run_cycle ──
2026-04-15T09:10:01.476112+00:00 | pause=OK | state=PENDING | eq=$734.79 | action=WAIT | (PENDING_HEALTHY ord=3480926824843665408 px=73604.4 grade=A) | ~WAIT | (1894ms fetch)

── 2026-04-15 09:15:01Z run_cycle ──
2026-04-15T09:15:01.495732+00:00 | pause=OK | state=PENDING | eq=$734.79 | action=WAIT | (PENDING_HEALTHY ord=3480926824843665408 px=73604.4 grade=A) | ~WAIT | (1954ms fetch)

── 2026-04-15 09:20:02Z run_cycle ──
2026-04-15T09:20:02.290257+00:00 | pause=OK | state=PENDING | eq=$734.79 | action=WAIT | (PENDING_HEALTHY ord=3480926824843665408 px=73604.4 grade=A) | ~WAIT | (1788ms fetch)

── 2026-04-15 09:25:01Z run_cycle ──
2026-04-15T09:25:00.056343+00:00 | pause=OK | state=PENDING | eq=$734.79 | action=WAIT | (PENDING_HEALTHY ord=3480926824843665408 px=73604.4 grade=A) | ~WAIT | (1800ms fetch)

── 2026-04-15 09:30:01Z run_cycle ──
2026-04-15T09:30:01.690587+00:00 | pause=OK | state=PENDING | eq=$734.79 | action=WAIT | (PENDING_HEALTHY ord=3480926824843665408 px=73604.4 grade=A) | ~WAIT | (1979ms fetch)

── 2026-04-15 09:35:02Z run_cycle ──
2026-04-15T09:35:02.277263+00:00 | pause=OK | state=PENDING | eq=$734.79 | action=WAIT | (PENDING_HEALTHY ord=3480926824843665408 px=73604.4 grade=A) | ~WAIT | (1851ms fetch)

── 2026-04-15 09:40:01Z run_cycle ──
2026-04-15T09:40:01.788110+00:00 | pause=OK | state=PENDING | eq=$734.79 | action=WAIT | (PENDING_HEALTHY ord=3480926824843665408 px=73604.4 grade=A) | ~WAIT | (1864ms fetch)

── 2026-04-15 09:45:01Z run_cycle ──
2026-04-15T09:45:02.100961+00:00 | pause=OK | state=PENDING | eq=$734.79 | action=WAIT | (PENDING_HEALTHY ord=3480926824843665408 px=73604.4 grade=A) | ~WAIT | (1848ms fetch)

── 2026-04-15 09:50:01Z run_cycle ──
2026-04-15T09:50:01.376583+00:00 | pause=OK | state=PENDING | eq=$734.79 | action=WAIT | (PENDING_HEALTHY ord=3480926824843665408 px=73604.4 grade=A) | ~WAIT | (1838ms fetch)

── 2026-04-15 09:55:01Z run_cycle ──
2026-04-15T09:55:01.507995+00:00 | pause=OK | state=PENDING | eq=$734.79 | action=WAIT | (PENDING_HEALTHY ord=3480926824843665408 px=73604.4 grade=A) | ~WAIT | (1774ms fetch)

── 2026-04-15 10:00:01Z run_cycle ──
2026-04-15T10:00:01.727306+00:00 | pause=OK | state=PENDING | eq=$734.79 | action=WAIT | (PENDING_HEALTHY ord=3480926824843665408 px=73604.4 grade=A) | ~WAIT | (1891ms fetch)

── 2026-04-15 10:05:01Z run_cycle ──
2026-04-15T10:05:01.923511+00:00 | pause=OK | state=PENDING | eq=$734.79 | action=WAIT | (PENDING_HEALTHY ord=3480926824843665408 px=73604.4 grade=A) | ~WAIT | (1952ms fetch)

── 2026-04-15 10:10:01Z run_cycle ──
2026-04-15T10:10:01.955179+00:00 | pause=OK | state=PENDING | eq=$734.79 | action=WAIT | (PENDING_HEALTHY ord=3480926824843665408 px=73604.4 grade=A) | ~WAIT | (1982ms fetch)

── 2026-04-15 10:15:01Z run_cycle ──
2026-04-15T10:15:01.857414+00:00 | pause=OK | state=PENDING | eq=$734.79 | action=WAIT | (PENDING_HEALTHY ord=3480926824843665408 px=73604.4 grade=A) | ~WAIT | (1855ms fetch)

── 2026-04-15 10:20:01Z run_cycle ──
2026-04-15T10:20:01.675676+00:00 | pause=OK | state=PENDING | eq=$734.79 | action=WAIT | (PENDING_HEALTHY ord=3480926824843665408 px=73604.4 grade=A) | ~WAIT | (1998ms fetch)

── 2026-04-15 10:25:02Z run_cycle ──
2026-04-15T10:25:02.361692+00:00 | pause=OK | state=PENDING | eq=$734.79 | action=WAIT | (PENDING_HEALTHY ord=3480926824843665408 px=73604.4 grade=A) | ~WAIT | (1879ms fetch)

── 2026-04-15 10:30:01Z run_cycle ──
2026-04-15T10:30:01.914002+00:00 | pause=OK | state=PENDING | eq=$734.79 | action=WAIT | (PENDING_HEALTHY ord=3480926824843665408 px=73604.4 grade=A) | ~WAIT | (1843ms fetch)

── 2026-04-15 10:35:02Z run_cycle ──
2026-04-15T10:35:02.433714+00:00 | pause=OK | state=PENDING | eq=$734.79 | action=WAIT | (PENDING_HEALTHY ord=3480926824843665408 px=73604.4 grade=A) | ~WAIT | (1850ms fetch)

── 2026-04-15 10:40:01Z run_cycle ──
2026-04-15T10:40:01.694712+00:00 | pause=OK | state=PENDING | eq=$734.79 | action=WAIT | (PENDING_HEALTHY ord=3480926824843665408 px=73604.4 grade=A) | ~WAIT | (1643ms fetch)

── 2026-04-15 10:45:01Z run_cycle ──
2026-04-15T10:45:01.587504+00:00 | pause=OK | state=PENDING | eq=$734.79 | action=WAIT | (PENDING_HEALTHY ord=3480926824843665408 px=73604.4 grade=A) | ~WAIT | (1708ms fetch)

── 2026-04-15 10:50:01Z run_cycle ──
2026-04-15T10:50:01.564314+00:00 | pause=OK | state=PENDING | eq=$734.79 | action=WAIT | (PENDING_HEALTHY ord=3480926824843665408 px=73604.4 grade=A) | ~WAIT | (1828ms fetch)

── 2026-04-15 10:55:01Z run_cycle ──
2026-04-15T10:55:01.523911+00:00 | pause=OK | state=PENDING | eq=$734.79 | action=WAIT | (PENDING_HEALTHY ord=3480926824843665408 px=73604.4 grade=A) | ~WAIT | (1712ms fetch)

── 2026-04-15 11:00:01Z run_cycle ──
2026-04-15T11:00:02.207486+00:00 | pause=OK | state=PENDING | eq=$734.79 | action=WAIT | (PENDING_HEALTHY ord=3480926824843665408 px=73604.4 grade=A) | ~WAIT | (1711ms fetch)

── 2026-04-15 11:05:01Z run_cycle ──
2026-04-15T11:05:01.797368+00:00 | pause=OK | state=PENDING | eq=$734.79 | action=WAIT | (PENDING_HEALTHY ord=3480926824843665408 px=73604.4 grade=A) | ~WAIT | (1804ms fetch)

── 2026-04-15 11:10:01Z run_cycle ──
2026-04-15T11:10:02.138647+00:00 | pause=OK | state=PENDING | eq=$734.79 | action=WAIT | (PENDING_HEALTHY ord=3480926824843665408 px=73604.4 grade=A) | ~WAIT | (1628ms fetch)

── 2026-04-15 11:15:02Z run_cycle ──
2026-04-15T11:15:02.328323+00:00 | pause=OK | state=PENDING | eq=$734.79 | action=WAIT | (PENDING_HEALTHY ord=3480926824843665408 px=73604.4 grade=A) | ~WAIT | (1651ms fetch)

── 2026-04-15 11:20:01Z run_cycle ──
2026-04-15T11:20:01.625453+00:00 | pause=OK | state=PENDING | eq=$734.79 | action=WAIT | (PENDING_HEALTHY ord=3480926824843665408 px=73604.4 grade=A) | ~WAIT | (1635ms fetch)

── 2026-04-15 11:25:01Z run_cycle ──
2026-04-15T11:25:01.504291+00:00 | pause=OK | state=PENDING | eq=$734.79 | action=WAIT | (PENDING_HEALTHY ord=3480926824843665408 px=73604.4 grade=A) | ~WAIT | (1888ms fetch)

── 2026-04-15 11:30:01Z run_cycle ──
2026-04-15T11:30:01.734753+00:00 | pause=OK | state=PENDING | eq=$734.79 | action=WAIT | (PENDING_HEALTHY ord=3480926824843665408 px=73604.4 grade=A) | ~WAIT | (1969ms fetch)

── 2026-04-15 11:35:02Z run_cycle ──
2026-04-15T11:35:02.485104+00:00 | pause=OK | state=PENDING | eq=$734.79 | action=WAIT | (PENDING_HEALTHY ord=3480926824843665408 px=73604.4 grade=A) | ~WAIT | (1987ms fetch)

── 2026-04-15 11:40:01Z run_cycle ──
2026-04-15T11:40:02.014129+00:00 | pause=OK | state=PENDING | eq=$734.79 | action=WAIT | (PENDING_HEALTHY ord=3480926824843665408 px=73604.4 grade=A) | ~WAIT | (1726ms fetch)

── 2026-04-15 11:45:01Z run_cycle ──
2026-04-15T11:45:02.093554+00:00 | pause=OK | state=PENDING | eq=$734.79 | action=WAIT | (PENDING_HEALTHY ord=3480926824843665408 px=73604.4 grade=A) | ~WAIT | (1722ms fetch)

── 2026-04-15 11:50:01Z run_cycle ──
2026-04-15T11:50:02.202371+00:00 | pause=OK | state=PENDING | eq=$734.79 | action=WAIT | (PENDING_HEALTHY ord=3480926824843665408 px=73604.4 grade=A) | ~WAIT | (1760ms fetch)

── 2026-04-15 11:55:01Z run_cycle ──
2026-04-15T11:55:02.055528+00:00 | pause=OK | state=PENDING | eq=$734.79 | action=WAIT | (PENDING_HEALTHY ord=3480926824843665408 px=73604.4 grade=A) | ~WAIT | (1802ms fetch)

── 2026-04-15 12:00:01Z run_cycle ──
2026-04-15T12:00:01.916279+00:00 | pause=OK | state=PENDING | eq=$734.79 | action=WAIT | (PENDING_HEALTHY ord=3480926824843665408 px=73604.4 grade=A) | ~WAIT | (1708ms fetch)

── 2026-04-15 12:05:01Z run_cycle ──
2026-04-15T12:05:01.419654+00:00 | pause=OK | state=PENDING | eq=$734.79 | action=WAIT | (PENDING_HEALTHY ord=3480926824843665408 px=73604.4 grade=A) | ~WAIT | (1878ms fetch)

── 2026-04-15 12:10:01Z run_cycle ──
2026-04-15T12:10:01.593372+00:00 | pause=OK | state=PENDING | eq=$734.79 | action=WAIT | (PENDING_HEALTHY ord=3480926824843665408 px=73604.4 grade=A) | ~WAIT | (1691ms fetch)

── 2026-04-15 12:15:01Z run_cycle ──
2026-04-15T12:15:01.806411+00:00 | pause=OK | state=PENDING | eq=$734.79 | action=WAIT | (PENDING_HEALTHY ord=3480926824843665408 px=73604.4 grade=A) | ~WAIT | (1870ms fetch)

── 2026-04-15 12:20:01Z run_cycle ──
2026-04-15T12:20:02.151443+00:00 | pause=OK | state=PENDING | eq=$734.79 | action=WAIT | (PENDING_HEALTHY ord=3480926824843665408 px=73604.4 grade=A) | ~WAIT | (1759ms fetch)

── 2026-04-15 12:25:01Z run_cycle ──
2026-04-15T12:25:02.205637+00:00 | pause=OK | state=PENDING | eq=$734.79 | action=WAIT | (PENDING_HEALTHY ord=3480926824843665408 px=73604.4 grade=A) | ~WAIT | (1875ms fetch)

── 2026-04-15 12:30:02Z run_cycle ──
2026-04-15T12:30:02.331296+00:00 | pause=OK | state=PENDING | eq=$734.79 | action=WAIT | (PENDING_HEALTHY ord=3480926824843665408 px=73604.4 grade=A) | ~WAIT | (1759ms fetch)

── 2026-04-15 12:35:01Z run_cycle ──
2026-04-15T12:35:02.140032+00:00 | pause=OK | state=PENDING | eq=$734.79 | action=CANCEL_PENDING | (EXPIRED age=4.0h max=4h grade=A [BOUNDARY: age_h=4.0001 ≈ threshold=4.0]) | ✓ord=3480926824843665408 | (1627ms fetch)

── 2026-04-15 12:40:01Z run_cycle ──
2026-04-15T12:40:02.104184+00:00 | pause=OK | state=FLAT | eq=$734.79 | action=WAIT | (NO_VALID_DIRECTION) | ~WAIT | (1669ms fetch)

── 2026-04-15 12:45:01Z run_cycle ──
2026-04-15T12:45:01.723450+00:00 | pause=OK | state=FLAT | eq=$734.79 | action=WAIT | (NO_VALID_DIRECTION) | ~WAIT | (1817ms fetch)

── 2026-04-15 12:50:01Z run_cycle ──
2026-04-15T12:50:01.615729+00:00 | pause=OK | state=FLAT | eq=$734.79 | action=WAIT | (NO_VALID_DIRECTION) | ~WAIT | (1725ms fetch)

── 2026-04-15 12:55:01Z run_cycle ──
2026-04-15T12:55:01.432443+00:00 | pause=OK | state=FLAT | eq=$734.79 | action=WAIT | (NO_VALID_DIRECTION) | ~WAIT | (1707ms fetch)

── 2026-04-15 13:00:01Z run_cycle ──
2026-04-15T13:00:02.211111+00:00 | pause=OK | state=FLAT | eq=$734.79 | action=WAIT | (NO_VALID_DIRECTION) | ~WAIT | (1742ms fetch)

── 2026-04-15 13:05:01Z run_cycle ──
2026-04-15T13:05:01.966101+00:00 | pause=OK | state=FLAT | eq=$734.79 | action=WAIT | (NO_VALID_DIRECTION) | ~WAIT | (1861ms fetch)

── 2026-04-15 13:10:01Z run_cycle ──
2026-04-15T13:10:01.767169+00:00 | pause=OK | state=FLAT | eq=$734.79 | action=WAIT | (NO_VALID_DIRECTION) | ~WAIT | (1894ms fetch)

── 2026-04-15 13:15:01Z run_cycle ──
2026-04-15T13:15:02.177471+00:00 | pause=OK | state=FLAT | eq=$734.79 | action=WAIT | (NO_VALID_DIRECTION) | ~WAIT | (1998ms fetch)

── 2026-04-15 13:20:01Z run_cycle ──
2026-04-15T13:20:01.852247+00:00 | pause=OK | state=FLAT | eq=$734.79 | action=WAIT | (NO_VALID_DIRECTION) | ~WAIT | (1837ms fetch)

── 2026-04-15 13:25:01Z run_cycle ──
2026-04-15T13:25:02.660159+00:00 | pause=OK | state=FLAT | eq=$734.79 | action=WAIT | (NO_VALID_DIRECTION) | ~WAIT | (2834ms fetch)

── 2026-04-15 13:30:02Z run_cycle ──
2026-04-15T13:30:02.389531+00:00 | pause=OK | state=FLAT | eq=$734.79 | action=WAIT | (NO_VALID_DIRECTION) | ~WAIT | (1748ms fetch)

── 2026-04-15 13:35:01Z run_cycle ──
2026-04-15T13:35:01.512186+00:00 | pause=OK | state=FLAT | eq=$734.79 | action=WAIT | (NO_VALID_DIRECTION) | ~WAIT | (1973ms fetch)

── 2026-04-15 13:40:01Z run_cycle ──
2026-04-15T13:40:01.714553+00:00 | pause=OK | state=FLAT | eq=$734.79 | action=WAIT | (NO_VALID_DIRECTION) | ~WAIT | (1681ms fetch)

── 2026-04-15 13:45:01Z run_cycle ──
2026-04-15T13:45:02.298310+00:00 | pause=OK | state=FLAT | eq=$734.79 | action=WAIT | (NO_VALID_DIRECTION) | ~WAIT | (2050ms fetch)

── 2026-04-15 13:50:01Z run_cycle ──
2026-04-15T13:50:02.254415+00:00 | pause=OK | state=FLAT | eq=$734.79 | action=WAIT | (NO_VALID_DIRECTION) | ~WAIT | (1833ms fetch)

── 2026-04-15 13:55:01Z run_cycle ──
2026-04-15T13:55:02.325566+00:00 | pause=OK | state=FLAT | eq=$734.79 | action=WAIT | (NO_VALID_DIRECTION) | ~WAIT | (1752ms fetch)

── 2026-04-15 14:00:01Z run_cycle ──
2026-04-15T14:00:01.853124+00:00 | pause=OK | state=FLAT | eq=$734.79 | action=WAIT | (NO_VALID_DIRECTION) | ~WAIT | (2987ms fetch)

── 2026-04-15 14:05:01Z run_cycle ──
2026-04-15T14:05:02.350944+00:00 | pause=OK | state=FLAT | eq=$734.79 | action=SHORT | @ 74299.2 sl=74464.0 tp=73741.4 ×13 | ✓ord=3481591287523532800 | (2277ms fetch)

── 2026-04-15 14:10:01Z run_cycle ──
2026-04-15T14:10:02.084075+00:00 | pause=OK | state=PENDING | eq=$734.79 | action=WAIT | (PENDING_HEALTHY ord=3481591287523532800 px=74299.2 grade=A) | ~WAIT | (2089ms fetch)

── 2026-04-15 14:15:01Z run_cycle ──
2026-04-15T14:15:01.876620+00:00 | pause=OK | state=PENDING | eq=$734.79 | action=WAIT | (PENDING_HEALTHY ord=3481591287523532800 px=74299.2 grade=A) | ~WAIT | (1758ms fetch)

── 2026-04-15 14:20:01Z run_cycle ──
2026-04-15T14:20:01.562837+00:00 | pause=OK | state=HOLDING | eq=$754.98 | action=ADJUST_SL | (TRAIL_SL sl=74464.0→74044.3 (atr_1h=416.8)) | (1748ms fetch)

── 2026-04-15 14:25:01Z run_cycle ──
2026-04-15T14:25:01.827295+00:00 | pause=OK | state=HOLDING | eq=$722.78 | action=ADJUST_SL | (TRAIL_SL sl=74464.0→74044.3 (atr_1h=416.8)) | (1660ms fetch)

── 2026-04-15 14:28:01Z run_cycle ──
2026-04-15T14:28:02.018644+00:00 | pause=OK | state=FLAT | eq=$705.36 | action=WAIT | (NO_VALID_DIRECTION) | ~WAIT | (1609ms fetch)

── 2026-04-15 14:30:01Z run_cycle ──
2026-04-15T14:30:02.124078+00:00 | pause=OK | state=FLAT | eq=$705.36 | action=WAIT | (NO_VALID_DIRECTION) | ~WAIT | (1664ms fetch)

── 2026-04-15 14:35:01Z run_cycle ──
2026-04-15T14:35:01.507872+00:00 | pause=OK | state=FLAT | eq=$705.36 | action=WAIT | (NO_VALID_DIRECTION) | ~WAIT | (1702ms fetch)

── 2026-04-15 14:40:01Z run_cycle ──
2026-04-15T14:40:01.436353+00:00 | pause=OK | state=FLAT | eq=$705.36 | action=WAIT | (NO_VALID_DIRECTION) | ~WAIT | (1810ms fetch)

── 2026-04-15 14:45:02Z run_cycle ──
2026-04-15T14:45:02.365226+00:00 | pause=OK | state=FLAT | eq=$705.36 | action=WAIT | (NO_VALID_DIRECTION) | ~WAIT | (1770ms fetch)

── 2026-04-15 14:50:01Z run_cycle ──
2026-04-15T14:50:01.779455+00:00 | pause=OK | state=FLAT | eq=$705.36 | action=WAIT | (NO_VALID_DIRECTION) | ~WAIT | (1573ms fetch)

── 2026-04-15 14:55:01Z run_cycle ──
2026-04-15T14:55:03.058442+00:00 | pause=OK | state=FLAT | eq=$705.36 | action=WAIT | (NO_VALID_DIRECTION) | ~WAIT | (2744ms fetch)

── 2026-04-15 15:00:01Z run_cycle ──
2026-04-15T15:00:01.738434+00:00 | pause=OK | state=FLAT | eq=$705.36 | action=WAIT | (NO_VALID_DIRECTION) | ~WAIT | (1699ms fetch)

── 2026-04-15 15:05:01Z run_cycle ──
2026-04-15T15:05:02.242872+00:00 | pause=OK | state=FLAT | eq=$705.36 | action=WAIT | (NO_VALID_DIRECTION) | ~WAIT | (2308ms fetch)

── 2026-04-15 15:10:01Z run_cycle ──
2026-04-15T15:10:01.856426+00:00 | pause=OK | state=FLAT | eq=$705.36 | action=WAIT | (NO_VALID_DIRECTION) | ~WAIT | (1801ms fetch)

── 2026-04-15 15:15:01Z run_cycle ──
2026-04-15T15:15:01.630682+00:00 | pause=OK | state=FLAT | eq=$705.36 | action=WAIT | (NO_VALID_DIRECTION) | ~WAIT | (1681ms fetch)

── 2026-04-15 15:20:01Z run_cycle ──
2026-04-15T15:20:02.216772+00:00 | pause=OK | state=FLAT | eq=$705.36 | action=WAIT | (NO_VALID_DIRECTION) | ~WAIT | (2243ms fetch)

── 2026-04-15 15:25:01Z run_cycle ──
2026-04-15T15:25:02.551889+00:00 | pause=OK | state=FLAT | eq=$705.36 | action=WAIT | (NO_VALID_DIRECTION) | ~WAIT | (2289ms fetch)

── 2026-04-15 15:30:01Z run_cycle ──
2026-04-15T15:30:01.868518+00:00 | pause=OK | state=FLAT | eq=$705.36 | action=WAIT | (NO_VALID_DIRECTION) | ~WAIT | (2384ms fetch)

── 2026-04-15 15:35:01Z run_cycle ──
2026-04-15T15:35:01.823147+00:00 | pause=OK | state=FLAT | eq=$705.36 | action=WAIT | (NO_VALID_DIRECTION) | ~WAIT | (2256ms fetch)

── 2026-04-15 15:40:02Z run_cycle ──
2026-04-15T15:40:02.617678+00:00 | pause=OK | state=FLAT | eq=$705.36 | action=WAIT | (NO_VALID_DIRECTION) | ~WAIT | (2484ms fetch)

── 2026-04-15 15:45:02Z run_cycle ──
2026-04-15T15:45:02.615706+00:00 | pause=OK | state=FLAT | eq=$705.36 | action=WAIT | (NO_VALID_DIRECTION) | ~WAIT | (2358ms fetch)

── 2026-04-15 15:50:01Z run_cycle ──
2026-04-15T15:50:01.965869+00:00 | pause=OK | state=FLAT | eq=$705.36 | action=WAIT | (NO_VALID_DIRECTION) | ~WAIT | (1745ms fetch)

── 2026-04-15 15:55:01Z run_cycle ──
2026-04-15T15:55:02.110185+00:00 | pause=OK | state=FLAT | eq=$705.36 | action=WAIT | (NO_VALID_DIRECTION) | ~WAIT | (2475ms fetch)

── 2026-04-15 16:00:02Z run_cycle ──
2026-04-15T16:00:02.703470+00:00 | pause=OK | state=FLAT | eq=$705.36 | action=WAIT | (NO_VALID_DIRECTION) | ~WAIT | (2234ms fetch)

── 2026-04-15 16:05:01Z run_cycle ──
2026-04-15T16:05:02.030838+00:00 | pause=OK | state=FLAT | eq=$705.36 | action=WAIT | (NO_VALID_DIRECTION) | ~WAIT | (2253ms fetch)

── 2026-04-15 16:10:01Z run_cycle ──
2026-04-15T16:10:02.539831+00:00 | pause=OK | state=FLAT | eq=$705.36 | action=WAIT | (NO_VALID_DIRECTION) | ~WAIT | (2186ms fetch)

── 2026-04-15 16:15:01Z run_cycle ──
2026-04-15T16:15:01.804521+00:00 | pause=OK | state=FLAT | eq=$705.36 | action=WAIT | (NO_VALID_DIRECTION) | ~WAIT | (2255ms fetch)

── 2026-04-15 16:20:01Z run_cycle ──
2026-04-15T16:20:02.086406+00:00 | pause=OK | state=FLAT | eq=$705.36 | action=WAIT | (NO_VALID_DIRECTION) | ~WAIT | (2334ms fetch)

── 2026-04-15 16:25:01Z run_cycle ──
2026-04-15T16:25:02.231270+00:00 | pause=OK | state=FLAT | eq=$705.36 | action=WAIT | (NO_VALID_DIRECTION) | ~WAIT | (2346ms fetch)

── 2026-04-15 16:30:02Z run_cycle ──
2026-04-15T16:30:02.590225+00:00 | pause=OK | state=FLAT | eq=$705.36 | action=WAIT | (NO_VALID_DIRECTION) | ~WAIT | (2243ms fetch)

── 2026-04-15 16:35:02Z run_cycle ──
2026-04-15T16:35:02.612784+00:00 | pause=OK | state=FLAT | eq=$705.36 | action=WAIT | (NO_VALID_DIRECTION) | ~WAIT | (2231ms fetch)

── 2026-04-15 16:40:02Z run_cycle ──
2026-04-15T16:40:02.718675+00:00 | pause=OK | state=FLAT | eq=$705.36 | action=WAIT | (NO_VALID_DIRECTION) | ~WAIT | (2209ms fetch)

── 2026-04-15 16:45:01Z run_cycle ──
2026-04-15T16:45:01.734950+00:00 | pause=OK | state=FLAT | eq=$705.36 | action=WAIT | (NO_VALID_DIRECTION) | ~WAIT | (2376ms fetch)

── 2026-04-15 16:50:01Z run_cycle ──
2026-04-15T16:50:01.859426+00:00 | pause=OK | state=FLAT | eq=$705.36 | action=WAIT | (NO_VALID_DIRECTION) | ~WAIT | (2305ms fetch)

── 2026-04-15 16:55:01Z run_cycle ──
2026-04-15T16:55:01.869117+00:00 | pause=OK | state=FLAT | eq=$705.36 | action=WAIT | (NO_VALID_DIRECTION) | ~WAIT | (2299ms fetch)

── 2026-04-15 17:00:01Z run_cycle ──
2026-04-15T17:00:01.738655+00:00 | pause=OK | state=FLAT | eq=$705.36 | action=WAIT | (NO_VALID_DIRECTION) | ~WAIT | (2233ms fetch)

── 2026-04-15 17:05:01Z run_cycle ──
2026-04-15T17:05:02.467528+00:00 | pause=OK | state=FLAT | eq=$705.36 | action=WAIT | (NO_VALID_DIRECTION) | ~WAIT | (2203ms fetch)

── 2026-04-15 17:10:01Z run_cycle ──
2026-04-15T17:10:02.343407+00:00 | pause=OK | state=FLAT | eq=$705.36 | action=WAIT | (NO_VALID_DIRECTION) | ~WAIT | (2271ms fetch)

── 2026-04-15 17:15:01Z run_cycle ──
2026-04-15T17:15:02.073755+00:00 | pause=OK | state=FLAT | eq=$705.36 | action=WAIT | (NO_VALID_DIRECTION) | ~WAIT | (2223ms fetch)

── 2026-04-15 17:20:01Z run_cycle ──
2026-04-15T17:20:01.829406+00:00 | pause=OK | state=FLAT | eq=$705.36 | action=WAIT | (NO_VALID_DIRECTION) | ~WAIT | (2407ms fetch)

── 2026-04-15 17:25:01Z run_cycle ──
2026-04-15T17:25:01.841944+00:00 | pause=OK | state=FLAT | eq=$705.36 | action=WAIT | (NO_VALID_DIRECTION) | ~WAIT | (2275ms fetch)

── 2026-04-15 17:30:01Z run_cycle ──
2026-04-15T17:30:02.496000+00:00 | pause=OK | state=FLAT | eq=$705.36 | action=WAIT | (NO_VALID_DIRECTION) | ~WAIT | (2251ms fetch)

── 2026-04-15 17:35:01Z run_cycle ──
2026-04-15T17:35:02.295165+00:00 | pause=OK | state=FLAT | eq=$705.36 | action=WAIT | (NO_VALID_DIRECTION) | ~WAIT | (2362ms fetch)

── 2026-04-15 17:40:01Z run_cycle ──
2026-04-15T17:40:02.167301+00:00 | pause=OK | state=FLAT | eq=$705.36 | action=WAIT | (NO_VALID_DIRECTION) | ~WAIT | (2245ms fetch)

── 2026-04-15 17:45:01Z run_cycle ──
2026-04-15T17:45:01.904664+00:00 | pause=OK | state=FLAT | eq=$705.36 | action=WAIT | (NO_VALID_DIRECTION) | ~WAIT | (2219ms fetch)

── 2026-04-15 17:49:59Z run_cycle ──
2026-04-15T17:49:59.557623+00:00 | pause=OK | state=FLAT | eq=$705.36 | action=LONG | @ 73802.7 sl=73522.0 tp=74479.8 ×7 | ✓ord=3482044192059777024 | (2162ms fetch)

── 2026-04-15 17:55:01Z run_cycle ──
2026-04-15T17:55:01.602550+00:00 | pause=OK | state=PENDING | eq=$705.36 | action=WAIT | (PENDING_HEALTHY ord=3482044192059777024 px=73802.7 grade=A) | ~WAIT | (1647ms fetch)

── 2026-04-15 18:00:02Z run_cycle ──
2026-04-15T18:00:02.717945+00:00 | pause=OK | state=PENDING | eq=$705.36 | action=WAIT | (PENDING_HEALTHY ord=3482044192059777024 px=73802.7 grade=A) | ~WAIT | (2290ms fetch)

── 2026-04-15 18:05:01Z run_cycle ──
2026-04-15T18:05:02.422504+00:00 | pause=OK | state=PENDING | eq=$705.36 | action=WAIT | (PENDING_HEALTHY ord=3482044192059777024 px=73802.7 grade=A) | ~WAIT | (2334ms fetch)

── 2026-04-15 18:10:01Z run_cycle ──
2026-04-15T18:10:02.345641+00:00 | pause=OK | state=PENDING | eq=$705.36 | action=WAIT | (PENDING_HEALTHY ord=3482044192059777024 px=73802.7 grade=A) | ~WAIT | (2575ms fetch)

── 2026-04-15 18:15:01Z run_cycle ──
2026-04-15T18:15:02.360784+00:00 | pause=OK | state=PENDING | eq=$705.36 | action=WAIT | (PENDING_HEALTHY ord=3482044192059777024 px=73802.7 grade=A) | ~WAIT | (2323ms fetch)

── 2026-04-15 18:20:01Z run_cycle ──
2026-04-15T18:20:02.189959+00:00 | pause=OK | state=PENDING | eq=$705.36 | action=WAIT | (PENDING_HEALTHY ord=3482044192059777024 px=73802.7 grade=A) | ~WAIT | (2290ms fetch)

── 2026-04-15 18:25:01Z run_cycle ──
2026-04-15T18:25:02.050646+00:00 | pause=OK | state=PENDING | eq=$705.36 | action=WAIT | (PENDING_HEALTHY ord=3482044192059777024 px=73802.7 grade=A) | ~WAIT | (2249ms fetch)

── 2026-04-15 18:30:01Z run_cycle ──
2026-04-15T18:30:01.797073+00:00 | pause=OK | state=PENDING | eq=$705.36 | action=WAIT | (PENDING_HEALTHY ord=3482044192059777024 px=73802.7 grade=A) | ~WAIT | (2232ms fetch)

── 2026-04-15 18:35:01Z run_cycle ──
2026-04-15T18:35:02.481316+00:00 | pause=OK | state=PENDING | eq=$705.36 | action=WAIT | (PENDING_HEALTHY ord=3482044192059777024 px=73802.7 grade=A) | ~WAIT | (2359ms fetch)

── 2026-04-15 18:40:01Z run_cycle ──
2026-04-15T18:40:02.298904+00:00 | pause=OK | state=PENDING | eq=$705.36 | action=WAIT | (PENDING_HEALTHY ord=3482044192059777024 px=73802.7 grade=A) | ~WAIT | (2263ms fetch)

── 2026-04-15 18:45:01Z run_cycle ──
2026-04-15T18:45:02.036204+00:00 | pause=OK | state=PENDING | eq=$705.36 | action=WAIT | (PENDING_HEALTHY ord=3482044192059777024 px=73802.7 grade=A) | ~WAIT | (2176ms fetch)

── 2026-04-15 18:50:02Z run_cycle ──
2026-04-15T18:50:02.627264+00:00 | pause=OK | state=PENDING | eq=$705.36 | action=WAIT | (PENDING_HEALTHY ord=3482044192059777024 px=73802.7 grade=A) | ~WAIT | (2324ms fetch)

── 2026-04-15 18:54:58Z run_cycle ──
2026-04-15T18:54:59.565221+00:00 | pause=OK | state=PENDING | eq=$705.36 | action=WAIT | (PENDING_HEALTHY ord=3482044192059777024 px=73802.7 grade=A) | ~WAIT | (2292ms fetch)

── 2026-04-15 19:00:01Z run_cycle ──
2026-04-15T19:00:02.484328+00:00 | pause=OK | state=PENDING | eq=$705.36 | action=WAIT | (PENDING_HEALTHY ord=3482044192059777024 px=73802.7 grade=A) | ~WAIT | (2199ms fetch)

── 2026-04-15 19:05:01Z run_cycle ──
2026-04-15T19:05:02.222948+00:00 | pause=OK | state=PENDING | eq=$705.36 | action=WAIT | (PENDING_HEALTHY ord=3482044192059777024 px=73802.7 grade=A) | ~WAIT | (2282ms fetch)

── 2026-04-15 19:10:01Z run_cycle ──
2026-04-15T19:10:02.006134+00:00 | pause=OK | state=PENDING | eq=$705.36 | action=WAIT | (PENDING_HEALTHY ord=3482044192059777024 px=73802.7 grade=A) | ~WAIT | (2308ms fetch)

── 2026-04-15 19:15:01Z run_cycle ──
2026-04-15T19:15:01.834547+00:00 | pause=OK | state=PENDING | eq=$705.36 | action=WAIT | (PENDING_HEALTHY ord=3482044192059777024 px=73802.7 grade=A) | ~WAIT | (2193ms fetch)

── 2026-04-15 19:20:01Z run_cycle ──
2026-04-15T19:20:02.495233+00:00 | pause=OK | state=PENDING | eq=$705.36 | action=WAIT | (PENDING_HEALTHY ord=3482044192059777024 px=73802.7 grade=A) | ~WAIT | (2240ms fetch)

── 2026-04-15 19:25:01Z run_cycle ──
2026-04-15T19:25:02.238461+00:00 | pause=OK | state=PENDING | eq=$705.36 | action=WAIT | (PENDING_HEALTHY ord=3482044192059777024 px=73802.7 grade=A) | ~WAIT | (2383ms fetch)

── 2026-04-15 19:30:01Z run_cycle ──
2026-04-15T19:30:01.751892+00:00 | pause=OK | state=PENDING | eq=$705.36 | action=WAIT | (PENDING_HEALTHY ord=3482044192059777024 px=73802.7 grade=A) | ~WAIT | (1834ms fetch)

── 2026-04-15 19:35:01Z run_cycle ──
2026-04-15T19:35:02.006336+00:00 | pause=OK | state=PENDING | eq=$705.36 | action=WAIT | (PENDING_HEALTHY ord=3482044192059777024 px=73802.7 grade=A) | ~WAIT | (2186ms fetch)

── 2026-04-15 19:40:01Z run_cycle ──
2026-04-15T19:40:01.680854+00:00 | pause=OK | state=PENDING | eq=$705.36 | action=WAIT | (PENDING_HEALTHY ord=3482044192059777024 px=73802.7 grade=A) | ~WAIT | (2294ms fetch)

── 2026-04-15 19:45:01Z run_cycle ──
2026-04-15T19:45:02.345918+00:00 | pause=OK | state=PENDING | eq=$705.36 | action=WAIT | (PENDING_HEALTHY ord=3482044192059777024 px=73802.7 grade=A) | ~WAIT | (2258ms fetch)

── 2026-04-15 19:50:01Z run_cycle ──
2026-04-15T19:50:02.108367+00:00 | pause=OK | state=PENDING | eq=$705.36 | action=WAIT | (PENDING_HEALTHY ord=3482044192059777024 px=73802.7 grade=A) | ~WAIT | (2219ms fetch)

── 2026-04-15 19:55:01Z run_cycle ──
2026-04-15T19:55:01.790010+00:00 | pause=OK | state=PENDING | eq=$705.36 | action=WAIT | (PENDING_HEALTHY ord=3482044192059777024 px=73802.7 grade=A) | ~WAIT | (2092ms fetch)

── 2026-04-15 20:00:01Z run_cycle ──
2026-04-15T20:00:02.424975+00:00 | pause=OK | state=PENDING | eq=$705.36 | action=WAIT | (PENDING_HEALTHY ord=3482044192059777024 px=73802.7 grade=A) | ~WAIT | (2289ms fetch)

── 2026-04-15 20:05:01Z run_cycle ──
2026-04-15T20:05:02.118047+00:00 | pause=OK | state=PENDING | eq=$705.36 | action=WAIT | (PENDING_HEALTHY ord=3482044192059777024 px=73802.7 grade=A) | ~WAIT | (2172ms fetch)

── 2026-04-15 20:10:01Z run_cycle ──
2026-04-15T20:10:01.732962+00:00 | pause=OK | state=PENDING | eq=$705.36 | action=WAIT | (PENDING_HEALTHY ord=3482044192059777024 px=73802.7 grade=A) | ~WAIT | (2191ms fetch)

── 2026-04-15 20:15:01Z run_cycle ──
2026-04-15T20:15:02.460806+00:00 | pause=OK | state=PENDING | eq=$705.36 | action=WAIT | (PENDING_HEALTHY ord=3482044192059777024 px=73802.7 grade=A) | ~WAIT | (2705ms fetch)

── 2026-04-15 20:20:02Z run_cycle ──
2026-04-15T20:20:02.620072+00:00 | pause=OK | state=PENDING | eq=$705.36 | action=WAIT | (PENDING_HEALTHY ord=3482044192059777024 px=73802.7 grade=A) | ~WAIT | (2438ms fetch)

── 2026-04-15 20:25:01Z run_cycle ──
2026-04-15T20:25:02.459528+00:00 | pause=OK | state=PENDING | eq=$705.36 | action=WAIT | (PENDING_HEALTHY ord=3482044192059777024 px=73802.7 grade=A) | ~WAIT | (2523ms fetch)

── 2026-04-15 20:30:01Z run_cycle ──
2026-04-15T20:30:02.448657+00:00 | pause=OK | state=PENDING | eq=$705.36 | action=WAIT | (PENDING_HEALTHY ord=3482044192059777024 px=73802.7 grade=A) | ~WAIT | (2925ms fetch)

── 2026-04-15 20:35:01Z run_cycle ──
2026-04-15T20:35:02.444795+00:00 | pause=OK | state=PENDING | eq=$705.36 | action=WAIT | (PENDING_HEALTHY ord=3482044192059777024 px=73802.7 grade=A) | ~WAIT | (3250ms fetch)

── 2026-04-15 20:40:01Z run_cycle ──
2026-04-15T20:40:02.159077+00:00 | pause=OK | state=PENDING | eq=$705.36 | action=WAIT | (PENDING_HEALTHY ord=3482044192059777024 px=73802.7 grade=A) | ~WAIT | (2237ms fetch)

── 2026-04-15 20:45:01Z run_cycle ──
2026-04-15T20:45:01.699041+00:00 | pause=OK | state=PENDING | eq=$705.36 | action=WAIT | (PENDING_HEALTHY ord=3482044192059777024 px=73802.7 grade=A) | ~WAIT | (2226ms fetch)

── 2026-04-15 20:50:01Z run_cycle ──
2026-04-15T20:50:02.220355+00:00 | pause=OK | state=PENDING | eq=$705.36 | action=WAIT | (PENDING_HEALTHY ord=3482044192059777024 px=73802.7 grade=A) | ~WAIT | (1907ms fetch)

── 2026-04-15 20:55:02Z run_cycle ──
2026-04-15T20:55:02.360350+00:00 | pause=OK | state=PENDING | eq=$705.36 | action=WAIT | (PENDING_HEALTHY ord=3482044192059777024 px=73802.7 grade=A) | ~WAIT | (1910ms fetch)

── 2026-04-15 21:00:01Z run_cycle ──
2026-04-15T21:00:01.841397+00:00 | pause=OK | state=PENDING | eq=$705.36 | action=WAIT | (PENDING_HEALTHY ord=3482044192059777024 px=73802.7 grade=A) | ~WAIT | (2312ms fetch)

── 2026-04-15 21:05:02Z run_cycle ──
2026-04-15T21:05:02.755123+00:00 | pause=OK | state=PENDING | eq=$705.36 | action=WAIT | (PENDING_HEALTHY ord=3482044192059777024 px=73802.7 grade=A) | ~WAIT | (2442ms fetch)

── 2026-04-15 21:10:01Z run_cycle ──
2026-04-15T21:10:01.549472+00:00 | pause=OK | state=PENDING | eq=$705.36 | action=WAIT | (PENDING_HEALTHY ord=3482044192059777024 px=73802.7 grade=A) | ~WAIT | (1899ms fetch)

── 2026-04-15 21:15:01Z run_cycle ──
2026-04-15T21:15:01.766382+00:00 | pause=OK | state=PENDING | eq=$705.36 | action=WAIT | (PENDING_HEALTHY ord=3482044192059777024 px=73802.7 grade=A) | ~WAIT | (2166ms fetch)

── 2026-04-15 21:20:01Z run_cycle ──
2026-04-15T21:20:02.450822+00:00 | pause=OK | state=PENDING | eq=$705.36 | action=WAIT | (PENDING_HEALTHY ord=3482044192059777024 px=73802.7 grade=A) | ~WAIT | (2223ms fetch)

── 2026-04-15 21:25:01Z run_cycle ──
2026-04-15T21:25:02.021399+00:00 | pause=OK | state=PENDING | eq=$705.36 | action=WAIT | (PENDING_HEALTHY ord=3482044192059777024 px=73802.7 grade=A) | ~WAIT | (2404ms fetch)

── 2026-04-15 21:30:01Z run_cycle ──
2026-04-15T21:30:02.040506+00:00 | pause=OK | state=PENDING | eq=$705.36 | action=WAIT | (PENDING_HEALTHY ord=3482044192059777024 px=73802.7 grade=A) | ~WAIT | (2325ms fetch)

── 2026-04-15 21:35:01Z run_cycle ──
2026-04-15T21:35:01.751725+00:00 | pause=OK | state=PENDING | eq=$705.36 | action=WAIT | (PENDING_HEALTHY ord=3482044192059777024 px=73802.7 grade=A) | ~WAIT | (2172ms fetch)

── 2026-04-15 21:40:01Z run_cycle ──
2026-04-15T21:40:02.432225+00:00 | pause=OK | state=PENDING | eq=$705.36 | action=WAIT | (PENDING_HEALTHY ord=3482044192059777024 px=73802.7 grade=A) | ~WAIT | (2329ms fetch)

── 2026-04-15 21:45:01Z run_cycle ──
2026-04-15T21:45:02.250750+00:00 | pause=OK | state=PENDING | eq=$705.36 | action=WAIT | (PENDING_HEALTHY ord=3482044192059777024 px=73802.7 grade=A) | ~WAIT | (2289ms fetch)

── 2026-04-15 21:50:01Z run_cycle ──
2026-04-15T21:50:01.968661+00:00 | pause=OK | state=PENDING | eq=$705.36 | action=CANCEL_PENDING | (EXPIRED age=4.0h max=4h grade=A [BOUNDARY: age_h=4.0002 ≈ threshold=4.0]) | ✓ord=3482044192059777024 | (2327ms fetch)

── 2026-04-15 21:55:01Z run_cycle ──
2026-04-15T21:55:02.356363+00:00 | pause=OK | state=FLAT | eq=$705.36 | action=WAIT | (DEAD_ZONE (UTC 20-24)) | ~WAIT | (2307ms fetch)

── 2026-04-15 22:00:01Z run_cycle ──
2026-04-15T22:00:02.207083+00:00 | pause=OK | state=FLAT | eq=$705.36 | action=WAIT | (DEAD_ZONE (UTC 20-24)) | ~WAIT | (2293ms fetch)

── 2026-04-15 22:05:01Z run_cycle ──
2026-04-15T22:05:01.912658+00:00 | pause=OK | state=FLAT | eq=$705.36 | action=WAIT | (DEAD_ZONE (UTC 20-24)) | ~WAIT | (2333ms fetch)

── 2026-04-15 22:10:01Z run_cycle ──
2026-04-15T22:10:01.343437+00:00 | pause=OK | state=FLAT | eq=$705.36 | action=WAIT | (DEAD_ZONE (UTC 20-24)) | ~WAIT | (1785ms fetch)

── 2026-04-15 22:15:02Z run_cycle ──
2026-04-15T22:15:02.398004+00:00 | pause=OK | state=FLAT | eq=$705.36 | action=WAIT | (DEAD_ZONE (UTC 20-24)) | ~WAIT | (1807ms fetch)

── 2026-04-15 22:20:01Z run_cycle ──
2026-04-15T22:20:01.454823+00:00 | pause=OK | state=FLAT | eq=$705.36 | action=WAIT | (DEAD_ZONE (UTC 20-24)) | ~WAIT | (1812ms fetch)

── 2026-04-15 22:25:02Z run_cycle ──
2026-04-15T22:25:02.443500+00:00 | pause=OK | state=FLAT | eq=$705.36 | action=WAIT | (DEAD_ZONE (UTC 20-24)) | ~WAIT | (2024ms fetch)

── 2026-04-15 22:30:01Z run_cycle ──
2026-04-15T22:30:02.141427+00:00 | pause=OK | state=FLAT | eq=$705.36 | action=WAIT | (DEAD_ZONE (UTC 20-24)) | ~WAIT | (2265ms fetch)

── 2026-04-15 22:35:01Z run_cycle ──
2026-04-15T22:35:01.810542+00:00 | pause=OK | state=FLAT | eq=$705.36 | action=WAIT | (DEAD_ZONE (UTC 20-24)) | ~WAIT | (2389ms fetch)

── 2026-04-15 22:40:02Z run_cycle ──
2026-04-15T22:40:02.372977+00:00 | pause=OK | state=FLAT | eq=$705.36 | action=WAIT | (DEAD_ZONE (UTC 20-24)) | ~WAIT | (2262ms fetch)

── 2026-04-15 22:45:01Z run_cycle ──
2026-04-15T22:45:02.099576+00:00 | pause=OK | state=FLAT | eq=$705.36 | action=WAIT | (DEAD_ZONE (UTC 20-24)) | ~WAIT | (2269ms fetch)

── 2026-04-15 22:50:01Z run_cycle ──
2026-04-15T22:50:01.880172+00:00 | pause=OK | state=FLAT | eq=$705.36 | action=WAIT | (DEAD_ZONE (UTC 20-24)) | ~WAIT | (2304ms fetch)

── 2026-04-15 22:55:02Z run_cycle ──
2026-04-15T22:55:02.587963+00:00 | pause=OK | state=FLAT | eq=$705.36 | action=WAIT | (DEAD_ZONE (UTC 20-24)) | ~WAIT | (2227ms fetch)

── 2026-04-15 23:00:01Z run_cycle ──
2026-04-15T23:00:02.299475+00:00 | pause=OK | state=FLAT | eq=$705.36 | action=WAIT | (DEAD_ZONE (UTC 20-24)) | ~WAIT | (2196ms fetch)

── 2026-04-15 23:05:01Z run_cycle ──
2026-04-15T23:05:01.874424+00:00 | pause=OK | state=FLAT | eq=$705.36 | action=WAIT | (DEAD_ZONE (UTC 20-24)) | ~WAIT | (2258ms fetch)

── 2026-04-15 23:10:02Z run_cycle ──
2026-04-15T23:10:02.541560+00:00 | pause=OK | state=FLAT | eq=$705.36 | action=WAIT | (DEAD_ZONE (UTC 20-24)) | ~WAIT | (2241ms fetch)

── 2026-04-15 23:15:01Z run_cycle ──
2026-04-15T23:15:02.505501+00:00 | pause=OK | state=FLAT | eq=$705.36 | action=WAIT | (DEAD_ZONE (UTC 20-24)) | ~WAIT | (3178ms fetch)

── 2026-04-15 23:20:01Z run_cycle ──
2026-04-15T23:20:02.171682+00:00 | pause=OK | state=FLAT | eq=$705.36 | action=WAIT | (DEAD_ZONE (UTC 20-24)) | ~WAIT | (2165ms fetch)

── 2026-04-15 23:25:01Z run_cycle ──
2026-04-15T23:25:01.815800+00:00 | pause=OK | state=FLAT | eq=$705.36 | action=WAIT | (DEAD_ZONE (UTC 20-24)) | ~WAIT | (2182ms fetch)

── 2026-04-15 23:30:01Z run_cycle ──
2026-04-15T23:30:02.417136+00:00 | pause=OK | state=FLAT | eq=$705.36 | action=WAIT | (DEAD_ZONE (UTC 20-24)) | ~WAIT | (2235ms fetch)

── 2026-04-15 23:35:01Z run_cycle ──
2026-04-15T23:35:02.061013+00:00 | pause=OK | state=FLAT | eq=$705.36 | action=WAIT | (DEAD_ZONE (UTC 20-24)) | ~WAIT | (2366ms fetch)

── 2026-04-15 23:40:01Z run_cycle ──
2026-04-15T23:40:01.832482+00:00 | pause=OK | state=FLAT | eq=$705.36 | action=WAIT | (DEAD_ZONE (UTC 20-24)) | ~WAIT | (2365ms fetch)

── 2026-04-15 23:45:01Z run_cycle ──
2026-04-15T23:45:01.442762+00:00 | pause=OK | state=FLAT | eq=$705.36 | action=WAIT | (DEAD_ZONE (UTC 20-24)) | ~WAIT | (1778ms fetch)

── 2026-04-15 23:50:01Z run_cycle ──
2026-04-15T23:50:01.473277+00:00 | pause=OK | state=FLAT | eq=$705.36 | action=WAIT | (DEAD_ZONE (UTC 20-24)) | ~WAIT | (2026ms fetch)

── 2026-04-15 23:55:01Z run_cycle ──
2026-04-15T23:55:01.770018+00:00 | pause=OK | state=FLAT | eq=$705.36 | action=WAIT | (DEAD_ZONE (UTC 20-24)) | ~WAIT | (1767ms fetch)

