── 2026-04-12 00:00:01Z run_cycle ──
2026-04-12T00:00:02.250005+00:00 | pause=OK | state=FLAT | eq=$758.46 | action=WAIT | (NO_VALID_DIRECTION) | ~WAIT | (1816ms fetch)

── 2026-04-12 00:05:01Z run_cycle ──
2026-04-12T00:05:02.325104+00:00 | pause=OK | state=FLAT | eq=$758.46 | action=WAIT | (NO_VALID_DIRECTION) | ~WAIT | (1843ms fetch)

── 2026-04-12 00:10:01Z run_cycle ──
2026-04-12T00:10:01.550970+00:00 | pause=OK | state=FLAT | eq=$758.46 | action=WAIT | (NO_VALID_DIRECTION) | ~WAIT | (1840ms fetch)

── 2026-04-12 00:14:58Z run_cycle ──
2026-04-12T00:14:58.799491+00:00 | pause=OK | state=FLAT | eq=$758.46 | action=WAIT | (NO_VALID_DIRECTION) | ~WAIT | (1744ms fetch)

── 2026-04-12 00:20:01Z run_cycle ──
2026-04-12T00:20:01.828790+00:00 | pause=OK | state=FLAT | eq=$758.46 | action=WAIT | (NO_VALID_DIRECTION) | ~WAIT | (1705ms fetch)

── 2026-04-12 00:25:01Z run_cycle ──
2026-04-12T00:25:01.621595+00:00 | pause=OK | state=FLAT | eq=$758.46 | action=WAIT | (NO_VALID_DIRECTION) | ~WAIT | (1752ms fetch)

── 2026-04-12 00:30:01Z run_cycle ──
2026-04-12T00:30:01.519893+00:00 | pause=OK | state=FLAT | eq=$758.46 | action=WAIT | (NO_VALID_DIRECTION) | ~WAIT | (1759ms fetch)

── 2026-04-12 00:35:01Z run_cycle ──
2026-04-12T00:35:01.480816+00:00 | pause=OK | state=FLAT | eq=$758.46 | action=WAIT | (NO_VALID_DIRECTION) | ~WAIT | (1822ms fetch)

── 2026-04-12 00:40:01Z run_cycle ──
2026-04-12T00:40:01.528978+00:00 | pause=OK | state=FLAT | eq=$758.46 | action=WAIT | (NO_VALID_DIRECTION) | ~WAIT | (1735ms fetch)

── 2026-04-12 00:45:01Z run_cycle ──
2026-04-12T00:45:01.636105+00:00 | pause=OK | state=FLAT | eq=$758.46 | action=WAIT | (NO_VALID_DIRECTION) | ~WAIT | (1720ms fetch)

── 2026-04-12 00:50:01Z run_cycle ──
2026-04-12T00:50:01.655697+00:00 | pause=OK | state=FLAT | eq=$758.46 | action=WAIT | (NO_VALID_DIRECTION) | ~WAIT | (1799ms fetch)

── 2026-04-12 00:55:01Z run_cycle ──
2026-04-12T00:55:01.685005+00:00 | pause=OK | state=FLAT | eq=$758.46 | action=WAIT | (NO_VALID_DIRECTION) | ~WAIT | (1682ms fetch)

── 2026-04-12 01:00:01Z run_cycle ──
2026-04-12T01:00:01.515045+00:00 | pause=OK | state=FLAT | eq=$758.46 | action=WAIT | (NO_VALID_DIRECTION) | ~WAIT | (1762ms fetch)

── 2026-04-12 01:05:01Z run_cycle ──
2026-04-12T01:05:01.435102+00:00 | pause=OK | state=FLAT | eq=$758.46 | action=WAIT | (NO_VALID_DIRECTION) | ~WAIT | (1741ms fetch)

── 2026-04-12 01:10:02Z run_cycle ──
2026-04-12T01:10:02.391544+00:00 | pause=OK | state=FLAT | eq=$758.46 | action=WAIT | (NO_VALID_DIRECTION) | ~WAIT | (1759ms fetch)

── 2026-04-12 01:15:01Z run_cycle ──
2026-04-12T01:15:02.339042+00:00 | pause=OK | state=FLAT | eq=$758.46 | action=WAIT | (NO_VALID_DIRECTION) | ~WAIT | (1711ms fetch)

── 2026-04-12 01:20:01Z run_cycle ──
2026-04-12T01:20:02.340619+00:00 | pause=OK | state=FLAT | eq=$758.46 | action=WAIT | (NO_VALID_DIRECTION) | ~WAIT | (1672ms fetch)

── 2026-04-12 01:25:01Z run_cycle ──
2026-04-12T01:25:02.177030+00:00 | pause=OK | state=FLAT | eq=$758.46 | action=WAIT | (NO_VALID_DIRECTION) | ~WAIT | (1793ms fetch)

── 2026-04-12 01:30:01Z run_cycle ──
2026-04-12T01:30:02.322693+00:00 | pause=OK | state=FLAT | eq=$758.46 | action=WAIT | (NO_VALID_DIRECTION) | ~WAIT | (1708ms fetch)

── 2026-04-12 01:35:01Z run_cycle ──
2026-04-12T01:35:02.133960+00:00 | pause=OK | state=FLAT | eq=$758.46 | action=WAIT | (NO_VALID_DIRECTION) | ~WAIT | (1722ms fetch)

── 2026-04-12 01:40:01Z run_cycle ──
2026-04-12T01:40:02.038504+00:00 | pause=OK | state=FLAT | eq=$758.46 | action=WAIT | (NO_VALID_DIRECTION) | ~WAIT | (1826ms fetch)

── 2026-04-12 01:45:01Z run_cycle ──
2026-04-12T01:45:02.001856+00:00 | pause=OK | state=FLAT | eq=$758.46 | action=WAIT | (NO_VALID_DIRECTION) | ~WAIT | (1759ms fetch)

── 2026-04-12 01:50:01Z run_cycle ──
2026-04-12T01:50:01.857743+00:00 | pause=OK | state=FLAT | eq=$758.46 | action=WAIT | (NO_VALID_DIRECTION) | ~WAIT | (1833ms fetch)

── 2026-04-12 01:55:01Z run_cycle ──
2026-04-12T01:55:01.981790+00:00 | pause=OK | state=FLAT | eq=$758.46 | action=WAIT | (NO_VALID_DIRECTION) | ~WAIT | (1872ms fetch)

── 2026-04-12 02:00:01Z run_cycle ──
2026-04-12T02:00:02.041644+00:00 | pause=OK | state=FLAT | eq=$758.46 | action=WAIT | (NO_VALID_DIRECTION) | ~WAIT | (1717ms fetch)

── 2026-04-12 02:05:01Z run_cycle ──
2026-04-12T02:05:02.034071+00:00 | pause=OK | state=FLAT | eq=$758.46 | action=WAIT | (NO_VALID_DIRECTION) | ~WAIT | (1670ms fetch)

── 2026-04-12 02:10:01Z run_cycle ──
2026-04-12T02:10:01.922708+00:00 | pause=OK | state=FLAT | eq=$758.46 | action=WAIT | (NO_VALID_DIRECTION) | ~WAIT | (1743ms fetch)

── 2026-04-12 02:15:01Z run_cycle ──
2026-04-12T02:15:01.845887+00:00 | pause=OK | state=FLAT | eq=$758.46 | action=WAIT | (NO_VALID_DIRECTION) | ~WAIT | (1709ms fetch)

── 2026-04-12 02:20:01Z run_cycle ──
2026-04-12T02:20:01.814318+00:00 | pause=OK | state=FLAT | eq=$758.46 | action=WAIT | (NO_VALID_DIRECTION) | ~WAIT | (1658ms fetch)

── 2026-04-12 02:25:01Z run_cycle ──
2026-04-12T02:25:01.792288+00:00 | pause=OK | state=FLAT | eq=$758.46 | action=WAIT | (NO_VALID_DIRECTION) | ~WAIT | (1698ms fetch)

── 2026-04-12 02:30:01Z run_cycle ──
2026-04-12T02:30:01.774437+00:00 | pause=OK | state=FLAT | eq=$758.46 | action=WAIT | (NO_VALID_DIRECTION) | ~WAIT | (1766ms fetch)

── 2026-04-12 02:35:01Z run_cycle ──
2026-04-12T02:35:01.756459+00:00 | pause=OK | state=FLAT | eq=$758.46 | action=WAIT | (NO_VALID_DIRECTION) | ~WAIT | (1626ms fetch)

── 2026-04-12 02:40:01Z run_cycle ──
2026-04-12T02:40:01.493320+00:00 | pause=OK | state=FLAT | eq=$758.46 | action=WAIT | (NO_VALID_DIRECTION) | ~WAIT | (1739ms fetch)

── 2026-04-12 02:45:01Z run_cycle ──
2026-04-12T02:45:01.407572+00:00 | pause=OK | state=FLAT | eq=$758.46 | action=WAIT | (NO_VALID_DIRECTION) | ~WAIT | (1887ms fetch)

── 2026-04-12 02:50:01Z run_cycle ──
2026-04-12T02:50:01.530482+00:00 | pause=OK | state=FLAT | eq=$758.46 | action=WAIT | (NO_VALID_DIRECTION) | ~WAIT | (1780ms fetch)

── 2026-04-12 02:55:01Z run_cycle ──
2026-04-12T02:55:01.484781+00:00 | pause=OK | state=FLAT | eq=$758.46 | action=WAIT | (NO_VALID_DIRECTION) | ~WAIT | (1836ms fetch)

── 2026-04-12 03:00:01Z run_cycle ──
2026-04-12T03:00:01.444687+00:00 | pause=OK | state=FLAT | eq=$758.46 | action=WAIT | (NO_VALID_DIRECTION) | ~WAIT | (2160ms fetch)

── 2026-04-12 03:05:01Z run_cycle ──
2026-04-12T03:05:01.900380+00:00 | pause=OK | state=FLAT | eq=$758.46 | action=WAIT | (NO_VALID_DIRECTION) | ~WAIT | (1786ms fetch)

── 2026-04-12 03:10:01Z run_cycle ──
2026-04-12T03:10:01.880167+00:00 | pause=OK | state=FLAT | eq=$758.46 | action=WAIT | (NO_VALID_DIRECTION) | ~WAIT | (1703ms fetch)

── 2026-04-12 03:15:01Z run_cycle ──
2026-04-12T03:15:01.720971+00:00 | pause=OK | state=FLAT | eq=$758.46 | action=WAIT | (NO_VALID_DIRECTION) | ~WAIT | (1720ms fetch)

── 2026-04-12 03:20:01Z run_cycle ──
2026-04-12T03:20:01.760754+00:00 | pause=OK | state=FLAT | eq=$758.46 | action=WAIT | (NO_VALID_DIRECTION) | ~WAIT | (1733ms fetch)

── 2026-04-12 03:25:01Z run_cycle ──
2026-04-12T03:25:01.636302+00:00 | pause=OK | state=FLAT | eq=$758.46 | action=WAIT | (NO_VALID_DIRECTION) | ~WAIT | (1727ms fetch)

── 2026-04-12 03:30:01Z run_cycle ──
2026-04-12T03:30:01.757406+00:00 | pause=OK | state=FLAT | eq=$758.46 | action=WAIT | (NO_VALID_DIRECTION) | ~WAIT | (1750ms fetch)

── 2026-04-12 03:35:01Z run_cycle ──
2026-04-12T03:35:01.773162+00:00 | pause=OK | state=FLAT | eq=$758.46 | action=WAIT | (NO_VALID_DIRECTION) | ~WAIT | (1737ms fetch)

── 2026-04-12 03:40:01Z run_cycle ──
2026-04-12T03:40:01.579038+00:00 | pause=OK | state=FLAT | eq=$758.46 | action=WAIT | (NO_VALID_DIRECTION) | ~WAIT | (1687ms fetch)

── 2026-04-12 03:45:01Z run_cycle ──
2026-04-12T03:45:01.421875+00:00 | pause=OK | state=FLAT | eq=$758.46 | action=WAIT | (NO_VALID_DIRECTION) | ~WAIT | (1678ms fetch)

── 2026-04-12 03:50:01Z run_cycle ──
2026-04-12T03:50:02.259129+00:00 | pause=OK | state=FLAT | eq=$758.46 | action=WAIT | (NO_VALID_DIRECTION) | ~WAIT | (1705ms fetch)

── 2026-04-12 03:55:01Z run_cycle ──
2026-04-12T03:55:02.190891+00:00 | pause=OK | state=FLAT | eq=$758.46 | action=WAIT | (NO_VALID_DIRECTION) | ~WAIT | (1792ms fetch)

── 2026-04-12 04:00:01Z run_cycle ──
2026-04-12T04:00:02.266115+00:00 | pause=OK | state=FLAT | eq=$758.46 | action=WAIT | (NO_VALID_DIRECTION) | ~WAIT | (1782ms fetch)

── 2026-04-12 04:05:01Z run_cycle ──
2026-04-12T04:05:02.198593+00:00 | pause=OK | state=FLAT | eq=$758.46 | action=WAIT | (NO_VALID_DIRECTION) | ~WAIT | (1676ms fetch)

── 2026-04-12 04:10:01Z run_cycle ──
2026-04-12T04:10:02.051230+00:00 | pause=OK | state=FLAT | eq=$758.46 | action=WAIT | (NO_VALID_DIRECTION) | ~WAIT | (1824ms fetch)

── 2026-04-12 04:15:01Z run_cycle ──
2026-04-12T04:15:02.049966+00:00 | pause=OK | state=FLAT | eq=$758.46 | action=WAIT | (NO_VALID_DIRECTION) | ~WAIT | (1831ms fetch)

── 2026-04-12 04:20:01Z run_cycle ──
2026-04-12T04:20:02.083246+00:00 | pause=OK | state=FLAT | eq=$758.46 | action=WAIT | (NO_VALID_DIRECTION) | ~WAIT | (1789ms fetch)

── 2026-04-12 04:25:01Z run_cycle ──
2026-04-12T04:25:01.944394+00:00 | pause=OK | state=FLAT | eq=$758.46 | action=WAIT | (NO_VALID_DIRECTION) | ~WAIT | (1828ms fetch)

── 2026-04-12 04:30:01Z run_cycle ──
2026-04-12T04:30:01.975647+00:00 | pause=OK | state=FLAT | eq=$758.46 | action=WAIT | (NO_VALID_DIRECTION) | ~WAIT | (1707ms fetch)

── 2026-04-12 04:35:01Z run_cycle ──
2026-04-12T04:35:02.079241+00:00 | pause=OK | state=FLAT | eq=$758.46 | action=WAIT | (NO_VALID_DIRECTION) | ~WAIT | (1842ms fetch)

── 2026-04-12 04:40:01Z run_cycle ──
2026-04-12T04:40:02.010778+00:00 | pause=OK | state=FLAT | eq=$758.46 | action=WAIT | (NO_VALID_DIRECTION) | ~WAIT | (1775ms fetch)

── 2026-04-12 04:45:01Z run_cycle ──
2026-04-12T04:45:01.896109+00:00 | pause=OK | state=FLAT | eq=$758.46 | action=WAIT | (NO_VALID_DIRECTION) | ~WAIT | (1885ms fetch)

── 2026-04-12 04:50:01Z run_cycle ──
2026-04-12T04:50:01.943113+00:00 | pause=OK | state=FLAT | eq=$758.46 | action=WAIT | (NO_VALID_DIRECTION) | ~WAIT | (1663ms fetch)

── 2026-04-12 04:55:01Z run_cycle ──
2026-04-12T04:55:01.705232+00:00 | pause=OK | state=FLAT | eq=$758.46 | action=WAIT | (NO_VALID_DIRECTION) | ~WAIT | (1623ms fetch)

── 2026-04-12 05:00:01Z run_cycle ──
2026-04-12T05:00:01.570610+00:00 | pause=OK | state=FLAT | eq=$758.46 | action=WAIT | (NO_VALID_DIRECTION) | ~WAIT | (1870ms fetch)

── 2026-04-12 05:05:01Z run_cycle ──
2026-04-12T05:05:01.560530+00:00 | pause=OK | state=FLAT | eq=$758.46 | action=WAIT | (NO_VALID_DIRECTION) | ~WAIT | (1705ms fetch)

── 2026-04-12 05:10:01Z run_cycle ──
2026-04-12T05:10:01.405207+00:00 | pause=OK | state=FLAT | eq=$758.46 | action=WAIT | (NO_VALID_DIRECTION) | ~WAIT | (1813ms fetch)

── 2026-04-12 05:15:02Z run_cycle ──
2026-04-12T05:15:02.287099+00:00 | pause=OK | state=FLAT | eq=$758.46 | action=WAIT | (NO_VALID_DIRECTION) | ~WAIT | (1715ms fetch)

── 2026-04-12 05:20:01Z run_cycle ──
2026-04-12T05:20:02.245349+00:00 | pause=OK | state=FLAT | eq=$758.46 | action=WAIT | (NO_VALID_DIRECTION) | ~WAIT | (1930ms fetch)

── 2026-04-12 05:25:01Z run_cycle ──
2026-04-12T05:25:02.286310+00:00 | pause=OK | state=FLAT | eq=$758.46 | action=WAIT | (NO_VALID_DIRECTION) | ~WAIT | (1738ms fetch)

── 2026-04-12 05:30:01Z run_cycle ──
2026-04-12T05:30:02.206324+00:00 | pause=OK | state=FLAT | eq=$758.46 | action=WAIT | (NO_VALID_DIRECTION) | ~WAIT | (1678ms fetch)

── 2026-04-12 05:35:01Z run_cycle ──
2026-04-12T05:35:02.163251+00:00 | pause=OK | state=FLAT | eq=$758.46 | action=WAIT | (NO_VALID_DIRECTION) | ~WAIT | (1773ms fetch)

── 2026-04-12 05:40:01Z run_cycle ──
2026-04-12T05:40:02.083927+00:00 | pause=OK | state=FLAT | eq=$758.46 | action=WAIT | (NO_VALID_DIRECTION) | ~WAIT | (1772ms fetch)

── 2026-04-12 05:45:01Z run_cycle ──
2026-04-12T05:45:01.983345+00:00 | pause=OK | state=FLAT | eq=$758.46 | action=WAIT | (NO_VALID_DIRECTION) | ~WAIT | (1786ms fetch)

── 2026-04-12 05:50:01Z run_cycle ──
2026-04-12T05:50:01.940154+00:00 | pause=OK | state=FLAT | eq=$758.46 | action=WAIT | (NO_VALID_DIRECTION) | ~WAIT | (1714ms fetch)

── 2026-04-12 05:55:01Z run_cycle ──
2026-04-12T05:55:01.859589+00:00 | pause=OK | state=FLAT | eq=$758.46 | action=WAIT | (NO_VALID_DIRECTION) | ~WAIT | (1683ms fetch)

── 2026-04-12 06:00:01Z run_cycle ──
2026-04-12T06:00:01.667571+00:00 | pause=OK | state=FLAT | eq=$758.46 | action=WAIT | (NO_VALID_DIRECTION) | ~WAIT | (1733ms fetch)

── 2026-04-12 06:05:01Z run_cycle ──
2026-04-12T06:05:01.676451+00:00 | pause=OK | state=FLAT | eq=$758.46 | action=WAIT | (NO_VALID_DIRECTION) | ~WAIT | (1763ms fetch)

── 2026-04-12 06:10:01Z run_cycle ──
2026-04-12T06:10:01.644251+00:00 | pause=OK | state=FLAT | eq=$758.46 | action=WAIT | (NO_VALID_DIRECTION) | ~WAIT | (1671ms fetch)

── 2026-04-12 06:15:01Z run_cycle ──
2026-04-12T06:15:02.043081+00:00 | pause=OK | state=FLAT | eq=$758.46 | action=WAIT | (NO_VALID_DIRECTION) | ~WAIT | (1813ms fetch)

── 2026-04-12 06:20:01Z run_cycle ──
2026-04-12T06:20:02.111153+00:00 | pause=OK | state=FLAT | eq=$758.46 | action=WAIT | (NO_VALID_DIRECTION) | ~WAIT | (1839ms fetch)

── 2026-04-12 06:25:01Z run_cycle ──
2026-04-12T06:25:02.036015+00:00 | pause=OK | state=FLAT | eq=$758.46 | action=WAIT | (NO_VALID_DIRECTION) | ~WAIT | (1711ms fetch)

── 2026-04-12 06:30:01Z run_cycle ──
2026-04-12T06:30:02.063264+00:00 | pause=OK | state=FLAT | eq=$758.46 | action=WAIT | (NO_VALID_DIRECTION) | ~WAIT | (1780ms fetch)

── 2026-04-12 06:35:01Z run_cycle ──
2026-04-12T06:35:02.076660+00:00 | pause=OK | state=FLAT | eq=$758.46 | action=WAIT | (NO_VALID_DIRECTION) | ~WAIT | (1682ms fetch)

── 2026-04-12 06:40:00Z run_cycle ──
2026-04-12T06:40:00.693377+00:00 | pause=OK | state=FLAT | eq=$758.46 | action=WAIT | (NO_VALID_DIRECTION) | ~WAIT | (1617ms fetch)

── 2026-04-12 06:45:00Z run_cycle ──
2026-04-12T06:45:00.552746+00:00 | pause=OK | state=FLAT | eq=$758.46 | action=WAIT | (NO_VALID_DIRECTION) | ~WAIT | (1562ms fetch)

── 2026-04-12 06:50:01Z run_cycle ──
2026-04-12T06:50:01.842131+00:00 | pause=OK | state=FLAT | eq=$758.46 | action=WAIT | (NO_VALID_DIRECTION) | ~WAIT | (1724ms fetch)

── 2026-04-12 06:55:01Z run_cycle ──
2026-04-12T06:55:02.263901+00:00 | pause=OK | state=FLAT | eq=$758.46 | action=WAIT | (NO_VALID_DIRECTION) | ~WAIT | (1507ms fetch)

── 2026-04-12 07:00:02Z run_cycle ──
2026-04-12T07:00:02.375437+00:00 | pause=OK | state=FLAT | eq=$758.46 | action=WAIT | (NO_VALID_DIRECTION) | ~WAIT | (1613ms fetch)

── 2026-04-12 07:05:01Z run_cycle ──
2026-04-12T07:05:01.533089+00:00 | pause=OK | state=FLAT | eq=$758.46 | action=WAIT | (NO_VALID_DIRECTION) | ~WAIT | (1569ms fetch)

── 2026-04-12 07:10:01Z run_cycle ──
2026-04-12T07:10:01.637457+00:00 | pause=OK | state=FLAT | eq=$758.46 | action=WAIT | (NO_VALID_DIRECTION) | ~WAIT | (1575ms fetch)

── 2026-04-12 07:15:01Z run_cycle ──
2026-04-12T07:15:01.857968+00:00 | pause=OK | state=FLAT | eq=$758.46 | action=WAIT | (NO_VALID_DIRECTION) | ~WAIT | (1686ms fetch)

── 2026-04-12 07:20:01Z run_cycle ──
2026-04-12T07:20:02.235107+00:00 | pause=OK | state=FLAT | eq=$758.46 | action=WAIT | (NO_VALID_DIRECTION) | ~WAIT | (1609ms fetch)

── 2026-04-12 07:25:01Z run_cycle ──
2026-04-12T07:25:01.308939+00:00 | pause=OK | state=FLAT | eq=$758.46 | action=WAIT | (NO_VALID_DIRECTION) | ~WAIT | (1558ms fetch)

── 2026-04-12 07:30:01Z run_cycle ──
2026-04-12T07:30:01.443925+00:00 | pause=OK | state=FLAT | eq=$758.46 | action=WAIT | (NO_VALID_DIRECTION) | ~WAIT | (1710ms fetch)

── 2026-04-12 07:35:01Z run_cycle ──
2026-04-12T07:35:01.780721+00:00 | pause=OK | state=FLAT | eq=$758.46 | action=WAIT | (NO_VALID_DIRECTION) | ~WAIT | (1564ms fetch)

── 2026-04-12 07:40:01Z run_cycle ──
2026-04-12T07:40:01.893620+00:00 | pause=OK | state=FLAT | eq=$758.46 | action=WAIT | (NO_VALID_DIRECTION) | ~WAIT | (1564ms fetch)

── 2026-04-12 07:45:01Z run_cycle ──
2026-04-12T07:45:02.035988+00:00 | pause=OK | state=FLAT | eq=$758.46 | action=WAIT | (NO_VALID_DIRECTION) | ~WAIT | (1658ms fetch)

── 2026-04-12 07:50:01Z run_cycle ──
2026-04-12T07:50:02.290843+00:00 | pause=OK | state=FLAT | eq=$758.46 | action=WAIT | (NO_VALID_DIRECTION) | ~WAIT | (1541ms fetch)

── 2026-04-12 07:55:01Z run_cycle ──
2026-04-12T07:55:01.324702+00:00 | pause=OK | state=FLAT | eq=$758.46 | action=WAIT | (NO_VALID_DIRECTION) | ~WAIT | (1612ms fetch)

── 2026-04-12 08:00:01Z run_cycle ──
2026-04-12T08:00:01.545568+00:00 | pause=OK | state=FLAT | eq=$758.46 | action=WAIT | (NO_VALID_DIRECTION) | ~WAIT | (1663ms fetch)

── 2026-04-12 08:05:01Z run_cycle ──
2026-04-12T08:05:01.906094+00:00 | pause=OK | state=FLAT | eq=$758.46 | action=WAIT | (NO_VALID_DIRECTION) | ~WAIT | (1619ms fetch)

── 2026-04-12 08:10:01Z run_cycle ──
2026-04-12T08:10:02.095773+00:00 | pause=OK | state=FLAT | eq=$758.46 | action=WAIT | (NO_VALID_DIRECTION) | ~WAIT | (1670ms fetch)

── 2026-04-12 08:15:02Z run_cycle ──
2026-04-12T08:15:02.301695+00:00 | pause=OK | state=FLAT | eq=$758.46 | action=WAIT | (NO_VALID_DIRECTION) | ~WAIT | (1603ms fetch)

── 2026-04-12 08:20:01Z run_cycle ──
2026-04-12T08:20:01.591183+00:00 | pause=OK | state=FLAT | eq=$758.46 | action=WAIT | (NO_VALID_DIRECTION) | ~WAIT | (1747ms fetch)

── 2026-04-12 08:25:01Z run_cycle ──
2026-04-12T08:25:01.886472+00:00 | pause=OK | state=FLAT | eq=$758.46 | action=WAIT | (NO_VALID_DIRECTION) | ~WAIT | (1534ms fetch)

── 2026-04-12 08:30:01Z run_cycle ──
2026-04-12T08:30:02.007740+00:00 | pause=OK | state=FLAT | eq=$758.46 | action=WAIT | (NO_VALID_DIRECTION) | ~WAIT | (1552ms fetch)

── 2026-04-12 08:35:01Z run_cycle ──
2026-04-12T08:35:02.164553+00:00 | pause=OK | state=FLAT | eq=$758.46 | action=WAIT | (NO_VALID_DIRECTION) | ~WAIT | (1649ms fetch)

── 2026-04-12 08:40:01Z run_cycle ──
2026-04-12T08:40:01.393644+00:00 | pause=OK | state=FLAT | eq=$758.46 | action=WAIT | (NO_VALID_DIRECTION) | ~WAIT | (1638ms fetch)

── 2026-04-12 08:45:01Z run_cycle ──
2026-04-12T08:45:01.620352+00:00 | pause=OK | state=FLAT | eq=$758.46 | action=WAIT | (NO_VALID_DIRECTION) | ~WAIT | (1508ms fetch)

── 2026-04-12 08:50:01Z run_cycle ──
2026-04-12T08:50:01.748500+00:00 | pause=OK | state=FLAT | eq=$758.46 | action=WAIT | (NO_VALID_DIRECTION) | ~WAIT | (1643ms fetch)

── 2026-04-12 08:55:01Z run_cycle ──
2026-04-12T08:55:01.928263+00:00 | pause=OK | state=FLAT | eq=$758.46 | action=WAIT | (NO_VALID_DIRECTION) | ~WAIT | (1637ms fetch)

── 2026-04-12 09:00:01Z run_cycle ──
2026-04-12T09:00:02.084301+00:00 | pause=OK | state=FLAT | eq=$758.46 | action=WAIT | (NO_VALID_DIRECTION) | ~WAIT | (1499ms fetch)

── 2026-04-12 09:05:01Z run_cycle ──
2026-04-12T09:05:02.251160+00:00 | pause=OK | state=FLAT | eq=$758.46 | action=WAIT | (NO_VALID_DIRECTION) | ~WAIT | (1576ms fetch)

── 2026-04-12 09:10:01Z run_cycle ──
2026-04-12T09:10:02.067203+00:00 | pause=OK | state=FLAT | eq=$758.46 | action=WAIT | (NO_VALID_DIRECTION) | ~WAIT | (1558ms fetch)

── 2026-04-12 09:15:00Z run_cycle ──
2026-04-12T09:15:01.341903+00:00 | pause=OK | state=FLAT | eq=$758.46 | action=WAIT | (NO_VALID_DIRECTION) | ~WAIT | (1645ms fetch)

── 2026-04-12 09:20:00Z run_cycle ──
2026-04-12T09:20:00.756275+00:00 | pause=OK | state=FLAT | eq=$758.46 | action=WAIT | (NO_VALID_DIRECTION) | ~WAIT | (1688ms fetch)

── 2026-04-12 09:25:00Z run_cycle ──
2026-04-12T09:25:00.754345+00:00 | pause=OK | state=FLAT | eq=$758.46 | action=WAIT | (NO_VALID_DIRECTION) | ~WAIT | (1628ms fetch)

── 2026-04-12 09:30:00Z run_cycle ──
2026-04-12T09:30:01.076937+00:00 | pause=OK | state=FLAT | eq=$758.46 | action=WAIT | (NO_VALID_DIRECTION) | ~WAIT | (1634ms fetch)

── 2026-04-12 09:35:00Z run_cycle ──
2026-04-12T09:35:00.339377+00:00 | pause=OK | state=FLAT | eq=$758.46 | action=WAIT | (NO_VALID_DIRECTION) | ~WAIT | (1732ms fetch)

── 2026-04-12 09:40:01Z run_cycle ──
2026-04-12T09:40:01.577300+00:00 | pause=OK | state=FLAT | eq=$758.46 | action=WAIT | (NO_VALID_DIRECTION) | ~WAIT | (1601ms fetch)

── 2026-04-12 09:45:00Z run_cycle ──
2026-04-12T09:45:01.052480+00:00 | pause=OK | state=FLAT | eq=$758.46 | action=WAIT | (NO_VALID_DIRECTION) | ~WAIT | (1599ms fetch)

── 2026-04-12 09:50:00Z run_cycle ──
2026-04-12T09:50:00.893964+00:00 | pause=OK | state=FLAT | eq=$758.46 | action=WAIT | (NO_VALID_DIRECTION) | ~WAIT | (1659ms fetch)

── 2026-04-12 09:55:00Z run_cycle ──
2026-04-12T09:55:01.164463+00:00 | pause=OK | state=FLAT | eq=$758.46 | action=WAIT | (NO_VALID_DIRECTION) | ~WAIT | (1579ms fetch)

── 2026-04-12 10:00:00Z run_cycle ──
2026-04-12T10:00:00.731004+00:00 | pause=OK | state=FLAT | eq=$758.46 | action=WAIT | (NO_VALID_DIRECTION) | ~WAIT | (2019ms fetch)

── 2026-04-12 10:05:01Z run_cycle ──
2026-04-12T10:05:01.439719+00:00 | pause=OK | state=FLAT | eq=$758.46 | action=WAIT | (NO_VALID_DIRECTION) | ~WAIT | (1788ms fetch)

── 2026-04-12 10:10:01Z run_cycle ──
2026-04-12T10:10:02.181572+00:00 | pause=OK | state=FLAT | eq=$758.46 | action=WAIT | (NO_VALID_DIRECTION) | ~WAIT | (1699ms fetch)

── 2026-04-12 10:15:00Z run_cycle ──
2026-04-12T10:15:00.854977+00:00 | pause=OK | state=FLAT | eq=$758.46 | action=WAIT | (NO_VALID_DIRECTION) | ~WAIT | (1789ms fetch)

── 2026-04-12 10:20:00Z run_cycle ──
2026-04-12T10:20:00.770794+00:00 | pause=OK | state=FLAT | eq=$758.46 | action=WAIT | (NO_VALID_DIRECTION) | ~WAIT | (1838ms fetch)

── 2026-04-12 10:25:00Z run_cycle ──
2026-04-12T10:25:00.452417+00:00 | pause=OK | state=FLAT | eq=$758.46 | action=WAIT | (NO_VALID_DIRECTION) | ~WAIT | (1627ms fetch)

── 2026-04-12 10:30:00Z run_cycle ──
2026-04-12T10:30:00.432153+00:00 | pause=OK | state=FLAT | eq=$758.46 | action=WAIT | (NO_VALID_DIRECTION) | ~WAIT | (1833ms fetch)

── 2026-04-12 10:35:00Z run_cycle ──
2026-04-12T10:35:00.666778+00:00 | pause=OK | state=FLAT | eq=$758.46 | action=WAIT | (NO_VALID_DIRECTION) | ~WAIT | (1676ms fetch)

── 2026-04-12 10:40:00Z run_cycle ──
2026-04-12T10:40:00.554357+00:00 | pause=OK | state=FLAT | eq=$758.46 | action=WAIT | (NO_VALID_DIRECTION) | ~WAIT | (1697ms fetch)

── 2026-04-12 10:45:00Z run_cycle ──
2026-04-12T10:45:01.116441+00:00 | pause=OK | state=FLAT | eq=$758.46 | action=WAIT | (NO_VALID_DIRECTION) | ~WAIT | (1549ms fetch)

── 2026-04-12 10:50:00Z run_cycle ──
2026-04-12T10:50:00.752243+00:00 | pause=OK | state=FLAT | eq=$758.46 | action=WAIT | (NO_VALID_DIRECTION) | ~WAIT | (1756ms fetch)

── 2026-04-12 10:55:00Z run_cycle ──
2026-04-12T10:55:00.478623+00:00 | pause=OK | state=FLAT | eq=$758.46 | action=WAIT | (NO_VALID_DIRECTION) | ~WAIT | (1642ms fetch)

── 2026-04-12 11:00:01Z run_cycle ──
2026-04-12T11:00:01.937165+00:00 | pause=OK | state=FLAT | eq=$758.46 | action=WAIT | (NO_VALID_DIRECTION) | ~WAIT | (1587ms fetch)

── 2026-04-12 11:05:01Z run_cycle ──
2026-04-12T11:05:01.945988+00:00 | pause=OK | state=FLAT | eq=$758.46 | action=WAIT | (NO_VALID_DIRECTION) | ~WAIT | (1609ms fetch)

── 2026-04-12 11:10:01Z run_cycle ──
2026-04-12T11:10:02.174885+00:00 | pause=OK | state=FLAT | eq=$758.46 | action=WAIT | (NO_VALID_DIRECTION) | ~WAIT | (1569ms fetch)

── 2026-04-12 11:15:00Z run_cycle ──
2026-04-12T11:15:00.520567+00:00 | pause=OK | state=FLAT | eq=$758.46 | action=WAIT | (NO_VALID_DIRECTION) | ~WAIT | (1610ms fetch)

── 2026-04-12 11:20:01Z run_cycle ──
2026-04-12T11:20:02.238330+00:00 | pause=OK | state=FLAT | eq=$758.46 | action=WAIT | (NO_VALID_DIRECTION) | ~WAIT | (1824ms fetch)

── 2026-04-12 11:25:01Z run_cycle ──
2026-04-12T11:25:02.087385+00:00 | pause=OK | state=FLAT | eq=$758.46 | action=WAIT | (NO_VALID_DIRECTION) | ~WAIT | (1756ms fetch)

── 2026-04-12 11:30:00Z run_cycle ──
2026-04-12T11:30:00.571529+00:00 | pause=OK | state=FLAT | eq=$758.46 | action=WAIT | (NO_VALID_DIRECTION) | ~WAIT | (1910ms fetch)

── 2026-04-12 11:35:01Z run_cycle ──
2026-04-12T11:35:02.049190+00:00 | pause=OK | state=FLAT | eq=$758.46 | action=WAIT | (NO_VALID_DIRECTION) | ~WAIT | (1648ms fetch)

── 2026-04-12 11:40:01Z run_cycle ──
2026-04-12T11:40:02.249207+00:00 | pause=OK | state=FLAT | eq=$758.46 | action=WAIT | (NO_VALID_DIRECTION) | ~WAIT | (1624ms fetch)

── 2026-04-12 11:45:01Z run_cycle ──
2026-04-12T11:45:02.085726+00:00 | pause=OK | state=FLAT | eq=$758.46 | action=WAIT | (NO_VALID_DIRECTION) | ~WAIT | (1674ms fetch)

── 2026-04-12 11:50:01Z run_cycle ──
2026-04-12T11:50:02.187173+00:00 | pause=OK | state=FLAT | eq=$758.46 | action=WAIT | (NO_VALID_DIRECTION) | ~WAIT | (1661ms fetch)

── 2026-04-12 11:55:01Z run_cycle ──
2026-04-12T11:55:01.729439+00:00 | pause=OK | state=FLAT | eq=$758.46 | action=WAIT | (NO_VALID_DIRECTION) | ~WAIT | (1582ms fetch)

── 2026-04-12 12:00:00Z run_cycle ──
2026-04-12T12:00:00.978069+00:00 | pause=OK | state=FLAT | eq=$758.46 | action=WAIT | (NO_VALID_DIRECTION) | ~WAIT | (1959ms fetch)

── 2026-04-12 12:05:00Z run_cycle ──
2026-04-12T12:05:00.628421+00:00 | pause=OK | state=FLAT | eq=$758.46 | action=WAIT | (NO_VALID_DIRECTION) | ~WAIT | (1694ms fetch)

── 2026-04-12 12:10:01Z run_cycle ──
2026-04-12T12:10:01.793245+00:00 | pause=OK | state=FLAT | eq=$758.46 | action=WAIT | (NO_VALID_DIRECTION) | ~WAIT | (1597ms fetch)

── 2026-04-12 12:15:00Z run_cycle ──
2026-04-12T12:15:00.510486+00:00 | pause=OK | state=FLAT | eq=$758.46 | action=WAIT | (NO_VALID_DIRECTION) | ~WAIT | (1696ms fetch)

── 2026-04-12 12:20:01Z run_cycle ──
2026-04-12T12:20:01.580456+00:00 | pause=OK | state=FLAT | eq=$758.46 | action=WAIT | (NO_VALID_DIRECTION) | ~WAIT | (1780ms fetch)

── 2026-04-12 12:25:01Z run_cycle ──
2026-04-12T12:25:02.136450+00:00 | pause=OK | state=FLAT | eq=$758.46 | action=WAIT | (NO_VALID_DIRECTION) | ~WAIT | (2056ms fetch)

── 2026-04-12 12:30:01Z run_cycle ──
2026-04-12T12:30:02.111092+00:00 | pause=OK | state=FLAT | eq=$758.46 | action=WAIT | (NO_VALID_DIRECTION) | ~WAIT | (1680ms fetch)

── 2026-04-12 12:35:01Z run_cycle ──
2026-04-12T12:35:01.359657+00:00 | pause=OK | state=FLAT | eq=$758.46 | action=WAIT | (NO_VALID_DIRECTION) | ~WAIT | (1610ms fetch)

── 2026-04-12 12:40:01Z run_cycle ──
2026-04-12T12:40:02.302054+00:00 | pause=OK | state=FLAT | eq=$758.46 | action=WAIT | (NO_VALID_DIRECTION) | ~WAIT | (1672ms fetch)

── 2026-04-12 12:45:01Z run_cycle ──
2026-04-12T12:45:01.705587+00:00 | pause=OK | state=FLAT | eq=$758.46 | action=WAIT | (NO_VALID_DIRECTION) | ~WAIT | (1631ms fetch)

── 2026-04-12 12:50:01Z run_cycle ──
2026-04-12T12:50:02.119873+00:00 | pause=OK | state=FLAT | eq=$758.46 | action=WAIT | (NO_VALID_DIRECTION) | ~WAIT | (1785ms fetch)

── 2026-04-12 12:55:01Z run_cycle ──
2026-04-12T12:55:01.986876+00:00 | pause=OK | state=FLAT | eq=$758.46 | action=WAIT | (NO_VALID_DIRECTION) | ~WAIT | (1656ms fetch)

── 2026-04-12 13:00:01Z run_cycle ──
2026-04-12T13:00:02.293659+00:00 | pause=OK | state=FLAT | eq=$758.46 | action=WAIT | (NO_VALID_DIRECTION) | ~WAIT | (1628ms fetch)

── 2026-04-12 13:05:01Z run_cycle ──
2026-04-12T13:05:01.573818+00:00 | pause=OK | state=FLAT | eq=$758.46 | action=WAIT | (NO_VALID_DIRECTION) | ~WAIT | (1810ms fetch)

── 2026-04-12 13:10:01Z run_cycle ──
2026-04-12T13:10:01.926726+00:00 | pause=OK | state=FLAT | eq=$758.46 | action=WAIT | (NO_VALID_DIRECTION) | ~WAIT | (1869ms fetch)

── 2026-04-12 13:15:00Z run_cycle ──
2026-04-12T13:15:01.196048+00:00 | pause=OK | state=FLAT | eq=$758.46 | action=WAIT | (NO_VALID_DIRECTION) | ~WAIT | (1674ms fetch)

── 2026-04-12 13:20:01Z run_cycle ──
2026-04-12T13:20:01.803406+00:00 | pause=OK | state=FLAT | eq=$758.46 | action=WAIT | (NO_VALID_DIRECTION) | ~WAIT | (1734ms fetch)

── 2026-04-12 13:25:01Z run_cycle ──
2026-04-12T13:25:02.270658+00:00 | pause=OK | state=FLAT | eq=$758.46 | action=WAIT | (NO_VALID_DIRECTION) | ~WAIT | (1633ms fetch)

── 2026-04-12 13:30:01Z run_cycle ──
2026-04-12T13:30:01.532610+00:00 | pause=OK | state=FLAT | eq=$758.46 | action=WAIT | (NO_VALID_DIRECTION) | ~WAIT | (1769ms fetch)

── 2026-04-12 13:35:01Z run_cycle ──
2026-04-12T13:35:01.964928+00:00 | pause=OK | state=FLAT | eq=$758.46 | action=WAIT | (NO_VALID_DIRECTION) | ~WAIT | (1620ms fetch)

── 2026-04-12 13:40:01Z run_cycle ──
2026-04-12T13:40:02.350568+00:00 | pause=OK | state=FLAT | eq=$758.46 | action=WAIT | (NO_VALID_DIRECTION) | ~WAIT | (1764ms fetch)

── 2026-04-12 13:45:01Z run_cycle ──
2026-04-12T13:45:01.651317+00:00 | pause=OK | state=FLAT | eq=$758.46 | action=WAIT | (NO_VALID_DIRECTION) | ~WAIT | (1626ms fetch)

── 2026-04-12 13:50:02Z run_cycle ──
2026-04-12T13:50:02.357267+00:00 | pause=OK | state=FLAT | eq=$758.46 | action=WAIT | (NO_VALID_DIRECTION) | ~WAIT | (1629ms fetch)

── 2026-04-12 13:55:01Z run_cycle ──
2026-04-12T13:55:02.294682+00:00 | pause=OK | state=FLAT | eq=$758.46 | action=WAIT | (NO_VALID_DIRECTION) | ~WAIT | (1810ms fetch)

── 2026-04-12 14:00:01Z run_cycle ──
2026-04-12T14:00:01.941699+00:00 | pause=OK | state=FLAT | eq=$758.46 | action=WAIT | (NO_VALID_DIRECTION) | ~WAIT | (1711ms fetch)

── 2026-04-12 14:05:01Z run_cycle ──
2026-04-12T14:05:01.924620+00:00 | pause=OK | state=FLAT | eq=$758.46 | action=WAIT | (NO_VALID_DIRECTION) | ~WAIT | (1680ms fetch)

── 2026-04-12 14:10:01Z run_cycle ──
2026-04-12T14:10:02.019010+00:00 | pause=OK | state=FLAT | eq=$758.46 | action=WAIT | (NO_VALID_DIRECTION) | ~WAIT | (1710ms fetch)

── 2026-04-12 14:15:01Z run_cycle ──
2026-04-12T14:15:01.550772+00:00 | pause=OK | state=FLAT | eq=$758.46 | action=WAIT | (NO_VALID_DIRECTION) | ~WAIT | (1813ms fetch)

── 2026-04-12 14:20:01Z run_cycle ──
2026-04-12T14:20:01.801470+00:00 | pause=OK | state=FLAT | eq=$758.46 | action=WAIT | (NO_VALID_DIRECTION) | ~WAIT | (1748ms fetch)

── 2026-04-12 14:25:01Z run_cycle ──
2026-04-12T14:25:02.079189+00:00 | pause=OK | state=FLAT | eq=$758.46 | action=WAIT | (NO_VALID_DIRECTION) | ~WAIT | (1992ms fetch)

── 2026-04-12 14:30:00Z run_cycle ──
2026-04-12T14:30:01.245624+00:00 | pause=OK | state=FLAT | eq=$758.46 | action=WAIT | (NO_VALID_DIRECTION) | ~WAIT | (3913ms fetch)

── 2026-04-12 14:34:59Z run_cycle ──
2026-04-12T14:34:59.886836+00:00 | pause=OK | state=FLAT | eq=$758.46 | action=WAIT | (NO_VALID_DIRECTION) | ~WAIT | (1770ms fetch)

── 2026-04-12 14:40:01Z run_cycle ──
2026-04-12T14:40:01.970673+00:00 | pause=OK | state=FLAT | eq=$758.46 | action=WAIT | (NO_VALID_DIRECTION) | ~WAIT | (1716ms fetch)

── 2026-04-12 14:45:02Z run_cycle ──
2026-04-12T14:45:02.374972+00:00 | pause=OK | state=FLAT | eq=$758.46 | action=WAIT | (NO_VALID_DIRECTION) | ~WAIT | (1730ms fetch)

── 2026-04-12 14:50:01Z run_cycle ──
2026-04-12T14:50:01.533480+00:00 | pause=OK | state=FLAT | eq=$758.46 | action=WAIT | (NO_VALID_DIRECTION) | ~WAIT | (1844ms fetch)

── 2026-04-12 14:55:01Z run_cycle ──
2026-04-12T14:55:02.357882+00:00 | pause=OK | state=FLAT | eq=$758.46 | action=WAIT | (NO_VALID_DIRECTION) | ~WAIT | (1759ms fetch)

── 2026-04-12 15:00:01Z run_cycle ──
2026-04-12T15:00:02.107483+00:00 | pause=OK | state=FLAT | eq=$758.46 | action=WAIT | (NO_VALID_DIRECTION) | ~WAIT | (2061ms fetch)

── 2026-04-12 15:05:02Z run_cycle ──
2026-04-12T15:05:02.441776+00:00 | pause=OK | state=FLAT | eq=$758.46 | action=WAIT | (NO_VALID_DIRECTION) | ~WAIT | (2138ms fetch)

── 2026-04-12 15:10:01Z run_cycle ──
2026-04-12T15:10:01.708665+00:00 | pause=OK | state=FLAT | eq=$758.46 | action=WAIT | (NO_VALID_DIRECTION) | ~WAIT | (1687ms fetch)

── 2026-04-12 15:15:01Z run_cycle ──
2026-04-12T15:15:01.782508+00:00 | pause=OK | state=FLAT | eq=$758.46 | action=WAIT | (NO_VALID_DIRECTION) | ~WAIT | (1955ms fetch)

── 2026-04-12 15:20:01Z run_cycle ──
2026-04-12T15:20:01.821014+00:00 | pause=OK | state=FLAT | eq=$758.46 | action=WAIT | (NO_VALID_DIRECTION) | ~WAIT | (1706ms fetch)

── 2026-04-12 15:25:01Z run_cycle ──
2026-04-12T15:25:01.639863+00:00 | pause=OK | state=FLAT | eq=$758.46 | action=WAIT | (NO_VALID_DIRECTION) | ~WAIT | (1753ms fetch)

── 2026-04-12 15:30:01Z run_cycle ──
2026-04-12T15:30:01.572992+00:00 | pause=OK | state=FLAT | eq=$758.46 | action=WAIT | (NO_VALID_DIRECTION) | ~WAIT | (1918ms fetch)

── 2026-04-12 15:35:01Z run_cycle ──
2026-04-12T15:35:02.032339+00:00 | pause=OK | state=FLAT | eq=$758.46 | action=WAIT | (NO_VALID_DIRECTION) | ~WAIT | (1980ms fetch)

── 2026-04-12 15:40:00Z run_cycle ──
2026-04-12T15:40:00.976014+00:00 | pause=OK | state=FLAT | eq=$758.46 | action=WAIT | (NO_VALID_DIRECTION) | ~WAIT | (1778ms fetch)

── 2026-04-12 15:45:01Z run_cycle ──
2026-04-12T15:45:02.057603+00:00 | pause=OK | state=FLAT | eq=$758.46 | action=WAIT | (NO_VALID_DIRECTION) | ~WAIT | (2315ms fetch)

── 2026-04-12 15:50:01Z run_cycle ──
2026-04-12T15:50:01.669398+00:00 | pause=OK | state=FLAT | eq=$758.46 | action=WAIT | (NO_VALID_DIRECTION) | ~WAIT | (2320ms fetch)

── 2026-04-12 15:55:01Z run_cycle ──
2026-04-12T15:55:01.633241+00:00 | pause=OK | state=FLAT | eq=$758.46 | action=WAIT | (NO_VALID_DIRECTION) | ~WAIT | (1717ms fetch)

── 2026-04-12 16:00:01Z run_cycle ──
2026-04-12T16:00:01.665449+00:00 | pause=OK | state=FLAT | eq=$758.46 | action=WAIT | (NO_VALID_DIRECTION) | ~WAIT | (1628ms fetch)

── 2026-04-12 16:05:01Z run_cycle ──
2026-04-12T16:05:01.740480+00:00 | pause=OK | state=FLAT | eq=$758.46 | action=WAIT | (NO_VALID_DIRECTION) | ~WAIT | (1661ms fetch)

── 2026-04-12 16:10:01Z run_cycle ──
2026-04-12T16:10:02.184993+00:00 | pause=OK | state=FLAT | eq=$758.46 | action=WAIT | (NO_VALID_DIRECTION) | ~WAIT | (1753ms fetch)

── 2026-04-12 16:15:02Z run_cycle ──
2026-04-12T16:15:02.393432+00:00 | pause=OK | state=FLAT | eq=$758.46 | action=WAIT | (NO_VALID_DIRECTION) | ~WAIT | (1713ms fetch)

── 2026-04-12 16:20:02Z run_cycle ──
2026-04-12T16:20:02.262258+00:00 | pause=OK | state=FLAT | eq=$758.46 | action=WAIT | (NO_VALID_DIRECTION) | ~WAIT | (1758ms fetch)

── 2026-04-12 16:25:01Z run_cycle ──
2026-04-12T16:25:01.575804+00:00 | pause=OK | state=FLAT | eq=$758.46 | action=WAIT | (NO_VALID_DIRECTION) | ~WAIT | (1832ms fetch)

── 2026-04-12 16:30:01Z run_cycle ──
2026-04-12T16:30:02.115206+00:00 | pause=OK | state=FLAT | eq=$758.46 | action=LONG | @ 70751.7 sl=70550.0 tp=71477.7 ×11 | ✓ord=3473185870967693312 | (1736ms fetch)

── 2026-04-12 16:35:01Z run_cycle ──
2026-04-13 00:35:03 WARNING pending_limit[0].grade missing in prev_state — defaulting to 'A' (4h max_age). If this was an A+ trade, it may be cancelled prematurely.
2026-04-12T16:35:02.047184+00:00 | pause=OK | state=PENDING | eq=$758.46 | action=WAIT | (PENDING_HEALTHY ord=3473185870967693312 px=70751.7 grade=A) | ~WAIT | (1619ms fetch)

── 2026-04-12 16:40:01Z run_cycle ──
2026-04-13 00:40:03 WARNING pending_limit[0].grade missing in prev_state — defaulting to 'A' (4h max_age). If this was an A+ trade, it may be cancelled prematurely.
2026-04-12T16:40:02.017940+00:00 | pause=OK | state=PENDING | eq=$758.46 | action=WAIT | (PENDING_HEALTHY ord=3473185870967693312 px=70751.7 grade=A) | ~WAIT | (1641ms fetch)

── 2026-04-12 16:45:01Z run_cycle ──
2026-04-13 00:45:03 WARNING pending_limit[0].grade missing in prev_state — defaulting to 'A' (4h max_age). If this was an A+ trade, it may be cancelled prematurely.
2026-04-12T16:45:01.702746+00:00 | pause=OK | state=PENDING | eq=$758.46 | action=WAIT | (PENDING_HEALTHY ord=3473185870967693312 px=70751.7 grade=A) | ~WAIT | (1756ms fetch)

── 2026-04-12 16:50:01Z run_cycle ──
2026-04-13 00:50:03 WARNING pending_limit[0].grade missing in prev_state — defaulting to 'A' (4h max_age). If this was an A+ trade, it may be cancelled prematurely.
2026-04-12T16:50:01.508814+00:00 | pause=OK | state=PENDING | eq=$758.46 | action=WAIT | (PENDING_HEALTHY ord=3473185870967693312 px=70751.7 grade=A) | ~WAIT | (1763ms fetch)

── 2026-04-12 16:55:01Z run_cycle ──
2026-04-13 00:55:05 WARNING pending_limit[0].grade missing in prev_state — defaulting to 'A' (4h max_age). If this was an A+ trade, it may be cancelled prematurely.
2026-04-12T16:55:03.202625+00:00 | pause=OK | state=PENDING | eq=$758.46 | action=WAIT | (PENDING_HEALTHY ord=3473185870967693312 px=70751.7 grade=A) | ~WAIT | (2270ms fetch)

── 2026-04-12 17:00:01Z run_cycle ──
2026-04-13 01:00:04 WARNING pending_limit[0].grade missing in prev_state — defaulting to 'A' (4h max_age). If this was an A+ trade, it may be cancelled prematurely.
2026-04-12T17:00:01.777188+00:00 | pause=OK | state=PENDING | eq=$758.46 | action=WAIT | (PENDING_HEALTHY ord=3473185870967693312 px=70751.7 grade=A) | ~WAIT | (2310ms fetch)

── 2026-04-12 17:05:01Z run_cycle ──
2026-04-13 01:05:03 WARNING pending_limit[0].grade missing in prev_state — defaulting to 'A' (4h max_age). If this was an A+ trade, it may be cancelled prematurely.
2026-04-12T17:05:01.528793+00:00 | pause=OK | state=PENDING | eq=$758.46 | action=WAIT | (PENDING_HEALTHY ord=3473185870967693312 px=70751.7 grade=A) | ~WAIT | (1623ms fetch)

── 2026-04-12 17:10:01Z run_cycle ──
2026-04-13 01:10:04 WARNING pending_limit[0].grade missing in prev_state — defaulting to 'A' (4h max_age). If this was an A+ trade, it may be cancelled prematurely.
2026-04-12T17:10:02.047000+00:00 | pause=OK | state=PENDING | eq=$758.46 | action=WAIT | (PENDING_HEALTHY ord=3473185870967693312 px=70751.7 grade=A) | ~WAIT | (2233ms fetch)

── 2026-04-12 17:15:01Z run_cycle ──
2026-04-13 01:15:03 WARNING pending_limit[0].grade missing in prev_state — defaulting to 'A' (4h max_age). If this was an A+ trade, it may be cancelled prematurely.
2026-04-12T17:15:01.600552+00:00 | pause=OK | state=PENDING | eq=$758.46 | action=WAIT | (PENDING_HEALTHY ord=3473185870967693312 px=70751.7 grade=A) | ~WAIT | (1661ms fetch)

── 2026-04-12 17:20:01Z run_cycle ──
2026-04-13 01:20:03 WARNING pending_limit[0].grade missing in prev_state — defaulting to 'A' (4h max_age). If this was an A+ trade, it may be cancelled prematurely.
2026-04-12T17:20:01.716973+00:00 | pause=OK | state=PENDING | eq=$758.46 | action=WAIT | (PENDING_HEALTHY ord=3473185870967693312 px=70751.7 grade=A) | ~WAIT | (1716ms fetch)

── 2026-04-12 17:25:00Z run_cycle ──
2026-04-13 01:25:01 WARNING pending_limit[0].grade missing in prev_state — defaulting to 'A' (4h max_age). If this was an A+ trade, it may be cancelled prematurely.
2026-04-12T17:25:00.770907+00:00 | pause=OK | state=PENDING | eq=$758.46 | action=WAIT | (PENDING_HEALTHY ord=3473185870967693312 px=70751.7 grade=A) | ~WAIT | (2203ms fetch)

── 2026-04-12 17:30:01Z run_cycle ──
2026-04-13 01:30:04 WARNING pending_limit[0].grade missing in prev_state — defaulting to 'A' (4h max_age). If this was an A+ trade, it may be cancelled prematurely.
2026-04-12T17:30:02.507901+00:00 | pause=OK | state=PENDING | eq=$758.46 | action=WAIT | (PENDING_HEALTHY ord=3473185870967693312 px=70751.7 grade=A) | ~WAIT | (2341ms fetch)

── 2026-04-12 17:35:01Z run_cycle ──
2026-04-13 01:35:04 WARNING pending_limit[0].grade missing in prev_state — defaulting to 'A' (4h max_age). If this was an A+ trade, it may be cancelled prematurely.
2026-04-12T17:35:02.024301+00:00 | pause=OK | state=PENDING | eq=$758.46 | action=WAIT | (PENDING_HEALTHY ord=3473185870967693312 px=70751.7 grade=A) | ~WAIT | (2136ms fetch)

── 2026-04-12 17:40:01Z run_cycle ──
2026-04-13 01:40:04 WARNING pending_limit[0].grade missing in prev_state — defaulting to 'A' (4h max_age). If this was an A+ trade, it may be cancelled prematurely.
2026-04-12T17:40:02.148734+00:00 | pause=OK | state=PENDING | eq=$758.46 | action=WAIT | (PENDING_HEALTHY ord=3473185870967693312 px=70751.7 grade=A) | ~WAIT | (2248ms fetch)

── 2026-04-12 17:45:01Z run_cycle ──
2026-04-13 01:45:03 WARNING pending_limit[0].grade missing in prev_state — defaulting to 'A' (4h max_age). If this was an A+ trade, it may be cancelled prematurely.
2026-04-12T17:45:01.812181+00:00 | pause=OK | state=PENDING | eq=$758.46 | action=WAIT | (PENDING_HEALTHY ord=3473185870967693312 px=70751.7 grade=A) | ~WAIT | (1686ms fetch)

── 2026-04-12 17:50:01Z run_cycle ──
2026-04-13 01:50:03 WARNING pending_limit[0].grade missing in prev_state — defaulting to 'A' (4h max_age). If this was an A+ trade, it may be cancelled prematurely.
2026-04-12T17:50:01.830481+00:00 | pause=OK | state=PENDING | eq=$758.46 | action=WAIT | (PENDING_HEALTHY ord=3473185870967693312 px=70751.7 grade=A) | ~WAIT | (1650ms fetch)

── 2026-04-12 17:55:01Z run_cycle ──
2026-04-13 01:55:03 WARNING pending_limit[0].grade missing in prev_state — defaulting to 'A' (4h max_age). If this was an A+ trade, it may be cancelled prematurely.
2026-04-12T17:55:02.071051+00:00 | pause=OK | state=PENDING | eq=$758.46 | action=WAIT | (PENDING_HEALTHY ord=3473185870967693312 px=70751.7 grade=A) | ~WAIT | (1636ms fetch)

── 2026-04-12 18:00:01Z run_cycle ──
2026-04-13 02:00:02 WARNING pending_limit[0].grade missing in prev_state — defaulting to 'A' (4h max_age). If this was an A+ trade, it may be cancelled prematurely.
2026-04-12T18:00:02.118882+00:00 | pause=OK | state=PENDING | eq=$758.46 | action=WAIT | (PENDING_HEALTHY ord=3473185870967693312 px=70751.7 grade=A) | ~WAIT | (2247ms fetch)

── 2026-04-12 18:05:01Z run_cycle ──
2026-04-13 02:05:03 WARNING pending_limit[0].grade missing in prev_state — defaulting to 'A' (4h max_age). If this was an A+ trade, it may be cancelled prematurely.
2026-04-12T18:05:01.454710+00:00 | pause=OK | state=PENDING | eq=$758.46 | action=WAIT | (PENDING_HEALTHY ord=3473185870967693312 px=70751.7 grade=A) | ~WAIT | (1688ms fetch)

── 2026-04-12 18:10:02Z run_cycle ──
2026-04-13 02:10:03 WARNING pending_limit[0].grade missing in prev_state — defaulting to 'A' (4h max_age). If this was an A+ trade, it may be cancelled prematurely.
2026-04-12T18:10:02.292164+00:00 | pause=OK | state=PENDING | eq=$758.46 | action=WAIT | (PENDING_HEALTHY ord=3473185870967693312 px=70751.7 grade=A) | ~WAIT | (1689ms fetch)

── 2026-04-12 18:15:02Z run_cycle ──
2026-04-13 02:15:03 WARNING pending_limit[0].grade missing in prev_state — defaulting to 'A' (4h max_age). If this was an A+ trade, it may be cancelled prematurely.
2026-04-12T18:15:02.271571+00:00 | pause=OK | state=PENDING | eq=$758.46 | action=WAIT | (PENDING_HEALTHY ord=3473185870967693312 px=70751.7 grade=A) | ~WAIT | (1574ms fetch)

── 2026-04-12 18:20:01Z run_cycle ──
2026-04-13 02:20:03 WARNING pending_limit[0].grade missing in prev_state — defaulting to 'A' (4h max_age). If this was an A+ trade, it may be cancelled prematurely.
2026-04-12T18:20:01.505795+00:00 | pause=OK | state=PENDING | eq=$758.46 | action=WAIT | (PENDING_HEALTHY ord=3473185870967693312 px=70751.7 grade=A) | ~WAIT | (1617ms fetch)

── 2026-04-12 18:25:01Z run_cycle ──
2026-04-13 02:25:03 WARNING pending_limit[0].grade missing in prev_state — defaulting to 'A' (4h max_age). If this was an A+ trade, it may be cancelled prematurely.
2026-04-12T18:25:01.583917+00:00 | pause=OK | state=PENDING | eq=$758.46 | action=WAIT | (PENDING_HEALTHY ord=3473185870967693312 px=70751.7 grade=A) | ~WAIT | (1663ms fetch)

── 2026-04-12 18:30:02Z run_cycle ──
2026-04-13 02:30:04 WARNING pending_limit[0].grade missing in prev_state — defaulting to 'A' (4h max_age). If this was an A+ trade, it may be cancelled prematurely.
2026-04-12T18:30:02.745455+00:00 | pause=OK | state=PENDING | eq=$758.46 | action=WAIT | (PENDING_HEALTHY ord=3473185870967693312 px=70751.7 grade=A) | ~WAIT | (2181ms fetch)

── 2026-04-12 18:35:01Z run_cycle ──
2026-04-13 02:35:03 WARNING pending_limit[0].grade missing in prev_state — defaulting to 'A' (4h max_age). If this was an A+ trade, it may be cancelled prematurely.
2026-04-12T18:35:01.969421+00:00 | pause=OK | state=PENDING | eq=$758.46 | action=WAIT | (PENDING_HEALTHY ord=3473185870967693312 px=70751.7 grade=A) | ~WAIT | (1698ms fetch)

── 2026-04-12 18:40:02Z run_cycle ──
2026-04-13 02:40:01 WARNING pending_limit[0].grade missing in prev_state — defaulting to 'A' (4h max_age). If this was an A+ trade, it may be cancelled prematurely.
2026-04-12T18:40:02.279815+00:00 | pause=OK | state=PENDING | eq=$758.46 | action=WAIT | (PENDING_HEALTHY ord=3473185870967693312 px=70751.7 grade=A) | ~WAIT | (1649ms fetch)

── 2026-04-12 18:45:01Z run_cycle ──
2026-04-13 02:45:03 WARNING pending_limit[0].grade missing in prev_state — defaulting to 'A' (4h max_age). If this was an A+ trade, it may be cancelled prematurely.
2026-04-12T18:45:01.461609+00:00 | pause=OK | state=PENDING | eq=$758.46 | action=WAIT | (PENDING_HEALTHY ord=3473185870967693312 px=70751.7 grade=A) | ~WAIT | (1686ms fetch)

── 2026-04-12 18:50:01Z run_cycle ──
2026-04-13 02:50:03 WARNING pending_limit[0].grade missing in prev_state — defaulting to 'A' (4h max_age). If this was an A+ trade, it may be cancelled prematurely.
2026-04-12T18:50:01.631707+00:00 | pause=OK | state=PENDING | eq=$758.46 | action=WAIT | (PENDING_HEALTHY ord=3473185870967693312 px=70751.7 grade=A) | ~WAIT | (1775ms fetch)

── 2026-04-12 18:55:01Z run_cycle ──
2026-04-13 02:55:03 WARNING pending_limit[0].grade missing in prev_state — defaulting to 'A' (4h max_age). If this was an A+ trade, it may be cancelled prematurely.
2026-04-12T18:55:01.740084+00:00 | pause=OK | state=PENDING | eq=$758.46 | action=WAIT | (PENDING_HEALTHY ord=3473185870967693312 px=70751.7 grade=A) | ~WAIT | (1769ms fetch)

── 2026-04-12 19:00:01Z run_cycle ──
2026-04-13 03:00:03 WARNING pending_limit[0].grade missing in prev_state — defaulting to 'A' (4h max_age). If this was an A+ trade, it may be cancelled prematurely.
2026-04-12T19:00:01.701912+00:00 | pause=OK | state=PENDING | eq=$758.46 | action=WAIT | (PENDING_HEALTHY ord=3473185870967693312 px=70751.7 grade=A) | ~WAIT | (1621ms fetch)

── 2026-04-12 19:05:01Z run_cycle ──
2026-04-13 03:05:03 WARNING pending_limit[0].grade missing in prev_state — defaulting to 'A' (4h max_age). If this was an A+ trade, it may be cancelled prematurely.
2026-04-12T19:05:02.121469+00:00 | pause=OK | state=PENDING | eq=$758.46 | action=WAIT | (PENDING_HEALTHY ord=3473185870967693312 px=70751.7 grade=A) | ~WAIT | (1589ms fetch)

── 2026-04-12 19:10:01Z run_cycle ──
2026-04-13 03:10:03 WARNING pending_limit[0].grade missing in prev_state — defaulting to 'A' (4h max_age). If this was an A+ trade, it may be cancelled prematurely.
2026-04-12T19:10:01.407615+00:00 | pause=OK | state=PENDING | eq=$758.46 | action=WAIT | (PENDING_HEALTHY ord=3473185870967693312 px=70751.7 grade=A) | ~WAIT | (1615ms fetch)

── 2026-04-12 19:15:01Z run_cycle ──
2026-04-13 03:15:03 WARNING pending_limit[0].grade missing in prev_state — defaulting to 'A' (4h max_age). If this was an A+ trade, it may be cancelled prematurely.
2026-04-12T19:15:01.714845+00:00 | pause=OK | state=PENDING | eq=$758.46 | action=WAIT | (PENDING_HEALTHY ord=3473185870967693312 px=70751.7 grade=A) | ~WAIT | (1602ms fetch)

── 2026-04-12 19:20:01Z run_cycle ──
2026-04-13 03:20:04 WARNING pending_limit[0].grade missing in prev_state — defaulting to 'A' (4h max_age). If this was an A+ trade, it may be cancelled prematurely.
2026-04-12T19:20:02.074895+00:00 | pause=OK | state=PENDING | eq=$758.46 | action=WAIT | (PENDING_HEALTHY ord=3473185870967693312 px=70751.7 grade=A) | ~WAIT | (2126ms fetch)

── 2026-04-12 19:25:01Z run_cycle ──
2026-04-13 03:25:04 WARNING pending_limit[0].grade missing in prev_state — defaulting to 'A' (4h max_age). If this was an A+ trade, it may be cancelled prematurely.
2026-04-12T19:25:01.794124+00:00 | pause=OK | state=PENDING | eq=$758.46 | action=WAIT | (PENDING_HEALTHY ord=3473185870967693312 px=70751.7 grade=A) | ~WAIT | (2246ms fetch)

── 2026-04-12 19:30:01Z run_cycle ──
2026-04-13 03:30:04 WARNING pending_limit[0].grade missing in prev_state — defaulting to 'A' (4h max_age). If this was an A+ trade, it may be cancelled prematurely.
2026-04-12T19:30:02.415743+00:00 | pause=OK | state=PENDING | eq=$758.46 | action=WAIT | (PENDING_HEALTHY ord=3473185870967693312 px=70751.7 grade=A) | ~WAIT | (2337ms fetch)

── 2026-04-12 19:35:01Z run_cycle ──
2026-04-13 03:35:03 WARNING pending_limit[0].grade missing in prev_state — defaulting to 'A' (4h max_age). If this was an A+ trade, it may be cancelled prematurely.
2026-04-12T19:35:01.758195+00:00 | pause=OK | state=PENDING | eq=$758.46 | action=WAIT | (PENDING_HEALTHY ord=3473185870967693312 px=70751.7 grade=A) | ~WAIT | (1540ms fetch)

── 2026-04-12 19:40:01Z run_cycle ──
2026-04-13 03:40:02 WARNING pending_limit[0].grade missing in prev_state — defaulting to 'A' (4h max_age). If this was an A+ trade, it may be cancelled prematurely.
2026-04-12T19:40:00.257878+00:00 | pause=OK | state=PENDING | eq=$758.46 | action=WAIT | (PENDING_HEALTHY ord=3473185870967693312 px=70751.7 grade=A) | ~WAIT | (2230ms fetch)

── 2026-04-12 19:45:01Z run_cycle ──
2026-04-13 03:45:04 WARNING pending_limit[0].grade missing in prev_state — defaulting to 'A' (4h max_age). If this was an A+ trade, it may be cancelled prematurely.
2026-04-12T19:45:02.135603+00:00 | pause=OK | state=PENDING | eq=$758.46 | action=WAIT | (PENDING_HEALTHY ord=3473185870967693312 px=70751.7 grade=A) | ~WAIT | (2083ms fetch)

── 2026-04-12 19:50:01Z run_cycle ──
2026-04-13 03:50:04 WARNING pending_limit[0].grade missing in prev_state — defaulting to 'A' (4h max_age). If this was an A+ trade, it may be cancelled prematurely.
2026-04-12T19:50:01.963148+00:00 | pause=OK | state=PENDING | eq=$758.46 | action=WAIT | (PENDING_HEALTHY ord=3473185870967693312 px=70751.7 grade=A) | ~WAIT | (2155ms fetch)

── 2026-04-12 19:55:01Z run_cycle ──
2026-04-13 03:55:04 WARNING pending_limit[0].grade missing in prev_state — defaulting to 'A' (4h max_age). If this was an A+ trade, it may be cancelled prematurely.
2026-04-12T19:55:01.801018+00:00 | pause=OK | state=PENDING | eq=$758.46 | action=WAIT | (PENDING_HEALTHY ord=3473185870967693312 px=70751.7 grade=A) | ~WAIT | (2327ms fetch)

── 2026-04-12 20:00:02Z run_cycle ──
2026-04-13 04:00:04 WARNING pending_limit[0].grade missing in prev_state — defaulting to 'A' (4h max_age). If this was an A+ trade, it may be cancelled prematurely.
2026-04-12T20:00:02.651709+00:00 | pause=OK | state=PENDING | eq=$758.46 | action=WAIT | (PENDING_HEALTHY ord=3473185870967693312 px=70751.7 grade=A) | ~WAIT | (2244ms fetch)

── 2026-04-12 20:05:01Z run_cycle ──
2026-04-13 04:05:04 WARNING pending_limit[0].grade missing in prev_state — defaulting to 'A' (4h max_age). If this was an A+ trade, it may be cancelled prematurely.
2026-04-12T20:05:02.148623+00:00 | pause=OK | state=PENDING | eq=$758.46 | action=WAIT | (PENDING_HEALTHY ord=3473185870967693312 px=70751.7 grade=A) | ~WAIT | (2239ms fetch)

── 2026-04-12 20:10:01Z run_cycle ──
2026-04-13 04:10:03 WARNING pending_limit[0].grade missing in prev_state — defaulting to 'A' (4h max_age). If this was an A+ trade, it may be cancelled prematurely.
2026-04-12T20:10:02.079427+00:00 | pause=OK | state=PENDING | eq=$758.46 | action=WAIT | (PENDING_HEALTHY ord=3473185870967693312 px=70751.7 grade=A) | ~WAIT | (1676ms fetch)

── 2026-04-12 20:15:01Z run_cycle ──
2026-04-13 04:15:04 WARNING pending_limit[0].grade missing in prev_state — defaulting to 'A' (4h max_age). If this was an A+ trade, it may be cancelled prematurely.
2026-04-12T20:15:02.350151+00:00 | pause=OK | state=PENDING | eq=$758.46 | action=WAIT | (PENDING_HEALTHY ord=3473185870967693312 px=70751.7 grade=A) | ~WAIT | (1769ms fetch)

── 2026-04-12 20:20:01Z run_cycle ──
2026-04-13 04:20:04 WARNING pending_limit[0].grade missing in prev_state — defaulting to 'A' (4h max_age). If this was an A+ trade, it may be cancelled prematurely.
2026-04-12T20:20:01.838295+00:00 | pause=OK | state=PENDING | eq=$758.46 | action=WAIT | (PENDING_HEALTHY ord=3473185870967693312 px=70751.7 grade=A) | ~WAIT | (2283ms fetch)

── 2026-04-12 20:25:01Z run_cycle ──
2026-04-13 04:25:00 WARNING pending_limit[0].grade missing in prev_state — defaulting to 'A' (4h max_age). If this was an A+ trade, it may be cancelled prematurely.
2026-04-12T20:24:59.221369+00:00 | pause=OK | state=PENDING | eq=$758.46 | action=WAIT | (PENDING_HEALTHY ord=3473185870967693312 px=70751.7 grade=A) | ~WAIT | (1647ms fetch)

── 2026-04-12 20:30:01Z run_cycle ──
2026-04-13 04:30:01 WARNING pending_limit[0].grade missing in prev_state — defaulting to 'A' (4h max_age). If this was an A+ trade, it may be cancelled prematurely.
2026-04-12T20:30:02.358058+00:00 | pause=OK | state=PENDING | eq=$758.46 | action=WAIT | (PENDING_HEALTHY ord=3473185870967693312 px=70751.7 grade=A) | ~WAIT | (1611ms fetch)

── 2026-04-12 20:35:01Z run_cycle ──
2026-04-13 04:35:03 WARNING pending_limit[0].grade missing in prev_state — defaulting to 'A' (4h max_age). If this was an A+ trade, it may be cancelled prematurely.
2026-04-12T20:35:01.913939+00:00 | pause=OK | state=PENDING | eq=$758.46 | action=CANCEL_PENDING | (EXPIRED age=4.1h max=4h grade=A [BOUNDARY: age_h=4.0830 ≈ threshold=4.0]) | ✓ord=3473185870967693312 | (1815ms fetch)

── 2026-04-12 20:40:01Z run_cycle ──
2026-04-12T20:40:02.150046+00:00 | pause=OK | state=FLAT | eq=$758.46 | action=WAIT | (DEAD_ZONE (UTC 20-24)) | ~WAIT | (1656ms fetch)

── 2026-04-12 20:45:01Z run_cycle ──
2026-04-12T20:45:02.135188+00:00 | pause=OK | state=FLAT | eq=$758.46 | action=WAIT | (DEAD_ZONE (UTC 20-24)) | ~WAIT | (1857ms fetch)

── 2026-04-12 20:50:02Z run_cycle ──
2026-04-12T20:50:02.427353+00:00 | pause=OK | state=FLAT | eq=$758.46 | action=WAIT | (DEAD_ZONE (UTC 20-24)) | ~WAIT | (1627ms fetch)

── 2026-04-12 20:55:01Z run_cycle ──
2026-04-12T20:55:02.537772+00:00 | pause=OK | state=FLAT | eq=$758.46 | action=WAIT | (DEAD_ZONE (UTC 20-24)) | ~WAIT | (2211ms fetch)

── 2026-04-12 21:00:01Z run_cycle ──
2026-04-12T21:00:01.861218+00:00 | pause=OK | state=FLAT | eq=$758.46 | action=WAIT | (DEAD_ZONE (UTC 20-24)) | ~WAIT | (2285ms fetch)

── 2026-04-12 21:05:01Z run_cycle ──
2026-04-12T21:05:02.539600+00:00 | pause=OK | state=FLAT | eq=$758.46 | action=WAIT | (DEAD_ZONE (UTC 20-24)) | ~WAIT | (2253ms fetch)

── 2026-04-12 21:10:01Z run_cycle ──
2026-04-12T21:10:02.145217+00:00 | pause=OK | state=FLAT | eq=$758.46 | action=WAIT | (DEAD_ZONE (UTC 20-24)) | ~WAIT | (1697ms fetch)

── 2026-04-12 21:15:01Z run_cycle ──
2026-04-12T21:15:02.034544+00:00 | pause=OK | state=FLAT | eq=$758.46 | action=WAIT | (DEAD_ZONE (UTC 20-24)) | ~WAIT | (1751ms fetch)

── 2026-04-12 21:20:01Z run_cycle ──
2026-04-12T21:20:02.122265+00:00 | pause=OK | state=FLAT | eq=$758.46 | action=WAIT | (DEAD_ZONE (UTC 20-24)) | ~WAIT | (2247ms fetch)

── 2026-04-12 21:25:01Z run_cycle ──
2026-04-12T21:25:01.998617+00:00 | pause=OK | state=FLAT | eq=$758.46 | action=WAIT | (DEAD_ZONE (UTC 20-24)) | ~WAIT | (2365ms fetch)

── 2026-04-12 21:30:01Z run_cycle ──
2026-04-12T21:30:01.444711+00:00 | pause=OK | state=FLAT | eq=$758.46 | action=WAIT | (DEAD_ZONE (UTC 20-24)) | ~WAIT | (1742ms fetch)

── 2026-04-12 21:35:00Z run_cycle ──
2026-04-12T21:35:01.120886+00:00 | pause=OK | state=FLAT | eq=$758.46 | action=WAIT | (DEAD_ZONE (UTC 20-24)) | ~WAIT | (2198ms fetch)

── 2026-04-12 21:40:00Z run_cycle ──
2026-04-12T21:40:00.461683+00:00 | pause=OK | state=FLAT | eq=$758.46 | action=WAIT | (DEAD_ZONE (UTC 20-24)) | ~WAIT | (1768ms fetch)

── 2026-04-12 21:45:01Z run_cycle ──
2026-04-12T21:45:02.052220+00:00 | pause=OK | state=FLAT | eq=$758.46 | action=WAIT | (DEAD_ZONE (UTC 20-24)) | ~WAIT | (2129ms fetch)

── 2026-04-12 21:50:01Z run_cycle ──
2026-04-12T21:50:02.017949+00:00 | pause=OK | state=FLAT | eq=$758.46 | action=WAIT | (DEAD_ZONE (UTC 20-24)) | ~WAIT | (2043ms fetch)

── 2026-04-12 21:55:01Z run_cycle ──
2026-04-12T21:55:01.649443+00:00 | pause=OK | state=FLAT | eq=$758.46 | action=WAIT | (DEAD_ZONE (UTC 20-24)) | ~WAIT | (1530ms fetch)

── 2026-04-12 22:00:01Z run_cycle ──
2026-04-12T22:00:01.730156+00:00 | pause=OK | state=FLAT | eq=$758.46 | action=WAIT | (DEAD_ZONE (UTC 20-24)) | ~WAIT | (1568ms fetch)

── 2026-04-12 22:05:01Z run_cycle ──
2026-04-12T22:05:01.813264+00:00 | pause=OK | state=FLAT | eq=$758.46 | action=WAIT | (DEAD_ZONE (UTC 20-24)) | ~WAIT | (1602ms fetch)

── 2026-04-12 22:10:01Z run_cycle ──
2026-04-12T22:10:01.967128+00:00 | pause=OK | state=FLAT | eq=$758.46 | action=WAIT | (DEAD_ZONE (UTC 20-24)) | ~WAIT | (1544ms fetch)

── 2026-04-12 22:15:01Z run_cycle ──
2026-04-12T22:15:02.043984+00:00 | pause=OK | state=FLAT | eq=$758.46 | action=WAIT | (DEAD_ZONE (UTC 20-24)) | ~WAIT | (1453ms fetch)

── 2026-04-12 22:20:01Z run_cycle ──
2026-04-12T22:20:02.081365+00:00 | pause=OK | state=FLAT | eq=$758.46 | action=WAIT | (DEAD_ZONE (UTC 20-24)) | ~WAIT | (1530ms fetch)

── 2026-04-12 22:25:01Z run_cycle ──
2026-04-12T22:25:02.151569+00:00 | pause=OK | state=FLAT | eq=$758.46 | action=WAIT | (DEAD_ZONE (UTC 20-24)) | ~WAIT | (1562ms fetch)

── 2026-04-12 22:30:02Z run_cycle ──
2026-04-12T22:30:02.306286+00:00 | pause=OK | state=FLAT | eq=$758.46 | action=WAIT | (DEAD_ZONE (UTC 20-24)) | ~WAIT | (1481ms fetch)

── 2026-04-12 22:35:01Z run_cycle ──
2026-04-12T22:35:01.413896+00:00 | pause=OK | state=FLAT | eq=$758.46 | action=WAIT | (DEAD_ZONE (UTC 20-24)) | ~WAIT | (1645ms fetch)

── 2026-04-12 22:40:01Z run_cycle ──
2026-04-12T22:40:01.619531+00:00 | pause=OK | state=FLAT | eq=$758.46 | action=WAIT | (DEAD_ZONE (UTC 20-24)) | ~WAIT | (1528ms fetch)

── 2026-04-12 22:45:01Z run_cycle ──
2026-04-12T22:45:01.738383+00:00 | pause=OK | state=FLAT | eq=$758.46 | action=WAIT | (DEAD_ZONE (UTC 20-24)) | ~WAIT | (1594ms fetch)

── 2026-04-12 22:50:01Z run_cycle ──
2026-04-12T22:50:02.003985+00:00 | pause=OK | state=FLAT | eq=$758.46 | action=WAIT | (DEAD_ZONE (UTC 20-24)) | ~WAIT | (1780ms fetch)

── 2026-04-12 22:55:01Z run_cycle ──
2026-04-12T22:55:01.400996+00:00 | pause=OK | state=FLAT | eq=$758.46 | action=WAIT | (DEAD_ZONE (UTC 20-24)) | ~WAIT | (1755ms fetch)

── 2026-04-12 23:00:01Z run_cycle ──
2026-04-12T23:00:01.784914+00:00 | pause=OK | state=FLAT | eq=$758.46 | action=WAIT | (DEAD_ZONE (UTC 20-24)) | ~WAIT | (1659ms fetch)

── 2026-04-12 23:05:01Z run_cycle ──
2026-04-12T23:05:02.070191+00:00 | pause=OK | state=FLAT | eq=$758.46 | action=WAIT | (DEAD_ZONE (UTC 20-24)) | ~WAIT | (1808ms fetch)

── 2026-04-12 23:10:01Z run_cycle ──
2026-04-12T23:10:01.423173+00:00 | pause=OK | state=FLAT | eq=$758.46 | action=WAIT | (DEAD_ZONE (UTC 20-24)) | ~WAIT | (1643ms fetch)

── 2026-04-12 23:15:01Z run_cycle ──
2026-04-12T23:15:02.306334+00:00 | pause=OK | state=FLAT | eq=$758.46 | action=WAIT | (DEAD_ZONE (UTC 20-24)) | ~WAIT | (1545ms fetch)

── 2026-04-12 23:20:01Z run_cycle ──
2026-04-12T23:20:01.500456+00:00 | pause=OK | state=FLAT | eq=$758.46 | action=WAIT | (DEAD_ZONE (UTC 20-24)) | ~WAIT | (1682ms fetch)

── 2026-04-12 23:25:01Z run_cycle ──
2026-04-12T23:25:01.818167+00:00 | pause=OK | state=FLAT | eq=$758.46 | action=WAIT | (DEAD_ZONE (UTC 20-24)) | ~WAIT | (1586ms fetch)

── 2026-04-12 23:30:01Z run_cycle ──
2026-04-12T23:30:02.033772+00:00 | pause=OK | state=FLAT | eq=$758.46 | action=WAIT | (DEAD_ZONE (UTC 20-24)) | ~WAIT | (1738ms fetch)

── 2026-04-12 23:35:02Z run_cycle ──
2026-04-12T23:35:02.340273+00:00 | pause=OK | state=FLAT | eq=$758.46 | action=WAIT | (DEAD_ZONE (UTC 20-24)) | ~WAIT | (1623ms fetch)

── 2026-04-12 23:40:01Z run_cycle ──
2026-04-12T23:40:01.498746+00:00 | pause=OK | state=FLAT | eq=$758.46 | action=WAIT | (DEAD_ZONE (UTC 20-24)) | ~WAIT | (1568ms fetch)

── 2026-04-12 23:45:01Z run_cycle ──
2026-04-12T23:45:01.589162+00:00 | pause=OK | state=FLAT | eq=$758.46 | action=WAIT | (DEAD_ZONE (UTC 20-24)) | ~WAIT | (1643ms fetch)

── 2026-04-12 23:50:01Z run_cycle ──
2026-04-12T23:50:01.742901+00:00 | pause=OK | state=FLAT | eq=$758.46 | action=WAIT | (DEAD_ZONE (UTC 20-24)) | ~WAIT | (1572ms fetch)

── 2026-04-12 23:55:01Z run_cycle ──
2026-04-12T23:55:01.912238+00:00 | pause=OK | state=FLAT | eq=$758.46 | action=WAIT | (DEAD_ZONE (UTC 20-24)) | ~WAIT | (1643ms fetch)

